#-----------------------------------------------------------
# Vivado v2014.4 (64-bit)
# SW Build 1071353 on Tue Nov 18 16:47:07 MST 2014
# IP Build 1070531 on Tue Nov 18 01:10:18 MST 2014
# Start of session at: Tue Mar 29 21:13:41 2016
# Process ID: 3541
# Log file: /media/alok/Extra/work/Github/Zedboard/Learning/Training/MSD/zynq_s07/vivado.log
# Journal file: /media/alok/Extra/work/Github/Zedboard/Learning/Training/MSD/zynq_s07/vivado.jou
#-----------------------------------------------------------
start_gui
WARNING: [IP_Flow 19-3326] Support for unknown family 'kintex7' was added for IP 'base_microblaze', 
create_project project_1 /media/alok/Extra/work/Github/Zedboard/Learning/Training/MSD/zynq_s07/vivado/project_1 -part xc7z020clg484-1
INFO: [IP_Flow 19-234] Refreshing IP repositories
INFO: [IP_Flow 19-1704] No user IP repositories specified
INFO: [IP_Flow 19-2313] Loaded Vivado IP repository '/opt/Xilinx/Vivado/2014.4/data/ip'.
set_property board_part em.avnet.com:zed:part0:1.2 [current_project]
create_bd_design "design_1"
Wrote  : </media/alok/Extra/work/Github/Zedboard/Learning/Training/MSD/zynq_s07/vivado/project_1/project_1.srcs/sources_1/bd/design_1/design_1.bd> 
set_property ip_repo_paths  /media/alok/Extra/work/Github/Zedboard/Learning/Training/MSD/zynq_s07/mycore [current_project]
update_ip_catalog
INFO: [IP_Flow 19-234] Refreshing IP repositories
INFO: [IP_Flow 19-1700] Loaded user IP repository '/media/alok/Extra/work/Github/Zedboard/Learning/Training/MSD/zynq_s07/mycore'.
open_bd_design {/media/alok/Extra/work/Github/Zedboard/Learning/Training/MSD/zynq_s07/vivado/project_1/project_1.srcs/sources_1/bd/design_1/design_1.bd}
startgroup
create_bd_cell -type ip -vlnv Alok:user:sample_generator:1.0 sample_generator_0
endgroup
save_bd_design
Wrote  : </media/alok/Extra/work/Github/Zedboard/Learning/Training/MSD/zynq_s07/vivado/project_1/project_1.srcs/sources_1/bd/design_1/design_1.bd> 
startgroup
create_bd_cell -type ip -vlnv xilinx.com:ip:xfft:9.0 xfft_0
endgroup
set_property location {2.5 833 181} [get_bd_cells xfft_0]
regenerate_bd_layout
startgroup
create_bd_cell -type ip -vlnv xilinx.com:ip:axi_fifo_mm_s:4.1 axi_fifo_mm_s_0
endgroup
startgroup
create_bd_cell -type ip -vlnv xilinx.com:ip:axi_data_fifo:2.1 axi_data_fifo_0
endgroup
delete_bd_objs [get_bd_cells axi_data_fifo_0]
startgroup
create_bd_cell -type ip -vlnv xilinx.com:ip:axis_data_fifo:1.1 axis_data_fifo_0
endgroup
delete_bd_objs [get_bd_cells axi_fifo_mm_s_0]
regenerate_bd_layout
set_property location {1.5 540 207} [get_bd_cells xfft_0]
set_property location {0.5 -17 203} [get_bd_cells sample_generator_0]
connect_bd_intf_net [get_bd_intf_pins axis_data_fifo_0/M_AXIS] [get_bd_intf_pins xfft_0/S_AXIS_DATA]
connect_bd_intf_net [get_bd_intf_pins axis_data_fifo_0/S_AXIS] [get_bd_intf_pins sample_generator_0/M_AXIS]
regenerate_bd_layout
startgroup
create_bd_cell -type ip -vlnv xilinx.com:ip:processing_system7:5.5 processing_system7_0
endgroup
apply_bd_automation -rule xilinx.com:bd_rule:processing_system7 -config {make_external "FIXED_IO, DDR" apply_board_preset "1" Master "Disable" Slave "Disable" }  [get_bd_cells processing_system7_0]
regenerate_bd_layout
startgroup
create_bd_cell -type ip -vlnv xilinx.com:ip:axi_dma:7.1 axi_dma_0
endgroup
regenerate_bd_layout
connect_bd_intf_net [get_bd_intf_pins xfft_0/M_AXIS_DATA] [get_bd_intf_pins axi_dma_0/S_AXIS_S2MM]
save_bd_design
Wrote  : </media/alok/Extra/work/Github/Zedboard/Learning/Training/MSD/zynq_s07/vivado/project_1/project_1.srcs/sources_1/bd/design_1/design_1.bd> 
WARNING: [IP_Flow 19-474] Invalid Parameter 'Component_Name'
startgroup
set_property -dict [list CONFIG.PCW_USE_S_AXI_HP0 {1}] [get_bd_cells processing_system7_0]
endgroup
save_bd_design
Wrote  : </media/alok/Extra/work/Github/Zedboard/Learning/Training/MSD/zynq_s07/vivado/project_1/project_1.srcs/sources_1/bd/design_1/design_1.bd> 
apply_bd_automation -rule xilinx.com:bd_rule:axi4 -config {Master "/axi_dma_0/M_AXI_S2MM" Clk "Auto" }  [get_bd_intf_pins processing_system7_0/S_AXI_HP0]
INFO: [Ipptcl 7-578] No Compatible Board Interface found.Board Tab not created
</processing_system7_0/S_AXI_HP0/HP0_DDR_LOWOCM> is being mapped into </axi_dma_0/Data_S2MM> at <0x00000000[ 512M ]>
regenerate_bd_layout
save_bd_design
Wrote  : </media/alok/Extra/work/Github/Zedboard/Learning/Training/MSD/zynq_s07/vivado/project_1/project_1.srcs/sources_1/bd/design_1/design_1.bd> 
regenerate_bd_layout
regenerate_bd_layout
WARNING: [IP_Flow 19-474] Invalid Parameter 'Component_Name'
regenerate_bd_layout
WARNING: [IP_Flow 19-474] Invalid Parameter 'Component_Name'
WARNING: [IP_Flow 19-474] Invalid Parameter 'Component_Name'
regenerate_bd_layout
startgroup
set_property -dict [list CONFIG.HAS_TLAST.VALUE_SRC USER] [get_bd_cells axis_data_fifo_0]
endgroup
startgroup
set_property -dict [list CONFIG.IS_ACLK_ASYNC {1}] [get_bd_cells axis_data_fifo_0]
endgroup
regenerate_bd_layout
startgroup
set_property -dict [list CONFIG.c_include_sg {0} CONFIG.c_include_mm2s {0} CONFIG.c_s2mm_burst_size {16} CONFIG.c_sg_include_stscntrl_strm {0} CONFIG.c_mm2s_burst_size {16}] [get_bd_cells axi_dma_0]
endgroup
regenerate_bd_layout
apply_bd_automation -rule xilinx.com:bd_rule:axi4 -config {Master "/processing_system7_0/M_AXI_GP0" Clk "Auto" }  [get_bd_intf_pins axi_dma_0/S_AXI_LITE]
</axi_dma_0/S_AXI_LITE/Reg> is being mapped into </processing_system7_0/Data> at <0x40400000[ 64K ]>
regenerate_bd_layout
save_bd_design
Wrote  : </media/alok/Extra/work/Github/Zedboard/Learning/Training/MSD/zynq_s07/vivado/project_1/project_1.srcs/sources_1/bd/design_1/design_1.bd> 
exit
INFO: [Common 17-206] Exiting Vivado at Tue Mar 29 23:12:57 2016...
