

================================================================
== Vivado HLS Report for 'axi_stream_gpio'
================================================================
* Date:           Tue Mar 29 11:34:14 2016

* Version:        2014.4 (Build 1071461 on Tue Nov 18 16:42:57 PM 2014)
* Project:        hls
* Solution:       solution1
* Product family: zynq
* Target device:  xc7z020clg484-1


================================================================
== Performance Estimates
================================================================
+ Timing (ns): 
    * Summary: 
    +---------+-------+----------+------------+
    |  Clock  | Target| Estimated| Uncertainty|
    +---------+-------+----------+------------+
    |default  |  10.00|      0.00|        1.25|
    +---------+-------+----------+------------+

+ Latency (clock cycles): 
    * Summary: 
    +-----+-----+-----+-----+---------+
    |  Latency  |  Interval | Pipeline|
    | min | max | min | max |   Type  |
    +-----+-----+-----+-----+---------+
    |    0|    0|    1|    1|   none  |
    +-----+-----+-----+-----+---------+

    + Detail: 
        * Instance: 
        N/A

        * Loop: 
        N/A



================================================================
== Utilization Estimates
================================================================
* Summary: 
+-----------------+---------+-------+--------+-------+
|       Name      | BRAM_18K| DSP48E|   FF   |  LUT  |
+-----------------+---------+-------+--------+-------+
|Expression       |        -|      -|       -|      -|
|FIFO             |        -|      -|       -|      -|
|Instance         |        -|      -|       -|      -|
|Memory           |        -|      -|       -|      -|
|Multiplexer      |        -|      -|       -|      -|
|Register         |        -|      -|       1|      -|
+-----------------+---------+-------+--------+-------+
|Total            |        0|      0|       1|      0|
+-----------------+---------+-------+--------+-------+
|Available        |      280|    220|  106400|  53200|
+-----------------+---------+-------+--------+-------+
|Utilization (%)  |        0|      0|   ~0   |      0|
+-----------------+---------+-------+--------+-------+

+ Detail: 
    * Instance: 
    N/A

    * Memory: 
    N/A

    * FIFO: 
    N/A

    * Expression: 
    N/A

    * Multiplexer: 
    N/A

    * Register: 
    +-----------+---+----+-----+-----------+
    |    Name   | FF| LUT| Bits| Const Bits|
    +-----------+---+----+-----+-----------+
    |ap_CS_fsm  |  1|   0|    1|          0|
    +-----------+---+----+-----+-----------+
    |Total      |  1|   0|    1|          0|
    +-----------+---+----+-----+-----------+



================================================================
== Interface
================================================================
* Summary: 
+--------------------+-----+-----+------------+-----------------+--------------+
|      RTL Ports     | Dir | Bits|  Protocol  |  Source Object  |    C Type    |
+--------------------+-----+-----+------------+-----------------+--------------+
|ap_clk              |  in |    1| ap_ctrl_hs | axi_stream_gpio | return value |
|ap_rst_n            |  in |    1| ap_ctrl_hs | axi_stream_gpio | return value |
|ap_start            |  in |    1| ap_ctrl_hs | axi_stream_gpio | return value |
|ap_done             | out |    1| ap_ctrl_hs | axi_stream_gpio | return value |
|ap_idle             | out |    1| ap_ctrl_hs | axi_stream_gpio | return value |
|ap_ready            | out |    1| ap_ctrl_hs | axi_stream_gpio | return value |
|ap_return           | out |   32| ap_ctrl_hs | axi_stream_gpio | return value |
|inputData_V         |  in |    1|   ap_vld   |   inputData_V   |    scalar    |
|inputData_V_ap_vld  |  in |    1|   ap_vld   |   inputData_V   |    scalar    |
|outputData_TDATA    |  in |   32|    axis    |    outputData   |    pointer   |
|outputData_TVALID   |  in |    1|    axis    |    outputData   |    pointer   |
|outputData_TREADY   | out |    1|    axis    |    outputData   |    pointer   |
+--------------------+-----+-----+------------+-----------------+--------------+

