#-----------------------------------------------------------
# Vivado v2014.4 (64-bit)
# SW Build 1071353 on Tue Nov 18 16:47:07 MST 2014
# IP Build 1070531 on Tue Nov 18 01:10:18 MST 2014
# Start of session at: Fri Apr  1 21:53:13 2016
# Process ID: 2792
# Log file: /home/alok/s09/axi_dma_sg/vivado/vivado.log
# Journal file: /home/alok/s09/axi_dma_sg/vivado/vivado.jou
#-----------------------------------------------------------
start_gui
open_project /home/alok/s09/axi_dma_sg/vivado/project_1/project_1.xpr
Scanning sources...
Finished scanning sources
INFO: [IP_Flow 19-234] Refreshing IP repositories
INFO: [IP_Flow 19-1700] Loaded user IP repository '/media/alok/Extra/work/Github/Zedboard/learning/training/MSD/s07v2/mycores/ip_repo'.
INFO: [IP_Flow 19-2313] Loaded Vivado IP repository '/opt/Xilinx/Vivado/2014.4/data/ip'.
open_project: Time (s): cpu = 00:00:32 ; elapsed = 00:00:15 . Memory (MB): peak = 5778.340 ; gain = 161.902 ; free physical = 753 ; free virtual = 3144
open_bd_design {/home/alok/s09/axi_dma_sg/vivado/project_1/project_1.srcs/sources_1/bd/design_1/design_1.bd}
Adding component instance block -- Alok:user:sample_generator:1.0 - sample_generator_0
Adding component instance block -- xilinx.com:ip:axi_dma:7.1 - axi_dma_0
Adding component instance block -- xilinx.com:ip:processing_system7:5.5 - processing_system7_0
Adding component instance block -- xilinx.com:ip:xlconstant:1.1 - xlconstant_0
Adding component instance block -- xilinx.com:ip:xlconstant:1.1 - xlconstant_1
Adding component instance block -- xilinx.com:ip:axi_gpio:2.0 - axi_gpio_0
Adding component instance block -- xilinx.com:ip:axi_gpio:2.0 - axi_gpio_1
Adding component instance block -- xilinx.com:ip:proc_sys_reset:5.0 - rst_processing_system7_0_100M
Adding component instance block -- xilinx.com:ip:axi_protocol_converter:2.1 - auto_pc
Adding component instance block -- xilinx.com:ip:axi_dwidth_converter:2.1 - auto_us
Adding component instance block -- xilinx.com:ip:axi_crossbar:2.1 - xbar
Adding component instance block -- xilinx.com:ip:axi_protocol_converter:2.1 - auto_pc
Successfully read diagram <design_1> from BD file </home/alok/s09/axi_dma_sg/vivado/project_1/project_1.srcs/sources_1/bd/design_1/design_1.bd>
open_bd_design: Time (s): cpu = 00:00:11 ; elapsed = 00:00:08 . Memory (MB): peak = 5846.812 ; gain = 68.473 ; free physical = 652 ; free virtual = 3075
INFO: [Vivado 12-4158] Exported Hardware file is out of date. Exported hardware information may be inconsistent with respect to the current state of the design. It is recommended that you re-export the design and launch SDK otherwise SDK is launched with out of date hardware system file.
launch_sdk -workspace /home/alok/s09/axi_dma_sg/vivado/project_1/project_1.sdk -hwspec /home/alok/s09/axi_dma_sg/vivado/project_1/project_1.sdk/design_1_wrapper.hdf
INFO: [Vivado 12-393] Launching SDK...
INFO: [Vivado 12-417] Running xsdk -workspace /home/alok/s09/axi_dma_sg/vivado/project_1/project_1.sdk -hwspec /home/alok/s09/axi_dma_sg/vivado/project_1/project_1.sdk/design_1_wrapper.hdf
INFO: [Vivado 12-3157] SDK launch initiated. Please check console for any further messages.
reset_run synth_1
launch_runs impl_1 -to_step write_bitstream
[Fri Apr  1 22:19:01 2016] Launched synth_1...
Run output will be captured here: /home/alok/s09/axi_dma_sg/vivado/project_1/project_1.runs/synth_1/runme.log
[Fri Apr  1 22:19:01 2016] Launched impl_1...
Run output will be captured here: /home/alok/s09/axi_dma_sg/vivado/project_1/project_1.runs/impl_1/runme.log
open_run impl_1
INFO: [Netlist 29-17] Analyzing 74 Unisim elements for replacement
INFO: [Netlist 29-28] Unisim Transformation completed in 0 CPU seconds
INFO: [Project 1-479] Netlist was created with Vivado 2014.4
Loading clock regions from /opt/Xilinx/Vivado/2014.4/data/parts/xilinx/zynq/zynq/xc7z020/ClockRegion.xml
Loading clock buffers from /opt/Xilinx/Vivado/2014.4/data/parts/xilinx/zynq/zynq/xc7z020/ClockBuffers.xml
Loading clock placement rules from /opt/Xilinx/Vivado/2014.4/data/parts/xilinx/zynq/ClockPlacerRules.xml
Loading package pin functions from /opt/Xilinx/Vivado/2014.4/data/parts/xilinx/zynq/PinFunctions.xml...
Loading package from /opt/Xilinx/Vivado/2014.4/data/parts/xilinx/zynq/zynq/xc7z020/clg484/Package.xml
Loading io standards from /opt/Xilinx/Vivado/2014.4/data/./parts/xilinx/zynq/IOStandards.xml
INFO: [Project 1-570] Preparing netlist for logic optimization
WARNING: [Constraints 18-1079] Register design_1_i/axi_mem_intercon/s00_couplers/auto_pc/inst/gen_axi4_axi3.axi3_conv_inst/USE_WRITE.write_addr_inst/USE_BURSTS.cmd_queue/inst/fifo_gen_inst/inst_fifo_gen/gconvfifo.rf/grf.rf/rstblk/ngwrdrst.grst.g7serrst.rd_rst_asreg_reg and design_1_i/axi_mem_intercon/s00_couplers/auto_pc/inst/gen_axi4_axi3.axi3_conv_inst/USE_WRITE.write_addr_inst/USE_BURSTS.cmd_queue/inst/fifo_gen_inst/inst_fifo_gen/gconvfifo.rf/grf.rf/rstblk/ngwrdrst.grst.g7serrst.rd_rst_asreg_d1_reg are from the same synchronizer and have the ASYNC_REG property set, but could not be placed into the same slice due to constraints or mismatched control signals on the registers.
WARNING: [Constraints 18-1079] Register design_1_i/axi_mem_intercon/s00_couplers/auto_pc/inst/gen_axi4_axi3.axi3_conv_inst/USE_WRITE.write_addr_inst/USE_BURSTS.cmd_queue/inst/fifo_gen_inst/inst_fifo_gen/gconvfifo.rf/grf.rf/rstblk/ngwrdrst.grst.g7serrst.wr_rst_asreg_reg and design_1_i/axi_mem_intercon/s00_couplers/auto_pc/inst/gen_axi4_axi3.axi3_conv_inst/USE_WRITE.write_addr_inst/USE_BURSTS.cmd_queue/inst/fifo_gen_inst/inst_fifo_gen/gconvfifo.rf/grf.rf/rstblk/ngwrdrst.grst.g7serrst.wr_rst_asreg_d1_reg are from the same synchronizer and have the ASYNC_REG property set, but could not be placed into the same slice due to constraints or mismatched control signals on the registers.
WARNING: [Constraints 18-1079] Register design_1_i/axi_mem_intercon/s00_couplers/auto_pc/inst/gen_axi4_axi3.axi3_conv_inst/USE_WRITE.write_addr_inst/USE_B_CHANNEL.cmd_b_queue/inst/fifo_gen_inst/inst_fifo_gen/gconvfifo.rf/grf.rf/rstblk/ngwrdrst.grst.g7serrst.rd_rst_asreg_reg and design_1_i/axi_mem_intercon/s00_couplers/auto_pc/inst/gen_axi4_axi3.axi3_conv_inst/USE_WRITE.write_addr_inst/USE_B_CHANNEL.cmd_b_queue/inst/fifo_gen_inst/inst_fifo_gen/gconvfifo.rf/grf.rf/rstblk/ngwrdrst.grst.g7serrst.rd_rst_asreg_d1_reg are from the same synchronizer and have the ASYNC_REG property set, but could not be placed into the same slice due to constraints or mismatched control signals on the registers.
WARNING: [Constraints 18-1079] Register design_1_i/axi_mem_intercon/s00_couplers/auto_pc/inst/gen_axi4_axi3.axi3_conv_inst/USE_WRITE.write_addr_inst/USE_B_CHANNEL.cmd_b_queue/inst/fifo_gen_inst/inst_fifo_gen/gconvfifo.rf/grf.rf/rstblk/ngwrdrst.grst.g7serrst.wr_rst_asreg_reg and design_1_i/axi_mem_intercon/s00_couplers/auto_pc/inst/gen_axi4_axi3.axi3_conv_inst/USE_WRITE.write_addr_inst/USE_B_CHANNEL.cmd_b_queue/inst/fifo_gen_inst/inst_fifo_gen/gconvfifo.rf/grf.rf/rstblk/ngwrdrst.grst.g7serrst.wr_rst_asreg_d1_reg are from the same synchronizer and have the ASYNC_REG property set, but could not be placed into the same slice due to constraints or mismatched control signals on the registers.
Parsing XDC File [/home/alok/s09/axi_dma_sg/vivado/.Xil/Vivado-2792-ubuntu-desktop/dcp/design_1_wrapper_early.xdc]
Finished Parsing XDC File [/home/alok/s09/axi_dma_sg/vivado/.Xil/Vivado-2792-ubuntu-desktop/dcp/design_1_wrapper_early.xdc]
Parsing XDC File [/home/alok/s09/axi_dma_sg/vivado/.Xil/Vivado-2792-ubuntu-desktop/dcp/design_1_wrapper_late.xdc]
Finished Parsing XDC File [/home/alok/s09/axi_dma_sg/vivado/.Xil/Vivado-2792-ubuntu-desktop/dcp/design_1_wrapper_late.xdc]
Reading XDEF placement.
Reading placer database...
Reading XDEF routing.
Read XDEF File: Time (s): cpu = 00:00:00.74 ; elapsed = 00:00:00.76 . Memory (MB): peak = 6105.762 ; gain = 7.000 ; free physical = 1157 ; free virtual = 2914
Restored from archive | CPU: 0.750000 secs | Memory: 4.528770 MB |
Finished XDEF File Restore: Time (s): cpu = 00:00:00.74 ; elapsed = 00:00:00.76 . Memory (MB): peak = 6105.762 ; gain = 7.000 ; free physical = 1157 ; free virtual = 2914
INFO: [Opt 31-138] Pushed 0 inverter(s) to 0 load pin(s).
INFO: [Project 1-111] Unisim Transformation Summary:
  A total of 4 instances were transformed.
  RAM32M => RAM32M (RAMD32, RAMD32, RAMD32, RAMD32, RAMD32, RAMD32, RAMS32, RAMS32): 4 instances

open_run: Time (s): cpu = 00:00:17 ; elapsed = 00:00:12 . Memory (MB): peak = 6229.090 ; gain = 370.137 ; free physical = 1033 ; free virtual = 2792
file copy -force /home/alok/s09/axi_dma_sg/vivado/project_1/project_1.runs/impl_1/design_1_wrapper.sysdef /home/alok/s09/axi_dma_sg/vivado/project_1/project_1.sdk/design_1_wrapper.hdf

launch_sdk -workspace /home/alok/s09/axi_dma_sg/vivado/project_1/project_1.sdk -hwspec /home/alok/s09/axi_dma_sg/vivado/project_1/project_1.sdk/design_1_wrapper.hdf
INFO: [Vivado 12-393] Launching SDK...
INFO: [Vivado 12-417] Running xsdk -workspace /home/alok/s09/axi_dma_sg/vivado/project_1/project_1.sdk -hwspec /home/alok/s09/axi_dma_sg/vivado/project_1/project_1.sdk/design_1_wrapper.hdf
INFO: [Vivado 12-3157] SDK launch initiated. Please check console for any further messages.
open_bd_design {/home/alok/s09/axi_dma_sg/vivado/project_1/project_1.srcs/sources_1/bd/design_1/design_1.bd}
exit
INFO: [Common 17-206] Exiting Vivado at Fri Apr  1 23:20:06 2016...
