#-----------------------------------------------------------
# Vivado v2014.4 (64-bit)
# SW Build 1071353 on Tue Nov 18 16:47:07 MST 2014
# IP Build 1070531 on Tue Nov 18 01:10:18 MST 2014
# Start of session at: Fri Apr  1 20:12:20 2016
# Process ID: 2352
# Log file: /home/alok/s09/axi_dma_sg/vivado/vivado.log
# Journal file: /home/alok/s09/axi_dma_sg/vivado/vivado.jou
#-----------------------------------------------------------
start_gui
open_project /home/alok/s09/axi_dma_sg/vivado/project_1/project_1.xpr
Scanning sources...
Finished scanning sources
WARNING: [filemgmt 56-3] IP Repository Path: Could not find the directory '/media/alok/Extra/work/Github/Zedboard/learning/training/MSD/s07v2/mycores/ip_repo'.
INFO: [IP_Flow 19-234] Refreshing IP repositories
WARNING: [IP_Flow 19-2248] Failed to load user IP repository '/media/alok/Extra/work/Github/Zedboard/learning/training/MSD/s07v2/mycores/ip_repo'; Can't find the specified path.
If this directory should no longer be in your list of user repositories, go to the IP Settings dialog and remove it.
INFO: [IP_Flow 19-2313] Loaded Vivado IP repository '/opt/Xilinx/Vivado/2014.4/data/ip'.
WARNING: [BD 41-1303] One or more IPs have been locked in the design 'design_1.bd'. Please run report_ip_status for more details and recommendations on how to fix this issue.
open_project: Time (s): cpu = 00:00:29 ; elapsed = 00:00:14 . Memory (MB): peak = 5788.629 ; gain = 178.086 ; free physical = 2236 ; free virtual = 3991
INFO: [Vivado 12-4158] Exported Hardware file is out of date. Exported hardware information may be inconsistent with respect to the current state of the design. It is recommended that you re-export the design and launch SDK otherwise SDK is launched with out of date hardware system file.
launch_sdk -workspace /home/alok/s09/axi_dma_sg/vivado/project_1/project_1.sdk -hwspec /home/alok/s09/axi_dma_sg/vivado/project_1/project_1.sdk/design_1_wrapper.hdf
INFO: [Vivado 12-393] Launching SDK...
INFO: [Vivado 12-417] Running xsdk -workspace /home/alok/s09/axi_dma_sg/vivado/project_1/project_1.sdk -hwspec /home/alok/s09/axi_dma_sg/vivado/project_1/project_1.sdk/design_1_wrapper.hdf
INFO: [Vivado 12-3157] SDK launch initiated. Please check console for any further messages.
exit
INFO: [Common 17-206] Exiting Vivado at Fri Apr  1 20:53:36 2016...
