

================================================================
== Vivado HLS Report for 'image_filter_Loop_1_proc'
================================================================
* Date:           Wed Mar 30 11:17:33 2016

* Version:        2014.4 (Build 1071461 on Tue Nov 18 16:42:57 PM 2014)
* Project:        prj
* Solution:       solution1
* Product family: zynq
* Target device:  xc7z020clg484-1


================================================================
== Performance Estimates
================================================================
+ Timing (ns): 
    * Summary: 
    +---------+-------+----------+------------+
    |  Clock  | Target| Estimated| Uncertainty|
    +---------+-------+----------+------------+
    |default  |   6.67|      5.76|        0.83|
    +---------+-------+----------+------------+

+ Latency (clock cycles): 
    * Summary: 
    +-----+---------+-----+---------+---------+
    |    Latency    |    Interval   | Pipeline|
    | min |   max   | min |   max   |   Type  |
    +-----+---------+-----+---------+---------+
    |    7|  6224041|    7|  6224041|   none  |
    +-----+---------+-----+---------+---------+

    + Detail: 
        * Instance: 
        N/A

        * Loop: 
        +-------------+-----+---------+----------+-----------+-----------+----------+----------+
        |             |    Latency    | Iteration|  Initiation Interval  |   Trip   |          |
        |  Loop Name  | min |   max   |  Latency |  achieved |   target  |   Count  | Pipelined|
        +-------------+-----+---------+----------+-----------+-----------+----------+----------+
        |- Loop 1     |    6|  6224040| 6 ~ 5763 |          -|          -| 1 ~ 1080 |    no    |
        | + Loop 1.1  |    3|     5760|         4|          3|          1| 1 ~ 1920 |    yes   |
        +-------------+-----+---------+----------+-----------+-----------+----------+----------+



================================================================
== Utilization Estimates
================================================================
* Summary: 
+-----------------+---------+-------+--------+-------+
|       Name      | BRAM_18K| DSP48E|   FF   |  LUT  |
+-----------------+---------+-------+--------+-------+
|Expression       |        -|      -|       0|    249|
|FIFO             |        -|      -|       -|      -|
|Instance         |        -|      -|       -|      -|
|Memory           |        -|      -|       -|      -|
|Multiplexer      |        -|      -|       -|     66|
|Register         |        -|      -|     177|      -|
+-----------------+---------+-------+--------+-------+
|Total            |        0|      0|     177|    315|
+-----------------+---------+-------+--------+-------+
|Available        |      280|    220|  106400|  53200|
+-----------------+---------+-------+--------+-------+
|Utilization (%)  |        0|      0|   ~0   |   ~0  |
+-----------------+---------+-------+--------+-------+

+ Detail: 
    * Instance: 
    N/A

    * Memory: 
    N/A

    * FIFO: 
    N/A

    * Expression: 
    +---------------------------------------+----------+-------+---+----+------------+------------+
    |             Variable Name             | Operation| DSP48E| FF| LUT| Bitwidth P0| Bitwidth P1|
    +---------------------------------------+----------+-------+---+----+------------+------------+
    |col_1_fu_313_p2                        |     +    |      0|  0|  11|          11|           1|
    |row_1_fu_298_p2                        |     +    |      0|  0|  11|          11|           1|
    |buffer_val_0_load_scl_val_0_fu_421_p3  |  Select  |      0|  0|   8|           1|           8|
    |buffer_val_1_load_scl_val_1_fu_454_p3  |  Select  |      0|  0|   8|           1|           8|
    |buffer_val_2_load_p_val_2_fu_493_p3    |  Select  |      0|  0|   8|           1|           8|
    |img_1_data_stream_0_V_din              |  Select  |      0|  0|   8|           1|           8|
    |img_1_data_stream_1_V_din              |  Select  |      0|  0|   8|           1|           8|
    |p_val_0_1_fu_427_p3                    |  Select  |      0|  0|   8|           1|           8|
    |p_val_0_2_fu_499_p3                    |  Select  |      0|  0|   8|           1|           8|
    |p_val_1_1_fu_460_p3                    |  Select  |      0|  0|   8|           1|           8|
    |p_val_1_2_fu_510_p3                    |  Select  |      0|  0|   8|           1|           8|
    |sel_tmp9_fu_516_p3                     |  Select  |      0|  0|   8|           1|           8|
    |tmp_6_fu_521_p3                        |  Select  |      0|  0|   8|           1|           8|
    |sel_tmp2_fu_505_p2                     |    and   |      0|  0|   1|           1|           1|
    |c_1_fu_359_p2                          |   icmp   |      0|  0|   8|           8|           8|
    |c_2_fu_383_p2                          |   icmp   |      0|  0|   8|           8|           8|
    |c_fu_335_p2                            |   icmp   |      0|  0|   8|           8|           8|
    |exitcond1_fu_308_p2                    |   icmp   |      0|  0|  14|          12|          12|
    |exitcond2_fu_293_p2                    |   icmp   |      0|  0|  14|          12|          12|
    |icmp_fu_329_p2                         |   icmp   |      0|  0|  11|          10|           1|
    |ult1_fu_347_p2                         |   icmp   |      0|  0|   8|           8|           8|
    |ult2_fu_365_p2                         |   icmp   |      0|  0|   8|           8|           8|
    |ult3_fu_371_p2                         |   icmp   |      0|  0|   8|           8|           8|
    |ult4_fu_389_p2                         |   icmp   |      0|  0|   8|           8|           8|
    |ult5_fu_395_p2                         |   icmp   |      0|  0|   8|           8|           8|
    |ult_fu_341_p2                          |   icmp   |      0|  0|   8|           8|           8|
    |ap_sig_bdd_104                         |    or    |      0|  0|   1|           1|           1|
    |ap_sig_bdd_159                         |    or    |      0|  0|   1|           1|           1|
    |ap_sig_bdd_190                         |    or    |      0|  0|   1|           1|           1|
    |brmerge1_1_fu_450_p2                   |    or    |      0|  0|   1|           1|           1|
    |brmerge1_2_fu_488_p2                   |    or    |      0|  0|   1|           1|           1|
    |brmerge1_fu_417_p2                     |    or    |      0|  0|   1|           1|           1|
    |brmerge_1_fu_444_p2                    |    or    |      0|  0|   1|           1|           1|
    |brmerge_2_fu_477_p2                    |    or    |      0|  0|   1|           1|           1|
    |brmerge_fu_411_p2                      |    or    |      0|  0|   1|           1|           1|
    |c_0_not_1_fu_439_p2                    |    xor   |      0|  0|   2|           1|           2|
    |c_0_not_2_fu_472_p2                    |    xor   |      0|  0|   2|           1|           2|
    |c_0_not_fu_406_p2                      |    xor   |      0|  0|   2|           1|           2|
    |rev1_fu_353_p2                         |    xor   |      0|  0|   2|           1|           2|
    |rev2_fu_434_p2                         |    xor   |      0|  0|   2|           1|           2|
    |rev3_fu_377_p2                         |    xor   |      0|  0|   2|           1|           2|
    |rev4_fu_467_p2                         |    xor   |      0|  0|   2|           1|           2|
    |rev5_fu_483_p2                         |    xor   |      0|  0|   2|           1|           2|
    |rev_fu_401_p2                          |    xor   |      0|  0|   2|           1|           2|
    +---------------------------------------+----------+-------+---+----+------------+------------+
    |Total                                  |          |      0|  0| 249|         158|         215|
    +---------------------------------------+----------+-------+---+----+------------+------------+

    * Multiplexer: 
    +-----------------------+----+-----------+-----+-----------+
    |          Name         | LUT| Input Size| Bits| Total Bits|
    +-----------------------+----+-----------+-----+-----------+
    |ap_NS_fsm              |   1|          7|    1|          7|
    |buffer_val_0_address0  |   2|          3|    2|          6|
    |buffer_val_0_d0        |   8|          3|    8|         24|
    |buffer_val_1_address0  |   2|          3|    2|          6|
    |buffer_val_1_d0        |   8|          3|    8|         24|
    |buffer_val_2_address0  |   2|          4|    2|          8|
    |buffer_val_2_address1  |   2|          3|    2|          6|
    |buffer_val_2_d0        |   8|          3|    8|         24|
    |col_phi_fu_273_p4      |  11|          2|   11|         22|
    |col_reg_269            |  11|          2|   11|         22|
    |row_reg_258            |  11|          2|   11|         22|
    +-----------------------+----+-----------+-----+-----------+
    |Total                  |  66|         35|   66|        171|
    +-----------------------+----+-----------+-----+-----------+

    * Register: 
    +-----------------------------+----+----+-----+-----------+
    |             Name            | FF | LUT| Bits| Const Bits|
    +-----------------------------+----+----+-----+-----------+
    |ap_CS_fsm                    |   6|   0|    6|          0|
    |ap_done_reg                  |   1|   0|    1|          0|
    |ap_reg_ppiten_pp0_it0        |   1|   0|    1|          0|
    |ap_reg_ppiten_pp0_it1        |   1|   0|    1|          0|
    |buffer_val_0_addr_1_reg_556  |   0|   0|    2|          2|
    |buffer_val_0_addr_2_reg_582  |   0|   0|    2|          2|
    |buffer_val_0_addr_reg_551    |   0|   0|    2|          2|
    |buffer_val_0_load_1_reg_660  |   8|   0|    8|          0|
    |buffer_val_0_load_reg_643    |   8|   0|    8|          0|
    |buffer_val_1_addr_1_reg_566  |   0|   0|    2|          2|
    |buffer_val_1_addr_2_reg_587  |   0|   0|    2|          2|
    |buffer_val_1_addr_reg_561    |   0|   0|    2|          2|
    |buffer_val_1_load_1_reg_665  |   8|   0|    8|          0|
    |buffer_val_1_load_reg_649    |   8|   0|    8|          0|
    |buffer_val_2_addr_1_reg_577  |   0|   0|    2|          2|
    |buffer_val_2_addr_2_reg_592  |   0|   0|    2|          2|
    |buffer_val_2_addr_reg_571    |   0|   0|    2|          2|
    |buffer_val_2_load_1_reg_670  |   8|   0|    8|          0|
    |buffer_val_2_load_reg_655    |   8|   0|    8|          0|
    |c_1_reg_691                  |   1|   0|    1|          0|
    |c_2_reg_707                  |   1|   0|    1|          0|
    |c_reg_675                    |   1|   0|    1|          0|
    |col_1_reg_611                |  11|   0|   11|          0|
    |col_reg_269                  |  11|   0|   11|          0|
    |exitcond1_reg_607            |   1|   0|    1|          0|
    |icmp_reg_616                 |   1|   0|    1|          0|
    |p_val_0_1_reg_723            |   8|   0|    8|          0|
    |p_val_0_2_reg_733            |   8|   0|    8|          0|
    |p_val_1_1_reg_728            |   8|   0|    8|          0|
    |p_val_1_2_reg_744            |   8|   0|    8|          0|
    |p_val_2_reg_636              |   8|   0|    8|          0|
    |rev1_reg_686                 |   1|   0|    1|          0|
    |rev3_reg_702                 |   1|   0|    1|          0|
    |row_1_reg_602                |  11|   0|   11|          0|
    |row_reg_258                  |  11|   0|   11|          0|
    |scl_val_0_reg_624            |   8|   0|    8|          0|
    |scl_val_1_reg_630            |   8|   0|    8|          0|
    |sel_tmp2_reg_738             |   1|   0|    1|          0|
    |tmp_6_reg_749                |   8|   0|    8|          0|
    |ult2_reg_697                 |   1|   0|    1|          0|
    |ult4_reg_713                 |   1|   0|    1|          0|
    |ult5_reg_718                 |   1|   0|    1|          0|
    |ult_reg_681                  |   1|   0|    1|          0|
    +-----------------------------+----+----+-----+-----------+
    |Total                        | 177|   0|  195|         18|
    +-----------------------------+----+----+-----+-----------+



================================================================
== Interface
================================================================
* Summary: 
+-------------------------------+-----+-----+------------+--------------------------+--------------+
|           RTL Ports           | Dir | Bits|  Protocol  |       Source Object      |    C Type    |
+-------------------------------+-----+-----+------------+--------------------------+--------------+
|ap_clk                         |  in |    1| ap_ctrl_hs | image_filter_Loop_1_proc | return value |
|ap_rst                         |  in |    1| ap_ctrl_hs | image_filter_Loop_1_proc | return value |
|ap_start                       |  in |    1| ap_ctrl_hs | image_filter_Loop_1_proc | return value |
|ap_done                        | out |    1| ap_ctrl_hs | image_filter_Loop_1_proc | return value |
|ap_continue                    |  in |    1| ap_ctrl_hs | image_filter_Loop_1_proc | return value |
|ap_idle                        | out |    1| ap_ctrl_hs | image_filter_Loop_1_proc | return value |
|ap_ready                       | out |    1| ap_ctrl_hs | image_filter_Loop_1_proc | return value |
|rows                           |  in |   32|   ap_none  |           rows           |    scalar    |
|cols                           |  in |   32|   ap_none  |           cols           |    scalar    |
|img_1_data_stream_0_V_din      | out |    8|   ap_fifo  |   img_1_data_stream_0_V  |    pointer   |
|img_1_data_stream_0_V_full_n   |  in |    1|   ap_fifo  |   img_1_data_stream_0_V  |    pointer   |
|img_1_data_stream_0_V_write    | out |    1|   ap_fifo  |   img_1_data_stream_0_V  |    pointer   |
|img_1_data_stream_1_V_din      | out |    8|   ap_fifo  |   img_1_data_stream_1_V  |    pointer   |
|img_1_data_stream_1_V_full_n   |  in |    1|   ap_fifo  |   img_1_data_stream_1_V  |    pointer   |
|img_1_data_stream_1_V_write    | out |    1|   ap_fifo  |   img_1_data_stream_1_V  |    pointer   |
|img_1_data_stream_2_V_din      | out |    8|   ap_fifo  |   img_1_data_stream_2_V  |    pointer   |
|img_1_data_stream_2_V_full_n   |  in |    1|   ap_fifo  |   img_1_data_stream_2_V  |    pointer   |
|img_1_data_stream_2_V_write    | out |    1|   ap_fifo  |   img_1_data_stream_2_V  |    pointer   |
|img_0_data_stream_0_V_dout     |  in |    8|   ap_fifo  |   img_0_data_stream_0_V  |    pointer   |
|img_0_data_stream_0_V_empty_n  |  in |    1|   ap_fifo  |   img_0_data_stream_0_V  |    pointer   |
|img_0_data_stream_0_V_read     | out |    1|   ap_fifo  |   img_0_data_stream_0_V  |    pointer   |
|img_0_data_stream_1_V_dout     |  in |    8|   ap_fifo  |   img_0_data_stream_1_V  |    pointer   |
|img_0_data_stream_1_V_empty_n  |  in |    1|   ap_fifo  |   img_0_data_stream_1_V  |    pointer   |
|img_0_data_stream_1_V_read     | out |    1|   ap_fifo  |   img_0_data_stream_1_V  |    pointer   |
|img_0_data_stream_2_V_dout     |  in |    8|   ap_fifo  |   img_0_data_stream_2_V  |    pointer   |
|img_0_data_stream_2_V_empty_n  |  in |    1|   ap_fifo  |   img_0_data_stream_2_V  |    pointer   |
|img_0_data_stream_2_V_read     | out |    1|   ap_fifo  |   img_0_data_stream_2_V  |    pointer   |
|buffer_val_0_address0          | out |    2|  ap_memory |       buffer_val_0       |     array    |
|buffer_val_0_ce0               | out |    1|  ap_memory |       buffer_val_0       |     array    |
|buffer_val_0_we0               | out |    1|  ap_memory |       buffer_val_0       |     array    |
|buffer_val_0_d0                | out |    8|  ap_memory |       buffer_val_0       |     array    |
|buffer_val_0_q0                |  in |    8|  ap_memory |       buffer_val_0       |     array    |
|buffer_val_0_address1          | out |    2|  ap_memory |       buffer_val_0       |     array    |
|buffer_val_0_ce1               | out |    1|  ap_memory |       buffer_val_0       |     array    |
|buffer_val_0_we1               | out |    1|  ap_memory |       buffer_val_0       |     array    |
|buffer_val_0_d1                | out |    8|  ap_memory |       buffer_val_0       |     array    |
|buffer_val_0_q1                |  in |    8|  ap_memory |       buffer_val_0       |     array    |
|buffer_val_1_address0          | out |    2|  ap_memory |       buffer_val_1       |     array    |
|buffer_val_1_ce0               | out |    1|  ap_memory |       buffer_val_1       |     array    |
|buffer_val_1_we0               | out |    1|  ap_memory |       buffer_val_1       |     array    |
|buffer_val_1_d0                | out |    8|  ap_memory |       buffer_val_1       |     array    |
|buffer_val_1_q0                |  in |    8|  ap_memory |       buffer_val_1       |     array    |
|buffer_val_1_address1          | out |    2|  ap_memory |       buffer_val_1       |     array    |
|buffer_val_1_ce1               | out |    1|  ap_memory |       buffer_val_1       |     array    |
|buffer_val_1_we1               | out |    1|  ap_memory |       buffer_val_1       |     array    |
|buffer_val_1_d1                | out |    8|  ap_memory |       buffer_val_1       |     array    |
|buffer_val_1_q1                |  in |    8|  ap_memory |       buffer_val_1       |     array    |
|buffer_val_2_address0          | out |    2|  ap_memory |       buffer_val_2       |     array    |
|buffer_val_2_ce0               | out |    1|  ap_memory |       buffer_val_2       |     array    |
|buffer_val_2_we0               | out |    1|  ap_memory |       buffer_val_2       |     array    |
|buffer_val_2_d0                | out |    8|  ap_memory |       buffer_val_2       |     array    |
|buffer_val_2_q0                |  in |    8|  ap_memory |       buffer_val_2       |     array    |
|buffer_val_2_address1          | out |    2|  ap_memory |       buffer_val_2       |     array    |
|buffer_val_2_ce1               | out |    1|  ap_memory |       buffer_val_2       |     array    |
|buffer_val_2_we1               | out |    1|  ap_memory |       buffer_val_2       |     array    |
|buffer_val_2_d1                | out |    8|  ap_memory |       buffer_val_2       |     array    |
|buffer_val_2_q1                |  in |    8|  ap_memory |       buffer_val_2       |     array    |
+-------------------------------+-----+-----+------------+--------------------------+--------------+

