

================================================================
== Vivado HLS Report for 'image_filter_Loop_1_proc'
================================================================
* Date:           Wed Mar 30 11:07:20 2016

* Version:        2014.4 (Build 1071461 on Tue Nov 18 16:42:57 PM 2014)
* Project:        prj
* Solution:       solution1
* Product family: zynq
* Target device:  xc7z020clg484-1


================================================================
== Performance Estimates
================================================================
+ Timing (ns): 
    * Summary: 
    +---------+-------+----------+------------+
    |  Clock  | Target| Estimated| Uncertainty|
    +---------+-------+----------+------------+
    |default  |   6.67|      5.68|        0.83|
    +---------+-------+----------+------------+

+ Latency (clock cycles): 
    * Summary: 
    +-----+---------+-----+---------+---------+
    |    Latency    |    Interval   | Pipeline|
    | min |   max   | min |   max   |   Type  |
    +-----+---------+-----+---------+---------+
    |   29|  2089574|   29|  2089574|   none  |
    +-----+---------+-----+---------+---------+

    + Detail: 
        * Instance: 
        N/A

        * Loop: 
        +-------------+-----+---------+-----------+-----------+-----------+----------+----------+
        |             |    Latency    | Iteration |  Initiation Interval  |   Trip   |          |
        |  Loop Name  | min |   max   |  Latency  |  achieved |   target  |   Count  | Pipelined|
        +-------------+-----+---------+-----------+-----------+-----------+----------+----------+
        |- Loop 1     |   28|  2089573| 14 ~ 1933 |          -|          -| 2 ~ 1081 |    no    |
        | + Loop 1.1  |   11|     1930|         11|          1|          1| 2 ~ 1921 |    yes   |
        +-------------+-----+---------+-----------+-----------+-----------+----------+----------+



================================================================
== Utilization Estimates
================================================================
* Summary: 
+-----------------+---------+-------+--------+-------+
|       Name      | BRAM_18K| DSP48E|   FF   |  LUT  |
+-----------------+---------+-------+--------+-------+
|Expression       |        -|      -|       0|    613|
|FIFO             |        -|      -|       -|      -|
|Instance         |        -|      4|       -|      -|
|Memory           |        6|      -|       0|      0|
|Multiplexer      |        -|      -|       -|     42|
|Register         |        -|      -|     617|     28|
+-----------------+---------+-------+--------+-------+
|Total            |        6|      4|     617|    683|
+-----------------+---------+-------+--------+-------+
|Available        |      280|    220|  106400|  53200|
+-----------------+---------+-------+--------+-------+
|Utilization (%)  |        2|      1|   ~0   |      1|
+-----------------+---------+-------+--------+-------+

+ Detail: 
    * Instance: 
    +-------------------------------------+---------------------------------+---------+-------+---+----+
    |               Instance              |              Module             | BRAM_18K| DSP48E| FF| LUT|
    +-------------------------------------+---------------------------------+---------+-------+---+----+
    |image_filter_mul_10ns_12ns_22_2_U18  |image_filter_mul_10ns_12ns_22_2  |        0|      1|  0|   0|
    |image_filter_mul_8ns_6ns_13_3_U15    |image_filter_mul_8ns_6ns_13_3    |        0|      1|  0|   0|
    |image_filter_mul_8ns_6ns_13_3_U16    |image_filter_mul_8ns_6ns_13_3    |        0|      1|  0|   0|
    |image_filter_mul_8ns_6ns_13_3_U17    |image_filter_mul_8ns_6ns_13_3    |        0|      1|  0|   0|
    +-------------------------------------+---------------------------------+---------+-------+---+----+
    |Total                                |                                 |        0|      4|  0|   0|
    +-------------------------------------+---------------------------------+---------+-------+---+----+

    * Memory: 
    +-----------------------+----------------------------------------------+---------+---+----+------+-----+------+-------------+
    |         Memory        |                    Module                    | BRAM_18K| FF| LUT| Words| Bits| Banks| W*Bits*Banks|
    +-----------------------+----------------------------------------------+---------+---+----+------+-----+------+-------------+
    |line_buffer_0_0_val_U  |image_filter_Loop_1_proc_line_buffer_0_0_val  |        1|  0|   0|  1921|    8|     1|        15368|
    |line_buffer_0_1_val_U  |image_filter_Loop_1_proc_line_buffer_0_0_val  |        1|  0|   0|  1921|    8|     1|        15368|
    |line_buffer_0_2_val_U  |image_filter_Loop_1_proc_line_buffer_0_0_val  |        1|  0|   0|  1921|    8|     1|        15368|
    |line_buffer_1_0_val_U  |image_filter_Loop_1_proc_line_buffer_0_0_val  |        1|  0|   0|  1921|    8|     1|        15368|
    |line_buffer_1_1_val_U  |image_filter_Loop_1_proc_line_buffer_0_0_val  |        1|  0|   0|  1921|    8|     1|        15368|
    |line_buffer_1_2_val_U  |image_filter_Loop_1_proc_line_buffer_0_0_val  |        1|  0|   0|  1921|    8|     1|        15368|
    +-----------------------+----------------------------------------------+---------+---+----+------+-----+------+-------------+
    |Total                  |                                              |        6|  0|   0| 11526|   48|     6|        92208|
    +-----------------------+----------------------------------------------+---------+---+----+------+-----+------+-------------+

    * FIFO: 
    N/A

    * Expression: 
    +-----------------------------+----------+-------+---+----+------------+------------+
    |        Variable Name        | Operation| DSP48E| FF| LUT| Bitwidth P0| Bitwidth P1|
    +-----------------------------+----------+-------+---+----+------------+------------+
    |G_3_fu_1208_p2               |     +    |      0|  0|   9|           9|           6|
    |R_3_fu_1203_p2               |     +    |      0|  0|   9|           9|           6|
    |col_1_fu_476_p2              |     +    |      0|  0|  11|          11|           1|
    |edge_weight_i_fu_1115_p2     |     +    |      0|  0|   8|           8|           8|
    |img_1_data_stream_0_V_din    |     +    |      0|  0|   8|           8|           8|
    |img_1_data_stream_1_V_din    |     +    |      0|  0|   8|           8|           8|
    |img_1_data_stream_2_V_din    |     +    |      0|  0|   8|           8|           8|
    |output_col_fu_506_p2         |     +    |      0|  0|  12|          12|           2|
    |output_row_fu_448_p2         |     +    |      0|  0|  12|          12|           2|
    |row_1_fu_437_p2              |     +    |      0|  0|  11|          11|           1|
    |tmp12_fu_933_p2              |     +    |      0|  0|   9|           9|           9|
    |tmp1_fu_597_p2               |     +    |      0|  0|  10|          10|           8|
    |tmp2_fu_660_p2               |     +    |      0|  0|   4|          16|          16|
    |tmp4_fu_703_p2               |     +    |      0|  0|  10|          10|           8|
    |tmp5_fu_793_p2               |     +    |      0|  0|   4|          16|          16|
    |tmp7_fu_731_p2               |     +    |      0|  0|  10|          10|           8|
    |tmp8_fu_842_p2               |     +    |      0|  0|   4|          16|          16|
    |tmp_10_fu_414_p2             |     +    |      0|  0|  11|          11|           1|
    |tmp_2_i3_fu_880_p2           |     +    |      0|  0|   9|           9|           9|
    |tmp_6_i1_fu_783_p2           |     +    |      0|  0|  15|          15|          15|
    |tmp_6_i2_fu_741_p2           |     +    |      0|  0|  15|          15|          15|
    |tmp_6_i_fu_650_p2            |     +    |      0|  0|  15|          15|          15|
    |tmp_7_fu_384_p2              |     +    |      0|  0|  11|          11|           2|
    |tmp_8_fu_398_p2              |     +    |      0|  0|  11|          11|           2|
    |tmp_8_i1_fu_809_p2           |     +    |      0|  0|   4|          16|          16|
    |tmp_8_i2_fu_858_p2           |     +    |      0|  0|   4|          16|          16|
    |tmp_8_i_fu_676_p2            |     +    |      0|  0|   4|          16|          16|
    |tmp_9_fu_408_p2              |     +    |      0|  0|  11|          11|           1|
    |x_weight_2_1_2_i_fu_1000_p2  |     +    |      0|  0|   4|          11|          11|
    |x_weight_2_2_2_i_fu_1045_p2  |     +    |      0|  0|   4|          11|          11|
    |y_weight_2_1_2_i_fu_943_p2   |     +    |      0|  0|  10|          10|          10|
    |y_window_0_1_1_fu_896_p2     |     +    |      0|  0|   8|           8|           5|
    |y_window_1_1_1_fu_891_p2     |     +    |      0|  0|   8|           8|           5|
    |y_window_2_1_2_fu_750_p2     |     +    |      0|  0|   8|           8|           5|
    |tmp_22_fu_1086_p2            |     -    |      0|  0|   8|           1|           8|
    |tmp_25_fu_1103_p2            |     -    |      0|  0|   8|           1|           8|
    |x_weight_2_0_2_i_fu_927_p2   |     -    |      0|  0|   9|           9|           9|
    |x_weight_2_1_1_i_fu_982_p2   |     -    |      0|  0|   4|          11|          11|
    |x_weight_2_2_i_fu_1012_p2    |     -    |      0|  0|   4|          11|          11|
    |y_weight_2_2_1_i_fu_1035_p2  |     -    |      0|  0|  11|          11|          11|
    |y_weight_2_2_2_i_fu_1051_p2  |     -    |      0|  0|  11|          11|          11|
    |y_weight_2_2_i_fu_1018_p2    |     -    |      0|  0|  11|          11|          11|
    |edge_val_1_fu_1195_p3        |  Select  |      0|  0|   8|           1|           8|
    |p_i_cast_fu_1183_p3          |  Select  |      0|  0|   2|           1|           2|
    |sepia_val_1_fu_1245_p3       |  Select  |      0|  0|   8|           1|           2|
    |sepia_val_2_fu_1225_p3       |  Select  |      0|  0|   8|           1|           2|
    |tmp_23_fu_1091_p3            |  Select  |      0|  0|   8|           1|           8|
    |tmp_26_fu_1108_p3            |  Select  |      0|  0|   8|           1|           8|
    |ap_sig_bdd_349               |    and   |      0|  0|   1|           1|           1|
    |ap_sig_bdd_436               |    and   |      0|  0|   1|           1|           1|
    |ap_sig_bdd_444               |    and   |      0|  0|   1|           1|           1|
    |ap_sig_bdd_459               |    and   |      0|  0|   1|           1|           1|
    |or_cond2_fu_539_p2           |    and   |      0|  0|   1|           1|           1|
    |or_cond_fu_491_p2            |    and   |      0|  0|   1|           1|           1|
    |exitcond1_fu_432_p2          |   icmp   |      0|  0|  13|          11|          11|
    |exitcond_fu_471_p2           |   icmp   |      0|  0|  13|          11|          11|
    |tmp_11_fu_443_p2             |   icmp   |      0|  0|  14|          12|          12|
    |tmp_11_i_fu_1098_p2          |   icmp   |      0|  0|  13|          11|           1|
    |tmp_12_fu_454_p2             |   icmp   |      0|  0|  14|          12|           1|
    |tmp_13_fu_460_p2             |   icmp   |      0|  0|  13|          11|           1|
    |tmp_14_fu_486_p2             |   icmp   |      0|  0|  14|          12|          12|
    |tmp_15_i_fu_1143_p2          |   icmp   |      0|  0|   8|           8|           6|
    |tmp_17_fu_512_p2             |   icmp   |      0|  0|  14|          12|           1|
    |tmp_17_i_fu_1148_p2          |   icmp   |      0|  0|   8|           8|           7|
    |tmp_18_fu_518_p2             |   icmp   |      0|  0|  14|          12|          12|
    |tmp_19_fu_533_p2             |   icmp   |      0|  0|  13|          11|           1|
    |tmp_i_29_fu_1081_p2          |   icmp   |      0|  0|  13|          11|           1|
    |tmp_s_fu_466_p2              |   icmp   |      0|  0|  14|          12|          12|
    |ap_sig_bdd_124               |    or    |      0|  0|   1|           1|           1|
    |ap_sig_bdd_156               |    or    |      0|  0|   1|           1|           1|
    |ap_sig_bdd_65                |    or    |      0|  0|   1|           1|           1|
    |or_cond3_fu_569_p2           |    or    |      0|  0|   1|           1|           1|
    |tmp10_fu_523_p2              |    or    |      0|  0|   1|           1|           1|
    |tmp11_fu_528_p2              |    or    |      0|  0|   1|           1|           1|
    |tmp_27_fu_1191_p2            |    or    |      0|  0|   1|           1|           1|
    |edge_val_fu_1173_p2          |    xor   |      0|  0|   8|           8|           2|
    |not_tmp_15_i_fu_1178_p2      |    xor   |      0|  0|   2|           1|           2|
    +-----------------------------+----------+-------+---+----+------------+------------+
    |Total                        |          |      0|  0| 613|         633|         502|
    +-----------------------------+----------+-------+---+----+------------+------------+

    * Multiplexer: 
    +--------------------------------------------+----+-----------+-----+-----------+
    |                    Name                    | LUT| Input Size| Bits| Total Bits|
    +--------------------------------------------+----+-----------+-----+-----------+
    |ap_NS_fsm                                   |   1|          5|    1|          5|
    |ap_reg_phiprechg_edge_val1_reg_368pp0_it10  |   8|          2|    8|         16|
    |ap_reg_phiprechg_edge_val1_reg_368pp0_it2   |   8|          2|    8|         16|
    |ap_reg_ppiten_pp0_it1                       |   1|          2|    1|          2|
    |ap_reg_ppiten_pp0_it10                      |   1|          2|    1|          2|
    |ap_reg_ppiten_pp0_it5                       |   1|          2|    1|          2|
    |col_reg_357                                 |  11|          2|   11|         22|
    |row_reg_346                                 |  11|          2|   11|         22|
    +--------------------------------------------+----+-----------+-----+-----------+
    |Total                                       |  42|         19|   42|         87|
    +--------------------------------------------+----+-----------+-----+-----------+

    * Register: 
    +--------------------------------------------------------+----+----+-----+-----------+
    |                          Name                          | FF | LUT| Bits| Const Bits|
    +--------------------------------------------------------+----+----+-----+-----------+
    |B_2_fu_152                                              |   8|   0|    8|          0|
    |B_cast_i_reg_1617                                       |   9|   0|    9|          0|
    |G_2_fu_156                                              |   8|   0|    8|          0|
    |G_5_reg_1463                                            |   8|   0|    8|          0|
    |G_reg_1480                                              |   8|   0|    8|          0|
    |R_2_fu_168                                              |   8|   0|    8|          0|
    |R_5_reg_1469                                            |   8|   0|    8|          0|
    |R_reg_1475                                              |   8|   0|    8|          0|
    |ap_CS_fsm                                               |   4|   0|    4|          0|
    |ap_done_reg                                             |   1|   0|    1|          0|
    |ap_reg_phiprechg_edge_val1_reg_368pp0_it10              |   8|   0|    8|          0|
    |ap_reg_phiprechg_edge_val1_reg_368pp0_it2               |   8|   0|    8|          0|
    |ap_reg_phiprechg_edge_val1_reg_368pp0_it3               |   8|   0|    8|          0|
    |ap_reg_phiprechg_edge_val1_reg_368pp0_it4               |   8|   0|    8|          0|
    |ap_reg_phiprechg_edge_val1_reg_368pp0_it5               |   8|   0|    8|          0|
    |ap_reg_phiprechg_edge_val1_reg_368pp0_it6               |   8|   0|    8|          0|
    |ap_reg_phiprechg_edge_val1_reg_368pp0_it7               |   8|   0|    8|          0|
    |ap_reg_phiprechg_edge_val1_reg_368pp0_it8               |   8|   0|    8|          0|
    |ap_reg_phiprechg_edge_val1_reg_368pp0_it9               |   8|   0|    8|          0|
    |ap_reg_ppiten_pp0_it0                                   |   1|   0|    1|          0|
    |ap_reg_ppiten_pp0_it1                                   |   1|   0|    1|          0|
    |ap_reg_ppiten_pp0_it10                                  |   1|   0|    1|          0|
    |ap_reg_ppiten_pp0_it2                                   |   1|   0|    1|          0|
    |ap_reg_ppiten_pp0_it3                                   |   1|   0|    1|          0|
    |ap_reg_ppiten_pp0_it4                                   |   1|   0|    1|          0|
    |ap_reg_ppiten_pp0_it5                                   |   1|   0|    1|          0|
    |ap_reg_ppiten_pp0_it6                                   |   1|   0|    1|          0|
    |ap_reg_ppiten_pp0_it7                                   |   1|   0|    1|          0|
    |ap_reg_ppiten_pp0_it8                                   |   1|   0|    1|          0|
    |ap_reg_ppiten_pp0_it9                                   |   1|   0|    1|          0|
    |ap_reg_ppstg_G_5_reg_1463_pp0_it3                       |   8|   0|    8|          0|
    |ap_reg_ppstg_edge_weight_i_reg_1594_pp0_it8             |   8|   0|    8|          0|
    |ap_reg_ppstg_line_buffer_0_0_val_addr_reg_1416_pp0_it1  |  11|   0|   11|          0|
    |ap_reg_ppstg_line_buffer_0_1_val_addr_reg_1422_pp0_it1  |  11|   0|   11|          0|
    |ap_reg_ppstg_line_buffer_0_2_val_addr_reg_1428_pp0_it1  |  11|   0|   11|          0|
    |ap_reg_ppstg_line_buffer_1_0_val_addr_reg_1398_pp0_it1  |  11|   0|   11|          0|
    |ap_reg_ppstg_line_buffer_1_1_val_addr_reg_1404_pp0_it1  |  11|   0|   11|          0|
    |ap_reg_ppstg_pix_val_1_reg_1498_pp0_it3                 |   8|   0|    8|          0|
    |ap_reg_ppstg_sepia_val_0_reg_1623_pp0_it9               |   8|   0|    8|          0|
    |ap_reg_ppstg_y_window_2_1_2_reg_1536_pp0_it5            |   8|   0|    8|          0|
    |ap_reg_ppstg_y_window_2_2_1_reg_1530_pp0_it5            |   8|   0|    8|          0|
    |col_reg_357                                             |  11|   0|   11|          0|
    |edge_weight_i_reg_1594                                  |   8|   0|    8|          0|
    |exitcond_reg_1385                                       |   1|   0|    1|          0|
    |line_buffer_0_0_val_addr_reg_1416                       |  11|   0|   11|          0|
    |line_buffer_0_1_val_addr_reg_1422                       |  11|   0|   11|          0|
    |line_buffer_0_2_val_addr_reg_1428                       |  11|   0|   11|          0|
    |line_buffer_1_0_val_addr_reg_1398                       |  11|   0|   11|          0|
    |line_buffer_1_1_val_addr_reg_1404                       |  11|   0|   11|          0|
    |line_buffer_1_2_val_addr_reg_1410                       |  11|   0|   11|          0|
    |or_cond2_reg_1444                                       |   1|   0|    1|          0|
    |or_cond3_reg_1459                                       |   1|   0|    1|          0|
    |or_cond_reg_1394                                        |   1|   0|    1|          0|
    |pix_val_0_reg_1491                                      |   8|   0|    8|          0|
    |pix_val_1_reg_1498                                      |   8|   0|    8|          0|
    |pix_val_2_reg_1453                                      |   8|   0|    8|          0|
    |row_1_reg_1360                                          |  11|   0|   11|          0|
    |row_reg_346                                             |  11|   0|   11|          0|
    |sepia_val_0_reg_1623                                    |   8|   0|    8|          0|
    |sepia_val_1_reg_1638                                    |   8|   0|    8|          0|
    |sepia_val_2_reg_1633                                    |   8|   0|    8|          0|
    |tmp10_reg_1434                                          |   1|   0|    1|          0|
    |tmp11_reg_1439                                          |   1|   0|    1|          0|
    |tmp1_reg_1486                                           |   9|   0|   10|          1|
    |tmp4_reg_1520                                           |   9|   0|   10|          1|
    |tmp_11_reg_1365                                         |   1|   0|    1|          0|
    |tmp_12_reg_1370                                         |   1|   0|    1|          0|
    |tmp_13_reg_1375                                         |   1|   0|    1|          0|
    |tmp_15_i_reg_1606                                       |   1|   0|    1|          0|
    |tmp_17_i_reg_1612                                       |   1|   0|    1|          0|
    |tmp_28_reg_1582                                         |   8|   0|    8|          0|
    |tmp_29_reg_1588                                         |   8|   0|    8|          0|
    |tmp_2_i3_reg_1551                                       |   9|   0|    9|          0|
    |tmp_6_i2_reg_1525                                       |  14|   0|   15|          1|
    |tmp_i1_reg_1541                                         |   8|   0|    8|          0|
    |tmp_i2_reg_1546                                         |   8|   0|    8|          0|
    |tmp_i_reg_1515                                          |   8|   0|    8|          0|
    |tmp_s_reg_1380                                          |   1|   0|    1|          0|
    |x_weight_2_0_2_i_reg_1562                               |   9|   0|    9|          0|
    |x_weight_2_2_2_i_reg_1572                               |  11|   0|   11|          0|
    |y_weight_2_1_2_i_reg_1567                               |  10|   0|   10|          0|
    |y_weight_2_2_2_i_reg_1577                               |  11|   0|   11|          0|
    |y_window_0_1_fu_160                                     |   8|   0|    8|          0|
    |y_window_0_2_fu_164                                     |   8|   0|    8|          0|
    |y_window_1_1_1_reg_1556                                 |   8|   0|    8|          0|
    |y_window_1_1_fu_172                                     |   8|   0|    8|          0|
    |y_window_1_2_fu_176                                     |   8|   0|    8|          0|
    |y_window_2_1_2_reg_1536                                 |   8|   0|    8|          0|
    |y_window_2_1_fu_184                                     |   8|   0|    8|          0|
    |y_window_2_2_1_reg_1530                                 |   8|   0|    8|          0|
    |y_window_2_2_fu_180                                     |   8|   0|    8|          0|
    |exitcond_reg_1385                                       |   0|   1|    1|          0|
    |or_cond2_reg_1444                                       |   0|   1|    1|          0|
    |or_cond3_reg_1459                                       |   0|   1|    1|          0|
    |pix_val_0_reg_1491                                      |   0|   8|    8|          0|
    |pix_val_2_reg_1453                                      |   0|   8|    8|          0|
    |tmp_2_i3_reg_1551                                       |   0|   9|    9|          0|
    +--------------------------------------------------------+----+----+-----+-----------+
    |Total                                                   | 617|  28|  648|          3|
    +--------------------------------------------------------+----+----+-----+-----------+



================================================================
== Interface
================================================================
* Summary: 
+-------------------------------+-----+-----+------------+--------------------------+--------------+
|           RTL Ports           | Dir | Bits|  Protocol  |       Source Object      |    C Type    |
+-------------------------------+-----+-----+------------+--------------------------+--------------+
|ap_clk                         |  in |    1| ap_ctrl_hs | image_filter_Loop_1_proc | return value |
|ap_rst                         |  in |    1| ap_ctrl_hs | image_filter_Loop_1_proc | return value |
|ap_start                       |  in |    1| ap_ctrl_hs | image_filter_Loop_1_proc | return value |
|ap_done                        | out |    1| ap_ctrl_hs | image_filter_Loop_1_proc | return value |
|ap_continue                    |  in |    1| ap_ctrl_hs | image_filter_Loop_1_proc | return value |
|ap_idle                        | out |    1| ap_ctrl_hs | image_filter_Loop_1_proc | return value |
|ap_ready                       | out |    1| ap_ctrl_hs | image_filter_Loop_1_proc | return value |
|rows                           |  in |   32|   ap_none  |           rows           |    scalar    |
|cols                           |  in |   32|   ap_none  |           cols           |    scalar    |
|img_0_data_stream_0_V_dout     |  in |    8|   ap_fifo  |   img_0_data_stream_0_V  |    pointer   |
|img_0_data_stream_0_V_empty_n  |  in |    1|   ap_fifo  |   img_0_data_stream_0_V  |    pointer   |
|img_0_data_stream_0_V_read     | out |    1|   ap_fifo  |   img_0_data_stream_0_V  |    pointer   |
|img_0_data_stream_1_V_dout     |  in |    8|   ap_fifo  |   img_0_data_stream_1_V  |    pointer   |
|img_0_data_stream_1_V_empty_n  |  in |    1|   ap_fifo  |   img_0_data_stream_1_V  |    pointer   |
|img_0_data_stream_1_V_read     | out |    1|   ap_fifo  |   img_0_data_stream_1_V  |    pointer   |
|img_0_data_stream_2_V_dout     |  in |    8|   ap_fifo  |   img_0_data_stream_2_V  |    pointer   |
|img_0_data_stream_2_V_empty_n  |  in |    1|   ap_fifo  |   img_0_data_stream_2_V  |    pointer   |
|img_0_data_stream_2_V_read     | out |    1|   ap_fifo  |   img_0_data_stream_2_V  |    pointer   |
|img_1_data_stream_0_V_din      | out |    8|   ap_fifo  |   img_1_data_stream_0_V  |    pointer   |
|img_1_data_stream_0_V_full_n   |  in |    1|   ap_fifo  |   img_1_data_stream_0_V  |    pointer   |
|img_1_data_stream_0_V_write    | out |    1|   ap_fifo  |   img_1_data_stream_0_V  |    pointer   |
|img_1_data_stream_1_V_din      | out |    8|   ap_fifo  |   img_1_data_stream_1_V  |    pointer   |
|img_1_data_stream_1_V_full_n   |  in |    1|   ap_fifo  |   img_1_data_stream_1_V  |    pointer   |
|img_1_data_stream_1_V_write    | out |    1|   ap_fifo  |   img_1_data_stream_1_V  |    pointer   |
|img_1_data_stream_2_V_din      | out |    8|   ap_fifo  |   img_1_data_stream_2_V  |    pointer   |
|img_1_data_stream_2_V_full_n   |  in |    1|   ap_fifo  |   img_1_data_stream_2_V  |    pointer   |
|img_1_data_stream_2_V_write    | out |    1|   ap_fifo  |   img_1_data_stream_2_V  |    pointer   |
+-------------------------------+-----+-----+------------+--------------------------+--------------+

