

================================================================
== Vivado HLS Report for 'image_filter'
================================================================
* Date:           Wed Mar 30 11:07:20 2016

* Version:        2014.4 (Build 1071461 on Tue Nov 18 16:42:57 PM 2014)
* Project:        prj
* Solution:       solution1
* Product family: zynq
* Target device:  xc7z020clg484-1


================================================================
== Performance Estimates
================================================================
+ Timing (ns): 
    * Summary: 
    +---------+-------+----------+------------+
    |  Clock  | Target| Estimated| Uncertainty|
    +---------+-------+----------+------------+
    |default  |   6.67|      5.68|        0.83|
    +---------+-------+----------+------------+

+ Latency (clock cycles): 
    * Summary: 
    +-----+---------+-----+---------+----------+
    |    Latency    |    Interval   | Pipeline |
    | min |   max   | min |   max   |   Type   |
    +-----+---------+-----+---------+----------+
    |   32|  2089577|   30|  2089575| dataflow |
    +-----+---------+-----+---------+----------+

    + Detail: 
        * Instance: 
        +-----------------------------------------+---------------------------+-----+---------+-----+---------+---------+
        |                                         |                           |    Latency    |    Interval   | Pipeline|
        |                 Instance                |           Module          | min |   max   | min |   max   |   Type  |
        +-----------------------------------------+---------------------------+-----+---------+-----+---------+---------+
        |call_ret_image_filter_Block_proc_fu_217  |image_filter_Block_proc    |    0|        0|    0|        0|   none  |
        |grp_image_filter_AXIvideo2Mat_fu_171     |image_filter_AXIvideo2Mat  |    3|  2077923|    3|  2077923|   none  |
        |grp_image_filter_Loop_1_proc_fu_159      |image_filter_Loop_1_proc   |   29|  2089574|   29|  2089574|   none  |
        |grp_image_filter_Mat2AXIvideo_fu_194     |image_filter_Mat2AXIvideo  |    1|  2076841|    1|  2076841|   none  |
        +-----------------------------------------+---------------------------+-----+---------+-----+---------+---------+

        * Loop: 
        N/A



================================================================
== Utilization Estimates
================================================================
* Summary: 
+-----------------+---------+-------+--------+-------+
|       Name      | BRAM_18K| DSP48E|   FF   |  LUT  |
+-----------------+---------+-------+--------+-------+
|Expression       |        -|      -|       0|      2|
|FIFO             |        0|      -|      50|    216|
|Instance         |        6|      4|     967|   1132|
|Memory           |        -|      -|       -|      -|
|Multiplexer      |        -|      -|       -|      8|
|Register         |        -|      -|       9|      -|
+-----------------+---------+-------+--------+-------+
|Total            |        6|      4|    1026|   1358|
+-----------------+---------+-------+--------+-------+
|Available        |      280|    220|  106400|  53200|
+-----------------+---------+-------+--------+-------+
|Utilization (%)  |        2|      1|   ~0   |      2|
+-----------------+---------+-------+--------+-------+

+ Detail: 
    * Instance: 
    +------------------------------+---------------------------+---------+-------+-----+-----+
    |           Instance           |           Module          | BRAM_18K| DSP48E|  FF | LUT |
    +------------------------------+---------------------------+---------+-------+-----+-----+
    |image_filter_AXIvideo2Mat_U0  |image_filter_AXIvideo2Mat  |        0|      0|  240|  291|
    |image_filter_Block_proc_U0    |image_filter_Block_proc    |        0|      0|   50|   49|
    |image_filter_Loop_1_proc_U0   |image_filter_Loop_1_proc   |        6|      4|  617|  683|
    |image_filter_Mat2AXIvideo_U0  |image_filter_Mat2AXIvideo  |        0|      0|   60|  109|
    +------------------------------+---------------------------+---------+-------+-----+-----+
    |Total                         |                           |        6|      4|  967| 1132|
    +------------------------------+---------------------------+---------+-------+-----+-----+

    * Memory: 
    N/A

    * FIFO: 
    +-------------------------+---------+---+----+------+-----+---------+
    |           Name          | BRAM_18K| FF| LUT| Depth| Bits| Size:D*B|
    +-------------------------+---------+---+----+------+-----+---------+
    |img_0_cols_V_channel_U   |        0|  5|  24|     2|   12|       24|
    |img_0_data_stream_0_V_U  |        0|  5|  20|     1|    8|        8|
    |img_0_data_stream_1_V_U  |        0|  5|  20|     1|    8|        8|
    |img_0_data_stream_2_V_U  |        0|  5|  20|     1|    8|        8|
    |img_0_rows_V_channel_U   |        0|  5|  24|     2|   12|       24|
    |img_1_cols_V_U           |        0|  5|  24|     2|   12|       24|
    |img_1_data_stream_0_V_U  |        0|  5|  20|     1|    8|        8|
    |img_1_data_stream_1_V_U  |        0|  5|  20|     1|    8|        8|
    |img_1_data_stream_2_V_U  |        0|  5|  20|     1|    8|        8|
    |img_1_rows_V_U           |        0|  5|  24|     2|   12|       24|
    +-------------------------+---------+---+----+------+-----+---------+
    |Total                    |        0| 50| 216|    14|   96|      144|
    +-------------------------+---------+---+----+------+-----+---------+

    * Expression: 
    +---------------------------------------+----------+-------+---+----+------------+------------+
    |             Variable Name             | Operation| DSP48E| FF| LUT| Bitwidth P0| Bitwidth P1|
    +---------------------------------------+----------+-------+---+----+------------+------------+
    |image_filter_AXIvideo2Mat_U0_ap_start  |    and   |      0|  0|   1|           1|           1|
    |image_filter_Mat2AXIvideo_U0_ap_start  |    and   |      0|  0|   1|           1|           1|
    +---------------------------------------+----------+-------+---+----+------------+------------+
    |Total                                  |          |      0|  0|   2|           2|           2|
    +---------------------------------------+----------+-------+---+----+------------+------------+

    * Multiplexer: 
    +--------------------------------------------------------------+----+-----------+-----+-----------+
    |                             Name                             | LUT| Input Size| Bits| Total Bits|
    +--------------------------------------------------------------+----+-----------+-----+-----------+
    |ap_chn_write_image_filter_Block_proc_U0_img_0_cols_V_channel  |   1|          2|    1|          2|
    |ap_chn_write_image_filter_Block_proc_U0_img_0_rows_V_channel  |   1|          2|    1|          2|
    |ap_chn_write_image_filter_Block_proc_U0_img_1_cols_V          |   1|          2|    1|          2|
    |ap_chn_write_image_filter_Block_proc_U0_img_1_rows_V          |   1|          2|    1|          2|
    |ap_sig_ready_img_0_cols_V_channel_full_n                      |   1|          2|    1|          2|
    |ap_sig_ready_img_0_rows_V_channel_full_n                      |   1|          2|    1|          2|
    |ap_sig_ready_img_1_cols_V_full_n                              |   1|          2|    1|          2|
    |ap_sig_ready_img_1_rows_V_full_n                              |   1|          2|    1|          2|
    +--------------------------------------------------------------+----+-----------+-----+-----------+
    |Total                                                         |   8|         16|    8|         16|
    +--------------------------------------------------------------+----+-----------+-----+-----------+

    * Register: 
    +----------------------------------------------+---+----+-----+-----------+
    |                     Name                     | FF| LUT| Bits| Const Bits|
    +----------------------------------------------+---+----+-----+-----------+
    |ap_CS                                         |  1|   0|    1|          0|
    |ap_reg_procdone_image_filter_AXIvideo2Mat_U0  |  1|   0|    1|          0|
    |ap_reg_procdone_image_filter_Block_proc_U0    |  1|   0|    1|          0|
    |ap_reg_procdone_image_filter_Loop_1_proc_U0   |  1|   0|    1|          0|
    |ap_reg_procdone_image_filter_Mat2AXIvideo_U0  |  1|   0|    1|          0|
    |ap_reg_ready_img_0_cols_V_channel_full_n      |  1|   0|    1|          0|
    |ap_reg_ready_img_0_rows_V_channel_full_n      |  1|   0|    1|          0|
    |ap_reg_ready_img_1_cols_V_full_n              |  1|   0|    1|          0|
    |ap_reg_ready_img_1_rows_V_full_n              |  1|   0|    1|          0|
    +----------------------------------------------+---+----+-----+-----------+
    |Total                                         |  9|   0|    9|          0|
    +----------------------------------------------+---+----+-----+-----------+



================================================================
== Interface
================================================================
* Summary: 
+----------------------+-----+-----+------------+------------------------+--------------+
|       RTL Ports      | Dir | Bits|  Protocol  |      Source Object     |    C Type    |
+----------------------+-----+-----+------------+------------------------+--------------+
|INPUT_STREAM_TDATA    |  in |   32|    axis    |  INPUT_STREAM_V_data_V |    pointer   |
|INPUT_STREAM_TKEEP    |  in |    4|    axis    |  INPUT_STREAM_V_keep_V |    pointer   |
|INPUT_STREAM_TSTRB    |  in |    4|    axis    |  INPUT_STREAM_V_strb_V |    pointer   |
|INPUT_STREAM_TUSER    |  in |    1|    axis    |  INPUT_STREAM_V_user_V |    pointer   |
|INPUT_STREAM_TLAST    |  in |    1|    axis    |  INPUT_STREAM_V_last_V |    pointer   |
|INPUT_STREAM_TID      |  in |    1|    axis    |   INPUT_STREAM_V_id_V  |    pointer   |
|INPUT_STREAM_TDEST    |  in |    1|    axis    |  INPUT_STREAM_V_dest_V |    pointer   |
|INPUT_STREAM_TVALID   |  in |    1|    axis    |  INPUT_STREAM_V_dest_V |    pointer   |
|INPUT_STREAM_TREADY   | out |    1|    axis    |  INPUT_STREAM_V_dest_V |    pointer   |
|OUTPUT_STREAM_TDATA   | out |   32|    axis    | OUTPUT_STREAM_V_data_V |    pointer   |
|OUTPUT_STREAM_TKEEP   | out |    4|    axis    | OUTPUT_STREAM_V_keep_V |    pointer   |
|OUTPUT_STREAM_TSTRB   | out |    4|    axis    | OUTPUT_STREAM_V_strb_V |    pointer   |
|OUTPUT_STREAM_TUSER   | out |    1|    axis    | OUTPUT_STREAM_V_user_V |    pointer   |
|OUTPUT_STREAM_TLAST   | out |    1|    axis    | OUTPUT_STREAM_V_last_V |    pointer   |
|OUTPUT_STREAM_TID     | out |    1|    axis    |  OUTPUT_STREAM_V_id_V  |    pointer   |
|OUTPUT_STREAM_TDEST   | out |    1|    axis    | OUTPUT_STREAM_V_dest_V |    pointer   |
|OUTPUT_STREAM_TVALID  | out |    1|    axis    | OUTPUT_STREAM_V_dest_V |    pointer   |
|OUTPUT_STREAM_TREADY  |  in |    1|    axis    | OUTPUT_STREAM_V_dest_V |    pointer   |
|rows                  |  in |   32|  ap_stable |          rows          |    scalar    |
|cols                  |  in |   32|  ap_stable |          cols          |    scalar    |
|ap_clk                |  in |    1| ap_ctrl_hs |      image_filter      | return value |
|ap_rst_n              |  in |    1| ap_ctrl_hs |      image_filter      | return value |
|ap_start              |  in |    1| ap_ctrl_hs |      image_filter      | return value |
|ap_done               | out |    1| ap_ctrl_hs |      image_filter      | return value |
|ap_idle               | out |    1| ap_ctrl_hs |      image_filter      | return value |
|ap_ready              | out |    1| ap_ctrl_hs |      image_filter      | return value |
+----------------------+-----+-----+------------+------------------------+--------------+

