#-----------------------------------------------------------
# Vivado v2014.4 (64-bit)
# SW Build 1071353 on Tue Nov 18 16:47:07 MST 2014
# IP Build 1070531 on Tue Nov 18 01:10:18 MST 2014
# Start of session at: Wed Mar 30 20:36:22 2016
# Process ID: 3188
# Log file: /media/alok/Extra/work/Github/Zedboard/Learning/Training/MSD/zynq_s07_v1.2/vivado/vivado.log
# Journal file: /media/alok/Extra/work/Github/Zedboard/Learning/Training/MSD/zynq_s07_v1.2/vivado/vivado.jou
#-----------------------------------------------------------
start_gui
WARNING: [IP_Flow 19-3326] Support for unknown family 'kintex7' was added for IP 'base_microblaze', 
create_project project_1 /media/alok/Extra/work/Github/Zedboard/Learning/Training/MSD/zynq_s07_v1.2/vivado/project_1 -part xc7z020clg484-1
INFO: [IP_Flow 19-234] Refreshing IP repositories
INFO: [IP_Flow 19-1704] No user IP repositories specified
INFO: [IP_Flow 19-2313] Loaded Vivado IP repository '/opt/Xilinx/Vivado/2014.4/data/ip'.
set_property board_part em.avnet.com:zed:part0:1.2 [current_project]
create_bd_design "design_1"
Wrote  : </media/alok/Extra/work/Github/Zedboard/Learning/Training/MSD/zynq_s07_v1.2/vivado/project_1/project_1.srcs/sources_1/bd/design_1/design_1.bd> 
set_property ip_repo_paths  /media/alok/Extra/work/Github/Zedboard/Learning/Training/MSD/zynq_s07_v1.2/mycores [current_project]
update_ip_catalog
INFO: [IP_Flow 19-234] Refreshing IP repositories
INFO: [IP_Flow 19-1700] Loaded user IP repository '/media/alok/Extra/work/Github/Zedboard/Learning/Training/MSD/zynq_s07_v1.2/mycores'.
startgroup
create_bd_cell -type ip -vlnv Alok:user:sample_generator:1.0 sample_generator_0
endgroup
regenerate_bd_layout
save_bd_design
Wrote  : </media/alok/Extra/work/Github/Zedboard/Learning/Training/MSD/zynq_s07_v1.2/vivado/project_1/project_1.srcs/sources_1/bd/design_1/design_1.bd> 
startgroup
create_bd_cell -type ip -vlnv xilinx.com:ip:xfft:9.0 xfft_0
endgroup
set_property location {1 128 229} [get_bd_cells xfft_0]
regenerate_bd_layout
startgroup
create_bd_cell -type ip -vlnv xilinx.com:ip:axis_data_fifo:1.1 axis_data_fifo_0
endgroup
regenerate_bd_layout
connect_bd_intf_net [get_bd_intf_pins sample_generator_0/M_AXIS] [get_bd_intf_pins axis_data_fifo_0/S_AXIS]
save_bd_design
Wrote  : </media/alok/Extra/work/Github/Zedboard/Learning/Training/MSD/zynq_s07_v1.2/vivado/project_1/project_1.srcs/sources_1/bd/design_1/design_1.bd> 
connect_bd_intf_net [get_bd_intf_pins axis_data_fifo_0/M_AXIS] [get_bd_intf_pins xfft_0/S_AXIS_DATA]
regenerate_bd_layout
validate_bd_design
ERROR: [BD 41-758] The following clock pins are not connected to a valid clock source: 
/sample_generator_0/m_axis_aclk
/sample_generator_0/s_axis_aclk
/xfft_0/aclk
/axis_data_fifo_0/s_axis_aclk

ERROR: [Common 17-39] 'validate_bd_design' failed due to earlier errors.
startgroup
create_bd_cell -type ip -vlnv xilinx.com:ip:processing_system7:5.5 processing_system7_0
endgroup
regenerate_bd_layout
apply_bd_automation -rule xilinx.com:bd_rule:processing_system7 -config {make_external "FIXED_IO, DDR" apply_board_preset "1" Master "Disable" Slave "Disable" }  [get_bd_cells processing_system7_0]
regenerate_bd_layout
ERROR: [Vivado 12-106] *** Exception: java.lang.ClassCastException: sun.awt.image.BufImgSurfaceData cannot be cast to sun.java2d.xr.XRSurfaceData (See /media/alok/Extra/work/Github/Zedboard/Learning/Training/MSD/zynq_s07_v1.2/vivado/vivado_pid3188.debug)
ERROR: [Vivado 12-106] *** Exception: java.lang.ClassCastException: sun.awt.image.BufImgSurfaceData cannot be cast to sun.java2d.xr.XRSurfaceData (See /media/alok/Extra/work/Github/Zedboard/Learning/Training/MSD/zynq_s07_v1.2/vivado/vivado_pid3188.debug)
ERROR: [Vivado 12-106] *** Exception: java.lang.ClassCastException: sun.awt.image.BufImgSurfaceData cannot be cast to sun.java2d.xr.XRSurfaceData (See /media/alok/Extra/work/Github/Zedboard/Learning/Training/MSD/zynq_s07_v1.2/vivado/vivado_pid3188.debug)
ERROR: [Vivado 12-106] *** Exception: java.lang.ClassCastException (See /media/alok/Extra/work/Github/Zedboard/Learning/Training/MSD/zynq_s07_v1.2/vivado/vivado_pid3188.debug)
ERROR: [Vivado 12-106] *** Exception: java.lang.ClassCastException (See /media/alok/Extra/work/Github/Zedboard/Learning/Training/MSD/zynq_s07_v1.2/vivado/vivado_pid3188.debug)
ERROR: [Vivado 12-106] *** Exception: java.lang.ClassCastException (See /media/alok/Extra/work/Github/Zedboard/Learning/Training/MSD/zynq_s07_v1.2/vivado/vivado_pid3188.debug)
ERROR: [Vivado 12-106] *** Exception: java.lang.ClassCastException (See /media/alok/Extra/work/Github/Zedboard/Learning/Training/MSD/zynq_s07_v1.2/vivado/vivado_pid3188.debug)
ERROR: [Vivado 12-106] *** Exception: java.lang.ClassCastException (See /media/alok/Extra/work/Github/Zedboard/Learning/Training/MSD/zynq_s07_v1.2/vivado/vivado_pid3188.debug)
ERROR: [Vivado 12-106] *** Exception: java.lang.ClassCastException (See /media/alok/Extra/work/Github/Zedboard/Learning/Training/MSD/zynq_s07_v1.2/vivado/vivado_pid3188.debug)
save_bd_design
Wrote  : </media/alok/Extra/work/Github/Zedboard/Learning/Training/MSD/zynq_s07_v1.2/vivado/project_1/project_1.srcs/sources_1/bd/design_1/design_1.bd> 
exit
INFO: [Common 17-206] Exiting Vivado at Wed Mar 30 21:05:26 2016...
