#-----------------------------------------------------------
# Vivado v2014.4 (64-bit)
# SW Build 1071353 on Tue Nov 18 16:47:07 MST 2014
# IP Build 1070531 on Tue Nov 18 01:10:18 MST 2014
# Start of session at: Wed Mar 30 12:47:01 2016
# Process ID: 8691
# Log file: /home/alok/githum/Zedboard/Learning/Training/MSD/zynq_s07_v1.2/vivado/vivado.log
# Journal file: /home/alok/githum/Zedboard/Learning/Training/MSD/zynq_s07_v1.2/vivado/vivado.jou
#-----------------------------------------------------------
start_gui
create_project managed_ip_project /home/alok/githum/Zedboard/Learning/Training/MSD/zynq_s07_v1.2/mycores/managed_ip_project -part xc7z020clg484-1 -ip
INFO: [IP_Flow 19-234] Refreshing IP repositories
INFO: [IP_Flow 19-1704] No user IP repositories specified
INFO: [IP_Flow 19-2313] Loaded Vivado IP repository '/opt/Xilinx/Vivado/2014.4/data/ip'.
create_project: Time (s): cpu = 00:00:18 ; elapsed = 00:00:11 . Memory (MB): peak = 5714.348 ; gain = 65.605 ; free physical = 114 ; free virtual = 3502
set_property board_part em.avnet.com:zed:part0:1.2 [current_project]
set_property target_simulator XSim [current_project]
INFO: [IP_Flow 19-1839] IP Catalog is up to date.
create_peripheral xilinx user sample_generator 1.0 -dir /home/alok/githum/Zedboard/Learning/Training/MSD/zynq_s07_v1.2/mycores/ip_repo
add_peripheral_interface S_AXIS -interface_mode slave -axi_type stream [ipx::find_open_core xilinx:user:sample_generator:1.0]
add_peripheral_interface M_AXIS -interface_mode master -axi_type stream [ipx::find_open_core xilinx:user:sample_generator:1.0]
generate_peripheral [ipx::find_open_core xilinx:user:sample_generator:1.0]
write_peripheral [ipx::find_open_core xilinx:user:sample_generator:1.0]
set_property ip_repo_paths  /home/alok/githum/Zedboard/Learning/Training/MSD/zynq_s07_v1.2/mycores/ip_repo/sample_generator_1.0 [current_project]
update_ip_catalog -rebuild
INFO: [IP_Flow 19-234] Refreshing IP repositories
INFO: [IP_Flow 19-1700] Loaded user IP repository '/home/alok/githum/Zedboard/Learning/Training/MSD/zynq_s07_v1.2/mycores/ip_repo/sample_generator_1.0'.
exit
INFO: [Common 17-206] Exiting Vivado at Wed Mar 30 13:01:02 2016...
