#-----------------------------------------------------------
# Vivado v2014.4 (64-bit)
# SW Build 1071353 on Tue Nov 18 16:47:07 MST 2014
# IP Build 1070531 on Tue Nov 18 01:10:18 MST 2014
# Start of session at: Thu Mar 31 17:06:20 2016
# Process ID: 4073
# Log file: /media/alok/Extra/work/Github/Zedboard/learning/training/MSD/zynq_s07_v1.2/vivado/vivado.log
# Journal file: /media/alok/Extra/work/Github/Zedboard/learning/training/MSD/zynq_s07_v1.2/vivado/vivado.jou
#-----------------------------------------------------------
start_gui
open_project /media/alok/Extra/work/Github/Zedboard/learning/training/MSD/zynq_s07_v1.2/vivado/project_1/project_1.xpr
INFO: [Project 1-313] Project file moved from '/media/alok/Extra/work/Github/Zedboard/Learning/Training/MSD/zynq_s07_v1.2/vivado/project_1' since last save.
Scanning sources...
Finished scanning sources
INFO: [IP_Flow 19-234] Refreshing IP repositories
INFO: [IP_Flow 19-1700] Loaded user IP repository '/media/alok/Extra/work/Github/Zedboard/learning/training/MSD/zynq_s07_v1.2/mycores'.
INFO: [IP_Flow 19-2313] Loaded Vivado IP repository '/opt/Xilinx/Vivado/2014.4/data/ip'.
open_project: Time (s): cpu = 00:00:14 ; elapsed = 00:00:07 . Memory (MB): peak = 5743.891 ; gain = 134.461 ; free physical = 716 ; free virtual = 2805
open_bd_design {/media/alok/Extra/work/Github/Zedboard/learning/training/MSD/zynq_s07_v1.2/vivado/project_1/project_1.srcs/sources_1/bd/design_1/design_1.bd}
Adding component instance block -- Alok:user:sample_generator:1.0 - sample_generator_0
Adding component instance block -- xilinx.com:ip:xfft:9.0 - xfft_0
Adding component instance block -- xilinx.com:ip:axis_data_fifo:1.1 - axis_data_fifo_0
Adding component instance block -- xilinx.com:ip:processing_system7:5.5 - processing_system7_0
Adding component instance block -- xilinx.com:ip:axi_dma:7.1 - axi_dma_0
Adding component instance block -- xilinx.com:ip:proc_sys_reset:5.0 - rst_processing_system7_0_100M
Successfully read diagram <design_1> from BD file </media/alok/Extra/work/Github/Zedboard/learning/training/MSD/zynq_s07_v1.2/vivado/project_1/project_1.srcs/sources_1/bd/design_1/design_1.bd>
regenerate_bd_layout
save_bd_design
Wrote  : </media/alok/Extra/work/Github/Zedboard/learning/training/MSD/zynq_s07_v1.2/vivado/project_1/project_1.srcs/sources_1/bd/design_1/design_1.bd> 
exit
INFO: [Common 17-206] Exiting Vivado at Thu Mar 31 17:07:47 2016...
