@I [HLS-0] Workspace /home/alok/githum/Zedboard/Learning/opencv_hls/xapp1167_vivado/sw/posterize/prj/solution1 opened at Wed Mar 30 11:18:41 IST 2016
@I [HLS-100] Command 'open_solution' returned 0; elapsed 0.004944Total elapsed time: 1.133 sec.
@I [HLS-100] Command "set_part xc7z020clg484-1 "
@I [HLS-100] Command "add_library xilinx/zynq/zynq:xc7z020:clg484:-1 "
@I [HLS-100] Command "get_default_platform "
@I [HLS-100] Command 'get_default_platform' returned 0; elapsed 4.1e-05Total elapsed time: 1.137 sec.
@I [HLS-100] Command "license_exists VIVADO_HLS "
@I [HLS-100] Command 'license_exists' returned 1; elapsed 0.005828Total elapsed time: 1.143 sec.
@I [HLS-100] Command "license_exists ap_opencl "
@I [HLS-100] Command 'license_exists' returned 1; elapsed 0.005196Total elapsed time: 1.149 sec.
@I [HLS-100] Command "license_exists AUTOESL_NI "
@I [HLS-100] Command 'license_exists' returned 1; elapsed 0.00357Total elapsed time: 1.153 sec.
@I [HLS-100] Command "license_exists HLS "
@I [HLS-100] Command 'license_exists' returned 0; elapsed 1e-05Total elapsed time: 1.153 sec.
@I [HLS-100] Command "open_platform DefaultPlatform "
@I [HLS-100] Command 'open_platform' returned 0; elapsed 0.000283Total elapsed time: 1.153 sec.
@I [HLS-100] Command "import_lib /opt/Xilinx/Vivado_HLS/2014.4/common/technology/xilinx/zynq/zynq "
@I [HLS-100] Command "source /opt/Xilinx/Vivado_HLS/2014.4/common/technology/xilinx/common/xilinx.lib "
@I [HLS-100] Command "source /opt/Xilinx/Vivado_HLS/2014.4/common/technology/xilinx/interface/xilinx_interface.lib "
@I [HLS-100] Command "source /opt/Xilinx/Vivado_HLS/2014.4/common/technology/xilinx/interface/plb46.lib "
@I [HLS-100] Command 'ap_source' returned 0; elapsed 0.000469Total elapsed time: 1.154 sec.
@I [HLS-100] Command "source /opt/Xilinx/Vivado_HLS/2014.4/common/technology/xilinx/interface/fsl.lib "
@I [HLS-100] Command 'ap_source' returned 0; elapsed 0.00018Total elapsed time: 1.155 sec.
@I [HLS-100] Command "source /opt/Xilinx/Vivado_HLS/2014.4/common/technology/xilinx/interface/axi4.lib "
@I [HLS-100] Command 'ap_source' returned 0; elapsed 0.000261Total elapsed time: 1.155 sec.
@I [HLS-100] Command "source /opt/Xilinx/Vivado_HLS/2014.4/common/technology/xilinx/interface/maxi.lib "
@I [HLS-100] Command 'ap_source' returned 0; elapsed 0.000291Total elapsed time: 1.155 sec.
@I [HLS-100] Command "source /opt/Xilinx/Vivado_HLS/2014.4/common/technology/xilinx/interface/saxilite.lib "
@I [HLS-100] Command 'ap_source' returned 0; elapsed 0.000153Total elapsed time: 1.156 sec.
@I [HLS-100] Command 'ap_source' returned 0; elapsed 0.001808Total elapsed time: 1.156 sec.
@I [HLS-100] Command "source /opt/Xilinx/Vivado_HLS/2014.4/common/technology/xilinx/common/dsp48.lib "
@I [HLS-100] Command 'ap_source' returned 0; elapsed 0.000124Total elapsed time: 1.156 sec.
@I [HLS-100] Command "source /opt/Xilinx/Vivado_HLS/2014.4/common/technology/xilinx/ip/xfft.lib "
@I [HLS-100] Command 'ap_source' returned 0; elapsed 0.000165Total elapsed time: 1.156 sec.
@I [HLS-100] Command "source /opt/Xilinx/Vivado_HLS/2014.4/common/technology/xilinx/ip/xfir.lib "
@I [HLS-100] Command 'ap_source' returned 0; elapsed 9.4e-05Total elapsed time: 1.156 sec.
@I [HLS-100] Command 'ap_source' returned 0; elapsed 0.005081Total elapsed time: 1.159 sec.
@I [HLS-100] Command "source /opt/Xilinx/Vivado_HLS/2014.4/common/technology/xilinx/common/xilinx_old.lib "
@I [HLS-100] Command 'ap_source' returned 0; elapsed 0.000821Total elapsed time: 1.162 sec.
@I [HLS-100] Command "source /opt/Xilinx/Vivado_HLS/2014.4/common/technology/xilinx/common/xilinx_vivado.lib "
@I [HLS-100] Command 'ap_source' returned 0; elapsed 0.00057Total elapsed time: 1.162 sec.
@I [HLS-100] Command "source /opt/Xilinx/Vivado_HLS/2014.4/common/technology/xilinx/common/xilinx.hlp "
@I [HLS-100] Command "source /opt/Xilinx/Vivado_HLS/2014.4/common/technology/xilinx/common/target_info.tcl "
@I [HLS-100] Command 'ap_source' returned 0; elapsed 0.000137Total elapsed time: 1.165 sec.
@I [HLS-100] Command "source /opt/Xilinx/Vivado_HLS/2014.4/common/technology/xilinx/interface/xilinx_interface.hlp "
@I [HLS-100] Command "source /opt/Xilinx/Vivado_HLS/2014.4/common/technology/xilinx/interface/maxi.hlp "
@I [HLS-100] Command 'ap_source' returned 0; elapsed 0.000107Total elapsed time: 1.165 sec.
@I [HLS-100] Command "source /opt/Xilinx/Vivado_HLS/2014.4/common/technology/xilinx/interface/saxilite.hlp "
@I [HLS-100] Command 'ap_source' returned 0; elapsed 0.000103Total elapsed time: 1.165 sec.
@I [HLS-100] Command 'ap_source' returned 0; elapsed 0.000401Total elapsed time: 1.165 sec.
@I [HLS-100] Command "source /opt/Xilinx/Vivado_HLS/2014.4/common/technology/xilinx/common/dsp48.hlp "
@I [HLS-100] Command 'ap_source' returned 0; elapsed 0.000355Total elapsed time: 1.166 sec.
@I [HLS-100] Command 'ap_source' returned 0; elapsed 0.001968Total elapsed time: 1.166 sec.
@I [HLS-100] Command "source /opt/Xilinx/Vivado_HLS/2014.4/common/technology/xilinx/zynq/dsp48e1.hlp "
@I [HLS-100] Command 'ap_source' returned 0; elapsed 9.7e-05Total elapsed time: 1.166 sec.
@I [HLS-100] Command "get_default_platform "
@I [HLS-100] Command 'get_default_platform' returned 0; elapsed 5e-06Total elapsed time: 1.167 sec.
@I [HLS-100] Command "config_chip_info -quiet -resource  {SLICE 13300}  {LUT 53200}     {FF 106400} {DSP48E 220}   {BRAM 280}  "
@I [HLS-100] Command 'config_chip_info' returned 0; elapsed 2.4e-05Total elapsed time: 1.167 sec.
@I [HLS-100] Command "config_chip_info -quiet -speed medium "
@I [HLS-100] Command 'config_chip_info' returned 0; elapsed 6e-06Total elapsed time: 1.167 sec.
@I [HLS-100] Command 'import_lib' returned 0; elapsed 0.014968Total elapsed time: 1.168 sec.
@I [HLS-100] Command "source /opt/Xilinx/Vivado_HLS/2014.4/common/technology/xilinx/zynq/zynq.gen "
@I [HLS-100] Command "source /opt/Xilinx/Vivado_HLS/2014.4/common/technology/xilinx/common/virtex.gen "
@I [HLS-100] Command "source /opt/Xilinx/Vivado_HLS/2014.4/common/technology/xilinx/common/xilinx.gen "
@I [HLS-100] Command "source /opt/Xilinx/Vivado_HLS/2014.4/common/technology/xilinx/interface/plb46.gen "
@I [HLS-100] Command 'ap_source' returned 0; elapsed 0.001312Total elapsed time: 1.170 sec.
@I [HLS-100] Command "source /opt/Xilinx/Vivado_HLS/2014.4/common/technology/xilinx/interface/fsl.gen "
@I [HLS-100] Command 'ap_source' returned 0; elapsed 0.000496Total elapsed time: 1.171 sec.
@I [HLS-100] Command "source /opt/Xilinx/Vivado_HLS/2014.4/common/technology/xilinx/interface/axi4.gen "
@I [HLS-100] Command 'ap_source' returned 0; elapsed 0.002418Total elapsed time: 1.173 sec.
@I [HLS-100] Command "source /opt/Xilinx/Vivado_HLS/2014.4/common/technology/xilinx/interface/nativeAXI4.gen "
@I [HLS-100] Command "source /opt/Xilinx/Vivado_HLS/2014.4/common/technology/xilinx/interface/saxilite.gen "
@I [HLS-100] Command 'ap_source' returned 0; elapsed 0.003595Total elapsed time: 1.177 sec.
@I [HLS-100] Command "source /opt/Xilinx/Vivado_HLS/2014.4/common/technology/xilinx/interface/maxi.gen "
@I [HLS-100] Command 'ap_source' returned 0; elapsed 0.007914Total elapsed time: 1.185 sec.
@I [HLS-100] Command 'ap_source' returned 0; elapsed 0.011726Total elapsed time: 1.185 sec.
@I [HLS-100] Command "source /opt/Xilinx/Vivado_HLS/2014.4/common/technology/xilinx/scripts/xilinxcoregen.gen "
@I [HLS-100] Command 'ap_source' returned 0; elapsed 0.009682Total elapsed time: 1.195 sec.
@I [HLS-100] Command "source /opt/Xilinx/Vivado_HLS/2014.4/common/technology/xilinx/interface/XilEDKCoreGen.gen "
@I [HLS-100] Command 'ap_source' returned 0; elapsed 0.010325Total elapsed time: 1.205 sec.
@I [HLS-100] Command "source /opt/Xilinx/Vivado_HLS/2014.4/common/technology/xilinx/ip/xfir.gen "
@I [HLS-100] Command "source /opt/Xilinx/Vivado_HLS/2014.4/tps/tcl/tcllib1.11.1/struct/list.tcl "
@I [HLS-100] Command "source /opt/Xilinx/Vivado_HLS/2014.4/tps/tcl/tcllib1.11.1/cmdline/cmdline.tcl "
@I [HLS-100] Command 'ap_source' returned 0; elapsed 0.000814Total elapsed time: 1.225 sec.
@I [HLS-100] Command 'ap_source' returned 0; elapsed 0.001845Total elapsed time: 1.225 sec.
@I [HLS-100] Command "source /opt/Xilinx/Vivado_HLS/2014.4/tps/tcl/tcllib1.11.1/math/bignum.tcl "
@I [HLS-100] Command 'ap_source' returned 0; elapsed 0.000691Total elapsed time: 1.232 sec.
@I [HLS-100] Command 'ap_source' returned 0; elapsed 0.034678Total elapsed time: 1.240 sec.
@I [HLS-100] Command "source /opt/Xilinx/Vivado_HLS/2014.4/common/technology/xilinx/ip/xfft.gen "
@I [HLS-100] Command 'ap_source' returned 0; elapsed 0.132785Total elapsed time: 1.373 sec.
@I [HLS-100] Command "source /opt/Xilinx/Vivado_HLS/2014.4/common/technology/xilinx/ip/util.gen "
@I [HLS-100] Command 'ap_source' returned 0; elapsed 0.0002Total elapsed time: 1.373 sec.
@I [HLS-100] Command 'ap_source' returned 0; elapsed 0.204492Total elapsed time: 1.373 sec.
@I [HLS-100] Command "source /opt/Xilinx/Vivado_HLS/2014.4/common/technology/xilinx/common/dsp48.gen "
@I [HLS-100] Command 'ap_source' returned 0; elapsed 0.000106Total elapsed time: 1.375 sec.
@I [HLS-100] Command 'ap_source' returned 0; elapsed 0.206569Total elapsed time: 1.375 sec.
@I [HLS-100] Command 'ap_source' returned 0; elapsed 0.206721Total elapsed time: 1.375 sec.
@I [HLS-100] Command "get_default_platform "
@I [HLS-100] Command 'get_default_platform' returned 0; elapsed 8e-06Total elapsed time: 1.376 sec.
@I [HLS-100] Command "config_chip_info -quiet -resource  {SLICE 13300}  {LUT 53200}     {FF 106400} {DSP48E 220}   {BRAM 280}  "
@I [HLS-100] Command 'config_chip_info' returned 0; elapsed 2.1e-05Total elapsed time: 1.376 sec.
@I [HLS-100] Command "config_chip_info -quiet -speed slow "
@I [HLS-100] Command 'config_chip_info' returned 0; elapsed 5e-06Total elapsed time: 1.376 sec.
@I [HLS-100] Command 'add_library' returned 0; elapsed 0.239634Total elapsed time: 1.376 sec.
@I [HLS-100] Command "add_library xilinx/zynq/zynq_fpv6 "
@I [HLS-100] Command "get_default_platform "
@I [HLS-100] Command 'get_default_platform' returned 0; elapsed 6e-06Total elapsed time: 1.377 sec.
@I [HLS-100] Command "license_exists VIVADO_HLS "
@I [HLS-100] Command 'license_exists' returned 1; elapsed 0.003632Total elapsed time: 1.381 sec.
@I [HLS-100] Command "license_exists ap_opencl "
@I [HLS-100] Command 'license_exists' returned 1; elapsed 0.003347Total elapsed time: 1.384 sec.
@I [HLS-100] Command "license_exists AUTOESL_NI "
@I [HLS-100] Command 'license_exists' returned 1; elapsed 0.003253Total elapsed time: 1.387 sec.
@I [HLS-100] Command "license_exists HLS "
@I [HLS-100] Command 'license_exists' returned 0; elapsed 8e-06Total elapsed time: 1.387 sec.
@I [HLS-100] Command "open_platform DefaultPlatform "
@I [HLS-100] Command 'open_platform' returned 0; elapsed 2.9e-05Total elapsed time: 1.388 sec.
@I [HLS-100] Command "import_lib /opt/Xilinx/Vivado_HLS/2014.4/common/technology/xilinx/zynq/zynq_fpv6 "
@I [HLS-100] Command "source /opt/Xilinx/Vivado_HLS/2014.4/common/technology/xilinx/common/xilinx_fpv7.lib "
@I [HLS-100] Command 'ap_source' returned 0; elapsed 0.003241Total elapsed time: 1.391 sec.
@I [HLS-100] Command "source /opt/Xilinx/Vivado_HLS/2014.4/common/technology/xilinx/common/xilinx_fpv.hlp "
@I [HLS-100] Command "source /opt/Xilinx/Vivado_HLS/2014.4/common/technology/xilinx/common/xilinx.hlp "
@I [HLS-100] Command "source /opt/Xilinx/Vivado_HLS/2014.4/common/technology/xilinx/common/target_info.tcl "
@I [HLS-100] Command 'ap_source' returned 0; elapsed 0.00017Total elapsed time: 1.398 sec.
@I [HLS-100] Command "source /opt/Xilinx/Vivado_HLS/2014.4/common/technology/xilinx/interface/xilinx_interface.hlp "
@I [HLS-100] Command "source /opt/Xilinx/Vivado_HLS/2014.4/common/technology/xilinx/interface/maxi.hlp "
@I [HLS-100] Command 'ap_source' returned 0; elapsed 0.000113Total elapsed time: 1.398 sec.
@I [HLS-100] Command "source /opt/Xilinx/Vivado_HLS/2014.4/common/technology/xilinx/interface/saxilite.hlp "
@I [HLS-100] Command 'ap_source' returned 0; elapsed 0.000102Total elapsed time: 1.398 sec.
@I [HLS-100] Command 'ap_source' returned 0; elapsed 0.000379Total elapsed time: 1.398 sec.
@I [HLS-100] Command "source /opt/Xilinx/Vivado_HLS/2014.4/common/technology/xilinx/common/dsp48.hlp "
@I [HLS-100] Command 'ap_source' returned 0; elapsed 0.000375Total elapsed time: 1.399 sec.
@I [HLS-100] Command 'ap_source' returned 0; elapsed 0.002077Total elapsed time: 1.400 sec.
@I [HLS-100] Command 'ap_source' returned 0; elapsed 0.002757Total elapsed time: 1.400 sec.
@I [HLS-100] Command 'import_lib' returned 0; elapsed 0.018214Total elapsed time: 1.406 sec.
@I [HLS-100] Command "source /opt/Xilinx/Vivado_HLS/2014.4/common/technology/xilinx/zynq/zynq_fpv6.gen "
@I [HLS-100] Command "source /opt/Xilinx/Vivado_HLS/2014.4/common/technology/xilinx/common/xilinx_fpv6.gen "
@I [HLS-100] Command 'ap_source' returned 0; elapsed 0.00172Total elapsed time: 1.408 sec.
@I [HLS-100] Command 'ap_source' returned 0; elapsed 0.00188Total elapsed time: 1.408 sec.
@I [HLS-100] Command 'add_library' returned 0; elapsed 0.032073Total elapsed time: 1.408 sec.
@I [HLS-10] Setting target device to 'xc7z020clg484-1'
@I [HLS-100] Command 'set_part' returned 0; elapsed 0.275219Total elapsed time: 1.408 sec.
@I [HLS-100] Command "create_clock -period 150MHz "
@I [HLS-100] Command "config_clock -quiet -name default -period 6.66667 -unit ns -default=false "
@I [SYN-201] Setting up clock 'default' with a period of 6.66667ns.
@I [HLS-100] Command 'config_clock' returned 0; elapsed 0.000106Total elapsed time: 1.410 sec.
@I [HLS-100] Command 'create_clock' returned 0; elapsed 0.001158Total elapsed time: 1.410 sec.
@I [HLS-100] Command "csynth_design "
@I [HLS-100] Command "elaborate -effort=medium -skip_syncheck=0 -lm=0 -skip_cdt=0 -skip_transform=0 -ng=0 -g=0 -opt_fp=0 "
@I [HLS-10] Analyzing design file 'top.cpp' ... 
@0 [HLS-0] Analyzing design file 'top.cpp' ... 
@I [HLS-0] Compiling one TU...
@I [HLS-0] 
Checking before pre-process: exec clang -fno-limit-debug-info -gcc-toolchain "/opt/Xilinx/Vivado_HLS/2014.4/lnx64/tools/gcc" -hls    -D "__asm__(...)=" -fno-math-errno -c -emit-llvm -O0  -mllvm -disable-llvm-optzns -fno-threadsafe-statics  -fno-use-cxa-atexit  -fno-threadsafe-statics -fno-use-cxa-atexit   -I "/opt/Xilinx/Vivado_HLS/2014.4/lnx64/tools/systemc/include" -I "/opt/Xilinx/Vivado_HLS/2014.4/include" -I "/opt/Xilinx/Vivado_HLS/2014.4/include/ap_sysc" -fexceptions "top.cpp"  -o "/home/alok/githum/Zedboard/Learning/opencv_hls/xapp1167_vivado/sw/posterize/prj/solution1/.autopilot/db/top.pp.00.o"

