

================================================================
== Vivado HLS Report for 'image_filter_Dilate_0_0_1080_1920_s'
================================================================
* Date:           Wed Mar 30 11:12:46 2016

* Version:        2014.4 (Build 1071461 on Tue Nov 18 16:42:57 PM 2014)
* Project:        prj
* Solution:       solution1
* Product family: zynq
* Target device:  xc7z020clg484-1


================================================================
== Performance Estimates
================================================================
+ Timing (ns): 
    * Summary: 
    +---------+-------+----------+------------+
    |  Clock  | Target| Estimated| Uncertainty|
    +---------+-------+----------+------------+
    |default  |   6.67|      5.67|        0.83|
    +---------+-------+----------+------------+

+ Latency (clock cycles): 
    * Summary: 
    +-----+---------+-----+---------+---------+
    |    Latency    |    Interval   | Pipeline|
    | min |   max   | min |   max   |   Type  |
    +-----+---------+-----+---------+---------+
    |  157|  2096221|  157|  2096221|   none  |
    +-----+---------+-----+---------+---------+

    + Detail: 
        * Instance: 
        N/A

        * Loop: 
        +---------------+-----+---------+-----------+-----------+-----------+-----------+----------+
        |               |    Latency    | Iteration |  Initiation Interval  |    Trip   |          |
        |   Loop Name   | min |   max   |  Latency  |  achieved |   target  |   Count   | Pipelined|
        +---------------+-----+---------+-----------+-----------+-----------+-----------+----------+
        |- loop_height  |  156|  2096220| 12 ~ 1932 |          -|          -| 13 ~ 1085 |    no    |
        | + loop_width  |    8|     1928|          8|          1|          1|  2 ~ 1922 |    yes   |
        +---------------+-----+---------+-----------+-----------+-----------+-----------+----------+



================================================================
== Utilization Estimates
================================================================
* Summary: 
+-----------------+---------+-------+--------+-------+
|       Name      | BRAM_18K| DSP48E|   FF   |  LUT  |
+-----------------+---------+-------+--------+-------+
|Expression       |        -|      -|       -|      -|
|FIFO             |        -|      -|       -|      -|
|Instance         |        -|      -|       -|      -|
|Memory           |        -|      -|       -|      -|
|Multiplexer      |        -|      -|       -|      -|
|Register         |        -|      -|       -|      -|
+-----------------+---------+-------+--------+-------+
|Total            |        0|      0|       0|      0|
+-----------------+---------+-------+--------+-------+
|Available        |      280|    220|  106400|  53200|
+-----------------+---------+-------+--------+-------+
|Utilization (%)  |        0|      0|       0|      0|
+-----------------+---------+-------+--------+-------+

+ Detail: 
    * Instance: 
    N/A

    * Memory: 
    N/A

    * FIFO: 
    N/A

    * Expression: 
    N/A

    * Multiplexer: 
    N/A

    * Register: 
    N/A



================================================================
== Interface
================================================================
* Summary: 
N/A

============================================================
+ Verbose Summary: Synthesis Manager
============================================================
InlineROM: 1
ExposeGlobal: 0
============================================================
+ Verbose Summary: CDFG Model
============================================================
IsTopModel: 0
ResetActiveHigh: 1
IsCombinational: 2
IsDatapathOnly: 0
HasWiredReturn: 1
HasMFsm: 0
HasVarLatency: 1
IsPipeline: 0
IsRtlPipelined: 0
IsInstanceOverlapped: 0
IsDontTouch: 0
HasImplIP: 0
IsGatedGlobalClock: 0

+ Individual pipeline summary: 
  * Pipeline-0: initiation interval (II) = 1, depth = 8


============================================================
+ Verbose Summary: Schedule
============================================================
* Number of FSM states: 12
* Pipeline: 1
  Pipeline-0: II = 1, D = 8, States = { 4 5 6 7 8 9 10 11 }
* Dataflow Pipeline: 0

* FSM state transitions: 
1 --> 
	2  / true
2 --> 
	3  / (tmp_16)
3 --> 
	4  / true
4 --> 
	5  / true
5 --> 
	6  / true
6 --> 
	7  / true
7 --> 
	12  / (!tmp_19)
	8  / (tmp_19)
8 --> 
	9  / true
9 --> 
	10  / true
10 --> 
	11  / true
11 --> 
	4  / true
12 --> 
	2  / true
* FSM state operations: 

 <State 1>: 1.84ns
ST_1: src_kernel_win_0_val_0_1 [1/1] 0.00ns
._crit_edge.i.i:0  %src_kernel_win_0_val_0_1 = alloca i8, align 1

ST_1: src_kernel_win_0_val_0_2 [1/1] 0.00ns
._crit_edge.i.i:1  %src_kernel_win_0_val_0_2 = alloca i8, align 1

ST_1: col_buf_0_val_0_0_3 [1/1] 0.00ns
._crit_edge.i.i:2  %col_buf_0_val_0_0_3 = alloca i8, align 1

ST_1: src_kernel_win_0_val_2_1 [1/1] 0.00ns
._crit_edge.i.i:3  %src_kernel_win_0_val_2_1 = alloca i8, align 1

ST_1: src_kernel_win_0_val_1_1 [1/1] 0.00ns
._crit_edge.i.i:4  %src_kernel_win_0_val_1_1 = alloca i8, align 1

ST_1: src_kernel_win_0_val_1_2 [1/1] 0.00ns
._crit_edge.i.i:5  %src_kernel_win_0_val_1_2 = alloca i8, align 1

ST_1: col_buf_0_val_0_0_5 [1/1] 0.00ns
._crit_edge.i.i:6  %col_buf_0_val_0_0_5 = alloca i8, align 1

ST_1: src_kernel_win_0_val_2_2 [1/1] 0.00ns
._crit_edge.i.i:7  %src_kernel_win_0_val_2_2 = alloca i8, align 1

ST_1: col_buf_0_val_0_0_6 [1/1] 0.00ns
._crit_edge.i.i:8  %col_buf_0_val_0_0_6 = alloca i8, align 1

ST_1: right_border_buf_0_val_1_2_1 [1/1] 0.00ns
._crit_edge.i.i:9  %right_border_buf_0_val_1_2_1 = alloca i8, align 1

ST_1: right_border_buf_0_val_1_2_2 [1/1] 0.00ns
._crit_edge.i.i:10  %right_border_buf_0_val_1_2_2 = alloca i8, align 1

ST_1: right_border_buf_0_val_1_2_7 [1/1] 0.00ns
._crit_edge.i.i:11  %right_border_buf_0_val_1_2_7 = alloca i8, align 1

ST_1: stg_25 [1/1] 0.00ns
._crit_edge.i.i:12  call void (...)* @_ssdm_op_SpecInterface(i8* %p_dst_data_stream_V, [8 x i8]* @str160, i32 0, i32 0, i32 0, i32 0, [1 x i8]* @str161, [1 x i8]* @str161, [8 x i8]* @str160)

ST_1: stg_26 [1/1] 0.00ns
._crit_edge.i.i:13  call void (...)* @_ssdm_op_SpecInterface(i8* %p_src_data_stream_V, [8 x i8]* @str156, i32 0, i32 0, i32 0, i32 0, [1 x i8]* @str157, [1 x i8]* @str157, [8 x i8]* @str156)

ST_1: p_src_cols_V_read_3 [1/1] 0.00ns
._crit_edge.i.i:14  %p_src_cols_V_read_3 = call i12 @_ssdm_op_Read.ap_auto.i12(i12 %p_src_cols_V_read)

ST_1: p_src_rows_V_read_3 [1/1] 0.00ns
._crit_edge.i.i:15  %p_src_rows_V_read_3 = call i12 @_ssdm_op_Read.ap_auto.i12(i12 %p_src_rows_V_read)

ST_1: k_buf_0_val_0 [1/1] 0.00ns
._crit_edge.i.i:16  %k_buf_0_val_0 = alloca [1920 x i8], align 1

ST_1: k_buf_0_val_1 [1/1] 0.00ns
._crit_edge.i.i:17  %k_buf_0_val_1 = alloca [1920 x i8], align 1

ST_1: k_buf_0_val_2 [1/1] 0.00ns
._crit_edge.i.i:18  %k_buf_0_val_2 = alloca [1920 x i8], align 1

ST_1: right_border_buf_0_val_0_0 [1/1] 0.00ns
._crit_edge.i.i:19  %right_border_buf_0_val_0_0 = alloca i8, align 1

ST_1: right_border_buf_0_val_0_1 [1/1] 0.00ns
._crit_edge.i.i:20  %right_border_buf_0_val_0_1 = alloca i8, align 1

ST_1: right_border_buf_0_val_0_2 [1/1] 0.00ns
._crit_edge.i.i:21  %right_border_buf_0_val_0_2 = alloca i8, align 1

ST_1: col_buf_0_val_0_0 [1/1] 0.00ns
._crit_edge.i.i:22  %col_buf_0_val_0_0 = alloca i8, align 1

ST_1: tmp [1/1] 0.00ns
._crit_edge.i.i:23  %tmp = trunc i12 %p_src_rows_V_read_3 to i11

ST_1: tmp_100 [1/1] 0.00ns
._crit_edge.i.i:24  %tmp_100 = trunc i12 %p_src_cols_V_read_3 to i11

ST_1: stg_38 [1/1] 0.00ns
._crit_edge.i.i:25  call void (...)* @_ssdm_op_SpecLoopTripCount(i64 1, i64 1, i64 1)

ST_1: rbegin_i_i_i [1/1] 0.00ns
._crit_edge.i.i:26  %rbegin_i_i_i = call i32 (...)* @_ssdm_op_SpecRegionBegin([61 x i8]* @p_str4) nounwind

ST_1: rend_i_i_i [1/1] 0.00ns
._crit_edge.i.i:27  %rend_i_i_i = call i32 (...)* @_ssdm_op_SpecRegionEnd([61 x i8]* @p_str4, i32 %rbegin_i_i_i) nounwind

ST_1: stg_41 [1/1] 0.00ns
._crit_edge.i.i:28  call void (...)* @_ssdm_op_SpecLoopTripCount(i64 1, i64 1, i64 1)

ST_1: rbegin_i243_i_i [1/1] 0.00ns
._crit_edge.i.i:29  %rbegin_i243_i_i = call i32 (...)* @_ssdm_op_SpecRegionBegin([58 x i8]* @p_str15) nounwind

ST_1: rend_i244_i_i [1/1] 0.00ns
._crit_edge.i.i:30  %rend_i244_i_i = call i32 (...)* @_ssdm_op_SpecRegionEnd([58 x i8]* @p_str15, i32 %rbegin_i243_i_i) nounwind

ST_1: stg_44 [1/1] 0.00ns
._crit_edge.i.i:31  call void (...)* @_ssdm_op_SpecLoopTripCount(i64 1, i64 1, i64 1)

ST_1: rbegin_i245_i_i [1/1] 0.00ns
._crit_edge.i.i:32  %rbegin_i245_i_i = call i32 (...)* @_ssdm_op_SpecRegionBegin([58 x i8]* @p_str29) nounwind

ST_1: rend_i246_i_i [1/1] 0.00ns
._crit_edge.i.i:33  %rend_i246_i_i = call i32 (...)* @_ssdm_op_SpecRegionEnd([58 x i8]* @p_str29, i32 %rbegin_i245_i_i) nounwind

ST_1: stg_47 [1/1] 0.00ns
._crit_edge.i.i:34  call void (...)* @_ssdm_op_SpecLoopTripCount(i64 1, i64 1, i64 1)

ST_1: heightloop [1/1] 1.84ns
._crit_edge.i.i:35  %heightloop = add i11 %tmp, 5

ST_1: widthloop [1/1] 1.84ns
._crit_edge.i.i:36  %widthloop = add i11 %tmp_100, 2

ST_1: tmp_14 [1/1] 1.84ns
._crit_edge.i.i:37  %tmp_14 = add i11 %tmp_100, -3

ST_1: tmp_14_cast [1/1] 0.00ns
._crit_edge.i.i:38  %tmp_14_cast = zext i11 %tmp_14 to i12

ST_1: tmp_101 [1/1] 0.00ns
._crit_edge.i.i:39  %tmp_101 = trunc i12 %p_src_cols_V_read_3 to i2

ST_1: p_neg226_i_i_cast [1/1] 1.37ns
._crit_edge.i.i:40  %p_neg226_i_i_cast = xor i2 %tmp_101, -1

ST_1: ref [1/1] 1.84ns
._crit_edge.i.i:41  %ref = add i11 %tmp, -1

ST_1: ref_cast [1/1] 0.00ns
._crit_edge.i.i:42  %ref_cast = zext i11 %ref to i12

ST_1: tmp_2_i [1/1] 1.84ns
._crit_edge.i.i:43  %tmp_2_i = add i11 %tmp_100, -1

ST_1: tmp_102 [1/1] 0.00ns
._crit_edge.i.i:44  %tmp_102 = trunc i12 %p_src_rows_V_read_3 to i2

ST_1: tmp_2_i1 [1/1] 0.80ns
._crit_edge.i.i:45  %tmp_2_i1 = add i2 %tmp_102, -1

ST_1: stg_59 [1/1] 1.57ns
._crit_edge.i.i:46  br label %0


 <State 2>: 5.35ns
ST_2: p_012_0_i_i [1/1] 0.00ns
:0  %p_012_0_i_i = phi i11 [ 0, %._crit_edge.i.i ], [ %i_V, %5 ]

ST_2: tmp_15_cast_cast [1/1] 0.00ns
:1  %tmp_15_cast_cast = zext i11 %p_012_0_i_i to i12

ST_2: tmp_16 [1/1] 2.11ns
:2  %tmp_16 = icmp ult i11 %p_012_0_i_i, %heightloop

ST_2: stg_63 [1/1] 0.00ns
:3  call void (...)* @_ssdm_op_SpecLoopTripCount(i64 13, i64 1085, i64 0)

ST_2: i_V [1/1] 1.84ns
:4  %i_V = add i11 %p_012_0_i_i, 1

ST_2: stg_65 [1/1] 0.00ns
:5  br i1 %tmp_16, label %1, label %"morp_opr<dilate_kernel, BORDER_REPLICATE, 0, 0, 1080, 1920>.exit"

ST_2: tmp_17 [1/1] 2.11ns
:2  %tmp_17 = icmp ugt i11 %p_012_0_i_i, 4

ST_2: ImagLoc_y [1/1] 1.84ns
:3  %ImagLoc_y = add i12 %tmp_15_cast_cast, -4

ST_2: tmp_23 [1/1] 2.14ns
:4  %tmp_23 = icmp slt i12 %ImagLoc_y, -1

ST_2: tmp_103 [1/1] 0.00ns
:5  %tmp_103 = call i11 @_ssdm_op_PartSelect.i11.i12.i32.i32(i12 %ImagLoc_y, i32 1, i32 11)

ST_2: icmp [1/1] 2.11ns
:6  %icmp = icmp sgt i11 %tmp_103, 0

ST_2: tmp_25 [1/1] 2.14ns
:7  %tmp_25 = icmp slt i12 %ImagLoc_y, %ref_cast

ST_2: or_cond [1/1] 1.37ns
:8  %or_cond = and i1 %icmp, %tmp_25

ST_2: tmp_104 [1/1] 0.00ns
:9  %tmp_104 = call i1 @_ssdm_op_BitSelect.i1.i12.i32(i12 %ImagLoc_y, i32 11)

ST_2: p_i_i [1/1] 1.37ns
:10  %p_i_i = select i1 %tmp_25, i11 2, i11 %ref

ST_2: tmp_105 [1/1] 0.00ns
:11  %tmp_105 = trunc i11 %p_i_i to i2

ST_2: tmp_i5 [1/1] 2.14ns
:12  %tmp_i5 = icmp slt i12 %ImagLoc_y, %p_src_rows_V_read_3

ST_2: tmp_106 [1/1] 0.00ns
:13  %tmp_106 = trunc i12 %ImagLoc_y to i2

ST_2: tmp_107 [1/1] 0.00ns
:14  %tmp_107 = trunc i11 %ref to i2

ST_2: tmp_108 [1/1] 1.37ns
:15  %tmp_108 = select i1 %tmp_i5, i2 %tmp_106, i2 %tmp_107

ST_2: y_1 [1/1] 1.84ns
:19  %y_1 = add i12 %tmp_15_cast_cast, -5

ST_2: tmp_109 [1/1] 0.00ns
:20  %tmp_109 = call i1 @_ssdm_op_BitSelect.i1.i12.i32(i12 %y_1, i32 11)

ST_2: rev [1/1] 1.37ns
:21  %rev = xor i1 %tmp_109, true

ST_2: tmp_i1 [1/1] 2.14ns
:22  %tmp_i1 = icmp slt i12 %y_1, %p_src_rows_V_read_3

ST_2: or_cond_i1 [1/1] 1.37ns
:23  %or_cond_i1 = and i1 %tmp_i1, %rev

ST_2: tmp_110 [1/1] 0.00ns
:24  %tmp_110 = call i1 @_ssdm_op_BitSelect.i1.i12.i32(i12 %y_1, i32 11)

ST_2: tmp_111 [1/1] 0.00ns
:25  %tmp_111 = trunc i12 %y_1 to i2

ST_2: tmp_112 [1/1] 0.00ns
:28  %tmp_112 = trunc i11 %p_i_i to i2

ST_2: y_1_1 [1/1] 1.84ns
:32  %y_1_1 = add i12 %tmp_15_cast_cast, -6

ST_2: tmp_113 [1/1] 0.00ns
:33  %tmp_113 = call i1 @_ssdm_op_BitSelect.i1.i12.i32(i12 %y_1_1, i32 11)

ST_2: rev1 [1/1] 1.37ns
:34  %rev1 = xor i1 %tmp_113, true

ST_2: tmp_i2 [1/1] 2.14ns
:35  %tmp_i2 = icmp slt i12 %y_1_1, %p_src_rows_V_read_3

ST_2: or_cond_i2 [1/1] 1.37ns
:36  %or_cond_i2 = and i1 %tmp_i2, %rev1

ST_2: tmp_114 [1/1] 0.00ns
:37  %tmp_114 = call i1 @_ssdm_op_BitSelect.i1.i12.i32(i12 %y_1_1, i32 11)

ST_2: tmp_115 [1/1] 0.00ns
:38  %tmp_115 = trunc i12 %y_1_1 to i2

ST_2: stg_95 [1/1] 0.00ns
morp_opr<dilate_kernel, BORDER_REPLICATE, 0, 0, 1080, 1920>.exit:0  ret void


 <State 3>: 4.90ns
ST_3: stg_96 [1/1] 0.00ns
:0  call void (...)* @_ssdm_op_SpecLoopName([12 x i8]* @p_str1813) nounwind

ST_3: tmp_44 [1/1] 0.00ns
:1  %tmp_44 = call i32 (...)* @_ssdm_op_SpecRegionBegin([12 x i8]* @p_str1813)

ST_3: locy [1/1] 0.80ns
:16  %locy = sub i2 %tmp_105, %tmp_108

ST_3: sel_tmp8 [1/1] 1.36ns
:17  %sel_tmp8 = icmp eq i2 %tmp_105, %tmp_108

ST_3: sel_tmp3 [1/1] 1.36ns
:18  %sel_tmp3 = icmp eq i2 %locy, 1

ST_3: tmp_s [1/1] 1.37ns
:26  %tmp_s = select i1 %tmp_110, i2 0, i2 %tmp_2_i1

ST_3: tmp_80 [1/1] 1.37ns
:27  %tmp_80 = select i1 %or_cond_i1, i2 %tmp_111, i2 %tmp_s

ST_3: locy_1_t [1/1] 0.80ns
:29  %locy_1_t = sub i2 %tmp_112, %tmp_80

ST_3: sel_tmp4 [1/1] 1.36ns
:30  %sel_tmp4 = icmp eq i2 %tmp_112, %tmp_80

ST_3: sel_tmp7 [1/1] 1.36ns
:31  %sel_tmp7 = icmp eq i2 %locy_1_t, 1

ST_3: tmp_81 [1/1] 1.37ns
:39  %tmp_81 = select i1 %tmp_114, i2 0, i2 %tmp_2_i1

ST_3: tmp_82 [1/1] 1.37ns
:40  %tmp_82 = select i1 %or_cond_i2, i2 %tmp_115, i2 %tmp_81

ST_3: locy_2_t [1/1] 0.80ns
:41  %locy_2_t = sub i2 %tmp_112, %tmp_82

ST_3: brmerge [1/1] 1.37ns
:42  %brmerge = or i1 %tmp_23, %or_cond

ST_3: stg_110 [1/1] 1.57ns
:43  br label %2


 <State 4>: 5.35ns
ST_4: p_025_0_i_i [1/1] 0.00ns
:0  %p_025_0_i_i = phi i11 [ 0, %1 ], [ %j_V, %._crit_edge238.i.i ]

ST_4: tmp_18_cast [1/1] 0.00ns
:4  %tmp_18_cast = zext i11 %p_025_0_i_i to i12

ST_4: tmp_19 [1/1] 2.11ns
:5  %tmp_19 = icmp ult i11 %p_025_0_i_i, %widthloop

ST_4: j_V [1/1] 1.84ns
:7  %j_V = add i11 %p_025_0_i_i, 1

ST_4: stg_115 [1/1] 0.00ns
:8  br i1 %tmp_19, label %.critedge.i.i, label %5

ST_4: tmp_116 [1/1] 0.00ns
.critedge.i.i:3  %tmp_116 = call i10 @_ssdm_op_PartSelect.i10.i11.i32.i32(i11 %p_025_0_i_i, i32 1, i32 10)

ST_4: icmp2 [1/1] 2.07ns
.critedge.i.i:4  %icmp2 = icmp ne i10 %tmp_116, 0

ST_4: or_cond219_i_i [1/1] 1.37ns
.critedge.i.i:5  %or_cond219_i_i = and i1 %tmp_17, %icmp2

ST_4: ImagLoc_x [1/1] 1.84ns
.critedge.i.i:7  %ImagLoc_x = add i12 %tmp_18_cast, -1

ST_4: tmp_117 [1/1] 0.00ns
.critedge.i.i:8  %tmp_117 = trunc i12 %ImagLoc_x to i11

ST_4: tmp_118 [1/1] 0.00ns
.critedge.i.i:9  %tmp_118 = trunc i12 %ImagLoc_x to i2

ST_4: tmp_119 [1/1] 0.00ns
.critedge.i.i:10  %tmp_119 = call i1 @_ssdm_op_BitSelect.i1.i12.i32(i12 %ImagLoc_x, i32 11)

ST_4: rev2 [1/1] 1.37ns
.critedge.i.i:11  %rev2 = xor i1 %tmp_119, true

ST_4: tmp_i [1/1] 2.14ns
.critedge.i.i:12  %tmp_i = icmp slt i12 %ImagLoc_x, %p_src_cols_V_read_3

ST_4: or_cond_i [1/1] 1.37ns
.critedge.i.i:13  %or_cond_i = and i1 %tmp_i, %rev2

ST_4: tmp_120 [1/1] 0.00ns
.critedge.i.i:14  %tmp_120 = call i1 @_ssdm_op_BitSelect.i1.i12.i32(i12 %ImagLoc_x, i32 11)

ST_4: stg_127 [1/1] 0.00ns
.critedge.i.i:26  br i1 %brmerge, label %._crit_edge.i3.i, label %._crit_edge228.i.i

ST_4: stg_128 [1/1] 0.00ns
._crit_edge228.i.i:0  br i1 %tmp_104, label %.loopexit222.i.i, label %._crit_edge236.i.i.0

ST_4: stg_129 [1/1] 1.62ns
._crit_edge236.i.i.0:4  switch i2 %locy_2_t, label %branch8 [
    i2 0, label %branch6
    i2 1, label %.loopexit222.i.i.pre69
  ]

ST_4: tmp_26 [1/1] 2.11ns
._crit_edge.i3.i:0  %tmp_26 = icmp ne i11 %p_025_0_i_i, 0

ST_4: or_cond2 [1/1] 1.37ns
._crit_edge.i3.i:1  %or_cond2 = and i1 %tmp_26, %tmp_i

ST_4: stg_132 [1/1] 0.00ns
._crit_edge.i3.i:2  br i1 %or_cond2, label %3, label %._crit_edge231.i.i

ST_4: stg_133 [1/1] 0.00ns
._crit_edge231.i.i:0  br i1 %tmp_120, label %.loopexit222.i.i.pre, label %4

ST_4: stg_134 [1/1] 0.00ns
:0  br i1 %tmp_i, label %.loopexit222.i.i, label %.preheader.preheader.i.i

ST_4: tmp_29 [1/1] 2.14ns
:0  %tmp_29 = icmp slt i12 %ImagLoc_x, %tmp_14_cast

ST_4: stg_136 [1/1] 0.00ns
:1  br i1 %tmp_29, label %._crit_edge234.i.i.1.critedge.critedge, label %"operator().exit283.i.i"

ST_4: col_assign [1/1] 0.80ns
operator().exit283.i.i:0  %col_assign = add i2 %tmp_118, %p_neg226_i_i_cast

ST_4: stg_138 [1/1] 1.62ns
operator().exit283.i.i:1  switch i2 %col_assign, label %branch14 [
    i2 0, label %branch12
    i2 1, label %branch13
  ]


 <State 5>: 5.13ns
ST_5: p_assign [1/1] 1.37ns
.critedge.i.i:15  %p_assign = select i1 %tmp_120, i11 0, i11 %tmp_2_i

ST_5: p_assign_1_i [1/1] 1.37ns
.critedge.i.i:16  %p_assign_1_i = select i1 %or_cond_i, i11 %tmp_117, i11 %p_assign

ST_5: tmp_121 [1/1] 0.00ns
.critedge.i.i:17  %tmp_121 = trunc i11 %p_assign_1_i to i2

ST_5: tmp_69 [1/1] 0.00ns
.critedge.i.i:18  %tmp_69 = zext i11 %p_assign_1_i to i64

ST_5: k_buf_0_val_0_addr [1/1] 0.00ns
.critedge.i.i:19  %k_buf_0_val_0_addr = getelementptr [1920 x i8]* %k_buf_0_val_0, i64 0, i64 %tmp_69

ST_5: right_border_buf_0_val_2_0 [2/2] 2.39ns
.critedge.i.i:20  %right_border_buf_0_val_2_0 = load i8* %k_buf_0_val_0_addr, align 1

ST_5: k_buf_0_val_1_addr [1/1] 0.00ns
.critedge.i.i:22  %k_buf_0_val_1_addr = getelementptr [1920 x i8]* %k_buf_0_val_1, i64 0, i64 %tmp_69

ST_5: right_border_buf_0_val_1_0 [2/2] 2.39ns
.critedge.i.i:23  %right_border_buf_0_val_1_0 = load i8* %k_buf_0_val_1_addr, align 1

ST_5: k_buf_0_val_2_addr [1/1] 0.00ns
.critedge.i.i:24  %k_buf_0_val_2_addr = getelementptr [1920 x i8]* %k_buf_0_val_2, i64 0, i64 %tmp_69

ST_5: src_kernel_win_0_val_2_0 [2/2] 2.39ns
.critedge.i.i:25  %src_kernel_win_0_val_2_0 = load i8* %k_buf_0_val_2_addr, align 1

ST_5: stg_149 [1/1] 0.00ns
.loopexit222.i.i.pre69:3  br label %.loopexit222.i.i

ST_5: stg_150 [1/1] 0.00ns
branch6:3  br label %.loopexit222.i.i

ST_5: stg_151 [1/1] 0.00ns
branch8:3  br label %.loopexit222.i.i

ST_5: col_assign_1 [1/1] 0.80ns
.preheader.preheader.i.i:6  %col_assign_1 = add i2 %tmp_121, %p_neg226_i_i_cast

ST_5: stg_153 [1/1] 0.00ns
branch10:4  br label %.loopexit222.i.i

ST_5: stg_154 [1/1] 0.00ns
branch9:4  br label %.loopexit222.i.i

ST_5: stg_155 [1/1] 0.00ns
branch11:4  br label %.loopexit222.i.i

ST_5: stg_156 [1/1] 0.00ns
.loopexit222.i.i.pre:3  br label %.loopexit222.i.i

ST_5: stg_157 [1/1] 0.00ns
._crit_edge234.i.i.1:5  br label %.loopexit222.i.i


 <State 6>: 5.13ns
ST_6: src_kernel_win_0_val_2_1_9 [1/1] 0.00ns
:2  %src_kernel_win_0_val_2_1_9 = load i8* %src_kernel_win_0_val_2_1, align 1

ST_6: stg_159 [1/1] 0.00ns
.critedge.i.i:0  call void (...)* @_ssdm_op_SpecLoopName([11 x i8]* @p_str1814) nounwind

ST_6: tmp_45 [1/1] 0.00ns
.critedge.i.i:1  %tmp_45 = call i32 (...)* @_ssdm_op_SpecRegionBegin([11 x i8]* @p_str1814)

ST_6: stg_161 [1/1] 0.00ns
.critedge.i.i:2  call void (...)* @_ssdm_op_SpecPipeline(i32 1, i32 1, i32 1, i32 0, [1 x i8]* @p_str1806) nounwind

ST_6: stg_162 [1/1] 0.00ns
.critedge.i.i:6  call void (...)* @_ssdm_op_SpecLoopName([12 x i8]* @p_str1835) nounwind

ST_6: right_border_buf_0_val_2_0 [1/2] 2.39ns
.critedge.i.i:20  %right_border_buf_0_val_2_0 = load i8* %k_buf_0_val_0_addr, align 1

ST_6: stg_164 [1/1] 0.00ns
.critedge.i.i:21  store i8 %right_border_buf_0_val_2_0, i8* %col_buf_0_val_0_0, align 1

ST_6: right_border_buf_0_val_1_0 [1/2] 2.39ns
.critedge.i.i:23  %right_border_buf_0_val_1_0 = load i8* %k_buf_0_val_1_addr, align 1

ST_6: src_kernel_win_0_val_2_0 [1/2] 2.39ns
.critedge.i.i:25  %src_kernel_win_0_val_2_0 = load i8* %k_buf_0_val_2_addr, align 1

ST_6: stg_167 [1/1] 1.94ns
.loopexit222.i.i.pre69:1  store i8 %right_border_buf_0_val_1_0, i8* %src_kernel_win_0_val_2_1, align 1

ST_6: stg_168 [1/1] 1.94ns
branch6:1  store i8 %right_border_buf_0_val_2_0, i8* %src_kernel_win_0_val_2_1, align 1

ST_6: stg_169 [1/1] 1.94ns
branch8:1  store i8 %src_kernel_win_0_val_2_0, i8* %src_kernel_win_0_val_2_1, align 1

ST_6: src_kernel_win_0_val_2_1_7 [1/1] 0.00ns
branch10:0  %src_kernel_win_0_val_2_1_7 = load i8* %right_border_buf_0_val_0_1, align 1

ST_6: stg_171 [1/1] 1.94ns
branch10:2  store i8 %src_kernel_win_0_val_2_1_7, i8* %src_kernel_win_0_val_2_1, align 1

ST_6: src_kernel_win_0_val_2_1_6 [1/1] 0.00ns
branch9:0  %src_kernel_win_0_val_2_1_6 = load i8* %right_border_buf_0_val_0_0, align 1

ST_6: stg_173 [1/1] 1.94ns
branch9:2  store i8 %src_kernel_win_0_val_2_1_6, i8* %src_kernel_win_0_val_2_1, align 1

ST_6: src_kernel_win_0_val_2_1_5 [1/1] 0.00ns
branch11:0  %src_kernel_win_0_val_2_1_5 = load i8* %right_border_buf_0_val_0_2, align 1

ST_6: stg_175 [1/1] 1.94ns
branch11:2  store i8 %src_kernel_win_0_val_2_1_5, i8* %src_kernel_win_0_val_2_1, align 1

ST_6: stg_176 [1/1] 1.94ns
.loopexit222.i.i.pre:1  store i8 %src_kernel_win_0_val_2_0, i8* %src_kernel_win_0_val_2_1, align 1

ST_6: stg_177 [1/1] 0.00ns
branch13:0  store i8 %src_kernel_win_0_val_2_0, i8* %right_border_buf_0_val_0_1, align 1

ST_6: stg_178 [1/1] 0.00ns
branch13:1  br label %"operator().exit283.i.i250"

ST_6: stg_179 [1/1] 0.00ns
branch12:0  store i8 %src_kernel_win_0_val_2_0, i8* %right_border_buf_0_val_0_0, align 1

ST_6: stg_180 [1/1] 0.00ns
branch12:1  br label %"operator().exit283.i.i250"

ST_6: stg_181 [1/1] 0.00ns
branch14:0  store i8 %src_kernel_win_0_val_2_0, i8* %right_border_buf_0_val_0_2, align 1

ST_6: stg_182 [1/1] 0.00ns
branch14:1  br label %"operator().exit283.i.i250"

ST_6: right_border_buf_0_val_1_2_s [1/1] 0.00ns
operator().exit283.i.i250:0  %right_border_buf_0_val_1_2_s = load i8* %right_border_buf_0_val_1_2_1, align 1

ST_6: right_border_buf_0_val_1_2_1_54 [1/1] 0.00ns
operator().exit283.i.i250:1  %right_border_buf_0_val_1_2_1_54 = load i8* %right_border_buf_0_val_1_2_2, align 1

ST_6: right_border_buf_0_val_1_2_2_55 [1/1] 0.00ns
operator().exit283.i.i250:2  %right_border_buf_0_val_1_2_2_55 = load i8* %right_border_buf_0_val_1_2_7, align 1

ST_6: stg_186 [1/1] 2.39ns
operator().exit283.i.i250:3  store i8 %right_border_buf_0_val_1_0, i8* %k_buf_0_val_2_addr, align 1

ST_6: sel_tmp1 [1/1] 1.36ns
operator().exit283.i.i250:4  %sel_tmp1 = icmp eq i2 %col_assign, 1

ST_6: right_border_buf_0_val_1_2_3 [1/1] 1.37ns
operator().exit283.i.i250:5  %right_border_buf_0_val_1_2_3 = select i1 %sel_tmp1, i8 %right_border_buf_0_val_1_2_2_55, i8 %right_border_buf_0_val_1_0

ST_6: sel_tmp5 [1/1] 1.36ns
operator().exit283.i.i250:6  %sel_tmp5 = icmp eq i2 %col_assign, 0

ST_6: right_border_buf_0_val_1_2_4 [1/1] 1.37ns
operator().exit283.i.i250:7  %right_border_buf_0_val_1_2_4 = select i1 %sel_tmp5, i8 %right_border_buf_0_val_1_2_2_55, i8 %right_border_buf_0_val_1_2_3

ST_6: right_border_buf_0_val_1_2_5 [1/1] 1.37ns
operator().exit283.i.i250:8  %right_border_buf_0_val_1_2_5 = select i1 %sel_tmp1, i8 %right_border_buf_0_val_1_0, i8 %right_border_buf_0_val_1_2_1_54

ST_6: right_border_buf_0_val_1_2_6 [1/1] 1.37ns
operator().exit283.i.i250:9  %right_border_buf_0_val_1_2_6 = select i1 %sel_tmp5, i8 %right_border_buf_0_val_1_2_1_54, i8 %right_border_buf_0_val_1_2_5

ST_6: right_border_buf_0_val_1_2_8 [1/1] 1.37ns
operator().exit283.i.i250:10  %right_border_buf_0_val_1_2_8 = select i1 %sel_tmp5, i8 %right_border_buf_0_val_1_0, i8 %right_border_buf_0_val_1_2_s

ST_6: stg_194 [1/1] 2.39ns
operator().exit283.i.i250:11  store i8 %right_border_buf_0_val_2_0, i8* %k_buf_0_val_1_addr, align 1

ST_6: stg_195 [1/1] 1.62ns
operator().exit283.i.i250:12  switch i2 %col_assign, label %branch26 [
    i2 0, label %._crit_edge234.i.i.1.pre
    i2 1, label %branch25
  ]

ST_6: stg_196 [1/1] 0.00ns
branch25:0  store i8 %right_border_buf_0_val_1_2_4, i8* %right_border_buf_0_val_1_2_7, align 1

ST_6: stg_197 [1/1] 0.00ns
branch25:1  store i8 %right_border_buf_0_val_1_2_6, i8* %right_border_buf_0_val_1_2_2, align 1

ST_6: stg_198 [1/1] 0.00ns
branch25:2  store i8 %right_border_buf_0_val_1_2_8, i8* %right_border_buf_0_val_1_2_1, align 1

ST_6: stg_199 [1/1] 0.00ns
branch25:3  store i8 %right_border_buf_0_val_2_0, i8* %col_buf_0_val_0_0_5, align 1

ST_6: stg_200 [1/1] 0.00ns
branch25:4  br label %._crit_edge234.i.i.1

ST_6: stg_201 [1/1] 0.00ns
._crit_edge234.i.i.1.pre:0  store i8 %right_border_buf_0_val_1_2_4, i8* %right_border_buf_0_val_1_2_7, align 1

ST_6: stg_202 [1/1] 0.00ns
._crit_edge234.i.i.1.pre:1  store i8 %right_border_buf_0_val_1_2_6, i8* %right_border_buf_0_val_1_2_2, align 1

ST_6: stg_203 [1/1] 0.00ns
._crit_edge234.i.i.1.pre:2  store i8 %right_border_buf_0_val_1_2_8, i8* %right_border_buf_0_val_1_2_1, align 1

ST_6: stg_204 [1/1] 0.00ns
._crit_edge234.i.i.1.pre:3  store i8 %right_border_buf_0_val_2_0, i8* %col_buf_0_val_0_0_6, align 1

ST_6: stg_205 [1/1] 0.00ns
._crit_edge234.i.i.1.pre:4  br label %._crit_edge234.i.i.1

ST_6: stg_206 [1/1] 0.00ns
branch26:0  store i8 %right_border_buf_0_val_1_2_4, i8* %right_border_buf_0_val_1_2_7, align 1

ST_6: stg_207 [1/1] 0.00ns
branch26:1  store i8 %right_border_buf_0_val_1_2_6, i8* %right_border_buf_0_val_1_2_2, align 1

ST_6: stg_208 [1/1] 0.00ns
branch26:2  store i8 %right_border_buf_0_val_1_2_8, i8* %right_border_buf_0_val_1_2_1, align 1

ST_6: stg_209 [1/1] 0.00ns
branch26:3  store i8 %right_border_buf_0_val_2_0, i8* %col_buf_0_val_0_0_3, align 1

ST_6: stg_210 [1/1] 0.00ns
branch26:4  br label %._crit_edge234.i.i.1

ST_6: stg_211 [1/1] 2.39ns
._crit_edge234.i.i.1.critedge.critedge:0  store i8 %right_border_buf_0_val_1_0, i8* %k_buf_0_val_2_addr, align 1

ST_6: stg_212 [1/1] 2.39ns
._crit_edge234.i.i.1.critedge.critedge:1  store i8 %right_border_buf_0_val_2_0, i8* %k_buf_0_val_1_addr, align 1

ST_6: stg_213 [1/1] 0.00ns
._crit_edge234.i.i.1.critedge.critedge:2  br label %._crit_edge234.i.i.1

ST_6: tmp_123 [1/1] 1.70ns
._crit_edge234.i.i.1:0  %tmp_123 = call i8 @_ssdm_op_Read.ap_fifo.volatile.i8P(i8* %p_src_data_stream_V)

ST_6: stg_215 [1/1] 2.39ns
._crit_edge234.i.i.1:1  store i8 %tmp_123, i8* %k_buf_0_val_0_addr, align 1

ST_6: stg_216 [1/1] 1.94ns
._crit_edge234.i.i.1:3  store i8 %src_kernel_win_0_val_2_0, i8* %src_kernel_win_0_val_2_1, align 1

ST_6: stg_217 [1/1] 0.00ns
.loopexit222.i.i:0  br i1 %or_cond219_i_i, label %._crit_edge2.i285.i.i.0.0, label %._crit_edge238.i.i

ST_6: src_kernel_win_0_val_2_2_lo [1/1] 0.00ns
._crit_edge2.i285.i.i.0.0:5  %src_kernel_win_0_val_2_2_lo = load i8* %src_kernel_win_0_val_2_2, align 1

ST_6: tmp_128_0_1 [1/1] 2.00ns
._crit_edge2.i285.i.i.0.0:6  %tmp_128_0_1 = icmp ugt i8 %src_kernel_win_0_val_2_1_9, %src_kernel_win_0_val_2_2_lo

ST_6: temp_0_i_i_i_057_i_i_1_0_1 [1/1] 1.37ns
._crit_edge2.i285.i.i.0.0:7  %temp_0_i_i_i_057_i_i_1_0_1 = select i1 %tmp_128_0_1, i8 %src_kernel_win_0_val_2_1_9, i8 %src_kernel_win_0_val_2_2_lo

ST_6: stg_221 [1/1] 0.00ns
._crit_edge238.i.i:1  store i8 %src_kernel_win_0_val_2_1_9, i8* %src_kernel_win_0_val_2_2, align 1


 <State 7>: 5.67ns
ST_7: src_kernel_win_0_val_0_1_6 [1/1] 0.00ns
:1  %src_kernel_win_0_val_0_1_6 = load i8* %src_kernel_win_0_val_0_1, align 1

ST_7: src_kernel_win_0_val_1_1_6 [1/1] 0.00ns
:3  %src_kernel_win_0_val_1_1_6 = load i8* %src_kernel_win_0_val_1_1, align 1

ST_7: stg_224 [1/1] 0.00ns
:6  call void (...)* @_ssdm_op_SpecLoopTripCount(i64 2, i64 1922, i64 0)

ST_7: sel_tmp9 [1/1] 1.37ns
._crit_edge236.i.i.0:0  %sel_tmp9 = select i1 %sel_tmp8, i8 %right_border_buf_0_val_2_0, i8 %src_kernel_win_0_val_2_0

ST_7: src_kernel_win_0_val_0_0 [1/1] 1.37ns
._crit_edge236.i.i.0:1  %src_kernel_win_0_val_0_0 = select i1 %sel_tmp3, i8 %right_border_buf_0_val_1_0, i8 %sel_tmp9

ST_7: sel_tmp6 [1/1] 1.37ns
._crit_edge236.i.i.0:2  %sel_tmp6 = select i1 %sel_tmp4, i8 %right_border_buf_0_val_2_0, i8 %src_kernel_win_0_val_2_0

ST_7: src_kernel_win_0_val_1_0 [1/1] 1.37ns
._crit_edge236.i.i.0:3  %src_kernel_win_0_val_1_0 = select i1 %sel_tmp7, i8 %right_border_buf_0_val_1_0, i8 %sel_tmp6

ST_7: stg_229 [1/1] 1.57ns
.loopexit222.i.i.pre69:0  store i8 %src_kernel_win_0_val_1_0, i8* %src_kernel_win_0_val_1_1, align 1

ST_7: stg_230 [1/1] 1.57ns
.loopexit222.i.i.pre69:2  store i8 %src_kernel_win_0_val_0_0, i8* %src_kernel_win_0_val_0_1, align 1

ST_7: stg_231 [1/1] 1.57ns
branch6:0  store i8 %src_kernel_win_0_val_1_0, i8* %src_kernel_win_0_val_1_1, align 1

ST_7: stg_232 [1/1] 1.57ns
branch6:2  store i8 %src_kernel_win_0_val_0_0, i8* %src_kernel_win_0_val_0_1, align 1

ST_7: stg_233 [1/1] 1.57ns
branch8:0  store i8 %src_kernel_win_0_val_1_0, i8* %src_kernel_win_0_val_1_1, align 1

ST_7: stg_234 [1/1] 1.57ns
branch8:2  store i8 %src_kernel_win_0_val_0_0, i8* %src_kernel_win_0_val_0_1, align 1

ST_7: col_buf_0_val_0_0_3_load [1/1] 0.00ns
.preheader.preheader.i.i:0  %col_buf_0_val_0_0_3_load = load i8* %col_buf_0_val_0_0_3, align 1

ST_7: col_buf_0_val_0_0_5_load [1/1] 0.00ns
.preheader.preheader.i.i:1  %col_buf_0_val_0_0_5_load = load i8* %col_buf_0_val_0_0_5, align 1

ST_7: col_buf_0_val_0_0_6_load [1/1] 0.00ns
.preheader.preheader.i.i:2  %col_buf_0_val_0_0_6_load = load i8* %col_buf_0_val_0_0_6, align 1

ST_7: right_border_buf_0_val_1_2_3_56 [1/1] 0.00ns
.preheader.preheader.i.i:3  %right_border_buf_0_val_1_2_3_56 = load i8* %right_border_buf_0_val_1_2_1, align 1

ST_7: right_border_buf_0_val_1_2_4_57 [1/1] 0.00ns
.preheader.preheader.i.i:4  %right_border_buf_0_val_1_2_4_57 = load i8* %right_border_buf_0_val_1_2_2, align 1

ST_7: right_border_buf_0_val_1_2_5_58 [1/1] 0.00ns
.preheader.preheader.i.i:5  %right_border_buf_0_val_1_2_5_58 = load i8* %right_border_buf_0_val_1_2_7, align 1

ST_7: sel_tmp [1/1] 1.36ns
.preheader.preheader.i.i:7  %sel_tmp = icmp eq i2 %col_assign_1, 1

ST_7: col_buf_0_val_0_0_2 [1/1] 1.37ns
.preheader.preheader.i.i:8  %col_buf_0_val_0_0_2 = select i1 %sel_tmp, i8 %col_buf_0_val_0_0_5_load, i8 %col_buf_0_val_0_0_3_load

ST_7: sel_tmp2 [1/1] 1.36ns
.preheader.preheader.i.i:9  %sel_tmp2 = icmp eq i2 %col_assign_1, 0

ST_7: col_buf_0_val_0_0_9 [1/1] 1.37ns
.preheader.preheader.i.i:10  %col_buf_0_val_0_0_9 = select i1 %sel_tmp2, i8 %col_buf_0_val_0_0_6_load, i8 %col_buf_0_val_0_0_2

ST_7: right_border_buf_0_val_1_2 [1/1] 1.37ns
.preheader.preheader.i.i:11  %right_border_buf_0_val_1_2 = select i1 %sel_tmp, i8 %right_border_buf_0_val_1_2_4_57, i8 %right_border_buf_0_val_1_2_5_58

ST_7: right_border_buf_0_val_1_2_11 [1/1] 1.37ns
.preheader.preheader.i.i:12  %right_border_buf_0_val_1_2_11 = select i1 %sel_tmp2, i8 %right_border_buf_0_val_1_2_3_56, i8 %right_border_buf_0_val_1_2

ST_7: stg_247 [1/1] 1.62ns
.preheader.preheader.i.i:13  switch i2 %col_assign_1, label %branch11 [
    i2 0, label %branch9
    i2 1, label %branch10
  ]

ST_7: stg_248 [1/1] 1.57ns
branch10:1  store i8 %right_border_buf_0_val_1_2_11, i8* %src_kernel_win_0_val_1_1, align 1

ST_7: stg_249 [1/1] 1.57ns
branch10:3  store i8 %col_buf_0_val_0_0_9, i8* %src_kernel_win_0_val_0_1, align 1

ST_7: stg_250 [1/1] 1.57ns
branch9:1  store i8 %right_border_buf_0_val_1_2_11, i8* %src_kernel_win_0_val_1_1, align 1

ST_7: stg_251 [1/1] 1.57ns
branch9:3  store i8 %col_buf_0_val_0_0_9, i8* %src_kernel_win_0_val_0_1, align 1

ST_7: stg_252 [1/1] 1.57ns
branch11:1  store i8 %right_border_buf_0_val_1_2_11, i8* %src_kernel_win_0_val_1_1, align 1

ST_7: stg_253 [1/1] 1.57ns
branch11:3  store i8 %col_buf_0_val_0_0_9, i8* %src_kernel_win_0_val_0_1, align 1

ST_7: stg_254 [1/1] 1.57ns
.loopexit222.i.i.pre:0  store i8 %right_border_buf_0_val_1_0, i8* %src_kernel_win_0_val_1_1, align 1

ST_7: stg_255 [1/1] 1.57ns
.loopexit222.i.i.pre:2  store i8 %right_border_buf_0_val_2_0, i8* %src_kernel_win_0_val_0_1, align 1

ST_7: stg_256 [1/1] 1.57ns
._crit_edge234.i.i.1:2  store i8 %right_border_buf_0_val_1_0, i8* %src_kernel_win_0_val_1_1, align 1

ST_7: stg_257 [1/1] 1.57ns
._crit_edge234.i.i.1:4  store i8 %right_border_buf_0_val_2_0, i8* %src_kernel_win_0_val_0_1, align 1

ST_7: src_kernel_win_0_val_2_1_lo [1/1] 0.00ns
._crit_edge2.i285.i.i.0.0:2  %src_kernel_win_0_val_2_1_lo = load i8* %src_kernel_win_0_val_2_1, align 1

ST_7: src_kernel_win_0_val_1_2_lo [1/1] 0.00ns
._crit_edge2.i285.i.i.0.0:4  %src_kernel_win_0_val_1_2_lo = load i8* %src_kernel_win_0_val_1_2, align 1

ST_7: tmp_128_0_2 [1/1] 2.00ns
._crit_edge2.i285.i.i.0.0:8  %tmp_128_0_2 = icmp ugt i8 %src_kernel_win_0_val_2_1_lo, %temp_0_i_i_i_057_i_i_1_0_1

ST_7: temp_0_i_i_i_057_i_i_1_0_2 [1/1] 1.37ns
._crit_edge2.i285.i.i.0.0:9  %temp_0_i_i_i_057_i_i_1_0_2 = select i1 %tmp_128_0_2, i8 %src_kernel_win_0_val_2_1_lo, i8 %temp_0_i_i_i_057_i_i_1_0_1

ST_7: tmp_128_1 [1/1] 2.00ns
._crit_edge2.i285.i.i.0.0:10  %tmp_128_1 = icmp ugt i8 %src_kernel_win_0_val_1_2_lo, %temp_0_i_i_i_057_i_i_1_0_2

ST_7: stg_263 [1/1] 0.00ns
._crit_edge238.i.i:2  store i8 %src_kernel_win_0_val_1_1_6, i8* %src_kernel_win_0_val_1_2, align 1


 <State 8>: 4.74ns
ST_8: src_kernel_win_0_val_0_1_lo [1/1] 0.00ns
._crit_edge2.i285.i.i.0.0:0  %src_kernel_win_0_val_0_1_lo = load i8* %src_kernel_win_0_val_0_1, align 1

ST_8: src_kernel_win_0_val_1_1_lo [1/1] 0.00ns
._crit_edge2.i285.i.i.0.0:3  %src_kernel_win_0_val_1_1_lo = load i8* %src_kernel_win_0_val_1_1, align 1

ST_8: temp_0_i_i_i_057_i_i_1_1 [1/1] 1.37ns
._crit_edge2.i285.i.i.0.0:11  %temp_0_i_i_i_057_i_i_1_1 = select i1 %tmp_128_1, i8 %src_kernel_win_0_val_1_2_lo, i8 %temp_0_i_i_i_057_i_i_1_0_2

ST_8: tmp_128_1_1 [1/1] 2.00ns
._crit_edge2.i285.i.i.0.0:12  %tmp_128_1_1 = icmp ugt i8 %src_kernel_win_0_val_1_1_6, %temp_0_i_i_i_057_i_i_1_1

ST_8: temp_0_i_i_i_057_i_i_1_1_1 [1/1] 1.37ns
._crit_edge2.i285.i.i.0.0:13  %temp_0_i_i_i_057_i_i_1_1_1 = select i1 %tmp_128_1_1, i8 %src_kernel_win_0_val_1_1_6, i8 %temp_0_i_i_i_057_i_i_1_1


 <State 9>: 5.37ns
ST_9: src_kernel_win_0_val_0_2_lo [1/1] 0.00ns
._crit_edge2.i285.i.i.0.0:1  %src_kernel_win_0_val_0_2_lo = load i8* %src_kernel_win_0_val_0_2, align 1

ST_9: tmp_128_1_2 [1/1] 2.00ns
._crit_edge2.i285.i.i.0.0:14  %tmp_128_1_2 = icmp ugt i8 %src_kernel_win_0_val_1_1_lo, %temp_0_i_i_i_057_i_i_1_1_1

ST_9: temp_0_i_i_i_057_i_i_1_1_2 [1/1] 1.37ns
._crit_edge2.i285.i.i.0.0:15  %temp_0_i_i_i_057_i_i_1_1_2 = select i1 %tmp_128_1_2, i8 %src_kernel_win_0_val_1_1_lo, i8 %temp_0_i_i_i_057_i_i_1_1_1

ST_9: tmp_128_2 [1/1] 2.00ns
._crit_edge2.i285.i.i.0.0:16  %tmp_128_2 = icmp ugt i8 %src_kernel_win_0_val_0_2_lo, %temp_0_i_i_i_057_i_i_1_1_2

ST_9: empty [1/1] 0.00ns
._crit_edge238.i.i:0  %empty = call i32 (...)* @_ssdm_op_SpecRegionEnd([11 x i8]* @p_str1814, i32 %tmp_45)

ST_9: stg_274 [1/1] 0.00ns
._crit_edge238.i.i:3  store i8 %src_kernel_win_0_val_0_1_6, i8* %src_kernel_win_0_val_0_2, align 1

ST_9: stg_275 [1/1] 0.00ns
._crit_edge238.i.i:4  br label %2


 <State 10>: 4.74ns
ST_10: temp_0_i_i_i_057_i_i_1_2 [1/1] 1.37ns
._crit_edge2.i285.i.i.0.0:17  %temp_0_i_i_i_057_i_i_1_2 = select i1 %tmp_128_2, i8 %src_kernel_win_0_val_0_2_lo, i8 %temp_0_i_i_i_057_i_i_1_1_2

ST_10: tmp_128_2_1 [1/1] 2.00ns
._crit_edge2.i285.i.i.0.0:18  %tmp_128_2_1 = icmp ugt i8 %src_kernel_win_0_val_0_1_6, %temp_0_i_i_i_057_i_i_1_2

ST_10: temp_0_i_i_i_057_i_i_1_2_1 [1/1] 1.37ns
._crit_edge2.i285.i.i.0.0:19  %temp_0_i_i_i_057_i_i_1_2_1 = select i1 %tmp_128_2_1, i8 %src_kernel_win_0_val_0_1_6, i8 %temp_0_i_i_i_057_i_i_1_2


 <State 11>: 5.07ns
ST_11: tmp_128_2_2 [1/1] 2.00ns
._crit_edge2.i285.i.i.0.0:20  %tmp_128_2_2 = icmp ugt i8 %src_kernel_win_0_val_0_1_lo, %temp_0_i_i_i_057_i_i_1_2_1

ST_11: tmp_34 [1/1] 1.37ns
._crit_edge2.i285.i.i.0.0:21  %tmp_34 = select i1 %tmp_128_2_2, i8 %src_kernel_win_0_val_0_1_lo, i8 %temp_0_i_i_i_057_i_i_1_2_1

ST_11: stg_281 [1/1] 1.70ns
._crit_edge2.i285.i.i.0.0:22  call void @_ssdm_op_Write.ap_fifo.volatile.i8P(i8* %p_dst_data_stream_V, i8 %tmp_34)

ST_11: stg_282 [1/1] 0.00ns
._crit_edge2.i285.i.i.0.0:23  br label %._crit_edge238.i.i


 <State 12>: 0.00ns
ST_12: empty_59 [1/1] 0.00ns
:0  %empty_59 = call i32 (...)* @_ssdm_op_SpecRegionEnd([12 x i8]* @p_str1813, i32 %tmp_44)

ST_12: stg_284 [1/1] 0.00ns
:1  br label %0



============================================================
+ Verbose Summary: Binding
============================================================
N/A
* FSMD analyzer results:
  - Output states:
  - Chain level:
	State 1
	State 2
	State 3
	State 4
	State 5
	State 6
	State 7
	State 8
	State 9
	State 10
	State 11
	State 12


============================================================
+ Verbose Summary: Datapath Resource usage 
============================================================
N/A
