

================================================================
== Vivado HLS Report for 'image_filter_PaintMask_32_0_1080_1920_s'
================================================================
* Date:           Wed Mar 30 11:12:46 2016

* Version:        2014.4 (Build 1071461 on Tue Nov 18 16:42:57 PM 2014)
* Project:        prj
* Solution:       solution1
* Product family: zynq
* Target device:  xc7z020clg484-1


================================================================
== Performance Estimates
================================================================
+ Timing (ns): 
    * Summary: 
    +---------+-------+----------+------------+
    |  Clock  | Target| Estimated| Uncertainty|
    +---------+-------+----------+------------+
    |default  |   6.67|      5.07|        0.83|
    +---------+-------+----------+------------+

+ Latency (clock cycles): 
    * Summary: 
    +-----+---------+-----+---------+---------+
    |    Latency    |    Interval   | Pipeline|
    | min |   max   | min |   max   |   Type  |
    +-----+---------+-----+---------+---------+
    |    1|  2077921|    1|  2077921|   none  |
    +-----+---------+-----+---------+---------+

    + Detail: 
        * Instance: 
        N/A

        * Loop: 
        +---------------+-----+---------+----------+-----------+-----------+----------+----------+
        |               |    Latency    | Iteration|  Initiation Interval  |   Trip   |          |
        |   Loop Name   | min |   max   |  Latency |  achieved |   target  |   Count  | Pipelined|
        +---------------+-----+---------+----------+-----------+-----------+----------+----------+
        |- loop_height  |    0|  2077920| 3 ~ 1924 |          -|          -| 0 ~ 1080 |    no    |
        | + loop_width  |    0|     1921|         3|          1|          1| 0 ~ 1920 |    yes   |
        +---------------+-----+---------+----------+-----------+-----------+----------+----------+



================================================================
== Utilization Estimates
================================================================
* Summary: 
+-----------------+---------+-------+--------+-------+
|       Name      | BRAM_18K| DSP48E|   FF   |  LUT  |
+-----------------+---------+-------+--------+-------+
|Expression       |        -|      -|       -|      -|
|FIFO             |        -|      -|       -|      -|
|Instance         |        -|      -|       -|      -|
|Memory           |        -|      -|       -|      -|
|Multiplexer      |        -|      -|       -|      -|
|Register         |        -|      -|       -|      -|
+-----------------+---------+-------+--------+-------+
|Total            |        0|      0|       0|      0|
+-----------------+---------+-------+--------+-------+
|Available        |      280|    220|  106400|  53200|
+-----------------+---------+-------+--------+-------+
|Utilization (%)  |        0|      0|       0|      0|
+-----------------+---------+-------+--------+-------+

+ Detail: 
    * Instance: 
    N/A

    * Memory: 
    N/A

    * FIFO: 
    N/A

    * Expression: 
    N/A

    * Multiplexer: 
    N/A

    * Register: 
    N/A



================================================================
== Interface
================================================================
* Summary: 
N/A

============================================================
+ Verbose Summary: Synthesis Manager
============================================================
InlineROM: 1
ExposeGlobal: 0
============================================================
+ Verbose Summary: CDFG Model
============================================================
IsTopModel: 0
ResetActiveHigh: 1
IsCombinational: 2
IsDatapathOnly: 0
HasWiredReturn: 1
HasMFsm: 0
HasVarLatency: 1
IsPipeline: 0
IsRtlPipelined: 0
IsInstanceOverlapped: 0
IsDontTouch: 0
HasImplIP: 0
IsGatedGlobalClock: 0

+ Individual pipeline summary: 
  * Pipeline-0: initiation interval (II) = 1, depth = 3


============================================================
+ Verbose Summary: Schedule
============================================================
* Number of FSM states: 6
* Pipeline: 1
  Pipeline-0: II = 1, D = 3, States = { 3 4 5 }
* Dataflow Pipeline: 0

* FSM state transitions: 
1 --> 
	2  / true
2 --> 
	3  / (!exitcond4)
3 --> 
	6  / (exitcond)
	4  / (!exitcond)
4 --> 
	5  / true
5 --> 
	3  / true
6 --> 
	2  / true
* FSM state operations: 

 <State 1>: 1.57ns
ST_1: stg_7 [1/1] 0.00ns
:0  call void (...)* @_ssdm_op_SpecInterface(i8* %p_mask_data_stream_V, [8 x i8]* @str160, i32 0, i32 0, i32 0, i32 0, [1 x i8]* @str161, [1 x i8]* @str161, [8 x i8]* @str160)

ST_1: stg_8 [1/1] 0.00ns
:1  call void (...)* @_ssdm_op_SpecInterface(i8* %p_src_data_stream_2_V, [8 x i8]* @str152, i32 0, i32 0, i32 0, i32 0, [1 x i8]* @str153, [1 x i8]* @str153, [8 x i8]* @str152)

ST_1: stg_9 [1/1] 0.00ns
:2  call void (...)* @_ssdm_op_SpecInterface(i8* %p_src_data_stream_1_V, [8 x i8]* @str148, i32 0, i32 0, i32 0, i32 0, [1 x i8]* @str149, [1 x i8]* @str149, [8 x i8]* @str148)

ST_1: stg_10 [1/1] 0.00ns
:3  call void (...)* @_ssdm_op_SpecInterface(i8* %p_src_data_stream_0_V, [8 x i8]* @str144, i32 0, i32 0, i32 0, i32 0, [1 x i8]* @str145, [1 x i8]* @str145, [8 x i8]* @str144)

ST_1: stg_11 [1/1] 0.00ns
:4  call void (...)* @_ssdm_op_SpecInterface(i8* %p_dst_data_stream_2_V, [8 x i8]* @str128, i32 0, i32 0, i32 0, i32 0, [1 x i8]* @str129, [1 x i8]* @str129, [8 x i8]* @str128)

ST_1: stg_12 [1/1] 0.00ns
:5  call void (...)* @_ssdm_op_SpecInterface(i8* %p_dst_data_stream_1_V, [8 x i8]* @str124, i32 0, i32 0, i32 0, i32 0, [1 x i8]* @str125, [1 x i8]* @str125, [8 x i8]* @str124)

ST_1: stg_13 [1/1] 0.00ns
:6  call void (...)* @_ssdm_op_SpecInterface(i8* %p_dst_data_stream_0_V, [8 x i8]* @str120, i32 0, i32 0, i32 0, i32 0, [1 x i8]* @str121, [1 x i8]* @str121, [8 x i8]* @str120)

ST_1: p_dst_cols_V_read_1 [1/1] 0.00ns
:7  %p_dst_cols_V_read_1 = call i12 @_ssdm_op_Read.ap_auto.i12(i12 %p_dst_cols_V_read)

ST_1: p_dst_rows_V_read_1 [1/1] 0.00ns
:8  %p_dst_rows_V_read_1 = call i12 @_ssdm_op_Read.ap_auto.i12(i12 %p_dst_rows_V_read)

ST_1: p_mask_cols_V_read4 [1/1] 0.00ns
:9  %p_mask_cols_V_read4 = call i12 @_ssdm_op_Read.ap_auto.i12(i12 %p_mask_cols_V_read)

ST_1: p_mask_rows_V_read3 [1/1] 0.00ns
:10  %p_mask_rows_V_read3 = call i12 @_ssdm_op_Read.ap_auto.i12(i12 %p_mask_rows_V_read)

ST_1: p_src_cols_V_read2 [1/1] 0.00ns
:11  %p_src_cols_V_read2 = call i12 @_ssdm_op_Read.ap_auto.i12(i12 %p_src_cols_V_read)

ST_1: p_src_rows_V_read1 [1/1] 0.00ns
:12  %p_src_rows_V_read1 = call i12 @_ssdm_op_Read.ap_auto.i12(i12 %p_src_rows_V_read)

ST_1: stg_20 [1/1] 1.57ns
:13  br label %.preheader


 <State 2>: 2.14ns
ST_2: p_s [1/1] 0.00ns
.preheader:0  %p_s = phi i11 [ %i_V, %3 ], [ 0, %0 ]

ST_2: p_cast [1/1] 0.00ns
.preheader:1  %p_cast = zext i11 %p_s to i12

ST_2: exitcond4 [1/1] 2.14ns
.preheader:2  %exitcond4 = icmp eq i12 %p_cast, %p_dst_rows_V_read_1

ST_2: stg_24 [1/1] 0.00ns
.preheader:3  call void (...)* @_ssdm_op_SpecLoopTripCount(i64 0, i64 1080, i64 0)

ST_2: i_V [1/1] 1.84ns
.preheader:4  %i_V = add i11 %p_s, 1

ST_2: stg_26 [1/1] 0.00ns
.preheader:5  br i1 %exitcond4, label %4, label %1

ST_2: stg_27 [1/1] 0.00ns
:0  call void (...)* @_ssdm_op_SpecLoopName([12 x i8]* @p_str1813) nounwind

ST_2: tmp_62 [1/1] 0.00ns
:1  %tmp_62 = call i32 (...)* @_ssdm_op_SpecRegionBegin([12 x i8]* @p_str1813)

ST_2: stg_29 [1/1] 1.57ns
:2  br label %2

ST_2: stg_30 [1/1] 0.00ns
:0  ret void


 <State 3>: 2.14ns
ST_3: p_4 [1/1] 0.00ns
:0  %p_4 = phi i11 [ 0, %1 ], [ %j_V, %"operator>>.exit" ]

ST_3: p_4_cast [1/1] 0.00ns
:1  %p_4_cast = zext i11 %p_4 to i12

ST_3: exitcond [1/1] 2.14ns
:2  %exitcond = icmp eq i12 %p_4_cast, %p_dst_cols_V_read_1

ST_3: stg_34 [1/1] 0.00ns
:3  call void (...)* @_ssdm_op_SpecLoopTripCount(i64 0, i64 1920, i64 0)

ST_3: j_V [1/1] 1.84ns
:4  %j_V = add i11 %p_4, 1

ST_3: stg_36 [1/1] 0.00ns
:5  br i1 %exitcond, label %3, label %"operator>>.exit"


 <State 4>: 5.07ns
ST_4: tmp_64 [1/1] 0.00ns
operator>>.exit:3  %tmp_64 = call i32 (...)* @_ssdm_op_SpecRegionBegin([13 x i8]* @p_str1818)

ST_4: stg_38 [1/1] 0.00ns
operator>>.exit:4  call void (...)* @_ssdm_op_SpecProtocol(i32 0, [1 x i8]* @p_str1806) nounwind

ST_4: tmp_125 [1/1] 1.70ns
operator>>.exit:5  %tmp_125 = call i8 @_ssdm_op_Read.ap_fifo.volatile.i8P(i8* %p_src_data_stream_0_V)

ST_4: tmp_126 [1/1] 1.70ns
operator>>.exit:6  %tmp_126 = call i8 @_ssdm_op_Read.ap_fifo.volatile.i8P(i8* %p_src_data_stream_1_V)

ST_4: tmp [1/1] 1.70ns
operator>>.exit:7  %tmp = call i8 @_ssdm_op_Read.ap_fifo.volatile.i8P(i8* %p_src_data_stream_2_V)

ST_4: empty [1/1] 0.00ns
operator>>.exit:8  %empty = call i32 (...)* @_ssdm_op_SpecRegionEnd([13 x i8]* @p_str1818, i32 %tmp_64)

ST_4: tmp_69 [1/1] 0.00ns
operator>>.exit:9  %tmp_69 = call i32 (...)* @_ssdm_op_SpecRegionBegin([13 x i8]* @p_str1818)

ST_4: stg_44 [1/1] 0.00ns
operator>>.exit:10  call void (...)* @_ssdm_op_SpecProtocol(i32 0, [1 x i8]* @p_str1806) nounwind

ST_4: tmp_124 [1/1] 1.70ns
operator>>.exit:11  %tmp_124 = call i8 @_ssdm_op_Read.ap_fifo.volatile.i8P(i8* %p_mask_data_stream_V)

ST_4: empty_60 [1/1] 0.00ns
operator>>.exit:12  %empty_60 = call i32 (...)* @_ssdm_op_SpecRegionEnd([13 x i8]* @p_str1818, i32 %tmp_69)

ST_4: tmp_37 [1/1] 2.00ns
operator>>.exit:13  %tmp_37 = icmp eq i8 %tmp_124, 0

ST_4: tmp_39 [1/1] 1.37ns
operator>>.exit:14  %tmp_39 = select i1 %tmp_37, i8 %tmp_125, i8 -1

ST_4: tmp_40 [1/1] 1.37ns
operator>>.exit:15  %tmp_40 = select i1 %tmp_37, i8 %tmp_126, i8 0

ST_4: tmp_41 [1/1] 1.37ns
operator>>.exit:16  %tmp_41 = select i1 %tmp_37, i8 %tmp, i8 0


 <State 5>: 1.70ns
ST_5: stg_51 [1/1] 0.00ns
operator>>.exit:0  call void (...)* @_ssdm_op_SpecLoopName([11 x i8]* @p_str1814) nounwind

ST_5: tmp_63 [1/1] 0.00ns
operator>>.exit:1  %tmp_63 = call i32 (...)* @_ssdm_op_SpecRegionBegin([11 x i8]* @p_str1814)

ST_5: stg_53 [1/1] 0.00ns
operator>>.exit:2  call void (...)* @_ssdm_op_SpecPipeline(i32 1, i32 1, i32 1, i32 0, [1 x i8]* @p_str1806) nounwind

ST_5: tmp_72 [1/1] 0.00ns
operator>>.exit:17  %tmp_72 = call i32 (...)* @_ssdm_op_SpecRegionBegin([13 x i8]* @p_str1828)

ST_5: stg_55 [1/1] 0.00ns
operator>>.exit:18  call void (...)* @_ssdm_op_SpecProtocol(i32 0, [1 x i8]* @p_str1806) nounwind

ST_5: stg_56 [1/1] 1.70ns
operator>>.exit:19  call void @_ssdm_op_Write.ap_fifo.volatile.i8P(i8* %p_dst_data_stream_0_V, i8 %tmp_39)

ST_5: stg_57 [1/1] 1.70ns
operator>>.exit:20  call void @_ssdm_op_Write.ap_fifo.volatile.i8P(i8* %p_dst_data_stream_1_V, i8 %tmp_40)

ST_5: stg_58 [1/1] 1.70ns
operator>>.exit:21  call void @_ssdm_op_Write.ap_fifo.volatile.i8P(i8* %p_dst_data_stream_2_V, i8 %tmp_41)

ST_5: empty_61 [1/1] 0.00ns
operator>>.exit:22  %empty_61 = call i32 (...)* @_ssdm_op_SpecRegionEnd([13 x i8]* @p_str1828, i32 %tmp_72)

ST_5: empty_62 [1/1] 0.00ns
operator>>.exit:23  %empty_62 = call i32 (...)* @_ssdm_op_SpecRegionEnd([11 x i8]* @p_str1814, i32 %tmp_63)

ST_5: stg_61 [1/1] 0.00ns
operator>>.exit:24  br label %2


 <State 6>: 0.00ns
ST_6: empty_63 [1/1] 0.00ns
:0  %empty_63 = call i32 (...)* @_ssdm_op_SpecRegionEnd([12 x i8]* @p_str1813, i32 %tmp_62)

ST_6: stg_63 [1/1] 0.00ns
:1  br label %.preheader



============================================================
+ Verbose Summary: Binding
============================================================
N/A
* FSMD analyzer results:
  - Output states:
  - Chain level:
	State 1
	State 2
	State 3
	State 4
	State 5
	State 6


============================================================
+ Verbose Summary: Datapath Resource usage 
============================================================
N/A
