

================================================================
== Vivado HLS Report for 'image_filter_Duplicate_1080_1920_32_32_s'
================================================================
* Date:           Wed Mar 30 11:12:42 2016

* Version:        2014.4 (Build 1071461 on Tue Nov 18 16:42:57 PM 2014)
* Project:        prj
* Solution:       solution1
* Product family: zynq
* Target device:  xc7z020clg484-1


================================================================
== Performance Estimates
================================================================
+ Timing (ns): 
    * Summary: 
    +---------+-------+----------+------------+
    |  Clock  | Target| Estimated| Uncertainty|
    +---------+-------+----------+------------+
    |default  |   6.67|      3.40|        0.83|
    +---------+-------+----------+------------+

+ Latency (clock cycles): 
    * Summary: 
    +-----+---------+-----+---------+---------+
    |    Latency    |    Interval   | Pipeline|
    | min |   max   | min |   max   |   Type  |
    +-----+---------+-----+---------+---------+
    |    1|  2076841|    1|  2076841|   none  |
    +-----+---------+-----+---------+---------+

    + Detail: 
        * Instance: 
        N/A

        * Loop: 
        +---------------+-----+---------+----------+-----------+-----------+----------+----------+
        |               |    Latency    | Iteration|  Initiation Interval  |   Trip   |          |
        |   Loop Name   | min |   max   |  Latency |  achieved |   target  |   Count  | Pipelined|
        +---------------+-----+---------+----------+-----------+-----------+----------+----------+
        |- loop_height  |    0|  2076840| 3 ~ 1923 |          -|          -| 0 ~ 1080 |    no    |
        | + loop_width  |    0|     1920|         2|          1|          1| 0 ~ 1920 |    yes   |
        +---------------+-----+---------+----------+-----------+-----------+----------+----------+



================================================================
== Utilization Estimates
================================================================
* Summary: 
+-----------------+---------+-------+--------+-------+
|       Name      | BRAM_18K| DSP48E|   FF   |  LUT  |
+-----------------+---------+-------+--------+-------+
|Expression       |        -|      -|       -|      -|
|FIFO             |        -|      -|       -|      -|
|Instance         |        -|      -|       -|      -|
|Memory           |        -|      -|       -|      -|
|Multiplexer      |        -|      -|       -|      -|
|Register         |        -|      -|       -|      -|
+-----------------+---------+-------+--------+-------+
|Total            |        0|      0|       0|      0|
+-----------------+---------+-------+--------+-------+
|Available        |      280|    220|  106400|  53200|
+-----------------+---------+-------+--------+-------+
|Utilization (%)  |        0|      0|       0|      0|
+-----------------+---------+-------+--------+-------+

+ Detail: 
    * Instance: 
    N/A

    * Memory: 
    N/A

    * FIFO: 
    N/A

    * Expression: 
    N/A

    * Multiplexer: 
    N/A

    * Register: 
    N/A



================================================================
== Interface
================================================================
* Summary: 
N/A

============================================================
+ Verbose Summary: Synthesis Manager
============================================================
InlineROM: 1
ExposeGlobal: 0
============================================================
+ Verbose Summary: CDFG Model
============================================================
IsTopModel: 0
ResetActiveHigh: 1
IsCombinational: 0
IsDatapathOnly: 0
HasWiredReturn: 1
HasMFsm: 0
HasVarLatency: 1
IsPipeline: 0
IsRtlPipelined: 0
IsInstanceOverlapped: 0
IsDontTouch: 0
HasImplIP: 0
IsGatedGlobalClock: 0

+ Individual pipeline summary: 
  * Pipeline-0: initiation interval (II) = 1, depth = 2


============================================================
+ Verbose Summary: Schedule
============================================================
* Number of FSM states: 5
* Pipeline: 1
  Pipeline-0: II = 1, D = 2, States = { 3 4 }
* Dataflow Pipeline: 0

* FSM state transitions: 
1 --> 
	2  / true
2 --> 
	3  / (!exitcond3)
3 --> 
	5  / (exitcond)
	4  / (!exitcond)
4 --> 
	3  / true
5 --> 
	2  / true
* FSM state operations: 

 <State 1>: 1.57ns
ST_1: stg_6 [1/1] 0.00ns
:0  call void (...)* @_ssdm_op_SpecInterface(i8* %dst2_data_stream_2_V, [8 x i8]* @str152, i32 0, i32 0, i32 0, i32 0, [1 x i8]* @str153, [1 x i8]* @str153, [8 x i8]* @str152)

ST_1: stg_7 [1/1] 0.00ns
:1  call void (...)* @_ssdm_op_SpecInterface(i8* %dst2_data_stream_1_V, [8 x i8]* @str148, i32 0, i32 0, i32 0, i32 0, [1 x i8]* @str149, [1 x i8]* @str149, [8 x i8]* @str148)

ST_1: stg_8 [1/1] 0.00ns
:2  call void (...)* @_ssdm_op_SpecInterface(i8* %dst2_data_stream_0_V, [8 x i8]* @str144, i32 0, i32 0, i32 0, i32 0, [1 x i8]* @str145, [1 x i8]* @str145, [8 x i8]* @str144)

ST_1: stg_9 [1/1] 0.00ns
:3  call void (...)* @_ssdm_op_SpecInterface(i8* %dst1_data_stream_2_V, [8 x i8]* @str140, i32 0, i32 0, i32 0, i32 0, [1 x i8]* @str141, [1 x i8]* @str141, [8 x i8]* @str140)

ST_1: stg_10 [1/1] 0.00ns
:4  call void (...)* @_ssdm_op_SpecInterface(i8* %dst1_data_stream_1_V, [8 x i8]* @str136, i32 0, i32 0, i32 0, i32 0, [1 x i8]* @str137, [1 x i8]* @str137, [8 x i8]* @str136)

ST_1: stg_11 [1/1] 0.00ns
:5  call void (...)* @_ssdm_op_SpecInterface(i8* %dst1_data_stream_0_V, [8 x i8]* @str132, i32 0, i32 0, i32 0, i32 0, [1 x i8]* @str133, [1 x i8]* @str133, [8 x i8]* @str132)

ST_1: stg_12 [1/1] 0.00ns
:6  call void (...)* @_ssdm_op_SpecInterface(i8* %src_data_stream_2_V, [8 x i8]* @str116, i32 0, i32 0, i32 0, i32 0, [1 x i8]* @str117, [1 x i8]* @str117, [8 x i8]* @str116)

ST_1: stg_13 [1/1] 0.00ns
:7  call void (...)* @_ssdm_op_SpecInterface(i8* %src_data_stream_1_V, [8 x i8]* @str112, i32 0, i32 0, i32 0, i32 0, [1 x i8]* @str113, [1 x i8]* @str113, [8 x i8]* @str112)

ST_1: stg_14 [1/1] 0.00ns
:8  call void (...)* @_ssdm_op_SpecInterface(i8* %src_data_stream_0_V, [8 x i8]* @str108, i32 0, i32 0, i32 0, i32 0, [1 x i8]* @str109, [1 x i8]* @str109, [8 x i8]* @str108)

ST_1: dst2_cols_V_read_1 [1/1] 0.00ns
:9  %dst2_cols_V_read_1 = call i12 @_ssdm_op_Read.ap_auto.i12(i12 %dst2_cols_V_read)

ST_1: dst2_rows_V_read_1 [1/1] 0.00ns
:10  %dst2_rows_V_read_1 = call i12 @_ssdm_op_Read.ap_auto.i12(i12 %dst2_rows_V_read)

ST_1: dst1_cols_V_read4 [1/1] 0.00ns
:11  %dst1_cols_V_read4 = call i12 @_ssdm_op_Read.ap_auto.i12(i12 %dst1_cols_V_read)

ST_1: dst1_rows_V_read3 [1/1] 0.00ns
:12  %dst1_rows_V_read3 = call i12 @_ssdm_op_Read.ap_auto.i12(i12 %dst1_rows_V_read)

ST_1: src_cols_V_read2 [1/1] 0.00ns
:13  %src_cols_V_read2 = call i12 @_ssdm_op_Read.ap_auto.i12(i12 %src_cols_V_read)

ST_1: src_rows_V_read1 [1/1] 0.00ns
:14  %src_rows_V_read1 = call i12 @_ssdm_op_Read.ap_auto.i12(i12 %src_rows_V_read)

ST_1: stg_21 [1/1] 1.57ns
:15  br label %.preheader


 <State 2>: 2.14ns
ST_2: p_s [1/1] 0.00ns
.preheader:0  %p_s = phi i11 [ %i_V, %3 ], [ 0, %0 ]

ST_2: p_cast [1/1] 0.00ns
.preheader:1  %p_cast = zext i11 %p_s to i12

ST_2: exitcond3 [1/1] 2.14ns
.preheader:2  %exitcond3 = icmp eq i12 %p_cast, %dst2_rows_V_read_1

ST_2: stg_25 [1/1] 0.00ns
.preheader:3  call void (...)* @_ssdm_op_SpecLoopTripCount(i64 0, i64 1080, i64 0)

ST_2: i_V [1/1] 1.84ns
.preheader:4  %i_V = add i11 %p_s, 1

ST_2: stg_27 [1/1] 0.00ns
.preheader:5  br i1 %exitcond3, label %4, label %1

ST_2: stg_28 [1/1] 0.00ns
:0  call void (...)* @_ssdm_op_SpecLoopName([12 x i8]* @p_str1813) nounwind

ST_2: tmp_1 [1/1] 0.00ns
:1  %tmp_1 = call i32 (...)* @_ssdm_op_SpecRegionBegin([12 x i8]* @p_str1813)

ST_2: stg_30 [1/1] 1.57ns
:2  br label %2

ST_2: stg_31 [1/1] 0.00ns
:0  ret void


 <State 3>: 2.14ns
ST_3: p_3 [1/1] 0.00ns
:0  %p_3 = phi i11 [ 0, %1 ], [ %j_V, %"operator>>.exit" ]

ST_3: p_3_cast [1/1] 0.00ns
:1  %p_3_cast = zext i11 %p_3 to i12

ST_3: exitcond [1/1] 2.14ns
:2  %exitcond = icmp eq i12 %p_3_cast, %dst2_cols_V_read_1

ST_3: stg_35 [1/1] 0.00ns
:3  call void (...)* @_ssdm_op_SpecLoopTripCount(i64 0, i64 1920, i64 0)

ST_3: j_V [1/1] 1.84ns
:4  %j_V = add i11 %p_3, 1

ST_3: stg_37 [1/1] 0.00ns
:5  br i1 %exitcond, label %3, label %"operator>>.exit"


 <State 4>: 3.40ns
ST_4: stg_38 [1/1] 0.00ns
operator>>.exit:0  call void (...)* @_ssdm_op_SpecLoopName([11 x i8]* @p_str1814) nounwind

ST_4: tmp_2 [1/1] 0.00ns
operator>>.exit:1  %tmp_2 = call i32 (...)* @_ssdm_op_SpecRegionBegin([11 x i8]* @p_str1814)

ST_4: stg_40 [1/1] 0.00ns
operator>>.exit:2  call void (...)* @_ssdm_op_SpecPipeline(i32 1, i32 1, i32 1, i32 0, [1 x i8]* @p_str1806) nounwind

ST_4: tmp_3 [1/1] 0.00ns
operator>>.exit:3  %tmp_3 = call i32 (...)* @_ssdm_op_SpecRegionBegin([13 x i8]* @p_str1818)

ST_4: stg_42 [1/1] 0.00ns
operator>>.exit:4  call void (...)* @_ssdm_op_SpecProtocol(i32 0, [1 x i8]* @p_str1806) nounwind

ST_4: tmp_4 [1/1] 1.70ns
operator>>.exit:5  %tmp_4 = call i8 @_ssdm_op_Read.ap_fifo.volatile.i8P(i8* %src_data_stream_0_V)

ST_4: tmp_6 [1/1] 1.70ns
operator>>.exit:6  %tmp_6 = call i8 @_ssdm_op_Read.ap_fifo.volatile.i8P(i8* %src_data_stream_1_V)

ST_4: tmp [1/1] 1.70ns
operator>>.exit:7  %tmp = call i8 @_ssdm_op_Read.ap_fifo.volatile.i8P(i8* %src_data_stream_2_V)

ST_4: empty [1/1] 0.00ns
operator>>.exit:8  %empty = call i32 (...)* @_ssdm_op_SpecRegionEnd([13 x i8]* @p_str1818, i32 %tmp_3)

ST_4: tmp_5 [1/1] 0.00ns
operator>>.exit:9  %tmp_5 = call i32 (...)* @_ssdm_op_SpecRegionBegin([13 x i8]* @p_str1828)

ST_4: stg_48 [1/1] 0.00ns
operator>>.exit:10  call void (...)* @_ssdm_op_SpecProtocol(i32 0, [1 x i8]* @p_str1806) nounwind

ST_4: stg_49 [1/1] 1.70ns
operator>>.exit:11  call void @_ssdm_op_Write.ap_fifo.volatile.i8P(i8* %dst1_data_stream_0_V, i8 %tmp_4)

ST_4: stg_50 [1/1] 1.70ns
operator>>.exit:12  call void @_ssdm_op_Write.ap_fifo.volatile.i8P(i8* %dst1_data_stream_1_V, i8 %tmp_6)

ST_4: stg_51 [1/1] 1.70ns
operator>>.exit:13  call void @_ssdm_op_Write.ap_fifo.volatile.i8P(i8* %dst1_data_stream_2_V, i8 %tmp)

ST_4: empty_36 [1/1] 0.00ns
operator>>.exit:14  %empty_36 = call i32 (...)* @_ssdm_op_SpecRegionEnd([13 x i8]* @p_str1828, i32 %tmp_5)

ST_4: tmp_s [1/1] 0.00ns
operator>>.exit:15  %tmp_s = call i32 (...)* @_ssdm_op_SpecRegionBegin([13 x i8]* @p_str1828)

ST_4: stg_54 [1/1] 0.00ns
operator>>.exit:16  call void (...)* @_ssdm_op_SpecProtocol(i32 0, [1 x i8]* @p_str1806) nounwind

ST_4: stg_55 [1/1] 1.70ns
operator>>.exit:17  call void @_ssdm_op_Write.ap_fifo.volatile.i8P(i8* %dst2_data_stream_0_V, i8 %tmp_4)

ST_4: stg_56 [1/1] 1.70ns
operator>>.exit:18  call void @_ssdm_op_Write.ap_fifo.volatile.i8P(i8* %dst2_data_stream_1_V, i8 %tmp_6)

ST_4: stg_57 [1/1] 1.70ns
operator>>.exit:19  call void @_ssdm_op_Write.ap_fifo.volatile.i8P(i8* %dst2_data_stream_2_V, i8 %tmp)

ST_4: empty_37 [1/1] 0.00ns
operator>>.exit:20  %empty_37 = call i32 (...)* @_ssdm_op_SpecRegionEnd([13 x i8]* @p_str1828, i32 %tmp_s)

ST_4: empty_38 [1/1] 0.00ns
operator>>.exit:21  %empty_38 = call i32 (...)* @_ssdm_op_SpecRegionEnd([11 x i8]* @p_str1814, i32 %tmp_2)

ST_4: stg_60 [1/1] 0.00ns
operator>>.exit:22  br label %2


 <State 5>: 0.00ns
ST_5: empty_39 [1/1] 0.00ns
:0  %empty_39 = call i32 (...)* @_ssdm_op_SpecRegionEnd([12 x i8]* @p_str1813, i32 %tmp_1)

ST_5: stg_62 [1/1] 0.00ns
:1  br label %.preheader



============================================================
+ Verbose Summary: Binding
============================================================
N/A
* FSMD analyzer results:
  - Output states:
  - Chain level:
	State 1
	State 2
	State 3
	State 4
	State 5


============================================================
+ Verbose Summary: Datapath Resource usage 
============================================================
N/A
