@I [HLS-0] Workspace /home/alok/githum/Zedboard/Learning/opencv_hls/xapp1167_vivado/sw/demo/prj/solution1 opened at Wed Mar 30 11:19:56 IST 2016
@I [HLS-100] Command 'open_solution' returned 0; elapsed 0.036052Total elapsed time: 1.10 sec.
@I [HLS-100] Command "set_part xc7z020clg484-1 "
@I [HLS-100] Command "add_library xilinx/zynq/zynq:xc7z020:clg484:-1 "
@I [HLS-100] Command "get_default_platform "
@I [HLS-100] Command 'get_default_platform' returned 0; elapsed 4.7e-05Total elapsed time: 1.14 sec.
@I [HLS-100] Command "license_exists VIVADO_HLS "
@I [HLS-100] Command 'license_exists' returned 1; elapsed 0.003751Total elapsed time: 1.18 sec.
@I [HLS-100] Command "license_exists ap_opencl "
@I [HLS-100] Command 'license_exists' returned 1; elapsed 0.00334Total elapsed time: 1.22 sec.
@I [HLS-100] Command "license_exists AUTOESL_NI "
@I [HLS-100] Command 'license_exists' returned 1; elapsed 0.003228Total elapsed time: 1.25 sec.
@I [HLS-100] Command "license_exists HLS "
@I [HLS-100] Command 'license_exists' returned 0; elapsed 8e-06Total elapsed time: 1.25 sec.
@I [HLS-100] Command "open_platform DefaultPlatform "
@I [HLS-100] Command 'open_platform' returned 0; elapsed 0.000306Total elapsed time: 1.26 sec.
@I [HLS-100] Command "import_lib /opt/Xilinx/Vivado_HLS/2014.4/common/technology/xilinx/zynq/zynq "
@I [HLS-100] Command "source /opt/Xilinx/Vivado_HLS/2014.4/common/technology/xilinx/common/xilinx.lib "
@I [HLS-100] Command "source /opt/Xilinx/Vivado_HLS/2014.4/common/technology/xilinx/interface/xilinx_interface.lib "
@I [HLS-100] Command "source /opt/Xilinx/Vivado_HLS/2014.4/common/technology/xilinx/interface/plb46.lib "
@I [HLS-100] Command 'ap_source' returned 0; elapsed 0.000472Total elapsed time: 1.27 sec.
@I [HLS-100] Command "source /opt/Xilinx/Vivado_HLS/2014.4/common/technology/xilinx/interface/fsl.lib "
@I [HLS-100] Command 'ap_source' returned 0; elapsed 0.000181Total elapsed time: 1.27 sec.
@I [HLS-100] Command "source /opt/Xilinx/Vivado_HLS/2014.4/common/technology/xilinx/interface/axi4.lib "
@I [HLS-100] Command 'ap_source' returned 0; elapsed 0.000247Total elapsed time: 1.28 sec.
@I [HLS-100] Command "source /opt/Xilinx/Vivado_HLS/2014.4/common/technology/xilinx/interface/maxi.lib "
@I [HLS-100] Command 'ap_source' returned 0; elapsed 0.000239Total elapsed time: 1.28 sec.
@I [HLS-100] Command "source /opt/Xilinx/Vivado_HLS/2014.4/common/technology/xilinx/interface/saxilite.lib "
@I [HLS-100] Command 'ap_source' returned 0; elapsed 0.000147Total elapsed time: 1.28 sec.
@I [HLS-100] Command 'ap_source' returned 0; elapsed 0.001729Total elapsed time: 1.28 sec.
@I [HLS-100] Command "source /opt/Xilinx/Vivado_HLS/2014.4/common/technology/xilinx/common/dsp48.lib "
@I [HLS-100] Command 'ap_source' returned 0; elapsed 0.000123Total elapsed time: 1.28 sec.
@I [HLS-100] Command "source /opt/Xilinx/Vivado_HLS/2014.4/common/technology/xilinx/ip/xfft.lib "
@I [HLS-100] Command 'ap_source' returned 0; elapsed 0.000162Total elapsed time: 1.29 sec.
@I [HLS-100] Command "source /opt/Xilinx/Vivado_HLS/2014.4/common/technology/xilinx/ip/xfir.lib "
@I [HLS-100] Command 'ap_source' returned 0; elapsed 9.3e-05Total elapsed time: 1.29 sec.
@I [HLS-100] Command 'ap_source' returned 0; elapsed 0.004964Total elapsed time: 1.31 sec.
@I [HLS-100] Command "source /opt/Xilinx/Vivado_HLS/2014.4/common/technology/xilinx/common/xilinx_old.lib "
@I [HLS-100] Command 'ap_source' returned 0; elapsed 0.000827Total elapsed time: 1.34 sec.
@I [HLS-100] Command "source /opt/Xilinx/Vivado_HLS/2014.4/common/technology/xilinx/common/xilinx_vivado.lib "
@I [HLS-100] Command 'ap_source' returned 0; elapsed 0.000574Total elapsed time: 1.35 sec.
@I [HLS-100] Command "source /opt/Xilinx/Vivado_HLS/2014.4/common/technology/xilinx/common/xilinx.hlp "
@I [HLS-100] Command "source /opt/Xilinx/Vivado_HLS/2014.4/common/technology/xilinx/common/target_info.tcl "
@I [HLS-100] Command 'ap_source' returned 0; elapsed 0.000141Total elapsed time: 1.37 sec.
@I [HLS-100] Command "source /opt/Xilinx/Vivado_HLS/2014.4/common/technology/xilinx/interface/xilinx_interface.hlp "
@I [HLS-100] Command "source /opt/Xilinx/Vivado_HLS/2014.4/common/technology/xilinx/interface/maxi.hlp "
@I [HLS-100] Command 'ap_source' returned 0; elapsed 0.000105Total elapsed time: 1.37 sec.
@I [HLS-100] Command "source /opt/Xilinx/Vivado_HLS/2014.4/common/technology/xilinx/interface/saxilite.hlp "
@I [HLS-100] Command 'ap_source' returned 0; elapsed 0.000103Total elapsed time: 1.38 sec.
@I [HLS-100] Command 'ap_source' returned 0; elapsed 0.000397Total elapsed time: 1.38 sec.
@I [HLS-100] Command "source /opt/Xilinx/Vivado_HLS/2014.4/common/technology/xilinx/common/dsp48.hlp "
@I [HLS-100] Command 'ap_source' returned 0; elapsed 0.000356Total elapsed time: 1.38 sec.
@I [HLS-100] Command 'ap_source' returned 0; elapsed 0.001976Total elapsed time: 1.39 sec.
@I [HLS-100] Command "source /opt/Xilinx/Vivado_HLS/2014.4/common/technology/xilinx/zynq/dsp48e1.hlp "
@I [HLS-100] Command 'ap_source' returned 0; elapsed 9.6e-05Total elapsed time: 1.39 sec.
@I [HLS-100] Command "get_default_platform "
@I [HLS-100] Command 'get_default_platform' returned 0; elapsed 6e-06Total elapsed time: 1.39 sec.
@I [HLS-100] Command "config_chip_info -quiet -resource  {SLICE 13300}  {LUT 53200}     {FF 106400} {DSP48E 220}   {BRAM 280}  "
@I [HLS-100] Command 'config_chip_info' returned 0; elapsed 2.5e-05Total elapsed time: 1.39 sec.
@I [HLS-100] Command "config_chip_info -quiet -speed medium "
@I [HLS-100] Command 'config_chip_info' returned 0; elapsed 5e-06Total elapsed time: 1.39 sec.
@I [HLS-100] Command 'import_lib' returned 0; elapsed 0.014849Total elapsed time: 1.41 sec.
@I [HLS-100] Command "source /opt/Xilinx/Vivado_HLS/2014.4/common/technology/xilinx/zynq/zynq.gen "
@I [HLS-100] Command "source /opt/Xilinx/Vivado_HLS/2014.4/common/technology/xilinx/common/virtex.gen "
@I [HLS-100] Command "source /opt/Xilinx/Vivado_HLS/2014.4/common/technology/xilinx/common/xilinx.gen "
@I [HLS-100] Command "source /opt/Xilinx/Vivado_HLS/2014.4/common/technology/xilinx/interface/plb46.gen "
@I [HLS-100] Command 'ap_source' returned 0; elapsed 0.001324Total elapsed time: 1.43 sec.
@I [HLS-100] Command "source /opt/Xilinx/Vivado_HLS/2014.4/common/technology/xilinx/interface/fsl.gen "
@I [HLS-100] Command 'ap_source' returned 0; elapsed 0.000488Total elapsed time: 1.43 sec.
@I [HLS-100] Command "source /opt/Xilinx/Vivado_HLS/2014.4/common/technology/xilinx/interface/axi4.gen "
@I [HLS-100] Command 'ap_source' returned 0; elapsed 0.002462Total elapsed time: 1.46 sec.
@I [HLS-100] Command "source /opt/Xilinx/Vivado_HLS/2014.4/common/technology/xilinx/interface/nativeAXI4.gen "
@I [HLS-100] Command "source /opt/Xilinx/Vivado_HLS/2014.4/common/technology/xilinx/interface/saxilite.gen "
@I [HLS-100] Command 'ap_source' returned 0; elapsed 0.003531Total elapsed time: 1.50 sec.
@I [HLS-100] Command "source /opt/Xilinx/Vivado_HLS/2014.4/common/technology/xilinx/interface/maxi.gen "
@I [HLS-100] Command 'ap_source' returned 0; elapsed 0.007781Total elapsed time: 1.57 sec.
@I [HLS-100] Command 'ap_source' returned 0; elapsed 0.011525Total elapsed time: 1.58 sec.
@I [HLS-100] Command "source /opt/Xilinx/Vivado_HLS/2014.4/common/technology/xilinx/scripts/xilinxcoregen.gen "
@I [HLS-100] Command 'ap_source' returned 0; elapsed 0.00945Total elapsed time: 1.67 sec.
@I [HLS-100] Command "source /opt/Xilinx/Vivado_HLS/2014.4/common/technology/xilinx/interface/XilEDKCoreGen.gen "
@I [HLS-100] Command 'ap_source' returned 0; elapsed 0.009938Total elapsed time: 1.77 sec.
@I [HLS-100] Command "source /opt/Xilinx/Vivado_HLS/2014.4/common/technology/xilinx/ip/xfir.gen "
@I [HLS-100] Command "source /opt/Xilinx/Vivado_HLS/2014.4/tps/tcl/tcllib1.11.1/struct/list.tcl "
@I [HLS-100] Command "source /opt/Xilinx/Vivado_HLS/2014.4/tps/tcl/tcllib1.11.1/cmdline/cmdline.tcl "
@I [HLS-100] Command 'ap_source' returned 0; elapsed 0.000817Total elapsed time: 1.96 sec.
@I [HLS-100] Command 'ap_source' returned 0; elapsed 0.001835Total elapsed time: 1.97 sec.
@I [HLS-100] Command "source /opt/Xilinx/Vivado_HLS/2014.4/tps/tcl/tcllib1.11.1/math/bignum.tcl "
@I [HLS-100] Command 'ap_source' returned 0; elapsed 0.000683Total elapsed time: 1.104 sec.
@I [HLS-100] Command 'ap_source' returned 0; elapsed 0.03469Total elapsed time: 1.112 sec.
@I [HLS-100] Command "source /opt/Xilinx/Vivado_HLS/2014.4/common/technology/xilinx/ip/xfft.gen "
@I [HLS-100] Command 'ap_source' returned 0; elapsed 0.133564Total elapsed time: 1.246 sec.
@I [HLS-100] Command "source /opt/Xilinx/Vivado_HLS/2014.4/common/technology/xilinx/ip/util.gen "
@I [HLS-100] Command 'ap_source' returned 0; elapsed 0.000174Total elapsed time: 1.246 sec.
@I [HLS-100] Command 'ap_source' returned 0; elapsed 0.204478Total elapsed time: 1.246 sec.
@I [HLS-100] Command "source /opt/Xilinx/Vivado_HLS/2014.4/common/technology/xilinx/common/dsp48.gen "
@I [HLS-100] Command 'ap_source' returned 0; elapsed 0.000109Total elapsed time: 1.247 sec.
@I [HLS-100] Command 'ap_source' returned 0; elapsed 0.206553Total elapsed time: 1.248 sec.
@I [HLS-100] Command 'ap_source' returned 0; elapsed 0.206706Total elapsed time: 1.248 sec.
@I [HLS-100] Command "get_default_platform "
@I [HLS-100] Command 'get_default_platform' returned 0; elapsed 7e-06Total elapsed time: 1.248 sec.
@I [HLS-100] Command "config_chip_info -quiet -resource  {SLICE 13300}  {LUT 53200}     {FF 106400} {DSP48E 220}   {BRAM 280}  "
@I [HLS-100] Command 'config_chip_info' returned 0; elapsed 1.6e-05Total elapsed time: 1.248 sec.
@I [HLS-100] Command "config_chip_info -quiet -speed slow "
@I [HLS-100] Command 'config_chip_info' returned 0; elapsed 5e-06Total elapsed time: 1.248 sec.
@I [HLS-100] Command 'add_library' returned 0; elapsed 0.234924Total elapsed time: 1.249 sec.
@I [HLS-100] Command "add_library xilinx/zynq/zynq_fpv6 "
@I [HLS-100] Command "get_default_platform "
@I [HLS-100] Command 'get_default_platform' returned 0; elapsed 5e-06Total elapsed time: 1.249 sec.
@I [HLS-100] Command "license_exists VIVADO_HLS "
@I [HLS-100] Command 'license_exists' returned 1; elapsed 0.003593Total elapsed time: 1.253 sec.
@I [HLS-100] Command "license_exists ap_opencl "
@I [HLS-100] Command 'license_exists' returned 1; elapsed 0.003259Total elapsed time: 1.256 sec.
@I [HLS-100] Command "license_exists AUTOESL_NI "
@I [HLS-100] Command 'license_exists' returned 1; elapsed 0.003237Total elapsed time: 1.260 sec.
@I [HLS-100] Command "license_exists HLS "
@I [HLS-100] Command 'license_exists' returned 0; elapsed 8e-06Total elapsed time: 1.260 sec.
@I [HLS-100] Command "open_platform DefaultPlatform "
@I [HLS-100] Command 'open_platform' returned 0; elapsed 2.9e-05Total elapsed time: 1.260 sec.
@I [HLS-100] Command "import_lib /opt/Xilinx/Vivado_HLS/2014.4/common/technology/xilinx/zynq/zynq_fpv6 "
@I [HLS-100] Command "source /opt/Xilinx/Vivado_HLS/2014.4/common/technology/xilinx/common/xilinx_fpv7.lib "
@I [HLS-100] Command 'ap_source' returned 0; elapsed 0.003229Total elapsed time: 1.263 sec.
@I [HLS-100] Command "source /opt/Xilinx/Vivado_HLS/2014.4/common/technology/xilinx/common/xilinx_fpv.hlp "
@I [HLS-100] Command "source /opt/Xilinx/Vivado_HLS/2014.4/common/technology/xilinx/common/xilinx.hlp "
@I [HLS-100] Command "source /opt/Xilinx/Vivado_HLS/2014.4/common/technology/xilinx/common/target_info.tcl "
@I [HLS-100] Command 'ap_source' returned 0; elapsed 0.00017Total elapsed time: 1.270 sec.
@I [HLS-100] Command "source /opt/Xilinx/Vivado_HLS/2014.4/common/technology/xilinx/interface/xilinx_interface.hlp "
@I [HLS-100] Command "source /opt/Xilinx/Vivado_HLS/2014.4/common/technology/xilinx/interface/maxi.hlp "
@I [HLS-100] Command 'ap_source' returned 0; elapsed 0.000111Total elapsed time: 1.270 sec.
@I [HLS-100] Command "source /opt/Xilinx/Vivado_HLS/2014.4/common/technology/xilinx/interface/saxilite.hlp "
@I [HLS-100] Command 'ap_source' returned 0; elapsed 0.000102Total elapsed time: 1.271 sec.
@I [HLS-100] Command 'ap_source' returned 0; elapsed 0.000377Total elapsed time: 1.271 sec.
@I [HLS-100] Command "source /opt/Xilinx/Vivado_HLS/2014.4/common/technology/xilinx/common/dsp48.hlp "
@I [HLS-100] Command 'ap_source' returned 0; elapsed 0.000373Total elapsed time: 1.271 sec.
@I [HLS-100] Command 'ap_source' returned 0; elapsed 0.002033Total elapsed time: 1.272 sec.
@I [HLS-100] Command 'ap_source' returned 0; elapsed 0.002688Total elapsed time: 1.272 sec.
@I [HLS-100] Command 'import_lib' returned 0; elapsed 0.018149Total elapsed time: 1.278 sec.
@I [HLS-100] Command "source /opt/Xilinx/Vivado_HLS/2014.4/common/technology/xilinx/zynq/zynq_fpv6.gen "
@I [HLS-100] Command "source /opt/Xilinx/Vivado_HLS/2014.4/common/technology/xilinx/common/xilinx_fpv6.gen "
@I [HLS-100] Command 'ap_source' returned 0; elapsed 0.001718Total elapsed time: 1.280 sec.
@I [HLS-100] Command 'ap_source' returned 0; elapsed 0.001885Total elapsed time: 1.280 sec.
@I [HLS-100] Command 'add_library' returned 0; elapsed 0.031904Total elapsed time: 1.281 sec.
@I [HLS-10] Setting target device to 'xc7z020clg484-1'
@I [HLS-100] Command 'set_part' returned 0; elapsed 0.27038Total elapsed time: 1.281 sec.
@I [HLS-100] Command "create_clock -period 150MHz "
@I [HLS-100] Command "config_clock -quiet -name default -period 6.66667 -unit ns -default=false "
@I [SYN-201] Setting up clock 'default' with a period of 6.66667ns.
@I [HLS-100] Command 'config_clock' returned 0; elapsed 0.000106Total elapsed time: 1.282 sec.
@I [HLS-100] Command 'create_clock' returned 0; elapsed 0.001158Total elapsed time: 1.282 sec.
@I [HLS-100] Command "csim_design -mflags -j4 -O "
@E [SIM-1] 'csim_design' failed: compilation error(s).
@I [HLS-100] Command 'csim_design' returned 2; elapsed 0.054257Total elapsed time: 62.488 sec.
@I [HLS-100] Command 'ap_source' returned 1; elapsed 0.377401Total elapsed time: 62.634 sec.
@I [HLS-100] Command 'ap_source' returned 1; elapsed 0.378107Total elapsed time: 62.669 sec.
4
    while executing
"source ../share/generic.tcl"
    (file "run.tcl" line 44)
    invoked from within
"source [lindex $::argv 1] "
    ("uplevel" body line 1)
    invoked from within
"uplevel \#0 { source [lindex $::argv 1] } "

@I [HLS-100] Command "cleanup_all "
@I [HLS-100] Command 'cleanup_all' returned 0; elapsed 0.008941Total elapsed time: 64.35 sec.
