==============================================================
File generated by Vivado(TM) HLS - High-Level Synthesis from C, C++ and SystemC
Version: 2014.4
Copyright (C) 2014 Xilinx Inc. All rights reserved.

==============================================================

@I [HLS-10] Setting target device to 'xc7z020clg484-1'
@I [SYN-201] Setting up clock 'default' with a period of 6.66667ns.
@I [HLS-10] Analyzing design file 'top.cpp' ... 
@I [HLS-10] Validating synthesis directives ...
@I [HLS-10] Starting code transformations ...
@I [XFORM-501] Unrolling loop 'Loop-1' (/opt/Xilinx/Vivado_HLS/2014.4/common/technology/autopilot/hls/hls_video_core.h:511) in function 'hls::Mat<1080, 1920, 0>::read()' completely.
@I [XFORM-501] Unrolling loop 'Loop-1' (/opt/Xilinx/Vivado_HLS/2014.4/common/technology/autopilot/hls/hls_video_core.h:535) in function 'hls::Mat<1080, 1920, 0>::write(hls::Scalar<1, unsigned char>)' completely.
@I [XFORM-603] Inlining function 'hls::Mat<1080, 1920, 32>::init' into 'hls::Mat<1080, 1920, 32>::Mat.1' (/opt/Xilinx/Vivado_HLS/2014.4/common/technology/autopilot/hls/hls_video_core.h:476).
@I [XFORM-603] Inlining function 'hls::AXIGetBitFields<32, unsigned char>' into 'hls::AXIvideo2Mat<32, 1080, 1920, 32>' (/opt/Xilinx/Vivado_HLS/2014.4/common/technology/autopilot/hls/hls_video_io.h:92).
@I [XFORM-603] Inlining function 'hls::Mat<1080, 1920, 32>::write' into 'hls::Mat<1080, 1920, 32>::operator<<' (/opt/Xilinx/Vivado_HLS/2014.4/common/technology/autopilot/hls/hls_video_core.h:551).
@I [XFORM-603] Inlining function 'hls::Mat<1080, 1920, 32>::operator<<' into 'hls::PaintMask<32, 0, 1080, 1920>' (/opt/Xilinx/Vivado_HLS/2014.4/common/technology/autopilot/hls/hls_video_fast.h:482).
@I [XFORM-603] Inlining function 'hls::Mat<1080, 1920, 32>::operator<<' into 'hls::Duplicate<1080, 1920, 32, 32>' (/opt/Xilinx/Vivado_HLS/2014.4/common/technology/autopilot/hls/hls_video_arithm.h:1297).
@I [XFORM-603] Inlining function 'hls::Mat<1080, 1920, 32>::operator<<' into 'hls::Duplicate<1080, 1920, 32, 32>' (/opt/Xilinx/Vivado_HLS/2014.4/common/technology/autopilot/hls/hls_video_arithm.h:1296).
@I [XFORM-603] Inlining function 'hls::Mat<1080, 1920, 32>::operator<<' into 'hls::AXIvideo2Mat<32, 1080, 1920, 32>' (/opt/Xilinx/Vivado_HLS/2014.4/common/technology/autopilot/hls/hls_video_io.h:94).
@I [XFORM-603] Inlining function 'hls::Mat<1080, 1920, 0>::init' into 'hls::Mat<1080, 1920, 0>::Mat.1' (/opt/Xilinx/Vivado_HLS/2014.4/common/technology/autopilot/hls/hls_video_core.h:476).
@I [XFORM-603] Inlining function 'hls::Mat<1080, 1920, 32>::read' into 'hls::Mat<1080, 1920, 32>::operator>>' (/opt/Xilinx/Vivado_HLS/2014.4/common/technology/autopilot/hls/hls_video_core.h:545).
@I [XFORM-603] Inlining function 'hls::Mat<1080, 1920, 32>::operator>>' into 'hls::Mat2AXIvideo<32, 1080, 1920, 32>' (/opt/Xilinx/Vivado_HLS/2014.4/common/technology/autopilot/hls/hls_video_io.h:140).
@I [XFORM-603] Inlining function 'hls::Mat<1080, 1920, 32>::operator>>' into 'hls::PaintMask<32, 0, 1080, 1920>' (/opt/Xilinx/Vivado_HLS/2014.4/common/technology/autopilot/hls/hls_video_fast.h:472).
@I [XFORM-603] Inlining function 'hls::Mat<1080, 1920, 32>::operator>>' into 'hls::CvtColor<HLS_BGR2GRAY, 32, 0, 1080, 1920>' (/opt/Xilinx/Vivado_HLS/2014.4/common/technology/autopilot/hls/hls_video_imgproc.h:1053).
@I [XFORM-603] Inlining function 'hls::Mat<1080, 1920, 32>::operator>>' into 'hls::Duplicate<1080, 1920, 32, 32>' (/opt/Xilinx/Vivado_HLS/2014.4/common/technology/autopilot/hls/hls_video_arithm.h:1295).
@I [XFORM-603] Inlining function 'ap_fixed_base<8, 8, false, (ap_q_mode)0, (ap_o_mode)0, 0>::quantization_adjust' into 'ap_fixed_base<8, 8, false, (ap_q_mode)0, (ap_o_mode)0, 0>::ap_fixed_base<35, 11, true, (ap_q_mode)5, (ap_o_mode)3, 0>' ().
@I [XFORM-603] Inlining function 'ap_fixed_base<8, 8, false, (ap_q_mode)0, (ap_o_mode)0, 0>::overflow_adjust' into 'ap_fixed_base<8, 8, false, (ap_q_mode)0, (ap_o_mode)0, 0>::ap_fixed_base<35, 11, true, (ap_q_mode)5, (ap_o_mode)3, 0>' ().
@I [XFORM-603] Inlining function 'hls::ColorConverter<unsigned char, unsigned char>::convert<3>' into 'hls::kernel_CvtColor<HLS_BGR2GRAY, unsigned char, unsigned char>::apply<3, 1>' (/opt/Xilinx/Vivado_HLS/2014.4/common/technology/autopilot/hls/hls_video_imgproc.h:871).
@I [XFORM-603] Inlining function 'hls::Mat<1080, 1920, 0>::write' into 'hls::Mat<1080, 1920, 0>::operator<<' (/opt/Xilinx/Vivado_HLS/2014.4/common/technology/autopilot/hls/hls_video_core.h:551).
@I [XFORM-603] Inlining function 'hls::Mat<1080, 1920, 0>::operator<<' into 'hls::FAST_t_opr<16, 7, 0, 1080, 1920>' (/opt/Xilinx/Vivado_HLS/2014.4/common/technology/autopilot/hls/hls_video_fast.h:309).
@I [XFORM-603] Inlining function 'hls::Mat<1080, 1920, 0>::operator<<' into 'hls::CvtColor<HLS_BGR2GRAY, 32, 0, 1080, 1920>' (/opt/Xilinx/Vivado_HLS/2014.4/common/technology/autopilot/hls/hls_video_imgproc.h:1055).
@I [XFORM-603] Inlining function 'hls::Mat<1080, 1920, 0>::read' into 'hls::Mat<1080, 1920, 0>::operator>>' (/opt/Xilinx/Vivado_HLS/2014.4/common/technology/autopilot/hls/hls_video_core.h:545).
@I [XFORM-603] Inlining function 'hls::Mat<1080, 1920, 0>::operator>>' into 'hls::FAST_t_opr<16, 7, 0, 1080, 1920>' (/opt/Xilinx/Vivado_HLS/2014.4/common/technology/autopilot/hls/hls_video_fast.h:260).
@I [XFORM-603] Inlining function 'hls::Mat<1080, 1920, 0>::operator>>' into 'hls::PaintMask<32, 0, 1080, 1920>' (/opt/Xilinx/Vivado_HLS/2014.4/common/technology/autopilot/hls/hls_video_fast.h:473).
@I [XFORM-603] Inlining function 'hls::fast_pixel_diff<16, 7, 25, ap_uint<8>, int>' into 'hls::fast_judge<16, 7, ap_uint<8>, int>' (/opt/Xilinx/Vivado_HLS/2014.4/common/technology/autopilot/hls/hls_video_fast.h:164).
@I [XFORM-603] Inlining function 'hls::coreScore<16, 25, int, ap_uint<8> >' into 'hls::fast_judge<16, 7, ap_uint<8>, int>' (/opt/Xilinx/Vivado_HLS/2014.4/common/technology/autopilot/hls/hls_video_fast.h:182).
@I [XFORM-603] Inlining function 'hls::fast_judge<16, 7, ap_uint<8>, int>' into 'hls::FAST_t_opr<16, 7, 0, 1080, 1920>' (/opt/Xilinx/Vivado_HLS/2014.4/common/technology/autopilot/hls/hls_video_fast.h:283).
@I [XFORM-603] Inlining function 'hls::fast_nonmax<3, ap_int<16> >' into 'hls::FAST_t_opr<16, 7, 0, 1080, 1920>' (/opt/Xilinx/Vivado_HLS/2014.4/common/technology/autopilot/hls/hls_video_fast.h:299).
@I [XFORM-603] Inlining function 'hls::FASTX<0, 1080, 1920>' into 'image_filter' (top.cpp:69).
@I [XFORM-603] Inlining function 'ap_fixed_base<63, 43, true, (ap_q_mode)5, (ap_o_mode)3, 0>::to_double' into 'hls::getStructuringElement<unsigned char, int, int, 3, 3>' (/opt/Xilinx/Vivado_HLS/2014.4/common/technology/autopilot/hls/hls_video_imgproc.h:325).
@I [XFORM-603] Inlining function 'ap_fixed_base<12, 12, true, (ap_q_mode)0, (ap_o_mode)3, 0>::quantization_adjust' into 'ap_fixed_base<12, 12, true, (ap_q_mode)0, (ap_o_mode)3, 0>::ap_fixed_base' ().
@I [XFORM-603] Inlining function 'hls::getStructuringElement<unsigned char, int, int, 3, 3>' into 'hls::morp_opr<hls::dilate_kernel, hls::BORDER_REPLICATE, 0, 0, 1080, 1920>' (/opt/Xilinx/Vivado_HLS/2014.4/common/technology/autopilot/hls/hls_video_imgproc.h:677).
@I [XFORM-603] Inlining function 'hls::normalizeAnchor<int, int>' into 'hls::filter_opr<hls::dilate_kernel, hls::BORDER_REPLICATE>::filter<0, 0, unsigned char, int, 1080, 1920, 3, 3>' (/opt/Xilinx/Vivado_HLS/2014.4/common/technology/autopilot/hls/hls_video_imgproc.h:404).
@I [XFORM-603] Inlining function 'hls::Window<3, 3, unsigned char>::getval' into 'hls::Window<3, 3, unsigned char>::operator()' (/opt/Xilinx/Vivado_HLS/2014.4/common/technology/autopilot/hls/hls_video_mem.h:216).
@I [XFORM-603] Inlining function 'hls::Window<3, 3, unsigned char>::operator()' into 'hls::filter_opr<hls::dilate_kernel, hls::BORDER_REPLICATE>::filter<0, 0, unsigned char, int, 1080, 1920, 3, 3>' (/opt/Xilinx/Vivado_HLS/2014.4/common/technology/autopilot/hls/hls_video_imgproc.h:502).
@I [XFORM-603] Inlining function 'hls::Window<3, 3, unsigned char>::operator()' into 'hls::filter_opr<hls::dilate_kernel, hls::BORDER_REPLICATE>::filter<0, 0, unsigned char, int, 1080, 1920, 3, 3>' (/opt/Xilinx/Vivado_HLS/2014.4/common/technology/autopilot/hls/hls_video_imgproc.h:479).
@I [XFORM-603] Inlining function 'hls::Window<3, 3, unsigned char>::operator()' into 'hls::filter_opr<hls::dilate_kernel, hls::BORDER_REPLICATE>::filter<0, 0, unsigned char, int, 1080, 1920, 3, 3>' (/opt/Xilinx/Vivado_HLS/2014.4/common/technology/autopilot/hls/hls_video_imgproc.h:469).
@I [XFORM-603] Inlining function 'hls::Window<3, 3, unsigned char>::operator()' into 'hls::filter_opr<hls::dilate_kernel, hls::BORDER_REPLICATE>::filter<0, 0, unsigned char, int, 1080, 1920, 3, 3>' (/opt/Xilinx/Vivado_HLS/2014.4/common/technology/autopilot/hls/hls_video_imgproc.h:452).
@I [XFORM-603] Inlining function 'hls::Window<3, 3, unsigned char>::operator()' into 'hls::filter_opr<hls::dilate_kernel, hls::BORDER_REPLICATE>::filter<0, 0, unsigned char, int, 1080, 1920, 3, 3>' (/opt/Xilinx/Vivado_HLS/2014.4/common/technology/autopilot/hls/hls_video_imgproc.h:445).
@I [XFORM-603] Inlining function 'hls::Window<3, 3, unsigned char>::operator()' into 'hls::filter_opr<hls::dilate_kernel, hls::BORDER_REPLICATE>::filter<0, 0, unsigned char, int, 1080, 1920, 3, 3>' (/opt/Xilinx/Vivado_HLS/2014.4/common/technology/autopilot/hls/hls_video_imgproc.h:430).
@I [XFORM-603] Inlining function 'hls::Window<3, 3, unsigned char>::operator()' into 'hls::filter_opr<hls::dilate_kernel, hls::BORDER_REPLICATE>::filter<0, 0, unsigned char, int, 1080, 1920, 3, 3>' (/opt/Xilinx/Vivado_HLS/2014.4/common/technology/autopilot/hls/hls_video_imgproc.h:430).
@I [XFORM-603] Inlining function 'hls::LineBuffer<3, 1920, unsigned char>::getval' into 'hls::LineBuffer<3, 1920, unsigned char>::operator()' (/opt/Xilinx/Vivado_HLS/2014.4/common/technology/autopilot/hls/hls_video_mem.h:318).
@I [XFORM-603] Inlining function 'hls::LineBuffer<3, 1920, unsigned char>::operator()' into 'hls::filter_opr<hls::dilate_kernel, hls::BORDER_REPLICATE>::filter<0, 0, unsigned char, int, 1080, 1920, 3, 3>' (/opt/Xilinx/Vivado_HLS/2014.4/common/technology/autopilot/hls/hls_video_imgproc.h:460).
@I [XFORM-603] Inlining function 'hls::LineBuffer<3, 1920, unsigned char>::operator()' into 'hls::filter_opr<hls::dilate_kernel, hls::BORDER_REPLICATE>::filter<0, 0, unsigned char, int, 1080, 1920, 3, 3>' (/opt/Xilinx/Vivado_HLS/2014.4/common/technology/autopilot/hls/hls_video_imgproc.h:453).
@I [XFORM-603] Inlining function 'hls::LineBuffer<3, 1920, unsigned char>::operator()' into 'hls::filter_opr<hls::dilate_kernel, hls::BORDER_REPLICATE>::filter<0, 0, unsigned char, int, 1080, 1920, 3, 3>' (/opt/Xilinx/Vivado_HLS/2014.4/common/technology/autopilot/hls/hls_video_imgproc.h:436).
@I [XFORM-603] Inlining function 'hls::LineBuffer<3, 1, unsigned char>::getval' into 'hls::LineBuffer<3, 1, unsigned char>::operator()' (/opt/Xilinx/Vivado_HLS/2014.4/common/technology/autopilot/hls/hls_video_mem.h:318).
@I [XFORM-603] Inlining function 'hls::LineBuffer<3, 1, unsigned char>::operator()' into 'hls::filter_opr<hls::dilate_kernel, hls::BORDER_REPLICATE>::filter<0, 0, unsigned char, int, 1080, 1920, 3, 3>' (/opt/Xilinx/Vivado_HLS/2014.4/common/technology/autopilot/hls/hls_video_imgproc.h:502).
@I [XFORM-603] Inlining function 'hls::LineBuffer<3, 1, unsigned char>::operator()' into 'hls::filter_opr<hls::dilate_kernel, hls::BORDER_REPLICATE>::filter<0, 0, unsigned char, int, 1080, 1920, 3, 3>' (/opt/Xilinx/Vivado_HLS/2014.4/common/technology/autopilot/hls/hls_video_imgproc.h:469).
@I [XFORM-603] Inlining function 'hls::LineBuffer<3, 1, unsigned char>::operator()' into 'hls::filter_opr<hls::dilate_kernel, hls::BORDER_REPLICATE>::filter<0, 0, unsigned char, int, 1080, 1920, 3, 3>' (/opt/Xilinx/Vivado_HLS/2014.4/common/technology/autopilot/hls/hls_video_imgproc.h:451).
@I [XFORM-603] Inlining function 'hls::LineBuffer<3, 1, unsigned char>::operator()' into 'hls::filter_opr<hls::dilate_kernel, hls::BORDER_REPLICATE>::filter<0, 0, unsigned char, int, 1080, 1920, 3, 3>' (/opt/Xilinx/Vivado_HLS/2014.4/common/technology/autopilot/hls/hls_video_imgproc.h:444).
@I [XFORM-603] Inlining function 'hls::LineBuffer<3, 1, unsigned char>::operator()' into 'hls::filter_opr<hls::dilate_kernel, hls::BORDER_REPLICATE>::filter<0, 0, unsigned char, int, 1080, 1920, 3, 3>' (/opt/Xilinx/Vivado_HLS/2014.4/common/technology/autopilot/hls/hls_video_imgproc.h:436).
@I [XFORM-603] Inlining function 'hls::LineBuffer<3, 3, unsigned char>::getval' into 'hls::LineBuffer<3, 3, unsigned char>::operator()' (/opt/Xilinx/Vivado_HLS/2014.4/common/technology/autopilot/hls/hls_video_mem.h:318).
@I [XFORM-603] Inlining function 'hls::LineBuffer<3, 3, unsigned char>::operator()' into 'hls::filter_opr<hls::dilate_kernel, hls::BORDER_REPLICATE>::filter<0, 0, unsigned char, int, 1080, 1920, 3, 3>' (/opt/Xilinx/Vivado_HLS/2014.4/common/technology/autopilot/hls/hls_video_imgproc.h:479).
@I [XFORM-603] Inlining function 'hls::LineBuffer<3, 3, unsigned char>::operator()' into 'hls::filter_opr<hls::dilate_kernel, hls::BORDER_REPLICATE>::filter<0, 0, unsigned char, int, 1080, 1920, 3, 3>' (/opt/Xilinx/Vivado_HLS/2014.4/common/technology/autopilot/hls/hls_video_imgproc.h:455).
@I [XFORM-603] Inlining function 'hls::LineBuffer<3, 3, unsigned char>::operator()' into 'hls::filter_opr<hls::dilate_kernel, hls::BORDER_REPLICATE>::filter<0, 0, unsigned char, int, 1080, 1920, 3, 3>' (/opt/Xilinx/Vivado_HLS/2014.4/common/technology/autopilot/hls/hls_video_imgproc.h:447).
@I [XFORM-603] Inlining function 'hls::dilate_kernel::apply<0, unsigned char, unsigned char, unsigned char, 3, 3>' into 'hls::filter_opr<hls::dilate_kernel, hls::BORDER_REPLICATE>::filter<0, 0, unsigned char, int, 1080, 1920, 3, 3>' (/opt/Xilinx/Vivado_HLS/2014.4/common/technology/autopilot/hls/hls_video_imgproc.h:521).
@I [XFORM-603] Inlining function 'hls::filter_opr<hls::dilate_kernel, hls::BORDER_REPLICATE>::filter<0, 0, unsigned char, int, 1080, 1920, 3, 3>' into 'hls::morp_opr<hls::dilate_kernel, hls::BORDER_REPLICATE, 0, 0, 1080, 1920>' (/opt/Xilinx/Vivado_HLS/2014.4/common/technology/autopilot/hls/hls_video_imgproc.h:679).
@I [XFORM-603] Inlining function 'hls::morp_opr<hls::dilate_kernel, hls::BORDER_REPLICATE, 0, 0, 1080, 1920>' into 'hls::Dilate<0, 0, 1080, 1920>' (/opt/Xilinx/Vivado_HLS/2014.4/common/technology/autopilot/hls/hls_video_imgproc.h:747).
@I [XFORM-603] Inlining function 'hls::AXISetBitFields<32, unsigned char>' into 'hls::Mat2AXIvideo<32, 1080, 1920, 32>' (/opt/Xilinx/Vivado_HLS/2014.4/common/technology/autopilot/hls/hls_video_io.h:143).
@I [HLS-10] Checking synthesizability ...
@I [XFORM-602] Inlining function 'hls::sr_cast_class<ap_uint<8> >::operator()<35, 11, (ap_q_mode)5, (ap_o_mode)3>' into 'hls::sr_cast<unsigned char, ap_fixed<35, 11, (ap_q_mode)5, (ap_o_mode)3, 0> >' (/opt/Xilinx/Vivado_HLS/2014.4/common/technology/autopilot/hls/hls_video_types.h:474) automatically.
@I [XFORM-602] Inlining function 'hls::kernel_CvtColor<HLS_BGR2GRAY, unsigned char, unsigned char>::apply<3, 1>' into 'hls::CvtColor<HLS_BGR2GRAY, 32, 0, 1080, 1920>' (/opt/Xilinx/Vivado_HLS/2014.4/common/technology/autopilot/hls/hls_video_imgproc.h:1054) automatically.
@I [XFORM-602] Inlining function 'std::numeric_limits<int>::max' into 'hls::numeric_limits<int>::max' (/opt/Xilinx/Vivado_HLS/2014.4/common/technology/autopilot/hls/utils/x_hls_utils.h:73) automatically.
@I [XFORM-602] Inlining function 'std::numeric_limits<int>::min' into 'hls::numeric_limits<int>::min' (/opt/Xilinx/Vivado_HLS/2014.4/common/technology/autopilot/hls/utils/x_hls_utils.h:74) automatically.
@I [XFORM-602] Inlining function 'hls::numeric_limits<int>::max' into 'hls::FAST_t_opr<16, 7, 0, 1080, 1920>' (/opt/Xilinx/Vivado_HLS/2014.4/common/technology/autopilot/hls/hls_video_fast.h:123->/opt/Xilinx/Vivado_HLS/2014.4/common/technology/autopilot/hls/hls_video_fast.h:182->/opt/Xilinx/Vivado_HLS/2014.4/common/technology/autopilot/hls/hls_video_fast.h:283) automatically.
@I [XFORM-602] Inlining function 'hls::numeric_limits<int>::min' into 'hls::FAST_t_opr<16, 7, 0, 1080, 1920>' (/opt/Xilinx/Vivado_HLS/2014.4/common/technology/autopilot/hls/hls_video_fast.h:136->/opt/Xilinx/Vivado_HLS/2014.4/common/technology/autopilot/hls/hls_video_fast.h:182->/opt/Xilinx/Vivado_HLS/2014.4/common/technology/autopilot/hls/hls_video_fast.h:283) automatically.
@I [XFORM-602] Inlining function 'std::numeric_limits<unsigned char>::min' into 'hls::numeric_limits<unsigned char>::min' (/opt/Xilinx/Vivado_HLS/2014.4/common/technology/autopilot/hls/utils/x_hls_utils.h:74) automatically.
@I [XFORM-602] Inlining function 'hls::assert_cn' into 'hls::Dilate<0, 0, 1080, 1920>' (/opt/Xilinx/Vivado_HLS/2014.4/common/technology/autopilot/hls/hls_video_imgproc.h:746) automatically.
@I [XFORM-602] Inlining function 'hls::borderInterpolate' into 'hls::Dilate<0, 0, 1080, 1920>' (/opt/Xilinx/Vivado_HLS/2014.4/common/technology/autopilot/hls/hls_video_imgproc.h:425->/opt/Xilinx/Vivado_HLS/2014.4/common/technology/autopilot/hls/hls_video_imgproc.h:679->/opt/Xilinx/Vivado_HLS/2014.4/common/technology/autopilot/hls/hls_video_imgproc.h:747) automatically.
@I [XFORM-602] Inlining function 'hls::numeric_limits<unsigned char>::min' into 'hls::Dilate<0, 0, 1080, 1920>' (/opt/Xilinx/Vivado_HLS/2014.4/common/technology/autopilot/hls/hls_video_imgproc.h:177->/opt/Xilinx/Vivado_HLS/2014.4/common/technology/autopilot/hls/hls_video_imgproc.h:521->/opt/Xilinx/Vivado_HLS/2014.4/common/technology/autopilot/hls/hls_video_imgproc.h:679->/opt/Xilinx/Vivado_HLS/2014.4/common/technology/autopilot/hls/hls_video_imgproc.h:747) automatically.
@W [SYNCHK-23] /opt/Xilinx/Vivado_HLS/2014.4/common/technology/autopilot/hls/hls_axi_io.h:49: variable-indexed range selection may cause suboptimal QoR.
@I [SYNCHK-10] 0 error(s), 1 warning(s).
@W [XFORM-1103] Ignored data pack directive on non-struct variable '_src.data_stream.V' (top.cpp:56).
@W [XFORM-1103] Ignored data pack directive on non-struct variable 'src0.data_stream.V' (top.cpp:60).
@W [XFORM-1103] Ignored data pack directive on non-struct variable 'src1.data_stream.V' (top.cpp:61).
@W [XFORM-1103] Ignored data pack directive on non-struct variable 'gray.data_stream.V' (top.cpp:67).
@W [XFORM-1103] Ignored data pack directive on non-struct variable '_dst.data_stream.V' (top.cpp:57).
@W [XFORM-1103] Ignored data pack directive on non-struct variable 'mask.data_stream.V' (top.cpp:63).
@I [XFORM-502] Unrolling all sub-loops inside loop 'loop_width' (/opt/Xilinx/Vivado_HLS/2014.4/common/technology/autopilot/hls/hls_video_io.h:70) in function 'hls::AXIvideo2Mat<32, 1080, 1920, 32>' for pipelining.
@I [XFORM-502] Unrolling all sub-loops inside loop 'loop_width' (/opt/Xilinx/Vivado_HLS/2014.4/common/technology/autopilot/hls/hls_video_arithm.h:1292) in function 'hls::Duplicate<1080, 1920, 32, 32>' for pipelining.
@I [XFORM-502] Unrolling all sub-loops inside loop 'loop_width' (/opt/Xilinx/Vivado_HLS/2014.4/common/technology/autopilot/hls/hls_video_imgproc.h:1050) in function 'hls::CvtColor<HLS_BGR2GRAY, 32, 0, 1080, 1920>' for pipelining.
@I [XFORM-502] Unrolling all sub-loops inside loop 'loop_width' (/opt/Xilinx/Vivado_HLS/2014.4/common/technology/autopilot/hls/hls_video_imgproc.h:415) in function 'hls::Dilate<0, 0, 1080, 1920>' for pipelining.
@I [XFORM-502] Unrolling all sub-loops inside loop 'loop_width' (/opt/Xilinx/Vivado_HLS/2014.4/common/technology/autopilot/hls/hls_video_fast.h:469) in function 'hls::PaintMask<32, 0, 1080, 1920>' for pipelining.
@I [XFORM-502] Unrolling all sub-loops inside loop 'loop_width' (/opt/Xilinx/Vivado_HLS/2014.4/common/technology/autopilot/hls/hls_video_io.h:125) in function 'hls::Mat2AXIvideo<32, 1080, 1920, 32>' for pipelining.
@I [XFORM-502] Unrolling all sub-loops inside loop 'loop_width' (/opt/Xilinx/Vivado_HLS/2014.4/common/technology/autopilot/hls/hls_video_fast.h:244) in function 'hls::FAST_t_opr<16, 7, 0, 1080, 1920>' for pipelining.
@I [XFORM-501] Unrolling loop 'loop_channels' (/opt/Xilinx/Vivado_HLS/2014.4/common/technology/autopilot/hls/hls_video_io.h:91) in function 'hls::AXIvideo2Mat<32, 1080, 1920, 32>' completely.
@I [XFORM-501] Unrolling loop 'Loop-2.1.2' (/opt/Xilinx/Vivado_HLS/2014.4/common/technology/autopilot/hls/hls_video_core.h:535) in function 'hls::AXIvideo2Mat<32, 1080, 1920, 32>' completely.
@I [XFORM-501] Unrolling loop 'Loop-1.1.1' (/opt/Xilinx/Vivado_HLS/2014.4/common/technology/autopilot/hls/hls_video_core.h:511) in function 'hls::Duplicate<1080, 1920, 32, 32>' completely.
@I [XFORM-501] Unrolling loop 'Loop-1.1.2' (/opt/Xilinx/Vivado_HLS/2014.4/common/technology/autopilot/hls/hls_video_core.h:535) in function 'hls::Duplicate<1080, 1920, 32, 32>' completely.
@I [XFORM-501] Unrolling loop 'Loop-1.1.3' (/opt/Xilinx/Vivado_HLS/2014.4/common/technology/autopilot/hls/hls_video_core.h:535) in function 'hls::Duplicate<1080, 1920, 32, 32>' completely.
@I [XFORM-501] Unrolling loop 'Loop-1.1.1' (/opt/Xilinx/Vivado_HLS/2014.4/common/technology/autopilot/hls/hls_video_core.h:511) in function 'hls::CvtColor<HLS_BGR2GRAY, 32, 0, 1080, 1920>' completely.
@I [XFORM-501] Unrolling loop 'Loop-6.1.1' (/opt/Xilinx/Vivado_HLS/2014.4/common/technology/autopilot/hls/hls_video_imgproc.h:428) in function 'hls::Dilate<0, 0, 1080, 1920>' completely.
@I [XFORM-501] Unrolling loop 'Loop-6.1.1.1' (/opt/Xilinx/Vivado_HLS/2014.4/common/technology/autopilot/hls/hls_video_imgproc.h:429) in function 'hls::Dilate<0, 0, 1080, 1920>' completely.
@I [XFORM-501] Unrolling loop 'Loop-6.1.2' (/opt/Xilinx/Vivado_HLS/2014.4/common/technology/autopilot/hls/hls_video_imgproc.h:432) in function 'hls::Dilate<0, 0, 1080, 1920>' completely.
@I [XFORM-501] Unrolling loop 'Loop-6.1.3' (/opt/Xilinx/Vivado_HLS/2014.4/common/technology/autopilot/hls/hls_video_imgproc.h:449) in function 'hls::Dilate<0, 0, 1080, 1920>' completely.
@I [XFORM-501] Unrolling loop 'Loop-6.1.4' (/opt/Xilinx/Vivado_HLS/2014.4/common/technology/autopilot/hls/hls_video_imgproc.h:464) in function 'hls::Dilate<0, 0, 1080, 1920>' completely.
@I [XFORM-501] Unrolling loop 'Loop-6.1.5' (/opt/Xilinx/Vivado_HLS/2014.4/common/technology/autopilot/hls/hls_video_imgproc.h:474) in function 'hls::Dilate<0, 0, 1080, 1920>' completely.
@I [XFORM-501] Unrolling loop 'Loop-6.1.6' (/opt/Xilinx/Vivado_HLS/2014.4/common/technology/autopilot/hls/hls_video_imgproc.h:491) in function 'hls::Dilate<0, 0, 1080, 1920>' completely.
@I [XFORM-501] Unrolling loop 'loop_height' (/opt/Xilinx/Vivado_HLS/2014.4/common/technology/autopilot/hls/hls_video_imgproc.h:179) in function 'hls::Dilate<0, 0, 1080, 1920>' completely.
@I [XFORM-501] Unrolling loop 'loop_width' (/opt/Xilinx/Vivado_HLS/2014.4/common/technology/autopilot/hls/hls_video_imgproc.h:181) in function 'hls::Dilate<0, 0, 1080, 1920>' completely.
@I [XFORM-501] Unrolling loop 'Loop-1.1.1' (/opt/Xilinx/Vivado_HLS/2014.4/common/technology/autopilot/hls/hls_video_core.h:511) in function 'hls::PaintMask<32, 0, 1080, 1920>' completely.
@I [XFORM-501] Unrolling loop 'Loop-1.1.2' (/opt/Xilinx/Vivado_HLS/2014.4/common/technology/autopilot/hls/hls_video_core.h:535) in function 'hls::PaintMask<32, 0, 1080, 1920>' completely.
@I [XFORM-501] Unrolling loop 'Loop-1.1.1' (/opt/Xilinx/Vivado_HLS/2014.4/common/technology/autopilot/hls/hls_video_core.h:511) in function 'hls::Mat2AXIvideo<32, 1080, 1920, 32>' completely.
@I [XFORM-501] Unrolling loop 'loop_channels' (/opt/Xilinx/Vivado_HLS/2014.4/common/technology/autopilot/hls/hls_video_io.h:142) in function 'hls::Mat2AXIvideo<32, 1080, 1920, 32>' completely.
@I [XFORM-501] Unrolling loop 'Loop-1.1.1' (/opt/Xilinx/Vivado_HLS/2014.4/common/technology/autopilot/hls/hls_video_fast.h:249) in function 'hls::FAST_t_opr<16, 7, 0, 1080, 1920>' completely.
@I [XFORM-501] Unrolling loop 'Loop-1.1.1.1' (/opt/Xilinx/Vivado_HLS/2014.4/common/technology/autopilot/hls/hls_video_fast.h:250) in function 'hls::FAST_t_opr<16, 7, 0, 1080, 1920>' completely.
@I [XFORM-501] Unrolling loop 'Loop-1.1.2' (/opt/Xilinx/Vivado_HLS/2014.4/common/technology/autopilot/hls/hls_video_fast.h:255) in function 'hls::FAST_t_opr<16, 7, 0, 1080, 1920>' completely.
@I [XFORM-501] Unrolling loop 'Loop-1.1.3' (/opt/Xilinx/Vivado_HLS/2014.4/common/technology/autopilot/hls/hls_video_fast.h:265) in function 'hls::FAST_t_opr<16, 7, 0, 1080, 1920>' completely.
@I [XFORM-501] Unrolling loop 'Loop-1.1.3.1' (/opt/Xilinx/Vivado_HLS/2014.4/common/technology/autopilot/hls/hls_video_fast.h:267) in function 'hls::FAST_t_opr<16, 7, 0, 1080, 1920>' completely.
@I [XFORM-501] Unrolling loop 'Loop-1.1.4' (/opt/Xilinx/Vivado_HLS/2014.4/common/technology/autopilot/hls/hls_video_fast.h:273) in function 'hls::FAST_t_opr<16, 7, 0, 1080, 1920>' completely.
@I [XFORM-501] Unrolling loop 'Loop-1.1.5' (/opt/Xilinx/Vivado_HLS/2014.4/common/technology/autopilot/hls/hls_video_fast.h:55) in function 'hls::FAST_t_opr<16, 7, 0, 1080, 1920>' completely.
@I [XFORM-501] Unrolling loop 'Loop-1.1.6' (/opt/Xilinx/Vivado_HLS/2014.4/common/technology/autopilot/hls/hls_video_fast.h:166) in function 'hls::FAST_t_opr<16, 7, 0, 1080, 1920>' completely.
@I [XFORM-501] Unrolling loop 'Loop-1.1.7' (/opt/Xilinx/Vivado_HLS/2014.4/common/technology/autopilot/hls/hls_video_fast.h:104) in function 'hls::FAST_t_opr<16, 7, 0, 1080, 1920>' completely.
@I [XFORM-501] Unrolling loop 'Loop-1.1.8' (/opt/Xilinx/Vivado_HLS/2014.4/common/technology/autopilot/hls/hls_video_fast.h:108) in function 'hls::FAST_t_opr<16, 7, 0, 1080, 1920>' completely.
@I [XFORM-501] Unrolling loop 'Loop-1.1.9' (/opt/Xilinx/Vivado_HLS/2014.4/common/technology/autopilot/hls/hls_video_fast.h:113) in function 'hls::FAST_t_opr<16, 7, 0, 1080, 1920>' completely.
@I [XFORM-501] Unrolling loop 'Loop-1.1.10' (/opt/Xilinx/Vivado_HLS/2014.4/common/technology/autopilot/hls/hls_video_fast.h:122) in function 'hls::FAST_t_opr<16, 7, 0, 1080, 1920>' completely.
@I [XFORM-501] Unrolling loop 'Loop-1.1.11' (/opt/Xilinx/Vivado_HLS/2014.4/common/technology/autopilot/hls/hls_video_fast.h:135) in function 'hls::FAST_t_opr<16, 7, 0, 1080, 1920>' completely.
@I [XFORM-501] Unrolling loop 'Loop-1.1.12' (/opt/Xilinx/Vivado_HLS/2014.4/common/technology/autopilot/hls/hls_video_fast.h:193) in function 'hls::FAST_t_opr<16, 7, 0, 1080, 1920>' completely.
@I [XFORM-501] Unrolling loop 'Loop-1.1.13' (/opt/Xilinx/Vivado_HLS/2014.4/common/technology/autopilot/hls/hls_video_fast.h:199) in function 'hls::FAST_t_opr<16, 7, 0, 1080, 1920>' completely.
@I [XFORM-102] Partitioning array 's.val.assign' (/opt/Xilinx/Vivado_HLS/2014.4/common/technology/autopilot/hls/hls_video_core.h:452) automatically.
@I [XFORM-102] Partitioning array 's.val.assign.1' (/opt/Xilinx/Vivado_HLS/2014.4/common/technology/autopilot/hls/hls_video_core.h:452) automatically.
@I [XFORM-102] Partitioning array 's.val.assign.2' (/opt/Xilinx/Vivado_HLS/2014.4/common/technology/autopilot/hls/hls_video_core.h:452) automatically.
@I [XFORM-102] Partitioning array 'flag_d_min8' (/opt/Xilinx/Vivado_HLS/2014.4/common/technology/autopilot/hls/hls_video_fast.h:97) automatically.
@I [XFORM-102] Partitioning array 'flag_d_max8' (/opt/Xilinx/Vivado_HLS/2014.4/common/technology/autopilot/hls/hls_video_fast.h:98) automatically.
@I [XFORM-102] Partitioning array 's.val.assign.4' (/opt/Xilinx/Vivado_HLS/2014.4/common/technology/autopilot/hls/hls_video_core.h:452) automatically.
@I [XFORM-102] Partitioning array '' automatically.
@I [XFORM-102] Automatically partitioning streamed array 'mask.data_stream.V' (top.cpp:63) .
@I [XFORM-102] Automatically partitioning streamed array '_dst.data_stream.V' (top.cpp:57) .
@I [XFORM-102] Automatically partitioning streamed array '_src.data_stream.V' (top.cpp:56) .
@I [XFORM-102] Automatically partitioning streamed array 'src0.data_stream.V' (top.cpp:60) .
@I [XFORM-102] Automatically partitioning streamed array 'src1.data_stream.V' (top.cpp:61) .
@I [XFORM-102] Automatically partitioning streamed array 'dmask.data_stream.V' (top.cpp:64) .
@I [XFORM-102] Automatically partitioning streamed array 'gray.data_stream.V' (top.cpp:67) .
@I [XFORM-101] Partitioning array 'color.val'  in dimension 1 completely.
@I [XFORM-101] Partitioning array 'pix.val' (/opt/Xilinx/Vivado_HLS/2014.4/common/technology/autopilot/hls/hls_video_io.h:54) in dimension 1 completely.
@I [XFORM-101] Partitioning array 's.val' (/opt/Xilinx/Vivado_HLS/2014.4/common/technology/autopilot/hls/hls_video_arithm.h:1290) in dimension 1 completely.
@I [XFORM-101] Partitioning array 'scl.val' (/opt/Xilinx/Vivado_HLS/2014.4/common/technology/autopilot/hls/hls_video_core.h:504) in dimension 1 completely.
@I [XFORM-101] Partitioning array 'kernel_opr.par.val.V'  in dimension 1 completely.
@I [XFORM-101] Partitioning array '_s.val' (/opt/Xilinx/Vivado_HLS/2014.4/common/technology/autopilot/hls/hls_video_imgproc.h:1047) in dimension 1 completely.
@I [XFORM-101] Partitioning array '_d.val' (/opt/Xilinx/Vivado_HLS/2014.4/common/technology/autopilot/hls/hls_video_imgproc.h:1048) in dimension 1 completely.
@I [XFORM-101] Partitioning array 'scl.val' (/opt/Xilinx/Vivado_HLS/2014.4/common/technology/autopilot/hls/hls_video_core.h:504) in dimension 1 completely.
@I [XFORM-101] Partitioning array 'temp_kernel.val'  in dimension 1 completely.
@I [XFORM-101] Partitioning array 'src_kernel_win.val' (/opt/Xilinx/Vivado_HLS/2014.4/common/technology/autopilot/hls/hls_video_imgproc.h:377) in dimension 1 completely.
@I [XFORM-101] Partitioning array 'k_buf.val' (/opt/Xilinx/Vivado_HLS/2014.4/common/technology/autopilot/hls/hls_video_imgproc.h:379) in dimension 1 completely.
@I [XFORM-101] Partitioning array 'right_border_buf.val' (/opt/Xilinx/Vivado_HLS/2014.4/common/technology/autopilot/hls/hls_video_imgproc.h:382) in dimension 1 completely.
@I [XFORM-101] Partitioning array 'col_buf.val' (/opt/Xilinx/Vivado_HLS/2014.4/common/technology/autopilot/hls/hls_video_imgproc.h:384) in dimension 1 completely.
@I [XFORM-101] Partitioning array 's.val' (/opt/Xilinx/Vivado_HLS/2014.4/common/technology/autopilot/hls/hls_video_fast.h:465) in dimension 1 completely.
@I [XFORM-101] Partitioning array 'd.val' (/opt/Xilinx/Vivado_HLS/2014.4/common/technology/autopilot/hls/hls_video_fast.h:466) in dimension 1 completely.
@I [XFORM-101] Partitioning array 'm.val' (/opt/Xilinx/Vivado_HLS/2014.4/common/technology/autopilot/hls/hls_video_fast.h:467) in dimension 1 completely.
@I [XFORM-101] Partitioning array 'scl.val' (/opt/Xilinx/Vivado_HLS/2014.4/common/technology/autopilot/hls/hls_video_core.h:504) in dimension 1 completely.
@I [XFORM-101] Partitioning array 'scl.val.1' (/opt/Xilinx/Vivado_HLS/2014.4/common/technology/autopilot/hls/hls_video_core.h:504) in dimension 1 completely.
@I [XFORM-101] Partitioning array 'pix.val' (/opt/Xilinx/Vivado_HLS/2014.4/common/technology/autopilot/hls/hls_video_io.h:115) in dimension 1 completely.
@I [XFORM-101] Partitioning array 'scl.val' (/opt/Xilinx/Vivado_HLS/2014.4/common/technology/autopilot/hls/hls_video_core.h:504) in dimension 1 completely.
@I [XFORM-101] Partitioning array 'k_buf.val.V' (/opt/Xilinx/Vivado_HLS/2014.4/common/technology/autopilot/hls/hls_video_fast.h:220) in dimension 1 completely.
@I [XFORM-101] Partitioning array 'core_buf.val.V' (/opt/Xilinx/Vivado_HLS/2014.4/common/technology/autopilot/hls/hls_video_fast.h:221) in dimension 1 completely.
@I [XFORM-101] Partitioning array 'core_win.val.V' (/opt/Xilinx/Vivado_HLS/2014.4/common/technology/autopilot/hls/hls_video_fast.h:222) in dimension 1 completely.
@I [XFORM-101] Partitioning array 'win.val.V' (/opt/Xilinx/Vivado_HLS/2014.4/common/technology/autopilot/hls/hls_video_fast.h:223) in dimension 1 completely.
@I [XFORM-101] Partitioning array 's.val' (/opt/Xilinx/Vivado_HLS/2014.4/common/technology/autopilot/hls/hls_video_fast.h:224) in dimension 1 completely.
@I [XFORM-101] Partitioning array 'd.val' (/opt/Xilinx/Vivado_HLS/2014.4/common/technology/autopilot/hls/hls_video_fast.h:225) in dimension 1 completely.
@I [XFORM-101] Partitioning array 'flag_val.V.assign'  in dimension 1 completely.
@I [XFORM-101] Partitioning array 'flag_d.assign'  in dimension 1 completely.
@I [XFORM-101] Partitioning array 'scl.val' (/opt/Xilinx/Vivado_HLS/2014.4/common/technology/autopilot/hls/hls_video_core.h:504) in dimension 1 completely.
@I [XFORM-101] Partitioning array 'flag_d_min2' (/opt/Xilinx/Vivado_HLS/2014.4/common/technology/autopilot/hls/hls_video_fast.h:93) in dimension 1 completely.
@I [XFORM-101] Partitioning array 'flag_d_max2' (/opt/Xilinx/Vivado_HLS/2014.4/common/technology/autopilot/hls/hls_video_fast.h:94) in dimension 1 completely.
@I [XFORM-101] Partitioning array 'flag_d_min4' (/opt/Xilinx/Vivado_HLS/2014.4/common/technology/autopilot/hls/hls_video_fast.h:95) in dimension 1 completely.
@I [XFORM-101] Partitioning array 'flag_d_max4' (/opt/Xilinx/Vivado_HLS/2014.4/common/technology/autopilot/hls/hls_video_fast.h:96) in dimension 1 completely.
@I [XFORM-101] Partitioning array 'mask.data_stream.V' (top.cpp:63) in dimension 1 completely.
@I [XFORM-101] Partitioning array '_dst.data_stream.V' (top.cpp:57) in dimension 1 completely.
@I [XFORM-101] Partitioning array '_src.data_stream.V' (top.cpp:56) in dimension 1 completely.
@I [XFORM-101] Partitioning array 'src0.data_stream.V' (top.cpp:60) in dimension 1 completely.
@I [XFORM-101] Partitioning array 'src1.data_stream.V' (top.cpp:61) in dimension 1 completely.
@I [XFORM-101] Partitioning array 'dmask.data_stream.V' (top.cpp:64) in dimension 1 completely.
@I [XFORM-101] Partitioning array 'gray.data_stream.V' (top.cpp:67) in dimension 1 completely.
@I [XFORM-101] Partitioning array 'temp_kernel.val.0'  in dimension 1 completely.
@I [XFORM-101] Partitioning array 'temp_kernel.val.1'  in dimension 1 completely.
@I [XFORM-101] Partitioning array 'temp_kernel.val.2'  in dimension 1 completely.
@I [XFORM-101] Partitioning array 'src_kernel_win.val.0' (/opt/Xilinx/Vivado_HLS/2014.4/common/technology/autopilot/hls/hls_video_imgproc.h:377) in dimension 1 completely.
@I [XFORM-101] Partitioning array 'k_buf.val.0' (/opt/Xilinx/Vivado_HLS/2014.4/common/technology/autopilot/hls/hls_video_imgproc.h:379) in dimension 1 completely.
@I [XFORM-101] Partitioning array 'right_border_buf.val.0' (/opt/Xilinx/Vivado_HLS/2014.4/common/technology/autopilot/hls/hls_video_imgproc.h:382) in dimension 1 completely.
@I [XFORM-101] Partitioning array 'col_buf.val.0' (/opt/Xilinx/Vivado_HLS/2014.4/common/technology/autopilot/hls/hls_video_imgproc.h:384) in dimension 1 completely.
@I [XFORM-101] Partitioning array 'core_win.val.V.0' (/opt/Xilinx/Vivado_HLS/2014.4/common/technology/autopilot/hls/hls_video_fast.h:222) in dimension 1 completely.
@I [XFORM-101] Partitioning array 'core_win.val.V.1' (/opt/Xilinx/Vivado_HLS/2014.4/common/technology/autopilot/hls/hls_video_fast.h:222) in dimension 1 completely.
@I [XFORM-101] Partitioning array 'core_win.val.V.2' (/opt/Xilinx/Vivado_HLS/2014.4/common/technology/autopilot/hls/hls_video_fast.h:222) in dimension 1 completely.
@I [XFORM-101] Partitioning array 'win.val.V.0' (/opt/Xilinx/Vivado_HLS/2014.4/common/technology/autopilot/hls/hls_video_fast.h:223) in dimension 1 completely.
@I [XFORM-101] Partitioning array 'win.val.V.1' (/opt/Xilinx/Vivado_HLS/2014.4/common/technology/autopilot/hls/hls_video_fast.h:223) in dimension 1 completely.
@I [XFORM-101] Partitioning array 'win.val.V.2' (/opt/Xilinx/Vivado_HLS/2014.4/common/technology/autopilot/hls/hls_video_fast.h:223) in dimension 1 completely.
@I [XFORM-101] Partitioning array 'win.val.V.3' (/opt/Xilinx/Vivado_HLS/2014.4/common/technology/autopilot/hls/hls_video_fast.h:223) in dimension 1 completely.
@I [XFORM-101] Partitioning array 'win.val.V.4' (/opt/Xilinx/Vivado_HLS/2014.4/common/technology/autopilot/hls/hls_video_fast.h:223) in dimension 1 completely.
@I [XFORM-101] Partitioning array 'win.val.V.5' (/opt/Xilinx/Vivado_HLS/2014.4/common/technology/autopilot/hls/hls_video_fast.h:223) in dimension 1 completely.
@I [XFORM-101] Partitioning array 'win.val.V.6' (/opt/Xilinx/Vivado_HLS/2014.4/common/technology/autopilot/hls/hls_video_fast.h:223) in dimension 1 completely.
@I [XFORM-101] Partitioning array 'src_kernel_win.val.0.0' (/opt/Xilinx/Vivado_HLS/2014.4/common/technology/autopilot/hls/hls_video_imgproc.h:377) in dimension 1 completely.
@I [XFORM-101] Partitioning array 'src_kernel_win.val.0.1' (/opt/Xilinx/Vivado_HLS/2014.4/common/technology/autopilot/hls/hls_video_imgproc.h:377) in dimension 1 completely.
@I [XFORM-101] Partitioning array 'src_kernel_win.val.0.2' (/opt/Xilinx/Vivado_HLS/2014.4/common/technology/autopilot/hls/hls_video_imgproc.h:377) in dimension 1 completely.
@I [XFORM-101] Partitioning array 'right_border_buf.val.0.0' (/opt/Xilinx/Vivado_HLS/2014.4/common/technology/autopilot/hls/hls_video_imgproc.h:382) in dimension 1 completely.
@I [XFORM-101] Partitioning array 'right_border_buf.val.0.1' (/opt/Xilinx/Vivado_HLS/2014.4/common/technology/autopilot/hls/hls_video_imgproc.h:382) in dimension 1 completely.
@I [XFORM-101] Partitioning array 'right_border_buf.val.0.2' (/opt/Xilinx/Vivado_HLS/2014.4/common/technology/autopilot/hls/hls_video_imgproc.h:382) in dimension 1 completely.
@I [XFORM-101] Partitioning array 'col_buf.val.0.0' (/opt/Xilinx/Vivado_HLS/2014.4/common/technology/autopilot/hls/hls_video_imgproc.h:384) in dimension 1 completely.
@I [XFORM-101] Partitioning array 'col_buf.val.0.1' (/opt/Xilinx/Vivado_HLS/2014.4/common/technology/autopilot/hls/hls_video_imgproc.h:384) in dimension 1 completely.
@I [XFORM-101] Partitioning array 'col_buf.val.0.2' (/opt/Xilinx/Vivado_HLS/2014.4/common/technology/autopilot/hls/hls_video_imgproc.h:384) in dimension 1 completely.
@I [XFORM-602] Inlining function 'hls::sr_cast_class<ap_uint<8> >::operator()<35, 11, (ap_q_mode)5, (ap_o_mode)3>' into 'hls::sr_cast<unsigned char, ap_fixed<35, 11, (ap_q_mode)5, (ap_o_mode)3, 0> >' (/opt/Xilinx/Vivado_HLS/2014.4/common/technology/autopilot/hls/hls_video_types.h:474) automatically.
@I [XFORM-602] Inlining function 'hls::sr_cast<unsigned char, ap_fixed<35, 11, (ap_q_mode)5, (ap_o_mode)3, 0> >' into 'hls::kernel_CvtColor<HLS_BGR2GRAY, unsigned char, unsigned char>::apply<3, 1>' (/opt/Xilinx/Vivado_HLS/2014.4/common/technology/autopilot/hls/hls_video_imgproc.h:857->/opt/Xilinx/Vivado_HLS/2014.4/common/technology/autopilot/hls/hls_video_imgproc.h:871) automatically.
@I [XFORM-602] Inlining function 'hls::kernel_CvtColor<HLS_BGR2GRAY, unsigned char, unsigned char>::apply<3, 1>' into 'hls::CvtColor<HLS_BGR2GRAY, 32, 0, 1080, 1920>' (/opt/Xilinx/Vivado_HLS/2014.4/common/technology/autopilot/hls/hls_video_imgproc.h:1054) automatically.
@I [XFORM-712] Applying dataflow to function 'image_filter' (top.cpp:44), detected/extracted 8 process function(s):
	 'Block__proc'
	 'hls::AXIvideo2Mat<32, 1080, 1920, 32>'
	 'Block_Mat.exit1220_proc1'
	 'Block_Mat.exit1222_proc1'
	 'hls::FAST_t_opr<16, 7, 0, 1080, 1920>'
	 'hls::Dilate<0, 0, 1080, 1920>'
	 'hls::PaintMask<32, 0, 1080, 1920>'
	 'hls::Mat2AXIvideo<32, 1080, 1920, 32>'.
@W [XFORM-561] Updating loop upper bound from 4100 to 1085 for loop 'loop_height' in function 'hls::Dilate<0, 0, 1080, 1920>'.
@W [XFORM-561] Updating loop lower bound from 5 to 13 for loop 'loop_height' in function 'hls::Dilate<0, 0, 1080, 1920>'.
@I [XFORM-401] Performing if-conversion on hyperblock from (/opt/Xilinx/Vivado_HLS/2014.4/common/technology/autopilot/hls/hls_video_imgproc.h:1050:48) to (/opt/Xilinx/Vivado_HLS/2014.4/common/technology/autopilot/hls/hls_video_imgproc.h:1050:42) in function 'hls::CvtColor<HLS_BGR2GRAY, 32, 0, 1080, 1920>'... converting 7 basic blocks.
@I [XFORM-401] Performing if-conversion on hyperblock from (/opt/Xilinx/Vivado_HLS/2014.4/common/technology/autopilot/hls/hls_video_imgbase.h:113:35) to (/opt/Xilinx/Vivado_HLS/2014.4/common/technology/autopilot/hls/hls_video_imgbase.h:154:1) in function 'hls::borderInterpolate'... converting 3 basic blocks.
@I [XFORM-401] Performing if-conversion on hyperblock from (/opt/Xilinx/Vivado_HLS/2014.4/common/technology/autopilot/hls/hls_video_fast.h:61:12) to (/opt/Xilinx/Vivado_HLS/2014.4/common/technology/autopilot/hls/hls_video_fast.h:181:5) in function 'hls::FAST_t_opr<16, 7, 0, 1080, 1920>'... converting 67 basic blocks.
@I [XFORM-401] Performing if-conversion on hyperblock from (/opt/Xilinx/Vivado_HLS/2014.4/common/technology/autopilot/hls/hls_video_fast.h:295:17) to (/opt/Xilinx/Vivado_HLS/2014.4/common/technology/autopilot/hls/hls_video_fast.h:307:16) in function 'hls::FAST_t_opr<16, 7, 0, 1080, 1920>'... converting 3 basic blocks.
@I [XFORM-401] Performing if-conversion on hyperblock from (/opt/Xilinx/Vivado_HLS/2014.4/common/technology/autopilot/hls/hls_video_imgproc.h:479:107) to (/opt/Xilinx/Vivado_HLS/2014.4/common/technology/autopilot/hls/hls_video_imgproc.h:479:107) in function 'hls::Dilate<0, 0, 1080, 1920>'... converting 7 basic blocks.
@I [XFORM-401] Performing if-conversion on hyperblock to (/opt/Xilinx/Vivado_HLS/2014.4/common/technology/autopilot/hls/hls_video_imgproc.h:502:72) in function 'hls::Dilate<0, 0, 1080, 1920>'... converting 7 basic blocks.
@I [XFORM-401] Performing if-conversion on hyperblock from (/opt/Xilinx/Vivado_HLS/2014.4/common/technology/autopilot/hls/hls_video_imgproc.h:455:54) to (/opt/Xilinx/Vivado_HLS/2014.4/common/technology/autopilot/hls/hls_video_imgproc.h:455:54) in function 'hls::Dilate<0, 0, 1080, 1920>'... converting 4 basic blocks.
@I [XFORM-602] Inlining function 'hls::borderInterpolate' into 'hls::Dilate<0, 0, 1080, 1920>' (/opt/Xilinx/Vivado_HLS/2014.4/common/technology/autopilot/hls/hls_video_imgproc.h:425->/opt/Xilinx/Vivado_HLS/2014.4/common/technology/autopilot/hls/hls_video_imgproc.h:679->/opt/Xilinx/Vivado_HLS/2014.4/common/technology/autopilot/hls/hls_video_imgproc.h:747) automatically.
@I [XFORM-11] Balancing expressions in function 'Block__proc' (/opt/Xilinx/Vivado_HLS/2014.4/common/technology/autopilot/hls/hls_video_core.h:488:2)...3 expression(s) balanced.
@I [XFORM-11] Balancing expressions in function 'hls::FAST_t_opr<16, 7, 0, 1080, 1920>' (/opt/Xilinx/Vivado_HLS/2014.4/common/technology/autopilot/hls/hls_video_fast.h:61:13)...26 expression(s) balanced.
@W [XFORM-631] Renaming function 'hls::Duplicate<1080, 1920, 32, 32>' (/opt/Xilinx/Vivado_HLS/2014.4/common/technology/autopilot/hls/hls_video_arithm.h:1277) into Duplicate<1080, 1920, 32, 32>.
@W [XFORM-631] Renaming function 'hls::CvtColor<HLS_BGR2GRAY, 32, 0, 1080, 1920>' (/opt/Xilinx/Vivado_HLS/2014.4/common/technology/autopilot/hls/hls_video_imgproc.h:398:42) into CvtColor.
@W [XFORM-631] Renaming function 'hls::AXIvideo2Mat<32, 1080, 1920, 32>' (/opt/Xilinx/Vivado_HLS/2014.4/common/technology/autopilot/hls/hls_video_io.h:49:46) into AXIvideo2Mat.
@W [XFORM-631] Renaming function 'hls::FAST_t_opr<16, 7, 0, 1080, 1920>' (/opt/Xilinx/Vivado_HLS/2014.4/common/technology/autopilot/hls/hls_video_fast.h:61:13) into FAST_t_opr.
@W [XFORM-631] Renaming function 'hls::Dilate<0, 0, 1080, 1920>' (/opt/Xilinx/Vivado_HLS/2014.4/common/technology/autopilot/hls/hls_video_imgproc.h:743) into Dilate<0, 0, 1080, 1920>.
@W [XFORM-631] Renaming function 'hls::PaintMask<32, 0, 1080, 1920>' (/opt/Xilinx/Vivado_HLS/2014.4/common/technology/autopilot/hls/hls_video_fast.h:451) into PaintMask<32, 0, 1080, 1920>.
@W [XFORM-631] Renaming function 'hls::Mat2AXIvideo<32, 1080, 1920, 32>' (/opt/Xilinx/Vivado_HLS/2014.4/common/technology/autopilot/hls/hls_video_io.h:72:47) into Mat2AXIvideo.
@W [ANALYSIS-52] Setting false inter dependency for variable 'k_buf_val_0_V' (/opt/Xilinx/Vivado_HLS/2014.4/common/technology/autopilot/hls/hls_video_fast.h:220).
@W [ANALYSIS-52] Setting false inter dependency for variable 'k_buf_val_1_V' (/opt/Xilinx/Vivado_HLS/2014.4/common/technology/autopilot/hls/hls_video_fast.h:220).
@W [ANALYSIS-52] Setting false inter dependency for variable 'k_buf_val_2_V' (/opt/Xilinx/Vivado_HLS/2014.4/common/technology/autopilot/hls/hls_video_fast.h:220).
@W [ANALYSIS-52] Setting false inter dependency for variable 'k_buf_val_3_V' (/opt/Xilinx/Vivado_HLS/2014.4/common/technology/autopilot/hls/hls_video_fast.h:220).
@W [ANALYSIS-52] Setting false inter dependency for variable 'k_buf_val_4_V' (/opt/Xilinx/Vivado_HLS/2014.4/common/technology/autopilot/hls/hls_video_fast.h:220).
@W [ANALYSIS-52] Setting false inter dependency for variable 'k_buf_val_5_V' (/opt/Xilinx/Vivado_HLS/2014.4/common/technology/autopilot/hls/hls_video_fast.h:220).
@W [ANALYSIS-52] Setting false intra dependency for variable 'k_buf_val_0_V' (/opt/Xilinx/Vivado_HLS/2014.4/common/technology/autopilot/hls/hls_video_fast.h:220).
@W [ANALYSIS-52] Setting false intra dependency for variable 'k_buf_val_1_V' (/opt/Xilinx/Vivado_HLS/2014.4/common/technology/autopilot/hls/hls_video_fast.h:220).
@W [ANALYSIS-52] Setting false intra dependency for variable 'k_buf_val_2_V' (/opt/Xilinx/Vivado_HLS/2014.4/common/technology/autopilot/hls/hls_video_fast.h:220).
@W [ANALYSIS-52] Setting false intra dependency for variable 'k_buf_val_3_V' (/opt/Xilinx/Vivado_HLS/2014.4/common/technology/autopilot/hls/hls_video_fast.h:220).
@W [ANALYSIS-52] Setting false intra dependency for variable 'k_buf_val_4_V' (/opt/Xilinx/Vivado_HLS/2014.4/common/technology/autopilot/hls/hls_video_fast.h:220).
@W [ANALYSIS-52] Setting false intra dependency for variable 'k_buf_val_5_V' (/opt/Xilinx/Vivado_HLS/2014.4/common/technology/autopilot/hls/hls_video_fast.h:220).
@W [ANALYSIS-52] Setting false inter dependency for variable 'core_buf_val_0_V' (/opt/Xilinx/Vivado_HLS/2014.4/common/technology/autopilot/hls/hls_video_fast.h:221).
@W [ANALYSIS-52] Setting false inter dependency for variable 'core_buf_val_1_V' (/opt/Xilinx/Vivado_HLS/2014.4/common/technology/autopilot/hls/hls_video_fast.h:221).
@W [ANALYSIS-52] Setting false intra dependency for variable 'core_buf_val_0_V' (/opt/Xilinx/Vivado_HLS/2014.4/common/technology/autopilot/hls/hls_video_fast.h:221).
@W [ANALYSIS-52] Setting false intra dependency for variable 'core_buf_val_1_V' (/opt/Xilinx/Vivado_HLS/2014.4/common/technology/autopilot/hls/hls_video_fast.h:221).
@W [ANALYSIS-52] Setting false inter dependency for variable 'k_buf_0_val_0' (/opt/Xilinx/Vivado_HLS/2014.4/common/technology/autopilot/hls/hls_video_imgproc.h:379).
@W [ANALYSIS-52] Setting false intra dependency for variable 'k_buf_0_val_0' (/opt/Xilinx/Vivado_HLS/2014.4/common/technology/autopilot/hls/hls_video_imgproc.h:379).
@W [ANALYSIS-52] Setting false inter dependency for variable 'right_border_buf_0_val_0_0' (/opt/Xilinx/Vivado_HLS/2014.4/common/technology/autopilot/hls/hls_video_imgproc.h:382).
@W [ANALYSIS-52] Setting false inter dependency for variable 'right_border_buf_0_val_0_1' (/opt/Xilinx/Vivado_HLS/2014.4/common/technology/autopilot/hls/hls_video_imgproc.h:382).
@W [ANALYSIS-52] Setting false inter dependency for variable 'right_border_buf_0_val_0_2' (/opt/Xilinx/Vivado_HLS/2014.4/common/technology/autopilot/hls/hls_video_imgproc.h:382).
@W [ANALYSIS-52] Setting false intra dependency for variable 'right_border_buf_0_val_0_0' (/opt/Xilinx/Vivado_HLS/2014.4/common/technology/autopilot/hls/hls_video_imgproc.h:382).
@W [ANALYSIS-52] Setting false intra dependency for variable 'right_border_buf_0_val_0_1' (/opt/Xilinx/Vivado_HLS/2014.4/common/technology/autopilot/hls/hls_video_imgproc.h:382).
@W [ANALYSIS-52] Setting false intra dependency for variable 'right_border_buf_0_val_0_2' (/opt/Xilinx/Vivado_HLS/2014.4/common/technology/autopilot/hls/hls_video_imgproc.h:382).
@W [ANALYSIS-52] Setting false inter dependency for variable 'col_buf_0_val_0_0' (/opt/Xilinx/Vivado_HLS/2014.4/common/technology/autopilot/hls/hls_video_imgproc.h:384).
@W [ANALYSIS-52] Setting false intra dependency for variable 'col_buf_0_val_0_0' (/opt/Xilinx/Vivado_HLS/2014.4/common/technology/autopilot/hls/hls_video_imgproc.h:384).
@W [ANALYSIS-52] Setting false inter dependency for variable 'k_buf_0_val_0' (/opt/Xilinx/Vivado_HLS/2014.4/common/technology/autopilot/hls/hls_video_imgproc.h:379).
@W [ANALYSIS-52] Setting false inter dependency for variable 'k_buf_0_val_2' (/opt/Xilinx/Vivado_HLS/2014.4/common/technology/autopilot/hls/hls_video_imgproc.h:379).
@W [ANALYSIS-52] Setting false inter dependency for variable 'k_buf_0_val_1' (/opt/Xilinx/Vivado_HLS/2014.4/common/technology/autopilot/hls/hls_video_imgproc.h:379).
@I [HLS-111] Elapsed time: 27.4575 seconds; current memory usage: 358 MB.
@I [HLS-10] Starting hardware synthesis ...
@I [HLS-10] Synthesizing 'image_filter' ...
@W [SYN-103] Legalizing function name 'image_filter_Block__proc' to 'image_filter_Block_proc'.
@W [SYN-103] Legalizing function name 'image_filter_Duplicate<1080, 1920, 32, 32>' to 'image_filter_Duplicate_1080_1920_32_32_s'.
@W [SYN-103] Legalizing function name 'image_filter_Block_Mat.exit1220_proc1' to 'image_filter_Block_Mat_exit1220_proc1'.
@W [SYN-103] Legalizing function name 'image_filter_Block_Mat.exit1222_proc1' to 'image_filter_Block_Mat_exit1222_proc1'.
@W [SYN-103] Legalizing function name 'image_filter_reg<int>' to 'image_filter_reg_int_s'.
@W [SYN-103] Legalizing function name 'image_filter_Dilate<0, 0, 1080, 1920>' to 'image_filter_Dilate_0_0_1080_1920_s'.
@W [SYN-103] Legalizing function name 'image_filter_PaintMask<32, 0, 1080, 1920>' to 'image_filter_PaintMask_32_0_1080_1920_s'.
@I [HLS-10] ----------------------------------------------------------------
@I [HLS-10] -- Scheduling module 'image_filter_Block_proc' 
@I [HLS-10] ----------------------------------------------------------------
@I [SCHED-11] Starting scheduling ...
@I [SCHED-11] Finished scheduling.
@I [HLS-111] Elapsed time: 0.09724 seconds; current memory usage: 358 MB.
@I [HLS-10] ----------------------------------------------------------------
@I [HLS-10] -- Exploring micro-architecture for module 'image_filter_Block_proc' 
@I [HLS-10] ----------------------------------------------------------------
@I [BIND-100] Starting micro-architecture generation ...
@I [BIND-101] Performing variable lifetime analysis.
@I [BIND-101] Exploring resource sharing.
@I [BIND-101] Binding ...
@I [BIND-100] Finished micro-architecture generation.
@I [HLS-111] Elapsed time: 0.015495 seconds; current memory usage: 358 MB.
@I [HLS-10] ----------------------------------------------------------------
@I [HLS-10] -- Scheduling module 'image_filter_AXIvideo2Mat' 
@I [HLS-10] ----------------------------------------------------------------
@I [SCHED-11] Starting scheduling ...
@I [SCHED-61] Pipelining loop 'loop_wait_for_start'.
@I [SCHED-61] Pipelining result: Target II: 1, Final II: 1, Depth: 1.
@I [SCHED-61] Pipelining loop 'loop_width'.
@I [SCHED-61] Pipelining result: Target II: 1, Final II: 1, Depth: 2.
@I [SCHED-61] Pipelining loop 'loop_wait_for_eol'.
@I [SCHED-61] Pipelining result: Target II: 1, Final II: 1, Depth: 1.
@I [SCHED-11] Finished scheduling.
@I [HLS-111] Elapsed time: 0.149968 seconds; current memory usage: 358 MB.
@I [HLS-10] ----------------------------------------------------------------
@I [HLS-10] -- Exploring micro-architecture for module 'image_filter_AXIvideo2Mat' 
@I [HLS-10] ----------------------------------------------------------------
@I [BIND-100] Starting micro-architecture generation ...
@I [BIND-101] Performing variable lifetime analysis.
@I [BIND-101] Exploring resource sharing.
@I [BIND-101] Binding ...
@I [BIND-100] Finished micro-architecture generation.
@I [HLS-111] Elapsed time: 0.045289 seconds; current memory usage: 359 MB.
@I [HLS-10] ----------------------------------------------------------------
@I [HLS-10] -- Scheduling module 'image_filter_Duplicate_1080_1920_32_32_s' 
@I [HLS-10] ----------------------------------------------------------------
@I [SCHED-11] Starting scheduling ...
@I [SCHED-61] Pipelining loop 'loop_width'.
@I [SCHED-61] Pipelining result: Target II: 1, Final II: 1, Depth: 2.
@I [SCHED-11] Finished scheduling.
@I [HLS-111] Elapsed time: 0.225263 seconds; current memory usage: 359 MB.
@I [HLS-10] ----------------------------------------------------------------
@I [HLS-10] -- Exploring micro-architecture for module 'image_filter_Duplicate_1080_1920_32_32_s' 
@I [HLS-10] ----------------------------------------------------------------
@I [BIND-100] Starting micro-architecture generation ...
@I [BIND-101] Performing variable lifetime analysis.
@I [BIND-101] Exploring resource sharing.
@I [BIND-101] Binding ...
@I [BIND-100] Finished micro-architecture generation.
@I [HLS-111] Elapsed time: 0.027266 seconds; current memory usage: 359 MB.
@I [HLS-10] ----------------------------------------------------------------
@I [HLS-10] -- Scheduling module 'image_filter_Block_Mat_exit1220_proc1' 
@I [HLS-10] ----------------------------------------------------------------
@I [SCHED-11] Starting scheduling ...
@I [SCHED-11] Finished scheduling.
@I [HLS-111] Elapsed time: 0.060009 seconds; current memory usage: 359 MB.
@I [HLS-10] ----------------------------------------------------------------
@I [HLS-10] -- Exploring micro-architecture for module 'image_filter_Block_Mat_exit1220_proc1' 
@I [HLS-10] ----------------------------------------------------------------
@I [BIND-100] Starting micro-architecture generation ...
@I [BIND-101] Performing variable lifetime analysis.
@I [BIND-101] Exploring resource sharing.
@I [BIND-101] Binding ...
@I [BIND-100] Finished micro-architecture generation.
@I [HLS-111] Elapsed time: 0.013454 seconds; current memory usage: 359 MB.
@I [HLS-10] ----------------------------------------------------------------
@I [HLS-10] -- Scheduling module 'image_filter_CvtColor' 
@I [HLS-10] ----------------------------------------------------------------
@I [SCHED-11] Starting scheduling ...
@I [SCHED-61] Pipelining loop 'loop_width'.
@I [SCHED-61] Pipelining result: Target II: 1, Final II: 1, Depth: 7.
@I [SCHED-11] Finished scheduling.
@I [HLS-111] Elapsed time: 0.172357 seconds; current memory usage: 359 MB.
@I [HLS-10] ----------------------------------------------------------------
@I [HLS-10] -- Exploring micro-architecture for module 'image_filter_CvtColor' 
@I [HLS-10] ----------------------------------------------------------------
@I [BIND-100] Starting micro-architecture generation ...
@I [BIND-101] Performing variable lifetime analysis.
@I [BIND-101] Exploring resource sharing.
@I [BIND-101] Binding ...
@I [BIND-100] Finished micro-architecture generation.
@I [HLS-111] Elapsed time: 0.033131 seconds; current memory usage: 360 MB.
@I [HLS-10] ----------------------------------------------------------------
@I [HLS-10] -- Scheduling module 'image_filter_Block_Mat_exit1222_proc1' 
@I [HLS-10] ----------------------------------------------------------------
@I [SCHED-11] Starting scheduling ...
@I [SCHED-11] Finished scheduling.
@I [HLS-111] Elapsed time: 0.058664 seconds; current memory usage: 360 MB.
@I [HLS-10] ----------------------------------------------------------------
@I [HLS-10] -- Exploring micro-architecture for module 'image_filter_Block_Mat_exit1222_proc1' 
@I [HLS-10] ----------------------------------------------------------------
@I [BIND-100] Starting micro-architecture generation ...
@I [BIND-101] Performing variable lifetime analysis.
@I [BIND-101] Exploring resource sharing.
@I [BIND-101] Binding ...
@I [BIND-100] Finished micro-architecture generation.
@I [HLS-111] Elapsed time: 0.011662 seconds; current memory usage: 360 MB.
@I [HLS-10] ----------------------------------------------------------------
@I [HLS-10] -- Scheduling module 'image_filter_reg_int_s' 
@I [HLS-10] ----------------------------------------------------------------
@I [SCHED-11] Starting scheduling ...
@I [SCHED-61] Pipelining function 'image_filter_reg<int>'.
@I [SCHED-61] Pipelining result: Target II: 1, Final II: 1, Depth: 2.
@I [SCHED-11] Finished scheduling.
@I [HLS-111] Elapsed time: 0.030045 seconds; current memory usage: 360 MB.
@I [HLS-10] ----------------------------------------------------------------
@I [HLS-10] -- Exploring micro-architecture for module 'image_filter_reg_int_s' 
@I [HLS-10] ----------------------------------------------------------------
@I [BIND-100] Starting micro-architecture generation ...
@I [BIND-101] Performing variable lifetime analysis.
@I [BIND-101] Exploring resource sharing.
@I [BIND-101] Binding ...
@I [BIND-100] Finished micro-architecture generation.
@I [HLS-111] Elapsed time: 0.008414 seconds; current memory usage: 360 MB.
@I [HLS-10] ----------------------------------------------------------------
@I [HLS-10] -- Scheduling module 'image_filter_FAST_t_opr' 
@I [HLS-10] ----------------------------------------------------------------
@I [SCHED-11] Starting scheduling ...
@I [SCHED-61] Pipelining loop 'loop_width'.
@I [SCHED-61] Pipelining result: Target II: 1, Final II: 1, Depth: 36.
@I [SCHED-11] Finished scheduling.
@I [HLS-111] Elapsed time: 1.87961 seconds; current memory usage: 363 MB.
@I [HLS-10] ----------------------------------------------------------------
@I [HLS-10] -- Exploring micro-architecture for module 'image_filter_FAST_t_opr' 
@I [HLS-10] ----------------------------------------------------------------
@I [BIND-100] Starting micro-architecture generation ...
@I [BIND-101] Performing variable lifetime analysis.
@I [BIND-101] Exploring resource sharing.
@I [BIND-101] Binding ...
@I [BIND-100] Finished micro-architecture generation.
@I [HLS-111] Elapsed time: 0.635734 seconds; current memory usage: 367 MB.
@I [HLS-10] ----------------------------------------------------------------
@I [HLS-10] -- Scheduling module 'image_filter_Dilate_0_0_1080_1920_s' 
@I [HLS-10] ----------------------------------------------------------------
@I [SCHED-11] Starting scheduling ...
@I [SCHED-61] Pipelining loop 'loop_width'.
@I [SCHED-61] Pipelining result: Target II: 1, Final II: 1, Depth: 8.
@I [SCHED-11] Finished scheduling.
@I [HLS-111] Elapsed time: 1.07942 seconds; current memory usage: 368 MB.
@I [HLS-10] ----------------------------------------------------------------
@I [HLS-10] -- Exploring micro-architecture for module 'image_filter_Dilate_0_0_1080_1920_s' 
@I [HLS-10] ----------------------------------------------------------------
@I [BIND-100] Starting micro-architecture generation ...
@I [BIND-101] Performing variable lifetime analysis.
@I [BIND-101] Exploring resource sharing.
@I [BIND-101] Binding ...
@I [BIND-100] Finished micro-architecture generation.
@I [HLS-111] Elapsed time: 0.143426 seconds; current memory usage: 369 MB.
@I [HLS-10] ----------------------------------------------------------------
@I [HLS-10] -- Scheduling module 'image_filter_PaintMask_32_0_1080_1920_s' 
@I [HLS-10] ----------------------------------------------------------------
@I [SCHED-11] Starting scheduling ...
@I [SCHED-61] Pipelining loop 'loop_width'.
@I [SCHED-61] Pipelining result: Target II: 1, Final II: 1, Depth: 3.
@I [SCHED-11] Finished scheduling.
@I [HLS-111] Elapsed time: 0.320585 seconds; current memory usage: 369 MB.
@I [HLS-10] ----------------------------------------------------------------
@I [HLS-10] -- Exploring micro-architecture for module 'image_filter_PaintMask_32_0_1080_1920_s' 
@I [HLS-10] ----------------------------------------------------------------
@I [BIND-100] Starting micro-architecture generation ...
@I [BIND-101] Performing variable lifetime analysis.
@I [BIND-101] Exploring resource sharing.
@I [BIND-101] Binding ...
@I [BIND-100] Finished micro-architecture generation.
@I [HLS-111] Elapsed time: 0.027682 seconds; current memory usage: 370 MB.
@I [HLS-10] ----------------------------------------------------------------
@I [HLS-10] -- Scheduling module 'image_filter_Mat2AXIvideo' 
@I [HLS-10] ----------------------------------------------------------------
@I [SCHED-11] Starting scheduling ...
@I [SCHED-61] Pipelining loop 'loop_width'.
@I [SCHED-61] Pipelining result: Target II: 1, Final II: 1, Depth: 2.
@I [SCHED-11] Finished scheduling.
@I [HLS-111] Elapsed time: 0.121639 seconds; current memory usage: 370 MB.
@I [HLS-10] ----------------------------------------------------------------
@I [HLS-10] -- Exploring micro-architecture for module 'image_filter_Mat2AXIvideo' 
@I [HLS-10] ----------------------------------------------------------------
@I [BIND-100] Starting micro-architecture generation ...
@I [BIND-101] Performing variable lifetime analysis.
@I [BIND-101] Exploring resource sharing.
@I [BIND-101] Binding ...
@I [BIND-100] Finished micro-architecture generation.
@I [HLS-111] Elapsed time: 0.022551 seconds; current memory usage: 370 MB.
@I [HLS-10] ----------------------------------------------------------------
@I [HLS-10] -- Scheduling module 'image_filter' 
@I [HLS-10] ----------------------------------------------------------------
@I [SCHED-11] Starting scheduling ...
@I [SCHED-11] Finished scheduling.
@I [HLS-111] Elapsed time: 0.148434 seconds; current memory usage: 370 MB.
@I [HLS-10] ----------------------------------------------------------------
@I [HLS-10] -- Exploring micro-architecture for module 'image_filter' 
@I [HLS-10] ----------------------------------------------------------------
@I [BIND-100] Starting micro-architecture generation ...
@I [BIND-101] Performing variable lifetime analysis.
@I [BIND-101] Exploring resource sharing.
@I [BIND-101] Binding ...
@I [BIND-100] Finished micro-architecture generation.
@I [HLS-111] Elapsed time: 0.838681 seconds; current memory usage: 372 MB.
@I [HLS-10] ----------------------------------------------------------------
@I [HLS-10] -- Generating RTL for module 'image_filter_Block_proc' 
@I [HLS-10] ----------------------------------------------------------------
@I [RTGEN-100] Finished creating RTL model for 'image_filter_Block_proc'.
@I [HLS-111] Elapsed time: 0.484815 seconds; current memory usage: 373 MB.
@I [HLS-10] ----------------------------------------------------------------
@I [HLS-10] -- Generating RTL for module 'image_filter_AXIvideo2Mat' 
@I [HLS-10] ----------------------------------------------------------------
@I [RTGEN-100] Finished creating RTL model for 'image_filter_AXIvideo2Mat'.
@I [HLS-111] Elapsed time: 0.073061 seconds; current memory usage: 374 MB.
@I [HLS-10] ----------------------------------------------------------------
@I [HLS-10] -- Generating RTL for module 'image_filter_Duplicate_1080_1920_32_32_s' 
@I [HLS-10] ----------------------------------------------------------------
@I [RTGEN-100] Finished creating RTL model for 'image_filter_Duplicate_1080_1920_32_32_s'.
@I [HLS-111] Elapsed time: 0.117553 seconds; current memory usage: 375 MB.
@I [HLS-10] ----------------------------------------------------------------
@I [HLS-10] -- Generating RTL for module 'image_filter_Block_Mat_exit1220_proc1' 
@I [HLS-10] ----------------------------------------------------------------
@I [RTGEN-100] Finished creating RTL model for 'image_filter_Block_Mat_exit1220_proc1'.
@I [HLS-111] Elapsed time: 0.081384 seconds; current memory usage: 377 MB.
@I [HLS-10] ----------------------------------------------------------------
@I [HLS-10] -- Generating RTL for module 'image_filter_CvtColor' 
@I [HLS-10] ----------------------------------------------------------------
@I [RTGEN-100] Generating core module 'image_filter_mul_8ns_22ns_30_3': 1 instance(s).
@I [RTGEN-100] Generating core module 'image_filter_mul_8ns_24ns_31_3': 1 instance(s).
@I [RTGEN-100] Generating core module 'image_filter_mul_8ns_25ns_32_3': 1 instance(s).
@I [RTGEN-100] Finished creating RTL model for 'image_filter_CvtColor'.
@I [HLS-111] Elapsed time: 0.072844 seconds; current memory usage: 377 MB.
@I [HLS-10] ----------------------------------------------------------------
@I [HLS-10] -- Generating RTL for module 'image_filter_Block_Mat_exit1222_proc1' 
@I [HLS-10] ----------------------------------------------------------------
@I [RTGEN-100] Finished creating RTL model for 'image_filter_Block_Mat_exit1222_proc1'.
@I [HLS-111] Elapsed time: 0.099308 seconds; current memory usage: 378 MB.
@I [HLS-10] ----------------------------------------------------------------
@I [HLS-10] -- Generating RTL for module 'image_filter_reg_int_s' 
@I [HLS-10] ----------------------------------------------------------------
@I [RTGEN-100] Finished creating RTL model for 'image_filter_reg_int_s'.
@I [HLS-111] Elapsed time: 0.045215 seconds; current memory usage: 379 MB.
@I [HLS-10] ----------------------------------------------------------------
@I [HLS-10] -- Generating RTL for module 'image_filter_FAST_t_opr' 
@I [HLS-10] ----------------------------------------------------------------
@I [RTGEN-100] Finished creating RTL model for 'image_filter_FAST_t_opr'.
@I [HLS-111] Elapsed time: 0.60256 seconds; current memory usage: 385 MB.
@I [HLS-10] ----------------------------------------------------------------
@I [HLS-10] -- Generating RTL for module 'image_filter_Dilate_0_0_1080_1920_s' 
@I [HLS-10] ----------------------------------------------------------------
@I [RTGEN-100] Finished creating RTL model for 'image_filter_Dilate_0_0_1080_1920_s'.
@I [HLS-111] Elapsed time: 1.78717 seconds; current memory usage: 402 MB.
@I [HLS-10] ----------------------------------------------------------------
@I [HLS-10] -- Generating RTL for module 'image_filter_PaintMask_32_0_1080_1920_s' 
@I [HLS-10] ----------------------------------------------------------------
@I [RTGEN-100] Finished creating RTL model for 'image_filter_PaintMask_32_0_1080_1920_s'.
@I [HLS-111] Elapsed time: 0.375187 seconds; current memory usage: 406 MB.
@I [HLS-10] ----------------------------------------------------------------
@I [HLS-10] -- Generating RTL for module 'image_filter_Mat2AXIvideo' 
@I [HLS-10] ----------------------------------------------------------------
@I [RTGEN-100] Finished creating RTL model for 'image_filter_Mat2AXIvideo'.
@I [HLS-111] Elapsed time: 0.088606 seconds; current memory usage: 407 MB.
@I [HLS-10] ----------------------------------------------------------------
@I [HLS-10] -- Generating RTL for module 'image_filter' 
@I [HLS-10] ----------------------------------------------------------------
@I [RTGEN-500] Setting interface mode on port 'image_filter/INPUT_STREAM_V_data_V' to 'axis'.
@I [RTGEN-500] Setting interface mode on port 'image_filter/INPUT_STREAM_V_keep_V' to 'axis'.
@I [RTGEN-500] Setting interface mode on port 'image_filter/INPUT_STREAM_V_strb_V' to 'axis'.
@I [RTGEN-500] Setting interface mode on port 'image_filter/INPUT_STREAM_V_user_V' to 'axis'.
@I [RTGEN-500] Setting interface mode on port 'image_filter/INPUT_STREAM_V_last_V' to 'axis'.
@I [RTGEN-500] Setting interface mode on port 'image_filter/INPUT_STREAM_V_id_V' to 'axis'.
@I [RTGEN-500] Setting interface mode on port 'image_filter/INPUT_STREAM_V_dest_V' to 'axis'.
@I [RTGEN-500] Setting interface mode on port 'image_filter/OUTPUT_STREAM_V_data_V' to 'axis'.
@I [RTGEN-500] Setting interface mode on port 'image_filter/OUTPUT_STREAM_V_keep_V' to 'axis'.
@I [RTGEN-500] Setting interface mode on port 'image_filter/OUTPUT_STREAM_V_strb_V' to 'axis'.
@I [RTGEN-500] Setting interface mode on port 'image_filter/OUTPUT_STREAM_V_user_V' to 'axis'.
@I [RTGEN-500] Setting interface mode on port 'image_filter/OUTPUT_STREAM_V_last_V' to 'axis'.
@I [RTGEN-500] Setting interface mode on port 'image_filter/OUTPUT_STREAM_V_id_V' to 'axis'.
@I [RTGEN-500] Setting interface mode on port 'image_filter/OUTPUT_STREAM_V_dest_V' to 'axis'.
@I [RTGEN-500] Setting interface mode on port 'image_filter/rows' to 'ap_stable'.
@I [RTGEN-500] Setting interface mode on port 'image_filter/cols' to 'ap_stable'.
@I [RTGEN-500] Setting interface mode on function 'image_filter' to 'ap_ctrl_hs'.
@I [RTGEN-100] Finished creating RTL model for 'image_filter'.
@I [HLS-111] Elapsed time: 0.080549 seconds; current memory usage: 410 MB.
@I [RTMG-282] Generating pipelined core: 'image_filter_mul_8ns_24ns_31_3_MulnS_0'
@I [RTMG-282] Generating pipelined core: 'image_filter_mul_8ns_22ns_30_3_MAC3S_0'
@I [RTMG-282] Generating pipelined core: 'image_filter_mul_8ns_25ns_32_3_MAC3S_1'
@I [RTMG-278] Implementing memory 'image_filter_FAST_t_opr_k_buf_val_0_V_ram' using block RAMs.
@I [RTMG-278] Implementing memory 'image_filter_FAST_t_opr_core_buf_val_0_V_ram' using block RAMs.
@I [RTMG-285] Implementing FIFO 'FIFO_image_filter_p_src_cols_V_2_loc_channel1' using Shift Registers.
@I [RTMG-285] Implementing FIFO 'FIFO_image_filter_p_src_cols_V_2_loc_channel' using Shift Registers.
@I [RTMG-285] Implementing FIFO 'FIFO_image_filter_p_src_rows_V_2_loc_channel1' using Shift Registers.
@I [RTMG-285] Implementing FIFO 'FIFO_image_filter_p_src_rows_V_2_loc_channel' using Shift Registers.
@I [RTMG-285] Implementing FIFO 'FIFO_image_filter_p_dst_cols_V_channel' using Shift Registers.
@I [RTMG-285] Implementing FIFO 'FIFO_image_filter_p_dst_cols_V' using Shift Registers.
@I [RTMG-285] Implementing FIFO 'FIFO_image_filter_p_dst_rows_V_channel' using Shift Registers.
@I [RTMG-285] Implementing FIFO 'FIFO_image_filter_p_dst_rows_V' using Shift Registers.
@I [RTMG-285] Implementing FIFO 'FIFO_image_filter_p_src_cols_V_channel' using Shift Registers.
@I [RTMG-285] Implementing FIFO 'FIFO_image_filter_p_src_rows_V_channel' using Shift Registers.
@I [RTMG-285] Implementing FIFO 'FIFO_image_filter_p_src_rows_V_channel1' using Shift Registers.
@I [RTMG-285] Implementing FIFO 'FIFO_image_filter_p_src_cols_V_channel1' using Shift Registers.
@I [RTMG-285] Implementing FIFO 'FIFO_image_filter_src1_data_stream_0_V' using Block RAMs.
@I [RTMG-285] Implementing FIFO 'FIFO_image_filter_src1_data_stream_1_V' using Block RAMs.
@I [RTMG-285] Implementing FIFO 'FIFO_image_filter_src1_data_stream_2_V' using Block RAMs.
@I [RTMG-285] Implementing FIFO 'FIFO_image_filter_src0_rows_V' using Shift Registers.
@I [RTMG-285] Implementing FIFO 'FIFO_image_filter_src0_cols_V' using Shift Registers.
@I [RTMG-285] Implementing FIFO 'FIFO_image_filter_src1_rows_V' using Shift Registers.
@I [RTMG-285] Implementing FIFO 'FIFO_image_filter_src1_cols_V' using Shift Registers.
@I [RTMG-285] Implementing FIFO 'FIFO_image_filter_mask_rows_V' using Shift Registers.
@I [RTMG-285] Implementing FIFO 'FIFO_image_filter_mask_cols_V' using Shift Registers.
@I [RTMG-285] Implementing FIFO 'FIFO_image_filter_dmask_rows_V' using Shift Registers.
@I [RTMG-285] Implementing FIFO 'FIFO_image_filter_dmask_cols_V' using Shift Registers.
@I [RTMG-285] Implementing FIFO 'FIFO_image_filter_gray_rows_V' using Shift Registers.
@I [RTMG-285] Implementing FIFO 'FIFO_image_filter_gray_cols_V' using Shift Registers.
@I [HLS-10] Finished generating all RTL models.
@I [WSYSC-301] Generating RTL SystemC for 'image_filter'.
@I [WVHDL-304] Generating RTL VHDL for 'image_filter'.
@I [WVLOG-307] Generating RTL Verilog for 'image_filter'.
@I [IMPL-8] Exporting RTL as an IP in IP-XACT.
@I [HLS-112] Total elapsed time: 266.421 seconds; peak memory usage: 410 MB.
@I [LIC-101] Checked in feature [HLS]
