#-----------------------------------------------------------
# xsim v2014.4 (64-bit)
# SW Build 1071353 on Tue Nov 18 16:47:07 MST 2014
# IP Build 1070531 on Tue Nov 18 01:10:18 MST 2014
# Start of session at: Fri Apr  8 10:46:56 2016
# Process ID: 8087
# Log file: /home/alok/githum/Zedboard/learning/training/my/adder/hls/adder/solution1/sim/verilog/xsim.log
# Journal file: /home/alok/githum/Zedboard/learning/training/my/adder/hls/adder/solution1/sim/verilog/xsim.jou
#-----------------------------------------------------------
source xsim.dir/adder/xsim_script.tcl
# xsim {adder} -maxdeltaid 10000 -tclbatch {adder.tcl}
Vivado Simulator 2014.4
Time resolution is 1 ps
source adder.tcl
## add_wave -r /
## save_wave_config adder.wcfg
## run all
$finish called at time : 625400 ps : File "/home/alok/githum/Zedboard/learning/training/my/adder/hls/adder/solution1/sim/verilog/adder.autotb.v" Line 292
## quit
INFO: [Common 17-206] Exiting xsim at Fri Apr  8 10:47:02 2016...
