#-----------------------------------------------------------
# Vivado v2014.4 (64-bit)
# SW Build 1071353 on Tue Nov 18 16:47:07 MST 2014
# IP Build 1070531 on Tue Nov 18 01:10:18 MST 2014
# Start of session at: Tue Mar 29 00:12:37 2016
# Process ID: 15104
# Log file: /home/alok/Vivado_Projects/MSadri/AXI_STREAM_HLS_S06/vivado/vivado.log
# Journal file: /home/alok/Vivado_Projects/MSadri/AXI_STREAM_HLS_S06/vivado/vivado.jou
#-----------------------------------------------------------
start_gui
create_project project_1 /home/alok/Vivado_Projects/MSadri/AXI_STREAM_HLS_S06/vivado/project_1 -part xc7z020clg484-1
INFO: [IP_Flow 19-234] Refreshing IP repositories
INFO: [IP_Flow 19-1704] No user IP repositories specified
INFO: [IP_Flow 19-2313] Loaded Vivado IP repository '/opt/Xilinx/Vivado/2014.4/data/ip'.
set_property board_part em.avnet.com:zed:part0:1.2 [current_project]
set_property ip_repo_paths  /home/alok/Vivado_Projects/MSadri/AXI_STREAM_HLS_S06/HLS [current_project]
update_ip_catalog
INFO: [IP_Flow 19-234] Refreshing IP repositories
INFO: [IP_Flow 19-1700] Loaded user IP repository '/home/alok/Vivado_Projects/MSadri/AXI_STREAM_HLS_S06/HLS'.
create_bd_design "design_1"
Wrote  : </home/alok/Vivado_Projects/MSadri/AXI_STREAM_HLS_S06/vivado/project_1/project_1.srcs/sources_1/bd/design_1/design_1.bd> 
startgroup
create_bd_cell -type ip -vlnv xilinx.com:hls:axi_stream_counter:1.0 axi_stream_counter_0
WARNING: [BD 41-1282] Ignoring parameter SIGNAL_SET
WARNING: [BD 41-1282] Ignoring parameter SIGNAL_SET
WARNING: [BD 41-1282] Ignoring parameter SIGNAL_SET
WARNING: [BD 41-1282] Ignoring parameter SIGNAL_SET
endgroup
regenerate_bd_layout
regenerate_bd_layout
save_bd_design
Wrote  : </home/alok/Vivado_Projects/MSadri/AXI_STREAM_HLS_S06/vivado/project_1/project_1.srcs/sources_1/bd/design_1/design_1.bd> 
exit
INFO: [Common 17-206] Exiting Vivado at Tue Mar 29 00:20:55 2016...
