#-----------------------------------------------------------
# Vivado v2014.4 (64-bit)
# SW Build 1071353 on Tue Nov 18 16:47:07 MST 2014
# IP Build 1070531 on Tue Nov 18 01:10:18 MST 2014
# Start of session at: Wed Mar 30 13:33:33 2016
# Process ID: 3118
# Log file: /home/alok/githum/Zedboard/Learning/Training/MSD/zynq_s07_v1.2/mycores/vivado.log
# Journal file: /home/alok/githum/Zedboard/Learning/Training/MSD/zynq_s07_v1.2/mycores/vivado.jou
#-----------------------------------------------------------
start_gui
open_project /home/alok/githum/Zedboard/Learning/Training/MSD/zynq_s07_v1.2/mycores/managed_ip_project/managed_ip_project.xpr
Scanning sources...
Finished scanning sources
INFO: [IP_Flow 19-234] Refreshing IP repositories
INFO: [IP_Flow 19-1700] Loaded user IP repository '/home/alok/githum/Zedboard/Learning/Training/MSD/zynq_s07_v1.2/mycores/ip_repo/sample_generator_1.0'.
INFO: [IP_Flow 19-2313] Loaded Vivado IP repository '/opt/Xilinx/Vivado/2014.4/data/ip'.
open_project: Time (s): cpu = 00:00:21 ; elapsed = 00:00:11 . Memory (MB): peak = 5691.957 ; gain = 58.426 ; free physical = 702 ; free virtual = 4099
ipx::edit_ip_in_project -upgrade true -name sample_generator_v1_0_v1_0_project -directory /home/alok/githum/Zedboard/Learning/Training/MSD/zynq_s07_v1.2/mycores/ip_repo/sample_generator_1.0/sample_generator_v1_0_v1_0_project /home/alok/githum/Zedboard/Learning/Training/MSD/zynq_s07_v1.2/mycores/ip_repo/sample_generator_1.0/component.xml
INFO: [IP_Flow 19-234] Refreshing IP repositories
INFO: [IP_Flow 19-1704] No user IP repositories specified
INFO: [IP_Flow 19-2313] Loaded Vivado IP repository '/opt/Xilinx/Vivado/2014.4/data/ip'.
create_project: Time (s): cpu = 00:00:17 ; elapsed = 00:00:07 . Memory (MB): peak = 5759.559 ; gain = 26.906 ; free physical = 533 ; free virtual = 4052
INFO: [IP_Flow 19-234] Refreshing IP repositories
INFO: [IP_Flow 19-1700] Loaded user IP repository '/home/alok/githum/Zedboard/Learning/Training/MSD/zynq_s07_v1.2/mycores/ip_repo/sample_generator_1.0'.
WARNING: [IP_Flow 19-3656] If you move the project, the path for repository '/home/alok/githum/Zedboard/Learning/Training/MSD/zynq_s07_v1.2/mycores/ip_repo/sample_generator_1.0' may become invalid. A better location for the repostory would be in a path adjacent to the project. (Current project location is '/home/alok/githum/Zedboard/Learning/Training/MSD/zynq_s07_v1.2/mycores/ip_repo/sample_generator_1.0/sample_generator_v1_0_v1_0_project'.)
ipx::edit_ip_in_project: Time (s): cpu = 00:00:20 ; elapsed = 00:00:09 . Memory (MB): peak = 5761.559 ; gain = 28.906 ; free physical = 536 ; free virtual = 4048
update_compile_order -fileset sources_1
update_compile_order -fileset sim_1
update_compile_order -fileset sources_1
update_compile_order -fileset sources_1
set_property vendor Alok [ipx::current_core]
update_compile_order -fileset sources_1
update_compile_order -fileset sim_1
update_compile_order -fileset sources_1
ipx::merge_project_changes files [ipx::current_core]
ipx::merge_project_changes hdl_parameters [ipx::current_core]
INFO: [IP_Flow 19-2418] Expression "((C_S_AXIS_TDATA_WIDTH / 8) - 1)": Will not convert operator '/' to XPATH 'div' to allow integer division if applicable.
INFO: [IP_Flow 19-2418] Expression "((C_M_AXIS_TDATA_WIDTH / 8) - 1)": Will not convert operator '/' to XPATH 'div' to allow integer division if applicable.
set_property enablement_value true [ipx::get_user_parameters C_M_AXIS_TDATA_WIDTH -of_objects [ipx::current_core]]
set_property enablement_value true [ipx::get_user_parameters C_S_AXIS_TDATA_WIDTH -of_objects [ipx::current_core]]
ipx::create_xgui_files [ipx::current_core]
ipx::update_ip_instances -delete_project true
INFO: [IP_Flow 19-234] Refreshing IP repositories
INFO: [IP_Flow 19-1700] Loaded user IP repository '/home/alok/githum/Zedboard/Learning/Training/MSD/zynq_s07_v1.2/mycores/ip_repo/sample_generator_1.0'.
create_ip -name sample_generator -vendor Alok -library user -version 1.0 -module_name sample_generator_0 -dir /home/alok/githum/Zedboard/Learning/Training/MSD/zynq_s07_v1.2/mycores
generate_target {instantiation_template} [get_files /home/alok/githum/Zedboard/Learning/Training/MSD/zynq_s07_v1.2/mycores/sample_generator_0/sample_generator_0.xci]
INFO: [IP_Flow 19-1686] Generating 'Instantiation Template' target for IP 'sample_generator_0'...
exit
INFO: [Common 17-206] Exiting Vivado at Wed Mar 30 14:16:33 2016...
