

================================================================
== Vivado HLS Report for 'image_filter_Dilate_0_0_1080_1920_s'
================================================================
* Date:           Wed Mar 30 11:12:51 2016

* Version:        2014.4 (Build 1071461 on Tue Nov 18 16:42:57 PM 2014)
* Project:        prj
* Solution:       solution1
* Product family: zynq
* Target device:  xc7z020clg484-1


================================================================
== Performance Estimates
================================================================
+ Timing (ns): 
    * Summary: 
    +---------+-------+----------+------------+
    |  Clock  | Target| Estimated| Uncertainty|
    +---------+-------+----------+------------+
    |default  |   6.67|      5.67|        0.83|
    +---------+-------+----------+------------+

+ Latency (clock cycles): 
    * Summary: 
    +-----+---------+-----+---------+---------+
    |    Latency    |    Interval   | Pipeline|
    | min |   max   | min |   max   |   Type  |
    +-----+---------+-----+---------+---------+
    |  157|  2096221|  157|  2096221|   none  |
    +-----+---------+-----+---------+---------+

    + Detail: 
        * Instance: 
        N/A

        * Loop: 
        +---------------+-----+---------+-----------+-----------+-----------+-----------+----------+
        |               |    Latency    | Iteration |  Initiation Interval  |    Trip   |          |
        |   Loop Name   | min |   max   |  Latency  |  achieved |   target  |   Count   | Pipelined|
        +---------------+-----+---------+-----------+-----------+-----------+-----------+----------+
        |- loop_height  |  156|  2096220| 12 ~ 1932 |          -|          -| 13 ~ 1085 |    no    |
        | + loop_width  |    8|     1928|          8|          1|          1|  2 ~ 1922 |    yes   |
        +---------------+-----+---------+-----------+-----------+-----------+-----------+----------+



================================================================
== Utilization Estimates
================================================================
* Summary: 
+-----------------+---------+-------+--------+-------+
|       Name      | BRAM_18K| DSP48E|   FF   |  LUT  |
+-----------------+---------+-------+--------+-------+
|Expression       |        -|      -|       0|    620|
|FIFO             |        -|      -|       -|      -|
|Instance         |        -|      -|       -|      -|
|Memory           |        3|      -|       0|      0|
|Multiplexer      |        -|      -|       -|     50|
|Register         |        -|      -|     436|     21|
+-----------------+---------+-------+--------+-------+
|Total            |        3|      0|     436|    691|
+-----------------+---------+-------+--------+-------+
|Available        |      280|    220|  106400|  53200|
+-----------------+---------+-------+--------+-------+
|Utilization (%)  |        1|      0|   ~0   |      1|
+-----------------+---------+-------+--------+-------+

+ Detail: 
    * Instance: 
    N/A

    * Memory: 
    +-----------------+---------------------------------------+---------+---+----+------+-----+------+-------------+
    |      Memory     |                 Module                | BRAM_18K| FF| LUT| Words| Bits| Banks| W*Bits*Banks|
    +-----------------+---------------------------------------+---------+---+----+------+-----+------+-------------+
    |k_buf_0_val_0_U  |image_filter_FAST_t_opr_k_buf_val_0_V  |        1|  0|   0|  1920|    8|     1|        15360|
    |k_buf_0_val_1_U  |image_filter_FAST_t_opr_k_buf_val_0_V  |        1|  0|   0|  1920|    8|     1|        15360|
    |k_buf_0_val_2_U  |image_filter_FAST_t_opr_k_buf_val_0_V  |        1|  0|   0|  1920|    8|     1|        15360|
    +-----------------+---------------------------------------+---------+---+----+------+-----+------+-------------+
    |Total            |                                       |        3|  0|   0|  5760|   24|     3|        46080|
    +-----------------+---------------------------------------+---------+---+----+------+-----+------+-------------+

    * FIFO: 
    N/A

    * Expression: 
    +------------------------------------------+----------+-------+---+----+------------+------------+
    |               Variable Name              | Operation| DSP48E| FF| LUT| Bitwidth P0| Bitwidth P1|
    +------------------------------------------+----------+-------+---+----+------------+------------+
    |ImagLoc_x_fu_670_p2                       |     +    |      0|  0|  12|          12|           2|
    |ImagLoc_y_fu_403_p2                       |     +    |      0|  0|  12|          12|           4|
    |col_assign_1_fu_762_p2                    |     +    |      0|  0|   2|           2|           2|
    |col_assign_fu_734_p2                      |     +    |      0|  0|   2|           2|           2|
    |heightloop_fu_324_p2                      |     +    |      0|  0|  11|          11|           3|
    |i_V_fu_391_p2                             |     +    |      0|  0|  11|          11|           1|
    |j_V_fu_643_p2                             |     +    |      0|  0|  11|          11|           1|
    |ref_fu_356_p2                             |     +    |      0|  0|  11|          11|           2|
    |tmp_14_fu_336_p2                          |     +    |      0|  0|  11|          11|           3|
    |tmp_2_i1_fu_376_p2                        |     +    |      0|  0|   2|           2|           2|
    |tmp_2_i_fu_366_p2                         |     +    |      0|  0|  11|          11|           2|
    |widthloop_fu_330_p2                       |     +    |      0|  0|  11|          11|           2|
    |y_1_1_fu_528_p2                           |     +    |      0|  0|  12|          12|           4|
    |y_1_fu_481_p2                             |     +    |      0|  0|  12|          12|           4|
    |locy_1_t_fu_597_p2                        |     -    |      0|  0|   2|           2|           2|
    |locy_2_t_fu_625_p2                        |     -    |      0|  0|   2|           2|           2|
    |locy_fu_571_p2                            |     -    |      0|  0|   2|           2|           2|
    |col_buf_0_val_0_0_2_fu_976_p3             |  Select  |      0|  0|   8|           1|           8|
    |col_buf_0_val_0_0_9_fu_989_p3             |  Select  |      0|  0|   8|           1|           8|
    |p_assign_1_i_fu_745_p3                    |  Select  |      0|  0|  11|           1|          11|
    |p_assign_fu_739_p3                        |  Select  |      0|  0|  11|           1|           1|
    |p_dst_data_stream_V_din                   |  Select  |      0|  0|   8|           1|           8|
    |p_i_i_fu_450_p3                           |  Select  |      0|  0|  11|           1|           2|
    |right_border_buf_0_val_1_2_11_fu_1006_p3  |  Select  |      0|  0|   8|           1|           8|
    |right_border_buf_0_val_1_2_3_fu_838_p3    |  Select  |      0|  0|   8|           1|           8|
    |right_border_buf_0_val_1_2_4_fu_851_p3    |  Select  |      0|  0|   8|           1|           8|
    |right_border_buf_0_val_1_2_5_fu_860_p3    |  Select  |      0|  0|   8|           1|           8|
    |right_border_buf_0_val_1_2_6_fu_868_p3    |  Select  |      0|  0|   8|           1|           8|
    |right_border_buf_0_val_1_2_8_fu_877_p3    |  Select  |      0|  0|   8|           1|           8|
    |right_border_buf_0_val_1_2_fu_998_p3      |  Select  |      0|  0|   8|           1|           8|
    |sel_tmp6_fu_941_p3                        |  Select  |      0|  0|   8|           1|           8|
    |sel_tmp9_fu_929_p3                        |  Select  |      0|  0|   8|           1|           8|
    |src_kernel_win_0_val_0_0_fu_934_p3        |  Select  |      0|  0|   8|           1|           8|
    |src_kernel_win_0_val_1_0_fu_946_p3        |  Select  |      0|  0|   8|           1|           8|
    |temp_0_i_i_i_057_i_i_1_0_1_fu_910_p3      |  Select  |      0|  0|   8|           1|           8|
    |temp_0_i_i_i_057_i_i_1_0_2_fu_1026_p3     |  Select  |      0|  0|   8|           1|           8|
    |temp_0_i_i_i_057_i_i_1_1_1_fu_1060_p3     |  Select  |      0|  0|   8|           1|           8|
    |temp_0_i_i_i_057_i_i_1_1_2_fu_1074_p3     |  Select  |      0|  0|   8|           1|           8|
    |temp_0_i_i_i_057_i_i_1_1_fu_1050_p3       |  Select  |      0|  0|   8|           1|           8|
    |temp_0_i_i_i_057_i_i_1_2_1_fu_1100_p3     |  Select  |      0|  0|   8|           1|           8|
    |temp_0_i_i_i_057_i_i_1_2_fu_1090_p3       |  Select  |      0|  0|   8|           1|           8|
    |tmp_108_fu_473_p3                         |  Select  |      0|  0|   2|           1|           2|
    |tmp_80_fu_591_p3                          |  Select  |      0|  0|   2|           1|           2|
    |tmp_81_fu_613_p3                          |  Select  |      0|  0|   2|           1|           1|
    |tmp_82_fu_619_p3                          |  Select  |      0|  0|   2|           1|           2|
    |tmp_s_fu_585_p3                           |  Select  |      0|  0|   2|           1|           1|
    |ap_sig_bdd_154                            |    and   |      0|  0|   1|           1|           1|
    |ap_sig_bdd_172                            |    and   |      0|  0|   1|           1|           1|
    |or_cond219_i_i_fu_665_p2                  |    and   |      0|  0|   1|           1|           1|
    |or_cond2_fu_723_p2                        |    and   |      0|  0|   1|           1|           1|
    |or_cond_fu_436_p2                         |    and   |      0|  0|   1|           1|           1|
    |or_cond_i1_fu_506_p2                      |    and   |      0|  0|   1|           1|           1|
    |or_cond_i2_fu_553_p2                      |    and   |      0|  0|   1|           1|           1|
    |or_cond_i_fu_703_p2                       |    and   |      0|  0|   1|           1|           1|
    |icmp2_fu_659_p2                           |   icmp   |      0|  0|  11|          10|           1|
    |icmp_fu_425_p2                            |   icmp   |      0|  0|  13|          11|           1|
    |sel_tmp1_fu_833_p2                        |   icmp   |      0|  0|   2|           2|           1|
    |sel_tmp2_fu_984_p2                        |   icmp   |      0|  0|   2|           2|           1|
    |sel_tmp3_fu_579_p2                        |   icmp   |      0|  0|   2|           2|           1|
    |sel_tmp4_fu_602_p2                        |   icmp   |      0|  0|   2|           2|           2|
    |sel_tmp5_fu_846_p2                        |   icmp   |      0|  0|   2|           2|           1|
    |sel_tmp7_fu_607_p2                        |   icmp   |      0|  0|   2|           2|           1|
    |sel_tmp8_fu_575_p2                        |   icmp   |      0|  0|   2|           2|           2|
    |sel_tmp_fu_971_p2                         |   icmp   |      0|  0|   2|           2|           1|
    |tmp_128_0_1_fu_904_p2                     |   icmp   |      0|  0|   8|           8|           8|
    |tmp_128_0_2_fu_1021_p2                    |   icmp   |      0|  0|   8|           8|           8|
    |tmp_128_1_1_fu_1055_p2                    |   icmp   |      0|  0|   8|           8|           8|
    |tmp_128_1_2_fu_1070_p2                    |   icmp   |      0|  0|   8|           8|           8|
    |tmp_128_1_fu_1033_p2                      |   icmp   |      0|  0|   8|           8|           8|
    |tmp_128_2_1_fu_1095_p2                    |   icmp   |      0|  0|   8|           8|           8|
    |tmp_128_2_2_fu_1107_p2                    |   icmp   |      0|  0|   8|           8|           8|
    |tmp_128_2_fu_1080_p2                      |   icmp   |      0|  0|   8|           8|           8|
    |tmp_16_fu_386_p2                          |   icmp   |      0|  0|  13|          11|          11|
    |tmp_17_fu_397_p2                          |   icmp   |      0|  0|  13|          11|           3|
    |tmp_19_fu_638_p2                          |   icmp   |      0|  0|  13|          11|          11|
    |tmp_23_fu_409_p2                          |   icmp   |      0|  0|  14|          12|           2|
    |tmp_25_fu_431_p2                          |   icmp   |      0|  0|  14|          12|          12|
    |tmp_26_fu_717_p2                          |   icmp   |      0|  0|  13|          11|           1|
    |tmp_29_fu_729_p2                          |   icmp   |      0|  0|  14|          12|          12|
    |tmp_i1_fu_501_p2                          |   icmp   |      0|  0|  14|          12|          12|
    |tmp_i2_fu_548_p2                          |   icmp   |      0|  0|  14|          12|          12|
    |tmp_i5_fu_461_p2                          |   icmp   |      0|  0|  14|          12|          12|
    |tmp_i_fu_698_p2                           |   icmp   |      0|  0|  14|          12|          12|
    |ap_sig_bdd_48                             |    or    |      0|  0|   1|           1|           1|
    |brmerge_fu_630_p2                         |    or    |      0|  0|   1|           1|           1|
    |p_neg226_i_i_cast_fu_350_p2               |    xor   |      0|  0|   2|           2|           2|
    |rev1_fu_542_p2                            |    xor   |      0|  0|   2|           1|           2|
    |rev2_fu_692_p2                            |    xor   |      0|  0|   2|           1|           2|
    |rev_fu_495_p2                             |    xor   |      0|  0|   2|           1|           2|
    +------------------------------------------+----------+-------+---+----+------------+------------+
    |Total                                     |          |      0|  0| 620|         410|         424|
    +------------------------------------------+----------+-------+---+----+------------+------------+

    * Multiplexer: 
    +---------------------------------+----+-----------+-----+-----------+
    |               Name              | LUT| Input Size| Bits| Total Bits|
    +---------------------------------+----+-----------+-----+-----------+
    |ap_NS_fsm                        |   1|          6|    1|          6|
    |ap_reg_ppiten_pp0_it1            |   1|          2|    1|          2|
    |ap_reg_ppiten_pp0_it4            |   1|          2|    1|          2|
    |ap_reg_ppiten_pp0_it7            |   1|          2|    1|          2|
    |p_012_0_i_i_reg_252              |  11|          2|   11|         22|
    |p_025_0_i_i_reg_263              |  11|          2|   11|         22|
    |src_kernel_win_0_val_0_1_fu_106  |   8|          3|    8|         24|
    |src_kernel_win_0_val_1_1_fu_122  |   8|          3|    8|         24|
    |src_kernel_win_0_val_2_1_fu_118  |   8|          6|    8|         48|
    +---------------------------------+----+-----------+-----+-----------+
    |Total                            |  50|         28|   50|        152|
    +---------------------------------+----+-----------+-----+-----------+

    * Register: 
    +--------------------------------------------+----+----+-----+-----------+
    |                    Name                    | FF | LUT| Bits| Const Bits|
    +--------------------------------------------+----+----+-----+-----------+
    |ap_CS_fsm                                   |   5|   0|    5|          0|
    |ap_done_reg                                 |   1|   0|    1|          0|
    |ap_reg_ppiten_pp0_it0                       |   1|   0|    1|          0|
    |ap_reg_ppiten_pp0_it1                       |   1|   0|    1|          0|
    |ap_reg_ppiten_pp0_it2                       |   1|   0|    1|          0|
    |ap_reg_ppiten_pp0_it3                       |   1|   0|    1|          0|
    |ap_reg_ppiten_pp0_it4                       |   1|   0|    1|          0|
    |ap_reg_ppiten_pp0_it5                       |   1|   0|    1|          0|
    |ap_reg_ppiten_pp0_it6                       |   1|   0|    1|          0|
    |ap_reg_ppiten_pp0_it7                       |   1|   0|    1|          0|
    |ap_reg_ppstg_col_assign_1_reg_1451_pp0_it2  |   2|   0|    2|          0|
    |ap_reg_ppstg_col_assign_reg_1427_pp0_it1    |   2|   0|    2|          0|
    |ap_reg_ppstg_tmp_29_reg_1423_pp0_it1        |   1|   0|    1|          0|
    |brmerge_reg_1383                            |   1|   0|    1|          0|
    |col_assign_1_reg_1451                       |   2|   0|    2|          0|
    |col_assign_reg_1427                         |   2|   0|    2|          0|
    |col_buf_0_val_0_0_3_fu_114                  |   8|   0|    8|          0|
    |col_buf_0_val_0_0_5_fu_130                  |   8|   0|    8|          0|
    |col_buf_0_val_0_0_6_fu_138                  |   8|   0|    8|          0|
    |heightloop_reg_1240                         |  11|   0|   11|          0|
    |i_V_reg_1286                                |  11|   0|   11|          0|
    |k_buf_0_val_0_addr_reg_1433                 |  11|   0|   11|          0|
    |k_buf_0_val_1_addr_reg_1439                 |  11|   0|   11|          0|
    |k_buf_0_val_2_addr_reg_1445                 |  11|   0|   11|          0|
    |locy_2_t_reg_1379                           |   2|   0|    2|          0|
    |or_cond219_i_i_reg_1396                     |   1|   0|    1|          0|
    |or_cond2_reg_1419                           |   1|   0|    1|          0|
    |or_cond_i1_reg_1322                         |   1|   0|    1|          0|
    |or_cond_i2_reg_1344                         |   1|   0|    1|          0|
    |or_cond_i_reg_1409                          |   1|   0|    1|          0|
    |or_cond_reg_1301                            |   1|   0|    1|          0|
    |p_012_0_i_i_reg_252                         |  11|   0|   11|          0|
    |p_025_0_i_i_reg_263                         |  11|   0|   11|          0|
    |p_neg226_i_i_cast_reg_1255                  |   2|   0|    2|          0|
    |ref_cast_reg_1267                           |  11|   0|   12|          1|
    |ref_reg_1261                                |  11|   0|   11|          0|
    |right_border_buf_0_val_0_0_fu_166           |   8|   0|    8|          0|
    |right_border_buf_0_val_0_1_fu_170           |   8|   0|    8|          0|
    |right_border_buf_0_val_0_2_fu_174           |   8|   0|    8|          0|
    |right_border_buf_0_val_1_0_reg_1464         |   8|   0|    8|          0|
    |right_border_buf_0_val_1_2_1_fu_142         |   8|   0|    8|          0|
    |right_border_buf_0_val_1_2_2_fu_146         |   8|   0|    8|          0|
    |right_border_buf_0_val_1_2_7_fu_150         |   8|   0|    8|          0|
    |right_border_buf_0_val_2_0_reg_1457         |   8|   0|    8|          0|
    |sel_tmp3_reg_1364                           |   1|   0|    1|          0|
    |sel_tmp4_reg_1369                           |   1|   0|    1|          0|
    |sel_tmp7_reg_1374                           |   1|   0|    1|          0|
    |sel_tmp8_reg_1359                           |   1|   0|    1|          0|
    |src_kernel_win_0_val_0_1_6_reg_1483         |   8|   0|    8|          0|
    |src_kernel_win_0_val_0_1_fu_106             |   8|   0|    8|          0|
    |src_kernel_win_0_val_0_1_lo_reg_1511        |   8|   0|    8|          0|
    |src_kernel_win_0_val_0_2_fu_110             |   8|   0|    8|          0|
    |src_kernel_win_0_val_0_2_lo_reg_1529        |   8|   0|    8|          0|
    |src_kernel_win_0_val_1_1_6_reg_1490         |   8|   0|    8|          0|
    |src_kernel_win_0_val_1_1_fu_122             |   8|   0|    8|          0|
    |src_kernel_win_0_val_1_1_lo_reg_1517        |   8|   0|    8|          0|
    |src_kernel_win_0_val_1_2_fu_126             |   8|   0|    8|          0|
    |src_kernel_win_0_val_1_2_lo_reg_1496        |   8|   0|    8|          0|
    |src_kernel_win_0_val_2_0_reg_1471           |   8|   0|    8|          0|
    |src_kernel_win_0_val_2_1_fu_118             |   8|   0|    8|          0|
    |src_kernel_win_0_val_2_2_fu_134             |   8|   0|    8|          0|
    |temp_0_i_i_i_057_i_i_1_0_1_reg_1477         |   8|   0|    8|          0|
    |temp_0_i_i_i_057_i_i_1_0_2_reg_1501         |   8|   0|    8|          0|
    |temp_0_i_i_i_057_i_i_1_1_1_reg_1523         |   8|   0|    8|          0|
    |temp_0_i_i_i_057_i_i_1_1_2_reg_1534         |   8|   0|    8|          0|
    |temp_0_i_i_i_057_i_i_1_2_1_reg_1544         |   8|   0|    8|          0|
    |tmp_104_reg_1306                            |   1|   0|    1|          0|
    |tmp_105_reg_1310                            |   2|   0|    2|          0|
    |tmp_108_reg_1316                            |   2|   0|    2|          0|
    |tmp_110_reg_1327                            |   1|   0|    1|          0|
    |tmp_111_reg_1332                            |   2|   0|    2|          0|
    |tmp_112_reg_1337                            |   2|   0|    2|          0|
    |tmp_114_reg_1349                            |   1|   0|    1|          0|
    |tmp_115_reg_1354                            |   2|   0|    2|          0|
    |tmp_117_reg_1400                            |  11|   0|   11|          0|
    |tmp_120_reg_1414                            |   1|   0|    1|          0|
    |tmp_128_1_reg_1506                          |   1|   0|    1|          0|
    |tmp_128_2_reg_1539                          |   1|   0|    1|          0|
    |tmp_14_cast_reg_1250                        |  11|   0|   12|          1|
    |tmp_17_reg_1291                             |   1|   0|    1|          0|
    |tmp_19_reg_1387                             |   1|   0|    1|          0|
    |tmp_23_reg_1296                             |   1|   0|    1|          0|
    |tmp_29_reg_1423                             |   1|   0|    1|          0|
    |tmp_2_i1_reg_1277                           |   2|   0|    2|          0|
    |tmp_2_i_reg_1272                            |  11|   0|   11|          0|
    |tmp_i_reg_1405                              |   1|   0|    1|          0|
    |widthloop_reg_1245                          |  11|   0|   11|          0|
    |or_cond219_i_i_reg_1396                     |   0|   1|    1|          0|
    |or_cond2_reg_1419                           |   0|   1|    1|          0|
    |src_kernel_win_0_val_0_1_6_reg_1483         |   0|   8|    8|          0|
    |src_kernel_win_0_val_0_1_lo_reg_1511        |   0|   8|    8|          0|
    |tmp_120_reg_1414                            |   0|   1|    1|          0|
    |tmp_19_reg_1387                             |   0|   1|    1|          0|
    |tmp_i_reg_1405                              |   0|   1|    1|          0|
    +--------------------------------------------+----+----+-----+-----------+
    |Total                                       | 436|  21|  459|          2|
    +--------------------------------------------+----+----+-----+-----------+



================================================================
== Interface
================================================================
* Summary: 
+-----------------------------+-----+-----+------------+---------------------------------------+--------------+
|          RTL Ports          | Dir | Bits|  Protocol  |             Source Object             |    C Type    |
+-----------------------------+-----+-----+------------+---------------------------------------+--------------+
|ap_clk                       |  in |    1| ap_ctrl_hs | image_filter_Dilate<0, 0, 1080, 1920> | return value |
|ap_rst                       |  in |    1| ap_ctrl_hs | image_filter_Dilate<0, 0, 1080, 1920> | return value |
|ap_start                     |  in |    1| ap_ctrl_hs | image_filter_Dilate<0, 0, 1080, 1920> | return value |
|ap_done                      | out |    1| ap_ctrl_hs | image_filter_Dilate<0, 0, 1080, 1920> | return value |
|ap_continue                  |  in |    1| ap_ctrl_hs | image_filter_Dilate<0, 0, 1080, 1920> | return value |
|ap_idle                      | out |    1| ap_ctrl_hs | image_filter_Dilate<0, 0, 1080, 1920> | return value |
|ap_ready                     | out |    1| ap_ctrl_hs | image_filter_Dilate<0, 0, 1080, 1920> | return value |
|p_src_rows_V_read            |  in |   12|   ap_none  |           p_src_rows_V_read           |    scalar    |
|p_src_cols_V_read            |  in |   12|   ap_none  |           p_src_cols_V_read           |    scalar    |
|p_src_data_stream_V_dout     |  in |    8|   ap_fifo  |          p_src_data_stream_V          |    pointer   |
|p_src_data_stream_V_empty_n  |  in |    1|   ap_fifo  |          p_src_data_stream_V          |    pointer   |
|p_src_data_stream_V_read     | out |    1|   ap_fifo  |          p_src_data_stream_V          |    pointer   |
|p_dst_data_stream_V_din      | out |    8|   ap_fifo  |          p_dst_data_stream_V          |    pointer   |
|p_dst_data_stream_V_full_n   |  in |    1|   ap_fifo  |          p_dst_data_stream_V          |    pointer   |
|p_dst_data_stream_V_write    | out |    1|   ap_fifo  |          p_dst_data_stream_V          |    pointer   |
+-----------------------------+-----+-----+------------+---------------------------------------+--------------+

