

================================================================
== Vivado HLS Report for 'image_filter_PaintMask_32_0_1080_1920_s'
================================================================
* Date:           Wed Mar 30 11:12:51 2016

* Version:        2014.4 (Build 1071461 on Tue Nov 18 16:42:57 PM 2014)
* Project:        prj
* Solution:       solution1
* Product family: zynq
* Target device:  xc7z020clg484-1


================================================================
== Performance Estimates
================================================================
+ Timing (ns): 
    * Summary: 
    +---------+-------+----------+------------+
    |  Clock  | Target| Estimated| Uncertainty|
    +---------+-------+----------+------------+
    |default  |   6.67|      5.07|        0.83|
    +---------+-------+----------+------------+

+ Latency (clock cycles): 
    * Summary: 
    +-----+---------+-----+---------+---------+
    |    Latency    |    Interval   | Pipeline|
    | min |   max   | min |   max   |   Type  |
    +-----+---------+-----+---------+---------+
    |    1|  2077921|    1|  2077921|   none  |
    +-----+---------+-----+---------+---------+

    + Detail: 
        * Instance: 
        N/A

        * Loop: 
        +---------------+-----+---------+----------+-----------+-----------+----------+----------+
        |               |    Latency    | Iteration|  Initiation Interval  |   Trip   |          |
        |   Loop Name   | min |   max   |  Latency |  achieved |   target  |   Count  | Pipelined|
        +---------------+-----+---------+----------+-----------+-----------+----------+----------+
        |- loop_height  |    0|  2077920| 3 ~ 1924 |          -|          -| 0 ~ 1080 |    no    |
        | + loop_width  |    0|     1921|         3|          1|          1| 0 ~ 1920 |    yes   |
        +---------------+-----+---------+----------+-----------+-----------+----------+----------+



================================================================
== Utilization Estimates
================================================================
* Summary: 
+-----------------+---------+-------+--------+-------+
|       Name      | BRAM_18K| DSP48E|   FF   |  LUT  |
+-----------------+---------+-------+--------+-------+
|Expression       |        -|      -|       0|     85|
|FIFO             |        -|      -|       -|      -|
|Instance         |        -|      -|       -|      -|
|Memory           |        -|      -|       -|      -|
|Multiplexer      |        -|      -|       -|     24|
|Register         |        -|      -|      67|      -|
+-----------------+---------+-------+--------+-------+
|Total            |        0|      0|      67|    109|
+-----------------+---------+-------+--------+-------+
|Available        |      280|    220|  106400|  53200|
+-----------------+---------+-------+--------+-------+
|Utilization (%)  |        0|      0|   ~0   |   ~0  |
+-----------------+---------+-------+--------+-------+

+ Detail: 
    * Instance: 
    N/A

    * Memory: 
    N/A

    * FIFO: 
    N/A

    * Expression: 
    +---------------------+----------+-------+---+----+------------+------------+
    |    Variable Name    | Operation| DSP48E| FF| LUT| Bitwidth P0| Bitwidth P1|
    +---------------------+----------+-------+---+----+------------+------------+
    |i_V_fu_215_p2        |     +    |      0|  0|  11|          11|           1|
    |j_V_fu_230_p2        |     +    |      0|  0|  11|          11|           1|
    |tmp_39_fu_242_p3     |  Select  |      0|  0|   8|           1|           8|
    |tmp_40_fu_250_p3     |  Select  |      0|  0|   8|           1|           8|
    |tmp_41_fu_258_p3     |  Select  |      0|  0|   8|           1|           8|
    |exitcond4_fu_210_p2  |   icmp   |      0|  0|  14|          12|          12|
    |exitcond_fu_225_p2   |   icmp   |      0|  0|  14|          12|          12|
    |tmp_37_fu_236_p2     |   icmp   |      0|  0|   8|           8|           1|
    |ap_sig_bdd_111       |    or    |      0|  0|   1|           1|           1|
    |ap_sig_bdd_125       |    or    |      0|  0|   1|           1|           1|
    |ap_sig_bdd_71        |    or    |      0|  0|   1|           1|           1|
    +---------------------+----------+-------+---+----+------------+------------+
    |Total                |          |      0|  0|  85|          60|          54|
    +---------------------+----------+-------+---+----+------------+------------+

    * Multiplexer: 
    +-----------------------+----+-----------+-----+-----------+
    |          Name         | LUT| Input Size| Bits| Total Bits|
    +-----------------------+----+-----------+-----+-----------+
    |ap_NS_fsm              |   1|          5|    1|          5|
    |ap_reg_ppiten_pp0_it2  |   1|          2|    1|          2|
    |p_4_reg_194            |  11|          2|   11|         22|
    |p_s_reg_183            |  11|          2|   11|         22|
    +-----------------------+----+-----------+-----+-----------+
    |Total                  |  24|         11|   24|         51|
    +-----------------------+----+-----------+-----+-----------+

    * Register: 
    +---------------------------------------+----+----+-----+-----------+
    |                  Name                 | FF | LUT| Bits| Const Bits|
    +---------------------------------------+----+----+-----+-----------+
    |ap_CS_fsm                              |   4|   0|    4|          0|
    |ap_done_reg                            |   1|   0|    1|          0|
    |ap_reg_ppiten_pp0_it0                  |   1|   0|    1|          0|
    |ap_reg_ppiten_pp0_it1                  |   1|   0|    1|          0|
    |ap_reg_ppiten_pp0_it2                  |   1|   0|    1|          0|
    |ap_reg_ppstg_exitcond_reg_285_pp0_it1  |   1|   0|    1|          0|
    |exitcond_reg_285                       |   1|   0|    1|          0|
    |i_V_reg_280                            |  11|   0|   11|          0|
    |p_4_reg_194                            |  11|   0|   11|          0|
    |p_s_reg_183                            |  11|   0|   11|          0|
    |tmp_39_reg_294                         |   8|   0|    8|          0|
    |tmp_40_reg_299                         |   8|   0|    8|          0|
    |tmp_41_reg_304                         |   8|   0|    8|          0|
    +---------------------------------------+----+----+-----+-----------+
    |Total                                  |  67|   0|   67|          0|
    +---------------------------------------+----+----+-----+-----------+



================================================================
== Interface
================================================================
* Summary: 
+-------------------------------+-----+-----+------------+-------------------------------------------+--------------+
|           RTL Ports           | Dir | Bits|  Protocol  |               Source Object               |    C Type    |
+-------------------------------+-----+-----+------------+-------------------------------------------+--------------+
|ap_clk                         |  in |    1| ap_ctrl_hs | image_filter_PaintMask<32, 0, 1080, 1920> | return value |
|ap_rst                         |  in |    1| ap_ctrl_hs | image_filter_PaintMask<32, 0, 1080, 1920> | return value |
|ap_start                       |  in |    1| ap_ctrl_hs | image_filter_PaintMask<32, 0, 1080, 1920> | return value |
|ap_done                        | out |    1| ap_ctrl_hs | image_filter_PaintMask<32, 0, 1080, 1920> | return value |
|ap_continue                    |  in |    1| ap_ctrl_hs | image_filter_PaintMask<32, 0, 1080, 1920> | return value |
|ap_idle                        | out |    1| ap_ctrl_hs | image_filter_PaintMask<32, 0, 1080, 1920> | return value |
|ap_ready                       | out |    1| ap_ctrl_hs | image_filter_PaintMask<32, 0, 1080, 1920> | return value |
|p_src_rows_V_read              |  in |   12|   ap_none  |             p_src_rows_V_read             |    scalar    |
|p_src_cols_V_read              |  in |   12|   ap_none  |             p_src_cols_V_read             |    scalar    |
|p_src_data_stream_0_V_dout     |  in |    8|   ap_fifo  |           p_src_data_stream_0_V           |    pointer   |
|p_src_data_stream_0_V_empty_n  |  in |    1|   ap_fifo  |           p_src_data_stream_0_V           |    pointer   |
|p_src_data_stream_0_V_read     | out |    1|   ap_fifo  |           p_src_data_stream_0_V           |    pointer   |
|p_src_data_stream_1_V_dout     |  in |    8|   ap_fifo  |           p_src_data_stream_1_V           |    pointer   |
|p_src_data_stream_1_V_empty_n  |  in |    1|   ap_fifo  |           p_src_data_stream_1_V           |    pointer   |
|p_src_data_stream_1_V_read     | out |    1|   ap_fifo  |           p_src_data_stream_1_V           |    pointer   |
|p_src_data_stream_2_V_dout     |  in |    8|   ap_fifo  |           p_src_data_stream_2_V           |    pointer   |
|p_src_data_stream_2_V_empty_n  |  in |    1|   ap_fifo  |           p_src_data_stream_2_V           |    pointer   |
|p_src_data_stream_2_V_read     | out |    1|   ap_fifo  |           p_src_data_stream_2_V           |    pointer   |
|p_mask_rows_V_read             |  in |   12|   ap_none  |             p_mask_rows_V_read            |    scalar    |
|p_mask_cols_V_read             |  in |   12|   ap_none  |             p_mask_cols_V_read            |    scalar    |
|p_mask_data_stream_V_dout      |  in |    8|   ap_fifo  |            p_mask_data_stream_V           |    pointer   |
|p_mask_data_stream_V_empty_n   |  in |    1|   ap_fifo  |            p_mask_data_stream_V           |    pointer   |
|p_mask_data_stream_V_read      | out |    1|   ap_fifo  |            p_mask_data_stream_V           |    pointer   |
|p_dst_rows_V_read              |  in |   12|   ap_none  |             p_dst_rows_V_read             |    scalar    |
|p_dst_cols_V_read              |  in |   12|   ap_none  |             p_dst_cols_V_read             |    scalar    |
|p_dst_data_stream_0_V_din      | out |    8|   ap_fifo  |           p_dst_data_stream_0_V           |    pointer   |
|p_dst_data_stream_0_V_full_n   |  in |    1|   ap_fifo  |           p_dst_data_stream_0_V           |    pointer   |
|p_dst_data_stream_0_V_write    | out |    1|   ap_fifo  |           p_dst_data_stream_0_V           |    pointer   |
|p_dst_data_stream_1_V_din      | out |    8|   ap_fifo  |           p_dst_data_stream_1_V           |    pointer   |
|p_dst_data_stream_1_V_full_n   |  in |    1|   ap_fifo  |           p_dst_data_stream_1_V           |    pointer   |
|p_dst_data_stream_1_V_write    | out |    1|   ap_fifo  |           p_dst_data_stream_1_V           |    pointer   |
|p_dst_data_stream_2_V_din      | out |    8|   ap_fifo  |           p_dst_data_stream_2_V           |    pointer   |
|p_dst_data_stream_2_V_full_n   |  in |    1|   ap_fifo  |           p_dst_data_stream_2_V           |    pointer   |
|p_dst_data_stream_2_V_write    | out |    1|   ap_fifo  |           p_dst_data_stream_2_V           |    pointer   |
+-------------------------------+-----+-----+------------+-------------------------------------------+--------------+

