

================================================================
== Vivado HLS Report for 'image_filter_Block_Mat_exit1220_proc1'
================================================================
* Date:           Wed Mar 30 11:12:48 2016

* Version:        2014.4 (Build 1071461 on Tue Nov 18 16:42:57 PM 2014)
* Project:        prj
* Solution:       solution1
* Product family: zynq
* Target device:  xc7z020clg484-1


================================================================
== Performance Estimates
================================================================
+ Timing (ns): 
    * Summary: 
    +---------+-------+----------+------------+
    |  Clock  | Target| Estimated| Uncertainty|
    +---------+-------+----------+------------+
    |default  |   6.67|      3.40|        0.83|
    +---------+-------+----------+------------+

+ Latency (clock cycles): 
    * Summary: 
    +-----+---------+-----+---------+---------+
    |    Latency    |    Interval   | Pipeline|
    | min |   max   | min |   max   |   Type  |
    +-----+---------+-----+---------+---------+
    |    2|  2076842|    2|  2076842|   none  |
    +-----+---------+-----+---------+---------+

    + Detail: 
        * Instance: 
        +----------------------------------------------------+------------------------------------------+-----+---------+-----+---------+---------+
        |                                                    |                                          |    Latency    |    Interval   | Pipeline|
        |                      Instance                      |                  Module                  | min |   max   | min |   max   |   Type  |
        +----------------------------------------------------+------------------------------------------+-----+---------+-----+---------+---------+
        |grp_image_filter_Duplicate_1080_1920_32_32_s_fu_97  |image_filter_Duplicate_1080_1920_32_32_s  |    1|  2076841|    1|  2076841|   none  |
        +----------------------------------------------------+------------------------------------------+-----+---------+-----+---------+---------+

        * Loop: 
        N/A



================================================================
== Utilization Estimates
================================================================
* Summary: 
+-----------------+---------+-------+--------+-------+
|       Name      | BRAM_18K| DSP48E|   FF   |  LUT  |
+-----------------+---------+-------+--------+-------+
|Expression       |        -|      -|       0|      1|
|FIFO             |        -|      -|       -|      -|
|Instance         |        -|      -|      40|     74|
|Memory           |        -|      -|       -|      -|
|Multiplexer      |        -|      -|       -|    106|
|Register         |        -|      -|     100|      -|
+-----------------+---------+-------+--------+-------+
|Total            |        0|      0|     140|    181|
+-----------------+---------+-------+--------+-------+
|Available        |      280|    220|  106400|  53200|
+-----------------+---------+-------+--------+-------+
|Utilization (%)  |        0|      0|   ~0   |   ~0  |
+-----------------+---------+-------+--------+-------+

+ Detail: 
    * Instance: 
    +----------------------------------------------------+------------------------------------------+---------+-------+----+----+
    |                      Instance                      |                  Module                  | BRAM_18K| DSP48E| FF | LUT|
    +----------------------------------------------------+------------------------------------------+---------+-------+----+----+
    |grp_image_filter_Duplicate_1080_1920_32_32_s_fu_97  |image_filter_Duplicate_1080_1920_32_32_s  |        0|      0|  40|  74|
    +----------------------------------------------------+------------------------------------------+---------+-------+----+----+
    |Total                                               |                                          |        0|      0|  40|  74|
    +----------------------------------------------------+------------------------------------------+---------+-------+----+----+

    * Memory: 
    N/A

    * FIFO: 
    N/A

    * Expression: 
    +---------------+----------+-------+---+----+------------+------------+
    | Variable Name | Operation| DSP48E| FF| LUT| Bitwidth P0| Bitwidth P1|
    +---------------+----------+-------+---+----+------------+------------+
    |ap_sig_bdd_82  |    or    |      0|  0|   1|           1|           1|
    +---------------+----------+-------+---+----+------------+------------+
    |Total          |          |      0|  0|   1|           1|           1|
    +---------------+----------+-------+---+----+------------+------------+

    * Multiplexer: 
    +----------------------------+----+-----------+-----+-----------+
    |            Name            | LUT| Input Size| Bits| Total Bits|
    +----------------------------+----+-----------+-----+-----------+
    |ap_NS_fsm                   |   1|          3|    1|          3|
    |ap_return_0                 |  12|          2|   12|         24|
    |ap_return_1                 |  12|          2|   12|         24|
    |ap_return_2                 |  12|          2|   12|         24|
    |ap_return_3                 |  12|          2|   12|         24|
    |ap_return_4                 |  12|          2|   12|         24|
    |ap_return_5                 |  12|          2|   12|         24|
    |ap_return_6                 |  12|          2|   12|         24|
    |ap_return_7                 |  12|          2|   12|         24|
    |p_src_data_stream_0_V_read  |   1|          2|    1|          2|
    |p_src_data_stream_1_V_read  |   1|          2|    1|          2|
    |p_src_data_stream_2_V_read  |   1|          2|    1|          2|
    |src0_data_stream_0_V_write  |   1|          2|    1|          2|
    |src0_data_stream_1_V_write  |   1|          2|    1|          2|
    |src0_data_stream_2_V_write  |   1|          2|    1|          2|
    |src1_data_stream_0_V_write  |   1|          2|    1|          2|
    |src1_data_stream_1_V_write  |   1|          2|    1|          2|
    |src1_data_stream_2_V_write  |   1|          2|    1|          2|
    +----------------------------+----+-----------+-----+-----------+
    |Total                       | 106|         37|  106|        213|
    +----------------------------+----+-----------+-----+-----------+

    * Register: 
    +--------------------------------------------------------------------------+----+----+-----+-----------+
    |                                   Name                                   | FF | LUT| Bits| Const Bits|
    +--------------------------------------------------------------------------+----+----+-----+-----------+
    |ap_CS_fsm                                                                 |   2|   0|    2|          0|
    |ap_done_reg                                                               |   1|   0|    1|          0|
    |ap_return_0_preg                                                          |  12|   0|   12|          0|
    |ap_return_1_preg                                                          |  12|   0|   12|          0|
    |ap_return_2_preg                                                          |  12|   0|   12|          0|
    |ap_return_3_preg                                                          |  12|   0|   12|          0|
    |ap_return_4_preg                                                          |  12|   0|   12|          0|
    |ap_return_5_preg                                                          |  12|   0|   12|          0|
    |ap_return_6_preg                                                          |  12|   0|   12|          0|
    |ap_return_7_preg                                                          |  12|   0|   12|          0|
    |grp_image_filter_Duplicate_1080_1920_32_32_s_fu_97_ap_start_ap_start_reg  |   1|   0|    1|          0|
    +--------------------------------------------------------------------------+----+----+-----+-----------+
    |Total                                                                     | 100|   0|  100|          0|
    +--------------------------------------------------------------------------+----+----+-----+-----------+



================================================================
== Interface
================================================================
* Summary: 
+-------------------------------+-----+-----+------------+---------------------------------------+--------------+
|           RTL Ports           | Dir | Bits|  Protocol  |             Source Object             |    C Type    |
+-------------------------------+-----+-----+------------+---------------------------------------+--------------+
|ap_clk                         |  in |    1| ap_ctrl_hs | image_filter_Block_Mat.exit1220_proc1 | return value |
|ap_rst                         |  in |    1| ap_ctrl_hs | image_filter_Block_Mat.exit1220_proc1 | return value |
|ap_start                       |  in |    1| ap_ctrl_hs | image_filter_Block_Mat.exit1220_proc1 | return value |
|ap_done                        | out |    1| ap_ctrl_hs | image_filter_Block_Mat.exit1220_proc1 | return value |
|ap_continue                    |  in |    1| ap_ctrl_hs | image_filter_Block_Mat.exit1220_proc1 | return value |
|ap_idle                        | out |    1| ap_ctrl_hs | image_filter_Block_Mat.exit1220_proc1 | return value |
|ap_ready                       | out |    1| ap_ctrl_hs | image_filter_Block_Mat.exit1220_proc1 | return value |
|ap_return_0                    | out |   12| ap_ctrl_hs | image_filter_Block_Mat.exit1220_proc1 | return value |
|ap_return_1                    | out |   12| ap_ctrl_hs | image_filter_Block_Mat.exit1220_proc1 | return value |
|ap_return_2                    | out |   12| ap_ctrl_hs | image_filter_Block_Mat.exit1220_proc1 | return value |
|ap_return_3                    | out |   12| ap_ctrl_hs | image_filter_Block_Mat.exit1220_proc1 | return value |
|ap_return_4                    | out |   12| ap_ctrl_hs | image_filter_Block_Mat.exit1220_proc1 | return value |
|ap_return_5                    | out |   12| ap_ctrl_hs | image_filter_Block_Mat.exit1220_proc1 | return value |
|ap_return_6                    | out |   12| ap_ctrl_hs | image_filter_Block_Mat.exit1220_proc1 | return value |
|ap_return_7                    | out |   12| ap_ctrl_hs | image_filter_Block_Mat.exit1220_proc1 | return value |
|p_read                         |  in |   12|   ap_none  |                 p_read                |    scalar    |
|p_read2                        |  in |   12|   ap_none  |                p_read2                |    scalar    |
|p_read16                       |  in |   12|   ap_none  |                p_read16               |    scalar    |
|p_read17                       |  in |   12|   ap_none  |                p_read17               |    scalar    |
|p_src_data_stream_0_V_dout     |  in |    8|   ap_fifo  |         p_src_data_stream_0_V         |    pointer   |
|p_src_data_stream_0_V_empty_n  |  in |    1|   ap_fifo  |         p_src_data_stream_0_V         |    pointer   |
|p_src_data_stream_0_V_read     | out |    1|   ap_fifo  |         p_src_data_stream_0_V         |    pointer   |
|p_src_data_stream_1_V_dout     |  in |    8|   ap_fifo  |         p_src_data_stream_1_V         |    pointer   |
|p_src_data_stream_1_V_empty_n  |  in |    1|   ap_fifo  |         p_src_data_stream_1_V         |    pointer   |
|p_src_data_stream_1_V_read     | out |    1|   ap_fifo  |         p_src_data_stream_1_V         |    pointer   |
|p_src_data_stream_2_V_dout     |  in |    8|   ap_fifo  |         p_src_data_stream_2_V         |    pointer   |
|p_src_data_stream_2_V_empty_n  |  in |    1|   ap_fifo  |         p_src_data_stream_2_V         |    pointer   |
|p_src_data_stream_2_V_read     | out |    1|   ap_fifo  |         p_src_data_stream_2_V         |    pointer   |
|src0_data_stream_0_V_din       | out |    8|   ap_fifo  |          src0_data_stream_0_V         |    pointer   |
|src0_data_stream_0_V_full_n    |  in |    1|   ap_fifo  |          src0_data_stream_0_V         |    pointer   |
|src0_data_stream_0_V_write     | out |    1|   ap_fifo  |          src0_data_stream_0_V         |    pointer   |
|src0_data_stream_1_V_din       | out |    8|   ap_fifo  |          src0_data_stream_1_V         |    pointer   |
|src0_data_stream_1_V_full_n    |  in |    1|   ap_fifo  |          src0_data_stream_1_V         |    pointer   |
|src0_data_stream_1_V_write     | out |    1|   ap_fifo  |          src0_data_stream_1_V         |    pointer   |
|src0_data_stream_2_V_din       | out |    8|   ap_fifo  |          src0_data_stream_2_V         |    pointer   |
|src0_data_stream_2_V_full_n    |  in |    1|   ap_fifo  |          src0_data_stream_2_V         |    pointer   |
|src0_data_stream_2_V_write     | out |    1|   ap_fifo  |          src0_data_stream_2_V         |    pointer   |
|src1_data_stream_0_V_din       | out |    8|   ap_fifo  |          src1_data_stream_0_V         |    pointer   |
|src1_data_stream_0_V_full_n    |  in |    1|   ap_fifo  |          src1_data_stream_0_V         |    pointer   |
|src1_data_stream_0_V_write     | out |    1|   ap_fifo  |          src1_data_stream_0_V         |    pointer   |
|src1_data_stream_1_V_din       | out |    8|   ap_fifo  |          src1_data_stream_1_V         |    pointer   |
|src1_data_stream_1_V_full_n    |  in |    1|   ap_fifo  |          src1_data_stream_1_V         |    pointer   |
|src1_data_stream_1_V_write     | out |    1|   ap_fifo  |          src1_data_stream_1_V         |    pointer   |
|src1_data_stream_2_V_din       | out |    8|   ap_fifo  |          src1_data_stream_2_V         |    pointer   |
|src1_data_stream_2_V_full_n    |  in |    1|   ap_fifo  |          src1_data_stream_2_V         |    pointer   |
|src1_data_stream_2_V_write     | out |    1|   ap_fifo  |          src1_data_stream_2_V         |    pointer   |
+-------------------------------+-----+-----+------------+---------------------------------------+--------------+

