#-----------------------------------------------------------
# Webtalk v2014.4 (64-bit)
# SW Build 1071353 on Tue Nov 18 16:48:31 MST 2014
# 
# Start of session at: Sat Mar 12 20:41:07 2016
# Process ID: 12304
# Log file: /media/alok/87609ecb-a5b9-4e2b-87d8-5026e00f0506/home/alok/Vivado_Projects/HelloWorld/project_1/project_1.sdk/webtalk/webtalk.log
# Journal file: /media/alok/87609ecb-a5b9-4e2b-87d8-5026e00f0506/home/alok/Vivado_Projects/HelloWorld/project_1/project_1.sdk/webtalk/webtalk.jou
#-----------------------------------------------------------
WARNING: [Common 17-204] Your XILINX environment variable is undefined. You will not be able to run Synthesis and Implementation using ISE based strategies, or import ngc netlists. Please set up your XILINX environment to get full functionality.
source sdk_webtalk.tcl
# webtalk_init -webtalk_dir /media/alok/87609ecb-a5b9-4e2b-87d8-5026e00f0506/home/alok/Vivado_Projects/HelloWorld/project_1/project_1.sdk/webtalk
# webtalk_register_client -client project
# webtalk_add_data -client project -key date_generated -value "Sat Mar 12 20:41:06 2016" -context "software_version_and_target_device"
# webtalk_add_data -client project -key product_version -value "SDK v2014.4" -context "software_version_and_target_device"
# webtalk_add_data -client project -key build_version -value "2014.4" -context "software_version_and_target_device"
# webtalk_add_data -client project -key os_platform -value "amd64" -context "software_version_and_target_device"
# webtalk_add_data -client project -key registration_id -value "" -context "software_version_and_target_device"
# webtalk_add_data -client project -key tool_flow -value "SDK" -context "software_version_and_target_device"
# webtalk_add_data -client project -key beta -value "false" -context "software_version_and_target_device"
# webtalk_add_data -client project -key route_design -value "NA" -context "software_version_and_target_device"
# webtalk_add_data -client project -key target_family -value "NA" -context "software_version_and_target_device"
# webtalk_add_data -client project -key target_device -value "NA" -context "software_version_and_target_device"
# webtalk_add_data -client project -key target_package -value "NA" -context "software_version_and_target_device"
# webtalk_add_data -client project -key target_speed -value "NA" -context "software_version_and_target_device"
# webtalk_add_data -client project -key random_id -value "s7qamflclssfq30kkas53cu736" -context "software_version_and_target_device"
# webtalk_add_data -client project -key project_id -value "2014.4_6" -context "software_version_and_target_device"
# webtalk_add_data -client project -key project_iteration -value "6" -context "software_version_and_target_device"
# webtalk_add_data -client project -key os_name -value "" -context "user_environment"
# webtalk_add_data -client project -key os_release -value "" -context "user_environment"
# webtalk_add_data -client project -key cpu_name -value "" -context "user_environment"
# webtalk_add_data -client project -key cpu_speed -value "" -context "user_environment"
# webtalk_add_data -client project -key total_processors -value "" -context "user_environment"
# webtalk_add_data -client project -key system_ram -value "" -context "user_environment"
# webtalk_register_client -client sdk
# webtalk_add_data -client sdk -key uid -value "1457795324000" -context "sdk\\\\hardware/1457795324000"
# webtalk_add_data -client sdk -key isZynq -value "true" -context "sdk\\\\hardware/1457795324000"
# webtalk_add_data -client sdk -key Processors -value "2" -context "sdk\\\\hardware/1457795324000"
# webtalk_add_data -client sdk -key VivadoVersion -value "2014.4" -context "sdk\\\\hardware/1457795324000"
# webtalk_add_data -client sdk -key Arch -value "zynq" -context "sdk\\\\hardware/1457795324000"
# webtalk_add_data -client sdk -key Device -value "7z020" -context "sdk\\\\hardware/1457795324000"
# webtalk_add_data -client sdk -key IsHandoff -value "true" -context "sdk\\\\hardware/1457795324000"
# webtalk_add_data -client sdk -key uid -value "1457795388000" -context "sdk\\\\bsp/1457795388000"
# webtalk_add_data -client sdk -key hwid -value "1457795324000" -context "sdk\\\\bsp/1457795388000"
# webtalk_add_data -client sdk -key os -value "standalone" -context "sdk\\\\bsp/1457795388000"
# webtalk_add_data -client sdk -key apptemplate -value "hello_world" -context "sdk\\\\bsp/1457795388000"
# webtalk_add_data -client sdk -key uid -value "1457795391000" -context "sdk\\\\application/1457795391000"
# webtalk_add_data -client sdk -key hwid -value "1457795324000" -context "sdk\\\\application/1457795391000"
# webtalk_add_data -client sdk -key bspid -value "1457795388000" -context "sdk\\\\application/1457795391000"
# webtalk_add_data -client sdk -key newbsp -value "true" -context "sdk\\\\application/1457795391000"
# webtalk_add_data -client sdk -key os -value "standalone" -context "sdk\\\\application/1457795391000"
# webtalk_add_data -client sdk -key apptemplate -value "hello_world" -context "sdk\\\\application/1457795391000"
# webtalk_transmit -clientid 2555428266 -regid "" -xml /media/alok/87609ecb-a5b9-4e2b-87d8-5026e00f0506/home/alok/Vivado_Projects/HelloWorld/project_1/project_1.sdk/webtalk/usage_statistics_ext_sdk.xml -html /media/alok/87609ecb-a5b9-4e2b-87d8-5026e00f0506/home/alok/Vivado_Projects/HelloWorld/project_1/project_1.sdk/webtalk/usage_statistics_ext_sdk.html -wdm /media/alok/87609ecb-a5b9-4e2b-87d8-5026e00f0506/home/alok/Vivado_Projects/HelloWorld/project_1/project_1.sdk/webtalk/sdk_webtalk.wdm -intro "<H3>SDK Usage Report</H3><BR>"

    while executing
"webtalk_transmit -clientid 2555428266 -regid "" -xml /media/alok/87609ecb-a5b9-4e2b-87d8-5026e00f0506/home/alok/Vivado_Projects/HelloWorld/project_1/p..."
    (file "sdk_webtalk.tcl" line 42)
INFO: [Common 17-206] Exiting Webtalk at Sat Mar 12 20:41:07 2016...
