

================================================================
== Vivado HLS Report for 'image_filter'
================================================================
* Date:           Wed Mar 30 11:17:33 2016

* Version:        2014.4 (Build 1071461 on Tue Nov 18 16:42:57 PM 2014)
* Project:        prj
* Solution:       solution1
* Product family: zynq
* Target device:  xc7z020clg484-1


================================================================
== Performance Estimates
================================================================
+ Timing (ns): 
    * Summary: 
    +---------+-------+----------+------------+
    |  Clock  | Target| Estimated| Uncertainty|
    +---------+-------+----------+------------+
    |default  |   6.67|      5.76|        0.83|
    +---------+-------+----------+------------+

+ Latency (clock cycles): 
    * Summary: 
    +-----+---------+-----+---------+----------+
    |    Latency    |    Interval   | Pipeline |
    | min |   max   | min |   max   |   Type   |
    +-----+---------+-----+---------+----------+
    |    7|  6224041|    8|  6224042| dataflow |
    +-----+---------+-----+---------+----------+

    + Detail: 
        * Instance: 
        +-----------------------------------------+---------------------------+-----+---------+-----+---------+---------+
        |                                         |                           |    Latency    |    Interval   | Pipeline|
        |                 Instance                |           Module          | min |   max   | min |   max   |   Type  |
        +-----------------------------------------+---------------------------+-----+---------+-----+---------+---------+
        |call_ret_image_filter_Block_proc_fu_232  |image_filter_Block_proc    |    0|        0|    0|        0|   none  |
        |grp_image_filter_AXIvideo2Mat_fu_186     |image_filter_AXIvideo2Mat  |    3|  2077923|    3|  2077923|   none  |
        |grp_image_filter_Loop_1_proc_fu_171      |image_filter_Loop_1_proc   |    7|  6224041|    7|  6224041|   none  |
        |grp_image_filter_Mat2AXIvideo_fu_209     |image_filter_Mat2AXIvideo  |    1|  2076841|    1|  2076841|   none  |
        +-----------------------------------------+---------------------------+-----+---------+-----+---------+---------+

        * Loop: 
        N/A



================================================================
== Utilization Estimates
================================================================
* Summary: 
+-----------------+---------+-------+--------+-------+
|       Name      | BRAM_18K| DSP48E|   FF   |  LUT  |
+-----------------+---------+-------+--------+-------+
|Expression       |        -|      -|       0|      2|
|FIFO             |        0|      -|      50|    216|
|Instance         |        -|      -|     527|    764|
|Memory           |        -|      -|       -|      -|
|Multiplexer      |        -|      -|       -|      8|
|Register         |        -|      -|       9|      -|
+-----------------+---------+-------+--------+-------+
|Total            |        0|      0|     586|    990|
+-----------------+---------+-------+--------+-------+
|Available        |      280|    220|  106400|  53200|
+-----------------+---------+-------+--------+-------+
|Utilization (%)  |        0|      0|   ~0   |      1|
+-----------------+---------+-------+--------+-------+

+ Detail: 
    * Instance: 
    +------------------------------+---------------------------+---------+-------+-----+-----+
    |           Instance           |           Module          | BRAM_18K| DSP48E|  FF | LUT |
    +------------------------------+---------------------------+---------+-------+-----+-----+
    |image_filter_AXIvideo2Mat_U0  |image_filter_AXIvideo2Mat  |        0|      0|  240|  291|
    |image_filter_Block_proc_U0    |image_filter_Block_proc    |        0|      0|   50|   49|
    |image_filter_Loop_1_proc_U0   |image_filter_Loop_1_proc   |        0|      0|  177|  315|
    |image_filter_Mat2AXIvideo_U0  |image_filter_Mat2AXIvideo  |        0|      0|   60|  109|
    +------------------------------+---------------------------+---------+-------+-----+-----+
    |Total                         |                           |        0|      0|  527|  764|
    +------------------------------+---------------------------+---------+-------+-----+-----+

    * Memory: 
    N/A

    * FIFO: 
    +-------------------------+---------+---+----+------+-----+---------+
    |           Name          | BRAM_18K| FF| LUT| Depth| Bits| Size:D*B|
    +-------------------------+---------+---+----+------+-----+---------+
    |img_0_cols_V_channel_U   |        0|  5|  24|     2|   12|       24|
    |img_0_data_stream_0_V_U  |        0|  5|  20|     1|    8|        8|
    |img_0_data_stream_1_V_U  |        0|  5|  20|     1|    8|        8|
    |img_0_data_stream_2_V_U  |        0|  5|  20|     1|    8|        8|
    |img_0_rows_V_channel_U   |        0|  5|  24|     2|   12|       24|
    |img_1_cols_V_U           |        0|  5|  24|     2|   12|       24|
    |img_1_data_stream_0_V_U  |        0|  5|  20|     1|    8|        8|
    |img_1_data_stream_1_V_U  |        0|  5|  20|     1|    8|        8|
    |img_1_data_stream_2_V_U  |        0|  5|  20|     1|    8|        8|
    |img_1_rows_V_U           |        0|  5|  24|     2|   12|       24|
    +-------------------------+---------+---+----+------+-----+---------+
    |Total                    |        0| 50| 216|    14|   96|      144|
    +-------------------------+---------+---+----+------+-----+---------+

    * Expression: 
    +---------------------------------------+----------+-------+---+----+------------+------------+
    |             Variable Name             | Operation| DSP48E| FF| LUT| Bitwidth P0| Bitwidth P1|
    +---------------------------------------+----------+-------+---+----+------------+------------+
    |image_filter_AXIvideo2Mat_U0_ap_start  |    and   |      0|  0|   1|           1|           1|
    |image_filter_Mat2AXIvideo_U0_ap_start  |    and   |      0|  0|   1|           1|           1|
    +---------------------------------------+----------+-------+---+----+------------+------------+
    |Total                                  |          |      0|  0|   2|           2|           2|
    +---------------------------------------+----------+-------+---+----+------------+------------+

    * Multiplexer: 
    +--------------------------------------------------------------+----+-----------+-----+-----------+
    |                             Name                             | LUT| Input Size| Bits| Total Bits|
    +--------------------------------------------------------------+----+-----------+-----+-----------+
    |ap_chn_write_image_filter_Block_proc_U0_img_0_cols_V_channel  |   1|          2|    1|          2|
    |ap_chn_write_image_filter_Block_proc_U0_img_0_rows_V_channel  |   1|          2|    1|          2|
    |ap_chn_write_image_filter_Block_proc_U0_img_1_cols_V          |   1|          2|    1|          2|
    |ap_chn_write_image_filter_Block_proc_U0_img_1_rows_V          |   1|          2|    1|          2|
    |ap_sig_ready_img_0_cols_V_channel_full_n                      |   1|          2|    1|          2|
    |ap_sig_ready_img_0_rows_V_channel_full_n                      |   1|          2|    1|          2|
    |ap_sig_ready_img_1_cols_V_full_n                              |   1|          2|    1|          2|
    |ap_sig_ready_img_1_rows_V_full_n                              |   1|          2|    1|          2|
    +--------------------------------------------------------------+----+-----------+-----+-----------+
    |Total                                                         |   8|         16|    8|         16|
    +--------------------------------------------------------------+----+-----------+-----+-----------+

    * Register: 
    +----------------------------------------------+---+----+-----+-----------+
    |                     Name                     | FF| LUT| Bits| Const Bits|
    +----------------------------------------------+---+----+-----+-----------+
    |ap_CS                                         |  1|   0|    1|          0|
    |ap_reg_procdone_image_filter_AXIvideo2Mat_U0  |  1|   0|    1|          0|
    |ap_reg_procdone_image_filter_Block_proc_U0    |  1|   0|    1|          0|
    |ap_reg_procdone_image_filter_Loop_1_proc_U0   |  1|   0|    1|          0|
    |ap_reg_procdone_image_filter_Mat2AXIvideo_U0  |  1|   0|    1|          0|
    |ap_reg_ready_img_0_cols_V_channel_full_n      |  1|   0|    1|          0|
    |ap_reg_ready_img_0_rows_V_channel_full_n      |  1|   0|    1|          0|
    |ap_reg_ready_img_1_cols_V_full_n              |  1|   0|    1|          0|
    |ap_reg_ready_img_1_rows_V_full_n              |  1|   0|    1|          0|
    +----------------------------------------------+---+----+-----+-----------+
    |Total                                         |  9|   0|    9|          0|
    +----------------------------------------------+---+----+-----+-----------+



================================================================
== Interface
================================================================
* Summary: 
+----------------------+-----+-----+------------+------------------------+--------------+
|       RTL Ports      | Dir | Bits|  Protocol  |      Source Object     |    C Type    |
+----------------------+-----+-----+------------+------------------------+--------------+
|INPUT_STREAM_TDATA    |  in |   32|    axis    |  INPUT_STREAM_V_data_V |    pointer   |
|INPUT_STREAM_TKEEP    |  in |    4|    axis    |  INPUT_STREAM_V_keep_V |    pointer   |
|INPUT_STREAM_TSTRB    |  in |    4|    axis    |  INPUT_STREAM_V_strb_V |    pointer   |
|INPUT_STREAM_TUSER    |  in |    1|    axis    |  INPUT_STREAM_V_user_V |    pointer   |
|INPUT_STREAM_TLAST    |  in |    1|    axis    |  INPUT_STREAM_V_last_V |    pointer   |
|INPUT_STREAM_TID      |  in |    1|    axis    |   INPUT_STREAM_V_id_V  |    pointer   |
|INPUT_STREAM_TDEST    |  in |    1|    axis    |  INPUT_STREAM_V_dest_V |    pointer   |
|INPUT_STREAM_TVALID   |  in |    1|    axis    |  INPUT_STREAM_V_dest_V |    pointer   |
|INPUT_STREAM_TREADY   | out |    1|    axis    |  INPUT_STREAM_V_dest_V |    pointer   |
|OUTPUT_STREAM_TDATA   | out |   32|    axis    | OUTPUT_STREAM_V_data_V |    pointer   |
|OUTPUT_STREAM_TKEEP   | out |    4|    axis    | OUTPUT_STREAM_V_keep_V |    pointer   |
|OUTPUT_STREAM_TSTRB   | out |    4|    axis    | OUTPUT_STREAM_V_strb_V |    pointer   |
|OUTPUT_STREAM_TUSER   | out |    1|    axis    | OUTPUT_STREAM_V_user_V |    pointer   |
|OUTPUT_STREAM_TLAST   | out |    1|    axis    | OUTPUT_STREAM_V_last_V |    pointer   |
|OUTPUT_STREAM_TID     | out |    1|    axis    |  OUTPUT_STREAM_V_id_V  |    pointer   |
|OUTPUT_STREAM_TDEST   | out |    1|    axis    | OUTPUT_STREAM_V_dest_V |    pointer   |
|OUTPUT_STREAM_TVALID  | out |    1|    axis    | OUTPUT_STREAM_V_dest_V |    pointer   |
|OUTPUT_STREAM_TREADY  |  in |    1|    axis    | OUTPUT_STREAM_V_dest_V |    pointer   |
|rows                  |  in |   32|  ap_stable |          rows          |    scalar    |
|cols                  |  in |   32|  ap_stable |          cols          |    scalar    |
|ap_clk                |  in |    1| ap_ctrl_hs |      image_filter      | return value |
|ap_rst_n              |  in |    1| ap_ctrl_hs |      image_filter      | return value |
|ap_start              |  in |    1| ap_ctrl_hs |      image_filter      | return value |
|ap_done               | out |    1| ap_ctrl_hs |      image_filter      | return value |
|ap_idle               | out |    1| ap_ctrl_hs |      image_filter      | return value |
|ap_ready              | out |    1| ap_ctrl_hs |      image_filter      | return value |
+----------------------+-----+-----+------------+------------------------+--------------+

============================================================
+ Verbose Summary: Synthesis Manager
============================================================
InlineROM: 1
ExposeGlobal: 0
============================================================
+ Verbose Summary: CDFG Model
============================================================
IsTopModel: 1
ResetActiveHigh: 1
IsCombinational: 2
IsDatapathOnly: 2
HasWiredReturn: 1
HasMFsm: 0
HasVarLatency: 1
IsPipeline: 0
IsRtlPipelined: 0
IsInstanceOverlapped: 0
IsDontTouch: 0
HasImplIP: 0
IsGatedGlobalClock: 0


============================================================
+ Verbose Summary: Schedule
============================================================
* Number of FSM states: 6
* Pipeline: 0
* Dataflow Pipeline: 1
  DF-Pipeline-0: Size = 6, States = { 1 2 3 4 5 6 }

* FSM state transitions: 
1 --> 
	2  / true
2 --> 
	3  / true
3 --> 
	4  / true
4 --> 
	5  / true
5 --> 
	6  / true
6 --> 
* FSM state operations: 

 <State 1>: 2.39ns
ST_1: cols_read [1/1] 0.00ns
codeRepl:18  %cols_read = call i32 @_ssdm_op_Read.ap_stable.i32(i32 %cols)

ST_1: rows_read [1/1] 0.00ns
codeRepl:19  %rows_read = call i32 @_ssdm_op_Read.ap_stable.i32(i32 %rows)

ST_1: img_0_data_stream_0_V [1/1] 0.00ns
codeRepl:20  %img_0_data_stream_0_V = alloca i8, align 1

ST_1: img_0_data_stream_1_V [1/1] 0.00ns
codeRepl:23  %img_0_data_stream_1_V = alloca i8, align 1

ST_1: img_0_data_stream_2_V [1/1] 0.00ns
codeRepl:26  %img_0_data_stream_2_V = alloca i8, align 1

ST_1: img_1_data_stream_0_V [1/1] 0.00ns
codeRepl:29  %img_1_data_stream_0_V = alloca i8, align 1

ST_1: img_1_data_stream_1_V [1/1] 0.00ns
codeRepl:32  %img_1_data_stream_1_V = alloca i8, align 1

ST_1: img_1_data_stream_2_V [1/1] 0.00ns
codeRepl:35  %img_1_data_stream_2_V = alloca i8, align 1

ST_1: buffer_val_0 [1/1] 2.39ns
codeRepl:38  %buffer_val_0 = alloca [3 x i8], align 1

ST_1: buffer_val_1 [1/1] 2.39ns
codeRepl:39  %buffer_val_1 = alloca [3 x i8], align 1

ST_1: buffer_val_2 [1/1] 2.39ns
codeRepl:40  %buffer_val_2 = alloca [3 x i8], align 1

ST_1: call_ret [1/1] 0.00ns
codeRepl:48  %call_ret = call fastcc { i12, i12, i12, i12 } @image_filter_Block__proc(i32 %rows_read, i32 %cols_read)

ST_1: img_0_rows_V_channel [1/1] 0.00ns
codeRepl:49  %img_0_rows_V_channel = extractvalue { i12, i12, i12, i12 } %call_ret, 0

ST_1: img_0_cols_V_channel [1/1] 0.00ns
codeRepl:50  %img_0_cols_V_channel = extractvalue { i12, i12, i12, i12 } %call_ret, 1

ST_1: img_1_rows_V [1/1] 0.00ns
codeRepl:51  %img_1_rows_V = extractvalue { i12, i12, i12, i12 } %call_ret, 2

ST_1: img_1_cols_V [1/1] 0.00ns
codeRepl:52  %img_1_cols_V = extractvalue { i12, i12, i12, i12 } %call_ret, 3

ST_1: stg_23 [2/2] 1.57ns
codeRepl:53  call fastcc void @image_filter_AXIvideo2Mat(i32* %INPUT_STREAM_V_data_V, i4* %INPUT_STREAM_V_keep_V, i4* %INPUT_STREAM_V_strb_V, i1* %INPUT_STREAM_V_user_V, i1* %INPUT_STREAM_V_last_V, i1* %INPUT_STREAM_V_id_V, i1* %INPUT_STREAM_V_dest_V, i12 %img_0_rows_V_channel, i12 %img_0_cols_V_channel, i8* %img_0_data_stream_0_V, i8* %img_0_data_stream_1_V, i8* %img_0_data_stream_2_V)


 <State 2>: 0.00ns
ST_2: stg_24 [1/2] 0.00ns
codeRepl:53  call fastcc void @image_filter_AXIvideo2Mat(i32* %INPUT_STREAM_V_data_V, i4* %INPUT_STREAM_V_keep_V, i4* %INPUT_STREAM_V_strb_V, i1* %INPUT_STREAM_V_user_V, i1* %INPUT_STREAM_V_last_V, i1* %INPUT_STREAM_V_id_V, i1* %INPUT_STREAM_V_dest_V, i12 %img_0_rows_V_channel, i12 %img_0_cols_V_channel, i8* %img_0_data_stream_0_V, i8* %img_0_data_stream_1_V, i8* %img_0_data_stream_2_V)


 <State 3>: 0.00ns
ST_3: stg_25 [2/2] 0.00ns
codeRepl:54  call fastcc void @image_filter_Loop_1_proc(i32 %rows_read, i32 %cols_read, i8* %img_1_data_stream_0_V, i8* %img_1_data_stream_1_V, i8* %img_1_data_stream_2_V, i8* %img_0_data_stream_0_V, i8* %img_0_data_stream_1_V, i8* %img_0_data_stream_2_V, [3 x i8]* %buffer_val_0, [3 x i8]* %buffer_val_1, [3 x i8]* %buffer_val_2)


 <State 4>: 0.00ns
ST_4: stg_26 [1/2] 0.00ns
codeRepl:54  call fastcc void @image_filter_Loop_1_proc(i32 %rows_read, i32 %cols_read, i8* %img_1_data_stream_0_V, i8* %img_1_data_stream_1_V, i8* %img_1_data_stream_2_V, i8* %img_0_data_stream_0_V, i8* %img_0_data_stream_1_V, i8* %img_0_data_stream_2_V, [3 x i8]* %buffer_val_0, [3 x i8]* %buffer_val_1, [3 x i8]* %buffer_val_2)


 <State 5>: 1.84ns
ST_5: stg_27 [2/2] 1.84ns
codeRepl:55  call fastcc void @image_filter_Mat2AXIvideo(i12 %img_1_rows_V, i12 %img_1_cols_V, i8* %img_1_data_stream_0_V, i8* %img_1_data_stream_1_V, i8* %img_1_data_stream_2_V, i32* %OUTPUT_STREAM_V_data_V, i4* %OUTPUT_STREAM_V_keep_V, i4* %OUTPUT_STREAM_V_strb_V, i1* %OUTPUT_STREAM_V_user_V, i1* %OUTPUT_STREAM_V_last_V, i1* %OUTPUT_STREAM_V_id_V, i1* %OUTPUT_STREAM_V_dest_V)


 <State 6>: 1.70ns
ST_6: stg_28 [1/1] 0.00ns
codeRepl:0  call void (...)* @_ssdm_op_SpecDataflowPipeline(i32 -1, [1 x i8]* @p_str1806) nounwind

ST_6: stg_29 [1/1] 0.00ns
codeRepl:1  call void (...)* @_ssdm_op_SpecBitsMap(i32* %INPUT_STREAM_V_data_V), !map !7

ST_6: stg_30 [1/1] 0.00ns
codeRepl:2  call void (...)* @_ssdm_op_SpecBitsMap(i4* %INPUT_STREAM_V_keep_V), !map !11

ST_6: stg_31 [1/1] 0.00ns
codeRepl:3  call void (...)* @_ssdm_op_SpecBitsMap(i4* %INPUT_STREAM_V_strb_V), !map !15

ST_6: stg_32 [1/1] 0.00ns
codeRepl:4  call void (...)* @_ssdm_op_SpecBitsMap(i1* %INPUT_STREAM_V_user_V), !map !19

ST_6: stg_33 [1/1] 0.00ns
codeRepl:5  call void (...)* @_ssdm_op_SpecBitsMap(i1* %INPUT_STREAM_V_last_V), !map !23

ST_6: stg_34 [1/1] 0.00ns
codeRepl:6  call void (...)* @_ssdm_op_SpecBitsMap(i1* %INPUT_STREAM_V_id_V), !map !27

ST_6: stg_35 [1/1] 0.00ns
codeRepl:7  call void (...)* @_ssdm_op_SpecBitsMap(i1* %INPUT_STREAM_V_dest_V), !map !31

ST_6: stg_36 [1/1] 0.00ns
codeRepl:8  call void (...)* @_ssdm_op_SpecBitsMap(i32* %OUTPUT_STREAM_V_data_V), !map !35

ST_6: stg_37 [1/1] 0.00ns
codeRepl:9  call void (...)* @_ssdm_op_SpecBitsMap(i4* %OUTPUT_STREAM_V_keep_V), !map !39

ST_6: stg_38 [1/1] 0.00ns
codeRepl:10  call void (...)* @_ssdm_op_SpecBitsMap(i4* %OUTPUT_STREAM_V_strb_V), !map !43

ST_6: stg_39 [1/1] 0.00ns
codeRepl:11  call void (...)* @_ssdm_op_SpecBitsMap(i1* %OUTPUT_STREAM_V_user_V), !map !47

ST_6: stg_40 [1/1] 0.00ns
codeRepl:12  call void (...)* @_ssdm_op_SpecBitsMap(i1* %OUTPUT_STREAM_V_last_V), !map !51

ST_6: stg_41 [1/1] 0.00ns
codeRepl:13  call void (...)* @_ssdm_op_SpecBitsMap(i1* %OUTPUT_STREAM_V_id_V), !map !55

ST_6: stg_42 [1/1] 0.00ns
codeRepl:14  call void (...)* @_ssdm_op_SpecBitsMap(i1* %OUTPUT_STREAM_V_dest_V), !map !59

ST_6: stg_43 [1/1] 0.00ns
codeRepl:15  call void (...)* @_ssdm_op_SpecBitsMap(i32 %rows), !map !63

ST_6: stg_44 [1/1] 0.00ns
codeRepl:16  call void (...)* @_ssdm_op_SpecBitsMap(i32 %cols), !map !69

ST_6: stg_45 [1/1] 0.00ns
codeRepl:17  call void (...)* @_ssdm_op_SpecTopModule([13 x i8]* @str) nounwind

ST_6: empty [1/1] 0.00ns
codeRepl:21  %empty = call i32 (...)* @_ssdm_op_SpecChannel([23 x i8]* @str38, i32 1, [1 x i8]* @str39, [1 x i8]* @str39, i32 1, i32 1, i8* %img_0_data_stream_0_V, i8* %img_0_data_stream_0_V)

ST_6: stg_47 [1/1] 0.00ns
codeRepl:22  call void (...)* @_ssdm_op_SpecInterface(i8* %img_0_data_stream_0_V, [8 x i8]* @str40, i32 0, i32 0, i32 0, i32 0, [1 x i8]* @str41, [1 x i8]* @str41, [8 x i8]* @str40)

ST_6: empty_8 [1/1] 0.00ns
codeRepl:24  %empty_8 = call i32 (...)* @_ssdm_op_SpecChannel([23 x i8]* @str42, i32 1, [1 x i8]* @str43, [1 x i8]* @str43, i32 1, i32 1, i8* %img_0_data_stream_1_V, i8* %img_0_data_stream_1_V)

ST_6: stg_49 [1/1] 0.00ns
codeRepl:25  call void (...)* @_ssdm_op_SpecInterface(i8* %img_0_data_stream_1_V, [8 x i8]* @str44, i32 0, i32 0, i32 0, i32 0, [1 x i8]* @str45, [1 x i8]* @str45, [8 x i8]* @str44)

ST_6: empty_9 [1/1] 0.00ns
codeRepl:27  %empty_9 = call i32 (...)* @_ssdm_op_SpecChannel([23 x i8]* @str46, i32 1, [1 x i8]* @str47, [1 x i8]* @str47, i32 1, i32 1, i8* %img_0_data_stream_2_V, i8* %img_0_data_stream_2_V)

ST_6: stg_51 [1/1] 0.00ns
codeRepl:28  call void (...)* @_ssdm_op_SpecInterface(i8* %img_0_data_stream_2_V, [8 x i8]* @str48, i32 0, i32 0, i32 0, i32 0, [1 x i8]* @str49, [1 x i8]* @str49, [8 x i8]* @str48)

ST_6: empty_10 [1/1] 0.00ns
codeRepl:30  %empty_10 = call i32 (...)* @_ssdm_op_SpecChannel([23 x i8]* @str50, i32 1, [1 x i8]* @str51, [1 x i8]* @str51, i32 1, i32 1, i8* %img_1_data_stream_0_V, i8* %img_1_data_stream_0_V)

ST_6: stg_53 [1/1] 0.00ns
codeRepl:31  call void (...)* @_ssdm_op_SpecInterface(i8* %img_1_data_stream_0_V, [8 x i8]* @str52, i32 0, i32 0, i32 0, i32 0, [1 x i8]* @str53, [1 x i8]* @str53, [8 x i8]* @str52)

ST_6: empty_11 [1/1] 0.00ns
codeRepl:33  %empty_11 = call i32 (...)* @_ssdm_op_SpecChannel([23 x i8]* @str54, i32 1, [1 x i8]* @str55, [1 x i8]* @str55, i32 1, i32 1, i8* %img_1_data_stream_1_V, i8* %img_1_data_stream_1_V)

ST_6: stg_55 [1/1] 0.00ns
codeRepl:34  call void (...)* @_ssdm_op_SpecInterface(i8* %img_1_data_stream_1_V, [8 x i8]* @str56, i32 0, i32 0, i32 0, i32 0, [1 x i8]* @str57, [1 x i8]* @str57, [8 x i8]* @str56)

ST_6: empty_12 [1/1] 0.00ns
codeRepl:36  %empty_12 = call i32 (...)* @_ssdm_op_SpecChannel([23 x i8]* @str58, i32 1, [1 x i8]* @str59, [1 x i8]* @str59, i32 1, i32 1, i8* %img_1_data_stream_2_V, i8* %img_1_data_stream_2_V)

ST_6: stg_57 [1/1] 0.00ns
codeRepl:37  call void (...)* @_ssdm_op_SpecInterface(i8* %img_1_data_stream_2_V, [8 x i8]* @str60, i32 0, i32 0, i32 0, i32 0, [1 x i8]* @str61, [1 x i8]* @str61, [8 x i8]* @str60)

ST_6: stg_58 [1/1] 0.00ns
codeRepl:41  call void (...)* @_ssdm_op_SpecInterface(i32* %INPUT_STREAM_V_data_V, i4* %INPUT_STREAM_V_keep_V, i4* %INPUT_STREAM_V_strb_V, i1* %INPUT_STREAM_V_user_V, i1* %INPUT_STREAM_V_last_V, i1* %INPUT_STREAM_V_id_V, i1* %INPUT_STREAM_V_dest_V, [5 x i8]* @p_str1805, i32 0, i32 0, i32 0, i32 0, [1 x i8]* @p_str1806, [1 x i8]* @p_str1806, [1 x i8]* @p_str1806) nounwind

ST_6: stg_59 [1/1] 0.00ns
codeRepl:42  call void (...)* @_ssdm_op_SpecInterface(i32* %OUTPUT_STREAM_V_data_V, i4* %OUTPUT_STREAM_V_keep_V, i4* %OUTPUT_STREAM_V_strb_V, i1* %OUTPUT_STREAM_V_user_V, i1* %OUTPUT_STREAM_V_last_V, i1* %OUTPUT_STREAM_V_id_V, i1* %OUTPUT_STREAM_V_dest_V, [5 x i8]* @p_str1805, i32 0, i32 0, i32 0, i32 0, [1 x i8]* @p_str1806, [1 x i8]* @p_str1806, [1 x i8]* @p_str1806) nounwind

ST_6: stg_60 [1/1] 0.00ns
codeRepl:43  call void (...)* @_ssdm_op_SpecIFCore(i32 %rows, [1 x i8]* @p_str1806, [10 x i8]* @p_str1807, [1 x i8]* @p_str1806, i32 -1, [1 x i8]* @p_str1806, [1 x i8]* @p_str1806, [24 x i8]* @p_str1808)

ST_6: stg_61 [1/1] 0.00ns
codeRepl:44  call void (...)* @_ssdm_op_SpecIFCore(i32 %cols, [1 x i8]* @p_str1806, [10 x i8]* @p_str1807, [1 x i8]* @p_str1806, i32 -1, [1 x i8]* @p_str1806, [1 x i8]* @p_str1806, [24 x i8]* @p_str1808)

ST_6: stg_62 [1/1] 0.00ns
codeRepl:45  call void (...)* @_ssdm_op_SpecIFCore(i32 0, [1 x i8]* @p_str1806, [10 x i8]* @p_str1807, [1 x i8]* @p_str1806, i32 -1, [1 x i8]* @p_str1806, [1 x i8]* @p_str1806, [24 x i8]* @p_str1808)

ST_6: stg_63 [1/1] 0.00ns
codeRepl:46  call void (...)* @_ssdm_op_SpecInterface(i32 %rows, [10 x i8]* @p_str1809, i32 0, i32 0, i32 0, i32 0, [1 x i8]* @p_str1806, [1 x i8]* @p_str1806, [1 x i8]* @p_str1806) nounwind

ST_6: stg_64 [1/1] 0.00ns
codeRepl:47  call void (...)* @_ssdm_op_SpecInterface(i32 %cols, [10 x i8]* @p_str1809, i32 0, i32 0, i32 0, i32 0, [1 x i8]* @p_str1806, [1 x i8]* @p_str1806, [1 x i8]* @p_str1806) nounwind

ST_6: stg_65 [1/2] 1.70ns
codeRepl:55  call fastcc void @image_filter_Mat2AXIvideo(i12 %img_1_rows_V, i12 %img_1_cols_V, i8* %img_1_data_stream_0_V, i8* %img_1_data_stream_1_V, i8* %img_1_data_stream_2_V, i32* %OUTPUT_STREAM_V_data_V, i4* %OUTPUT_STREAM_V_keep_V, i4* %OUTPUT_STREAM_V_strb_V, i1* %OUTPUT_STREAM_V_user_V, i1* %OUTPUT_STREAM_V_last_V, i1* %OUTPUT_STREAM_V_id_V, i1* %OUTPUT_STREAM_V_dest_V)

ST_6: stg_66 [1/1] 0.00ns
codeRepl:56  ret void



============================================================
+ Verbose Summary: Binding
============================================================
STG Binding: 
---------------- STG Properties BEGIN ----------------
- Is combinational: 0
- Is one-state seq: 0
- Is datapath-only: 0
- Is clock enabled: 0
- Is pipelined: 0
- Is top level: 1
Port [ Return ] is wired: 1; IO mode=ap_ctrl_hs:ce=0
Port [ INPUT_STREAM_V_data_V]:  wired=1; compound=1; hidden=0; nouse=0; global=0; static=0; extern=0; dir=0; type=0; mode=0x5de46c0; pingpong=0; private_global=0; IO mode=axis:ce=0
Port [ INPUT_STREAM_V_keep_V]:  wired=1; compound=1; hidden=0; nouse=0; global=0; static=0; extern=0; dir=0; type=0; mode=0x5e1b940; pingpong=0; private_global=0; IO mode=axis:ce=0
Port [ INPUT_STREAM_V_strb_V]:  wired=1; compound=1; hidden=0; nouse=0; global=0; static=0; extern=0; dir=0; type=0; mode=0x4e1ead0; pingpong=0; private_global=0; IO mode=axis:ce=0
Port [ INPUT_STREAM_V_user_V]:  wired=1; compound=1; hidden=0; nouse=0; global=0; static=0; extern=0; dir=0; type=0; mode=0x4e07010; pingpong=0; private_global=0; IO mode=axis:ce=0
Port [ INPUT_STREAM_V_last_V]:  wired=1; compound=1; hidden=0; nouse=0; global=0; static=0; extern=0; dir=0; type=0; mode=0x4e308e0; pingpong=0; private_global=0; IO mode=axis:ce=0
Port [ INPUT_STREAM_V_id_V]:  wired=1; compound=1; hidden=0; nouse=0; global=0; static=0; extern=0; dir=0; type=0; mode=0x4dbf500; pingpong=0; private_global=0; IO mode=axis:ce=0
Port [ INPUT_STREAM_V_dest_V]:  wired=1; compound=1; hidden=0; nouse=0; global=0; static=0; extern=0; dir=0; type=0; mode=0x4df50d0; pingpong=0; private_global=0; IO mode=axis:ce=0
Port [ OUTPUT_STREAM_V_data_V]:  wired=1; compound=1; hidden=0; nouse=0; global=0; static=0; extern=0; dir=1; type=0; mode=0x4de49d0; pingpong=0; private_global=0; IO mode=axis:ce=0
Port [ OUTPUT_STREAM_V_keep_V]:  wired=1; compound=1; hidden=0; nouse=0; global=0; static=0; extern=0; dir=1; type=0; mode=0x4dd1d20; pingpong=0; private_global=0; IO mode=axis:ce=0
Port [ OUTPUT_STREAM_V_strb_V]:  wired=1; compound=1; hidden=0; nouse=0; global=0; static=0; extern=0; dir=1; type=0; mode=0x4be93e0; pingpong=0; private_global=0; IO mode=axis:ce=0
Port [ OUTPUT_STREAM_V_user_V]:  wired=1; compound=1; hidden=0; nouse=0; global=0; static=0; extern=0; dir=1; type=0; mode=0x4de1c60; pingpong=0; private_global=0; IO mode=axis:ce=0
Port [ OUTPUT_STREAM_V_last_V]:  wired=1; compound=1; hidden=0; nouse=0; global=0; static=0; extern=0; dir=1; type=0; mode=0x4e0f250; pingpong=0; private_global=0; IO mode=axis:ce=0
Port [ OUTPUT_STREAM_V_id_V]:  wired=1; compound=1; hidden=0; nouse=0; global=0; static=0; extern=0; dir=1; type=0; mode=0x4da7b20; pingpong=0; private_global=0; IO mode=axis:ce=0
Port [ OUTPUT_STREAM_V_dest_V]:  wired=1; compound=1; hidden=0; nouse=0; global=0; static=0; extern=0; dir=1; type=0; mode=0x50676a0; pingpong=0; private_global=0; IO mode=axis:ce=0
Port [ rows]:  wired=1; compound=0; hidden=0; nouse=0; global=0; static=0; extern=0; dir=0; type=0; mode=0x4deab40; pingpong=0; private_global=0; IO mode=ap_stable:ce=0
Port [ cols]:  wired=1; compound=0; hidden=0; nouse=0; global=0; static=0; extern=0; dir=0; type=0; mode=0x508dde0; pingpong=0; private_global=0; IO mode=ap_stable:ce=0
---------------- STG Properties END ------------------

---------------- Datapath Model BEGIN ----------------

<LifeTime>
<method=bitvector/>
cols_read             (read                ) [ 0011100]
rows_read             (read                ) [ 0011100]
img_0_data_stream_0_V (alloca              ) [ 0111111]
img_0_data_stream_1_V (alloca              ) [ 0111111]
img_0_data_stream_2_V (alloca              ) [ 0111111]
img_1_data_stream_0_V (alloca              ) [ 0011111]
img_1_data_stream_1_V (alloca              ) [ 0011111]
img_1_data_stream_2_V (alloca              ) [ 0011111]
buffer_val_0          (alloca              ) [ 0011100]
buffer_val_1          (alloca              ) [ 0011100]
buffer_val_2          (alloca              ) [ 0011100]
call_ret              (call                ) [ 0000000]
img_0_rows_V_channel  (extractvalue        ) [ 0010000]
img_0_cols_V_channel  (extractvalue        ) [ 0010000]
img_1_rows_V          (extractvalue        ) [ 0011111]
img_1_cols_V          (extractvalue        ) [ 0011111]
stg_24                (call                ) [ 0000000]
stg_26                (call                ) [ 0000000]
stg_28                (specdataflowpipeline) [ 0000000]
stg_29                (specbitsmap         ) [ 0000000]
stg_30                (specbitsmap         ) [ 0000000]
stg_31                (specbitsmap         ) [ 0000000]
stg_32                (specbitsmap         ) [ 0000000]
stg_33                (specbitsmap         ) [ 0000000]
stg_34                (specbitsmap         ) [ 0000000]
stg_35                (specbitsmap         ) [ 0000000]
stg_36                (specbitsmap         ) [ 0000000]
stg_37                (specbitsmap         ) [ 0000000]
stg_38                (specbitsmap         ) [ 0000000]
stg_39                (specbitsmap         ) [ 0000000]
stg_40                (specbitsmap         ) [ 0000000]
stg_41                (specbitsmap         ) [ 0000000]
stg_42                (specbitsmap         ) [ 0000000]
stg_43                (specbitsmap         ) [ 0000000]
stg_44                (specbitsmap         ) [ 0000000]
stg_45                (spectopmodule       ) [ 0000000]
empty                 (specchannel         ) [ 0000000]
stg_47                (specinterface       ) [ 0000000]
empty_8               (specchannel         ) [ 0000000]
stg_49                (specinterface       ) [ 0000000]
empty_9               (specchannel         ) [ 0000000]
stg_51                (specinterface       ) [ 0000000]
empty_10              (specchannel         ) [ 0000000]
stg_53                (specinterface       ) [ 0000000]
empty_11              (specchannel         ) [ 0000000]
stg_55                (specinterface       ) [ 0000000]
empty_12              (specchannel         ) [ 0000000]
stg_57                (specinterface       ) [ 0000000]
stg_58                (specinterface       ) [ 0000000]
stg_59                (specinterface       ) [ 0000000]
stg_60                (specifcore          ) [ 0000000]
stg_61                (specifcore          ) [ 0000000]
stg_62                (specifcore          ) [ 0000000]
stg_63                (specinterface       ) [ 0000000]
stg_64                (specinterface       ) [ 0000000]
stg_65                (call                ) [ 0000000]
stg_66                (ret                 ) [ 0000000]
</LifeTime>

<model>

<comp_list>
<comp id="0" class="1000" name="INPUT_STREAM_V_data_V">
<pin_list>
<pin id="1" dir="1" index="0" bw="1" slack="0"/>
</pin_list>
<bind>
<StgValue><ssdm name="INPUT_STREAM_V_data_V"/></StgValue>
</bind>
</comp>

<comp id="2" class="1000" name="INPUT_STREAM_V_keep_V">
<pin_list>
<pin id="3" dir="1" index="0" bw="1" slack="0"/>
</pin_list>
<bind>
<StgValue><ssdm name="INPUT_STREAM_V_keep_V"/></StgValue>
</bind>
</comp>

<comp id="4" class="1000" name="INPUT_STREAM_V_strb_V">
<pin_list>
<pin id="5" dir="1" index="0" bw="1" slack="0"/>
</pin_list>
<bind>
<StgValue><ssdm name="INPUT_STREAM_V_strb_V"/></StgValue>
</bind>
</comp>

<comp id="6" class="1000" name="INPUT_STREAM_V_user_V">
<pin_list>
<pin id="7" dir="1" index="0" bw="1" slack="0"/>
</pin_list>
<bind>
<StgValue><ssdm name="INPUT_STREAM_V_user_V"/></StgValue>
</bind>
</comp>

<comp id="8" class="1000" name="INPUT_STREAM_V_last_V">
<pin_list>
<pin id="9" dir="1" index="0" bw="1" slack="0"/>
</pin_list>
<bind>
<StgValue><ssdm name="INPUT_STREAM_V_last_V"/></StgValue>
</bind>
</comp>

<comp id="10" class="1000" name="INPUT_STREAM_V_id_V">
<pin_list>
<pin id="11" dir="1" index="0" bw="1" slack="0"/>
</pin_list>
<bind>
<StgValue><ssdm name="INPUT_STREAM_V_id_V"/></StgValue>
</bind>
</comp>

<comp id="12" class="1000" name="INPUT_STREAM_V_dest_V">
<pin_list>
<pin id="13" dir="1" index="0" bw="1" slack="0"/>
</pin_list>
<bind>
<StgValue><ssdm name="INPUT_STREAM_V_dest_V"/></StgValue>
</bind>
</comp>

<comp id="14" class="1000" name="OUTPUT_STREAM_V_data_V">
<pin_list>
<pin id="15" dir="1" index="0" bw="1" slack="0"/>
</pin_list>
<bind>
<StgValue><ssdm name="OUTPUT_STREAM_V_data_V"/></StgValue>
</bind>
</comp>

<comp id="16" class="1000" name="OUTPUT_STREAM_V_keep_V">
<pin_list>
<pin id="17" dir="1" index="0" bw="1" slack="0"/>
</pin_list>
<bind>
<StgValue><ssdm name="OUTPUT_STREAM_V_keep_V"/></StgValue>
</bind>
</comp>

<comp id="18" class="1000" name="OUTPUT_STREAM_V_strb_V">
<pin_list>
<pin id="19" dir="1" index="0" bw="1" slack="0"/>
</pin_list>
<bind>
<StgValue><ssdm name="OUTPUT_STREAM_V_strb_V"/></StgValue>
</bind>
</comp>

<comp id="20" class="1000" name="OUTPUT_STREAM_V_user_V">
<pin_list>
<pin id="21" dir="1" index="0" bw="1" slack="0"/>
</pin_list>
<bind>
<StgValue><ssdm name="OUTPUT_STREAM_V_user_V"/></StgValue>
</bind>
</comp>

<comp id="22" class="1000" name="OUTPUT_STREAM_V_last_V">
<pin_list>
<pin id="23" dir="1" index="0" bw="1" slack="0"/>
</pin_list>
<bind>
<StgValue><ssdm name="OUTPUT_STREAM_V_last_V"/></StgValue>
</bind>
</comp>

<comp id="24" class="1000" name="OUTPUT_STREAM_V_id_V">
<pin_list>
<pin id="25" dir="1" index="0" bw="1" slack="0"/>
</pin_list>
<bind>
<StgValue><ssdm name="OUTPUT_STREAM_V_id_V"/></StgValue>
</bind>
</comp>

<comp id="26" class="1000" name="OUTPUT_STREAM_V_dest_V">
<pin_list>
<pin id="27" dir="1" index="0" bw="1" slack="0"/>
</pin_list>
<bind>
<StgValue><ssdm name="OUTPUT_STREAM_V_dest_V"/></StgValue>
</bind>
</comp>

<comp id="28" class="1000" name="rows">
<pin_list>
<pin id="29" dir="1" index="0" bw="1" slack="0"/>
</pin_list>
<bind>
<StgValue><ssdm name="rows"/></StgValue>
</bind>
</comp>

<comp id="30" class="1000" name="cols">
<pin_list>
<pin id="31" dir="1" index="0" bw="1" slack="0"/>
</pin_list>
<bind>
<StgValue><ssdm name="cols"/></StgValue>
</bind>
</comp>

<comp id="32" class="1001" name="const_32">
<pin_list>
<pin id="33" dir="1" index="0" bw="1" slack="0"/>
</pin_list>
<bind>
<StgValue><ssdm name="_ssdm_op_Read.ap_stable.i32"/></StgValue>
</bind>
</comp>

<comp id="34" class="1001" name="const_34">
<pin_list>
<pin id="35" dir="1" index="0" bw="1" slack="0"/>
</pin_list>
<bind>
<StgValue><ssdm name=""/></StgValue>
</bind>
</comp>

<comp id="36" class="1001" name="const_36">
<pin_list>
<pin id="37" dir="1" index="0" bw="1" slack="0"/>
</pin_list>
<bind>
<StgValue><ssdm name="image_filter_Block__proc"/></StgValue>
</bind>
</comp>

<comp id="38" class="1001" name="const_38">
<pin_list>
<pin id="39" dir="1" index="0" bw="1" slack="0"/>
</pin_list>
<bind>
<StgValue><ssdm name="image_filter_AXIvideo2Mat"/></StgValue>
</bind>
</comp>

<comp id="40" class="1001" name="const_40">
<pin_list>
<pin id="41" dir="1" index="0" bw="1" slack="0"/>
</pin_list>
<bind>
<StgValue><ssdm name="image_filter_Loop_1_proc"/></StgValue>
</bind>
</comp>

<comp id="42" class="1001" name="const_42">
<pin_list>
<pin id="43" dir="1" index="0" bw="1" slack="0"/>
</pin_list>
<bind>
<StgValue><ssdm name="image_filter_Mat2AXIvideo"/></StgValue>
</bind>
</comp>

<comp id="44" class="1001" name="const_44">
<pin_list>
<pin id="45" dir="1" index="0" bw="1" slack="2147483647"/>
</pin_list>
<bind>
<StgValue><ssdm name="_ssdm_op_SpecDataflowPipeline"/></StgValue>
</bind>
</comp>

<comp id="46" class="1001" name="const_46">
<pin_list>
<pin id="47" dir="1" index="0" bw="1" slack="2147483647"/>
</pin_list>
<bind>
<StgValue><ssdm name=""/></StgValue>
</bind>
</comp>

<comp id="48" class="1001" name="const_48">
<pin_list>
<pin id="49" dir="1" index="0" bw="1" slack="2147483647"/>
</pin_list>
<bind>
<StgValue><ssdm name="p_str1806"/></StgValue>
</bind>
</comp>

<comp id="50" class="1001" name="const_50">
<pin_list>
<pin id="51" dir="1" index="0" bw="1" slack="2147483647"/>
</pin_list>
<bind>
<StgValue><ssdm name="_ssdm_op_SpecBitsMap"/></StgValue>
</bind>
</comp>

<comp id="52" class="1001" name="const_52">
<pin_list>
<pin id="53" dir="1" index="0" bw="1" slack="2147483647"/>
</pin_list>
<bind>
<StgValue><ssdm name="_ssdm_op_SpecTopModule"/></StgValue>
</bind>
</comp>

<comp id="54" class="1001" name="const_54">
<pin_list>
<pin id="55" dir="1" index="0" bw="1" slack="2147483647"/>
</pin_list>
<bind>
<StgValue><ssdm name="str"/></StgValue>
</bind>
</comp>

<comp id="56" class="1001" name="const_56">
<pin_list>
<pin id="57" dir="1" index="0" bw="1" slack="2147483647"/>
</pin_list>
<bind>
<StgValue><ssdm name="_ssdm_op_SpecChannel"/></StgValue>
</bind>
</comp>

<comp id="58" class="1001" name="const_58">
<pin_list>
<pin id="59" dir="1" index="0" bw="1" slack="2147483647"/>
</pin_list>
<bind>
<StgValue><ssdm name="str38"/></StgValue>
</bind>
</comp>

<comp id="60" class="1001" name="const_60">
<pin_list>
<pin id="61" dir="1" index="0" bw="1" slack="2147483647"/>
</pin_list>
<bind>
<StgValue><ssdm name=""/></StgValue>
</bind>
</comp>

<comp id="62" class="1001" name="const_62">
<pin_list>
<pin id="63" dir="1" index="0" bw="1" slack="2147483647"/>
</pin_list>
<bind>
<StgValue><ssdm name="str39"/></StgValue>
</bind>
</comp>

<comp id="64" class="1001" name="const_64">
<pin_list>
<pin id="65" dir="1" index="0" bw="1" slack="2147483647"/>
</pin_list>
<bind>
<StgValue><ssdm name="_ssdm_op_SpecInterface"/></StgValue>
</bind>
</comp>

<comp id="66" class="1001" name="const_66">
<pin_list>
<pin id="67" dir="1" index="0" bw="1" slack="2147483647"/>
</pin_list>
<bind>
<StgValue><ssdm name="str40"/></StgValue>
</bind>
</comp>

<comp id="68" class="1001" name="const_68">
<pin_list>
<pin id="69" dir="1" index="0" bw="1" slack="2147483647"/>
</pin_list>
<bind>
<StgValue><ssdm name=""/></StgValue>
</bind>
</comp>

<comp id="70" class="1001" name="const_70">
<pin_list>
<pin id="71" dir="1" index="0" bw="1" slack="2147483647"/>
</pin_list>
<bind>
<StgValue><ssdm name="str41"/></StgValue>
</bind>
</comp>

<comp id="72" class="1001" name="const_72">
<pin_list>
<pin id="73" dir="1" index="0" bw="1" slack="2147483647"/>
</pin_list>
<bind>
<StgValue><ssdm name="str42"/></StgValue>
</bind>
</comp>

<comp id="74" class="1001" name="const_74">
<pin_list>
<pin id="75" dir="1" index="0" bw="1" slack="2147483647"/>
</pin_list>
<bind>
<StgValue><ssdm name="str43"/></StgValue>
</bind>
</comp>

<comp id="76" class="1001" name="const_76">
<pin_list>
<pin id="77" dir="1" index="0" bw="1" slack="2147483647"/>
</pin_list>
<bind>
<StgValue><ssdm name="str44"/></StgValue>
</bind>
</comp>

<comp id="78" class="1001" name="const_78">
<pin_list>
<pin id="79" dir="1" index="0" bw="1" slack="2147483647"/>
</pin_list>
<bind>
<StgValue><ssdm name="str45"/></StgValue>
</bind>
</comp>

<comp id="80" class="1001" name="const_80">
<pin_list>
<pin id="81" dir="1" index="0" bw="1" slack="2147483647"/>
</pin_list>
<bind>
<StgValue><ssdm name="str46"/></StgValue>
</bind>
</comp>

<comp id="82" class="1001" name="const_82">
<pin_list>
<pin id="83" dir="1" index="0" bw="1" slack="2147483647"/>
</pin_list>
<bind>
<StgValue><ssdm name="str47"/></StgValue>
</bind>
</comp>

<comp id="84" class="1001" name="const_84">
<pin_list>
<pin id="85" dir="1" index="0" bw="1" slack="2147483647"/>
</pin_list>
<bind>
<StgValue><ssdm name="str48"/></StgValue>
</bind>
</comp>

<comp id="86" class="1001" name="const_86">
<pin_list>
<pin id="87" dir="1" index="0" bw="1" slack="2147483647"/>
</pin_list>
<bind>
<StgValue><ssdm name="str49"/></StgValue>
</bind>
</comp>

<comp id="88" class="1001" name="const_88">
<pin_list>
<pin id="89" dir="1" index="0" bw="1" slack="2147483647"/>
</pin_list>
<bind>
<StgValue><ssdm name="str50"/></StgValue>
</bind>
</comp>

<comp id="90" class="1001" name="const_90">
<pin_list>
<pin id="91" dir="1" index="0" bw="1" slack="2147483647"/>
</pin_list>
<bind>
<StgValue><ssdm name="str51"/></StgValue>
</bind>
</comp>

<comp id="92" class="1001" name="const_92">
<pin_list>
<pin id="93" dir="1" index="0" bw="1" slack="2147483647"/>
</pin_list>
<bind>
<StgValue><ssdm name="str52"/></StgValue>
</bind>
</comp>

<comp id="94" class="1001" name="const_94">
<pin_list>
<pin id="95" dir="1" index="0" bw="1" slack="2147483647"/>
</pin_list>
<bind>
<StgValue><ssdm name="str53"/></StgValue>
</bind>
</comp>

<comp id="96" class="1001" name="const_96">
<pin_list>
<pin id="97" dir="1" index="0" bw="1" slack="2147483647"/>
</pin_list>
<bind>
<StgValue><ssdm name="str54"/></StgValue>
</bind>
</comp>

<comp id="98" class="1001" name="const_98">
<pin_list>
<pin id="99" dir="1" index="0" bw="1" slack="2147483647"/>
</pin_list>
<bind>
<StgValue><ssdm name="str55"/></StgValue>
</bind>
</comp>

<comp id="100" class="1001" name="const_100">
<pin_list>
<pin id="101" dir="1" index="0" bw="1" slack="2147483647"/>
</pin_list>
<bind>
<StgValue><ssdm name="str56"/></StgValue>
</bind>
</comp>

<comp id="102" class="1001" name="const_102">
<pin_list>
<pin id="103" dir="1" index="0" bw="1" slack="2147483647"/>
</pin_list>
<bind>
<StgValue><ssdm name="str57"/></StgValue>
</bind>
</comp>

<comp id="104" class="1001" name="const_104">
<pin_list>
<pin id="105" dir="1" index="0" bw="1" slack="2147483647"/>
</pin_list>
<bind>
<StgValue><ssdm name="str58"/></StgValue>
</bind>
</comp>

<comp id="106" class="1001" name="const_106">
<pin_list>
<pin id="107" dir="1" index="0" bw="1" slack="2147483647"/>
</pin_list>
<bind>
<StgValue><ssdm name="str59"/></StgValue>
</bind>
</comp>

<comp id="108" class="1001" name="const_108">
<pin_list>
<pin id="109" dir="1" index="0" bw="1" slack="2147483647"/>
</pin_list>
<bind>
<StgValue><ssdm name="str60"/></StgValue>
</bind>
</comp>

<comp id="110" class="1001" name="const_110">
<pin_list>
<pin id="111" dir="1" index="0" bw="1" slack="2147483647"/>
</pin_list>
<bind>
<StgValue><ssdm name="str61"/></StgValue>
</bind>
</comp>

<comp id="112" class="1001" name="const_112">
<pin_list>
<pin id="113" dir="1" index="0" bw="1" slack="2147483647"/>
</pin_list>
<bind>
<StgValue><ssdm name="p_str1805"/></StgValue>
</bind>
</comp>

<comp id="114" class="1001" name="const_114">
<pin_list>
<pin id="115" dir="1" index="0" bw="1" slack="2147483647"/>
</pin_list>
<bind>
<StgValue><ssdm name="_ssdm_op_SpecIFCore"/></StgValue>
</bind>
</comp>

<comp id="116" class="1001" name="const_116">
<pin_list>
<pin id="117" dir="1" index="0" bw="1" slack="2147483647"/>
</pin_list>
<bind>
<StgValue><ssdm name="p_str1807"/></StgValue>
</bind>
</comp>

<comp id="118" class="1001" name="const_118">
<pin_list>
<pin id="119" dir="1" index="0" bw="1" slack="2147483647"/>
</pin_list>
<bind>
<StgValue><ssdm name="p_str1808"/></StgValue>
</bind>
</comp>

<comp id="120" class="1001" name="const_120">
<pin_list>
<pin id="121" dir="1" index="0" bw="1" slack="2147483647"/>
</pin_list>
<bind>
<StgValue><ssdm name="p_str1809"/></StgValue>
</bind>
</comp>

<comp id="122" class="1004" name="img_0_data_stream_0_V_fu_122">
<pin_list>
<pin id="123" dir="0" index="0" bw="1" slack="0"/>
<pin id="124" dir="1" index="1" bw="8" slack="0"/>
</pin_list>
<bind>
<opcode="alloca(26) " fcode="alloca"/>
<opset="img_0_data_stream_0_V/1 "/>
</bind>
</comp>

<comp id="126" class="1004" name="img_0_data_stream_1_V_fu_126">
<pin_list>
<pin id="127" dir="0" index="0" bw="1" slack="0"/>
<pin id="128" dir="1" index="1" bw="8" slack="0"/>
</pin_list>
<bind>
<opcode="alloca(26) " fcode="alloca"/>
<opset="img_0_data_stream_1_V/1 "/>
</bind>
</comp>

<comp id="130" class="1004" name="img_0_data_stream_2_V_fu_130">
<pin_list>
<pin id="131" dir="0" index="0" bw="1" slack="0"/>
<pin id="132" dir="1" index="1" bw="8" slack="0"/>
</pin_list>
<bind>
<opcode="alloca(26) " fcode="alloca"/>
<opset="img_0_data_stream_2_V/1 "/>
</bind>
</comp>

<comp id="134" class="1004" name="img_1_data_stream_0_V_fu_134">
<pin_list>
<pin id="135" dir="0" index="0" bw="1" slack="0"/>
<pin id="136" dir="1" index="1" bw="8" slack="2"/>
</pin_list>
<bind>
<opcode="alloca(26) " fcode="alloca"/>
<opset="img_1_data_stream_0_V/1 "/>
</bind>
</comp>

<comp id="138" class="1004" name="img_1_data_stream_1_V_fu_138">
<pin_list>
<pin id="139" dir="0" index="0" bw="1" slack="0"/>
<pin id="140" dir="1" index="1" bw="8" slack="2"/>
</pin_list>
<bind>
<opcode="alloca(26) " fcode="alloca"/>
<opset="img_1_data_stream_1_V/1 "/>
</bind>
</comp>

<comp id="142" class="1004" name="img_1_data_stream_2_V_fu_142">
<pin_list>
<pin id="143" dir="0" index="0" bw="1" slack="0"/>
<pin id="144" dir="1" index="1" bw="8" slack="2"/>
</pin_list>
<bind>
<opcode="alloca(26) " fcode="alloca"/>
<opset="img_1_data_stream_2_V/1 "/>
</bind>
</comp>

<comp id="146" class="1004" name="buffer_val_0_alloca_fu_146">
<pin_list>
<pin id="147" dir="0" index="0" bw="1" slack="0"/>
<pin id="148" dir="1" index="1" bw="8" slack="2147483647"/>
</pin_list>
<bind>
<opcode="alloca(26) " fcode="alloca"/>
<opset="buffer_val_0/1 "/>
</bind>
</comp>

<comp id="150" class="1004" name="buffer_val_1_alloca_fu_150">
<pin_list>
<pin id="151" dir="0" index="0" bw="1" slack="0"/>
<pin id="152" dir="1" index="1" bw="8" slack="2147483647"/>
</pin_list>
<bind>
<opcode="alloca(26) " fcode="alloca"/>
<opset="buffer_val_1/1 "/>
</bind>
</comp>

<comp id="154" class="1004" name="buffer_val_2_alloca_fu_154">
<pin_list>
<pin id="155" dir="0" index="0" bw="1" slack="0"/>
<pin id="156" dir="1" index="1" bw="8" slack="2147483647"/>
</pin_list>
<bind>
<opcode="alloca(26) " fcode="alloca"/>
<opset="buffer_val_2/1 "/>
</bind>
</comp>

<comp id="158" class="1004" name="cols_read_read_fu_158">
<pin_list>
<pin id="159" dir="0" index="0" bw="32" slack="0"/>
<pin id="160" dir="0" index="1" bw="32" slack="0"/>
<pin id="161" dir="1" index="2" bw="32" slack="0"/>
</pin_list>
<bind>
<opcode="read(1150) " fcode="read"/>
<opset="cols_read/1 "/>
</bind>
</comp>

<comp id="164" class="1004" name="rows_read_read_fu_164">
<pin_list>
<pin id="165" dir="0" index="0" bw="32" slack="0"/>
<pin id="166" dir="0" index="1" bw="32" slack="0"/>
<pin id="167" dir="1" index="2" bw="32" slack="0"/>
</pin_list>
<bind>
<opcode="read(1150) " fcode="read"/>
<opset="rows_read/1 "/>
</bind>
</comp>

<comp id="171" class="1004" name="grp_image_filter_Loop_1_proc_fu_171">
<pin_list>
<pin id="172" dir="0" index="0" bw="0" slack="0"/>
<pin id="173" dir="0" index="1" bw="32" slack="2"/>
<pin id="174" dir="0" index="2" bw="32" slack="2"/>
<pin id="175" dir="0" index="3" bw="8" slack="2"/>
<pin id="176" dir="0" index="4" bw="8" slack="2"/>
<pin id="177" dir="0" index="5" bw="8" slack="2"/>
<pin id="178" dir="0" index="6" bw="8" slack="2"/>
<pin id="179" dir="0" index="7" bw="8" slack="2"/>
<pin id="180" dir="0" index="8" bw="8" slack="2"/>
<pin id="181" dir="0" index="9" bw="8" slack="2147483647"/>
<pin id="182" dir="0" index="10" bw="8" slack="2147483647"/>
<pin id="183" dir="0" index="11" bw="8" slack="2147483647"/>
<pin id="184" dir="1" index="12" bw="0" slack="2147483647"/>
</pin_list>
<bind>
<opcode="call(48) " fcode="call"/>
<opset="stg_25/3 "/>
</bind>
</comp>

<comp id="186" class="1004" name="grp_image_filter_AXIvideo2Mat_fu_186">
<pin_list>
<pin id="187" dir="0" index="0" bw="0" slack="0"/>
<pin id="188" dir="0" index="1" bw="32" slack="0"/>
<pin id="189" dir="0" index="2" bw="4" slack="0"/>
<pin id="190" dir="0" index="3" bw="4" slack="0"/>
<pin id="191" dir="0" index="4" bw="1" slack="0"/>
<pin id="192" dir="0" index="5" bw="1" slack="0"/>
<pin id="193" dir="0" index="6" bw="1" slack="0"/>
<pin id="194" dir="0" index="7" bw="1" slack="0"/>
<pin id="195" dir="0" index="8" bw="12" slack="0"/>
<pin id="196" dir="0" index="9" bw="12" slack="0"/>
<pin id="197" dir="0" index="10" bw="8" slack="0"/>
<pin id="198" dir="0" index="11" bw="8" slack="0"/>
<pin id="199" dir="0" index="12" bw="8" slack="0"/>
<pin id="200" dir="1" index="13" bw="0" slack="2147483647"/>
</pin_list>
<bind>
<opcode="call(48) " fcode="call"/>
<opset="stg_23/1 "/>
</bind>
</comp>

<comp id="209" class="1004" name="grp_image_filter_Mat2AXIvideo_fu_209">
<pin_list>
<pin id="210" dir="0" index="0" bw="0" slack="0"/>
<pin id="211" dir="0" index="1" bw="12" slack="4"/>
<pin id="212" dir="0" index="2" bw="12" slack="4"/>
<pin id="213" dir="0" index="3" bw="8" slack="4"/>
<pin id="214" dir="0" index="4" bw="8" slack="4"/>
<pin id="215" dir="0" index="5" bw="8" slack="4"/>
<pin id="216" dir="0" index="6" bw="32" slack="0"/>
<pin id="217" dir="0" index="7" bw="4" slack="0"/>
<pin id="218" dir="0" index="8" bw="4" slack="0"/>
<pin id="219" dir="0" index="9" bw="1" slack="0"/>
<pin id="220" dir="0" index="10" bw="1" slack="0"/>
<pin id="221" dir="0" index="11" bw="1" slack="0"/>
<pin id="222" dir="0" index="12" bw="1" slack="0"/>
<pin id="223" dir="1" index="13" bw="0" slack="2147483647"/>
</pin_list>
<bind>
<opcode="call(48) " fcode="call"/>
<opset="stg_27/5 "/>
</bind>
</comp>

<comp id="232" class="1004" name="call_ret_image_filter_Block_proc_fu_232">
<pin_list>
<pin id="233" dir="0" index="0" bw="48" slack="0"/>
<pin id="234" dir="0" index="1" bw="32" slack="0"/>
<pin id="235" dir="0" index="2" bw="32" slack="0"/>
<pin id="236" dir="1" index="3" bw="48" slack="0"/>
</pin_list>
<bind>
<opcode="call(48) " fcode="call"/>
<opset="call_ret/1 "/>
</bind>
</comp>

<comp id="240" class="1004" name="img_0_rows_V_channel_fu_240">
<pin_list>
<pin id="241" dir="0" index="0" bw="48" slack="0"/>
<pin id="242" dir="1" index="1" bw="12" slack="0"/>
</pin_list>
<bind>
<opcode="extractvalue(56) " fcode="extractvalue"/>
<opset="img_0_rows_V_channel/1 "/>
</bind>
</comp>

<comp id="245" class="1004" name="img_0_cols_V_channel_fu_245">
<pin_list>
<pin id="246" dir="0" index="0" bw="48" slack="0"/>
<pin id="247" dir="1" index="1" bw="12" slack="0"/>
</pin_list>
<bind>
<opcode="extractvalue(56) " fcode="extractvalue"/>
<opset="img_0_cols_V_channel/1 "/>
</bind>
</comp>

<comp id="250" class="1004" name="img_1_rows_V_fu_250">
<pin_list>
<pin id="251" dir="0" index="0" bw="48" slack="0"/>
<pin id="252" dir="1" index="1" bw="12" slack="4"/>
</pin_list>
<bind>
<opcode="extractvalue(56) " fcode="extractvalue"/>
<opset="img_1_rows_V/1 "/>
</bind>
</comp>

<comp id="254" class="1004" name="img_1_cols_V_fu_254">
<pin_list>
<pin id="255" dir="0" index="0" bw="48" slack="0"/>
<pin id="256" dir="1" index="1" bw="12" slack="4"/>
</pin_list>
<bind>
<opcode="extractvalue(56) " fcode="extractvalue"/>
<opset="img_1_cols_V/1 "/>
</bind>
</comp>

<comp id="258" class="1005" name="cols_read_reg_258">
<pin_list>
<pin id="259" dir="0" index="0" bw="32" slack="2"/>
<pin id="260" dir="1" index="1" bw="32" slack="2"/>
</pin_list>
<bind>
<opset="cols_read "/>
</bind>
</comp>

<comp id="263" class="1005" name="rows_read_reg_263">
<pin_list>
<pin id="264" dir="0" index="0" bw="32" slack="2"/>
<pin id="265" dir="1" index="1" bw="32" slack="2"/>
</pin_list>
<bind>
<opset="rows_read "/>
</bind>
</comp>

<comp id="268" class="1005" name="img_0_data_stream_0_V_reg_268">
<pin_list>
<pin id="269" dir="0" index="0" bw="8" slack="0"/>
<pin id="270" dir="1" index="1" bw="8" slack="0"/>
</pin_list>
<bind>
<opset="img_0_data_stream_0_V "/>
</bind>
</comp>

<comp id="274" class="1005" name="img_0_data_stream_1_V_reg_274">
<pin_list>
<pin id="275" dir="0" index="0" bw="8" slack="0"/>
<pin id="276" dir="1" index="1" bw="8" slack="0"/>
</pin_list>
<bind>
<opset="img_0_data_stream_1_V "/>
</bind>
</comp>

<comp id="280" class="1005" name="img_0_data_stream_2_V_reg_280">
<pin_list>
<pin id="281" dir="0" index="0" bw="8" slack="0"/>
<pin id="282" dir="1" index="1" bw="8" slack="0"/>
</pin_list>
<bind>
<opset="img_0_data_stream_2_V "/>
</bind>
</comp>

<comp id="286" class="1005" name="img_1_data_stream_0_V_reg_286">
<pin_list>
<pin id="287" dir="0" index="0" bw="8" slack="2"/>
<pin id="288" dir="1" index="1" bw="8" slack="2"/>
</pin_list>
<bind>
<opset="img_1_data_stream_0_V "/>
</bind>
</comp>

<comp id="292" class="1005" name="img_1_data_stream_1_V_reg_292">
<pin_list>
<pin id="293" dir="0" index="0" bw="8" slack="2"/>
<pin id="294" dir="1" index="1" bw="8" slack="2"/>
</pin_list>
<bind>
<opset="img_1_data_stream_1_V "/>
</bind>
</comp>

<comp id="298" class="1005" name="img_1_data_stream_2_V_reg_298">
<pin_list>
<pin id="299" dir="0" index="0" bw="8" slack="2"/>
<pin id="300" dir="1" index="1" bw="8" slack="2"/>
</pin_list>
<bind>
<opset="img_1_data_stream_2_V "/>
</bind>
</comp>

<comp id="304" class="1005" name="img_0_rows_V_channel_reg_304">
<pin_list>
<pin id="305" dir="0" index="0" bw="12" slack="1"/>
<pin id="306" dir="1" index="1" bw="12" slack="1"/>
</pin_list>
<bind>
<opset="img_0_rows_V_channel "/>
</bind>
</comp>

<comp id="309" class="1005" name="img_0_cols_V_channel_reg_309">
<pin_list>
<pin id="310" dir="0" index="0" bw="12" slack="1"/>
<pin id="311" dir="1" index="1" bw="12" slack="1"/>
</pin_list>
<bind>
<opset="img_0_cols_V_channel "/>
</bind>
</comp>

<comp id="314" class="1005" name="img_1_rows_V_reg_314">
<pin_list>
<pin id="315" dir="0" index="0" bw="12" slack="4"/>
<pin id="316" dir="1" index="1" bw="12" slack="4"/>
</pin_list>
<bind>
<opset="img_1_rows_V "/>
</bind>
</comp>

<comp id="319" class="1005" name="img_1_cols_V_reg_319">
<pin_list>
<pin id="320" dir="0" index="0" bw="12" slack="4"/>
<pin id="321" dir="1" index="1" bw="12" slack="4"/>
</pin_list>
<bind>
<opset="img_1_cols_V "/>
</bind>
</comp>

</comp_list>

<net_list>
<net id="125"><net_src comp="34" pin="0"/><net_sink comp="122" pin=0"/></net>

<net id="129"><net_src comp="34" pin="0"/><net_sink comp="126" pin=0"/></net>

<net id="133"><net_src comp="34" pin="0"/><net_sink comp="130" pin=0"/></net>

<net id="137"><net_src comp="34" pin="0"/><net_sink comp="134" pin=0"/></net>

<net id="141"><net_src comp="34" pin="0"/><net_sink comp="138" pin=0"/></net>

<net id="145"><net_src comp="34" pin="0"/><net_sink comp="142" pin=0"/></net>

<net id="149"><net_src comp="34" pin="0"/><net_sink comp="146" pin=0"/></net>

<net id="153"><net_src comp="34" pin="0"/><net_sink comp="150" pin=0"/></net>

<net id="157"><net_src comp="34" pin="0"/><net_sink comp="154" pin=0"/></net>

<net id="162"><net_src comp="32" pin="0"/><net_sink comp="158" pin=0"/></net>

<net id="163"><net_src comp="30" pin="0"/><net_sink comp="158" pin=1"/></net>

<net id="168"><net_src comp="32" pin="0"/><net_sink comp="164" pin=0"/></net>

<net id="169"><net_src comp="28" pin="0"/><net_sink comp="164" pin=1"/></net>

<net id="185"><net_src comp="40" pin="0"/><net_sink comp="171" pin=0"/></net>

<net id="201"><net_src comp="38" pin="0"/><net_sink comp="186" pin=0"/></net>

<net id="202"><net_src comp="0" pin="0"/><net_sink comp="186" pin=1"/></net>

<net id="203"><net_src comp="2" pin="0"/><net_sink comp="186" pin=2"/></net>

<net id="204"><net_src comp="4" pin="0"/><net_sink comp="186" pin=3"/></net>

<net id="205"><net_src comp="6" pin="0"/><net_sink comp="186" pin=4"/></net>

<net id="206"><net_src comp="8" pin="0"/><net_sink comp="186" pin=5"/></net>

<net id="207"><net_src comp="10" pin="0"/><net_sink comp="186" pin=6"/></net>

<net id="208"><net_src comp="12" pin="0"/><net_sink comp="186" pin=7"/></net>

<net id="224"><net_src comp="42" pin="0"/><net_sink comp="209" pin=0"/></net>

<net id="225"><net_src comp="14" pin="0"/><net_sink comp="209" pin=6"/></net>

<net id="226"><net_src comp="16" pin="0"/><net_sink comp="209" pin=7"/></net>

<net id="227"><net_src comp="18" pin="0"/><net_sink comp="209" pin=8"/></net>

<net id="228"><net_src comp="20" pin="0"/><net_sink comp="209" pin=9"/></net>

<net id="229"><net_src comp="22" pin="0"/><net_sink comp="209" pin=10"/></net>

<net id="230"><net_src comp="24" pin="0"/><net_sink comp="209" pin=11"/></net>

<net id="231"><net_src comp="26" pin="0"/><net_sink comp="209" pin=12"/></net>

<net id="237"><net_src comp="36" pin="0"/><net_sink comp="232" pin=0"/></net>

<net id="238"><net_src comp="164" pin="2"/><net_sink comp="232" pin=1"/></net>

<net id="239"><net_src comp="158" pin="2"/><net_sink comp="232" pin=2"/></net>

<net id="243"><net_src comp="232" pin="3"/><net_sink comp="240" pin=0"/></net>

<net id="244"><net_src comp="240" pin="1"/><net_sink comp="186" pin=8"/></net>

<net id="248"><net_src comp="232" pin="3"/><net_sink comp="245" pin=0"/></net>

<net id="249"><net_src comp="245" pin="1"/><net_sink comp="186" pin=9"/></net>

<net id="253"><net_src comp="232" pin="3"/><net_sink comp="250" pin=0"/></net>

<net id="257"><net_src comp="232" pin="3"/><net_sink comp="254" pin=0"/></net>

<net id="261"><net_src comp="158" pin="2"/><net_sink comp="258" pin=0"/></net>

<net id="262"><net_src comp="258" pin="1"/><net_sink comp="171" pin=2"/></net>

<net id="266"><net_src comp="164" pin="2"/><net_sink comp="263" pin=0"/></net>

<net id="267"><net_src comp="263" pin="1"/><net_sink comp="171" pin=1"/></net>

<net id="271"><net_src comp="122" pin="1"/><net_sink comp="268" pin=0"/></net>

<net id="272"><net_src comp="268" pin="1"/><net_sink comp="186" pin=10"/></net>

<net id="273"><net_src comp="268" pin="1"/><net_sink comp="171" pin=6"/></net>

<net id="277"><net_src comp="126" pin="1"/><net_sink comp="274" pin=0"/></net>

<net id="278"><net_src comp="274" pin="1"/><net_sink comp="186" pin=11"/></net>

<net id="279"><net_src comp="274" pin="1"/><net_sink comp="171" pin=7"/></net>

<net id="283"><net_src comp="130" pin="1"/><net_sink comp="280" pin=0"/></net>

<net id="284"><net_src comp="280" pin="1"/><net_sink comp="186" pin=12"/></net>

<net id="285"><net_src comp="280" pin="1"/><net_sink comp="171" pin=8"/></net>

<net id="289"><net_src comp="134" pin="1"/><net_sink comp="286" pin=0"/></net>

<net id="290"><net_src comp="286" pin="1"/><net_sink comp="171" pin=3"/></net>

<net id="291"><net_src comp="286" pin="1"/><net_sink comp="209" pin=3"/></net>

<net id="295"><net_src comp="138" pin="1"/><net_sink comp="292" pin=0"/></net>

<net id="296"><net_src comp="292" pin="1"/><net_sink comp="171" pin=4"/></net>

<net id="297"><net_src comp="292" pin="1"/><net_sink comp="209" pin=4"/></net>

<net id="301"><net_src comp="142" pin="1"/><net_sink comp="298" pin=0"/></net>

<net id="302"><net_src comp="298" pin="1"/><net_sink comp="171" pin=5"/></net>

<net id="303"><net_src comp="298" pin="1"/><net_sink comp="209" pin=5"/></net>

<net id="307"><net_src comp="240" pin="1"/><net_sink comp="304" pin=0"/></net>

<net id="308"><net_src comp="304" pin="1"/><net_sink comp="186" pin=8"/></net>

<net id="312"><net_src comp="245" pin="1"/><net_sink comp="309" pin=0"/></net>

<net id="313"><net_src comp="309" pin="1"/><net_sink comp="186" pin=9"/></net>

<net id="317"><net_src comp="250" pin="1"/><net_sink comp="314" pin=0"/></net>

<net id="318"><net_src comp="314" pin="1"/><net_sink comp="209" pin=1"/></net>

<net id="322"><net_src comp="254" pin="1"/><net_sink comp="319" pin=0"/></net>

<net id="323"><net_src comp="319" pin="1"/><net_sink comp="209" pin=2"/></net>

</net_list>

</model> 
---------------- Datapath Model END ------------------

* FSMD analyzer results:
  - Output states:
	Port: OUTPUT_STREAM_V_data_V | {5 6 }
	Port: OUTPUT_STREAM_V_keep_V | {5 6 }
	Port: OUTPUT_STREAM_V_strb_V | {5 6 }
	Port: OUTPUT_STREAM_V_user_V | {5 6 }
	Port: OUTPUT_STREAM_V_last_V | {5 6 }
	Port: OUTPUT_STREAM_V_id_V | {5 6 }
	Port: OUTPUT_STREAM_V_dest_V | {5 6 }
  - Chain level:
	State 1
		img_0_rows_V_channel : 1
		img_0_cols_V_channel : 1
		img_1_rows_V : 1
		img_1_cols_V : 1
		stg_23 : 2
	State 2
	State 3
	State 4
	State 5
	State 6


============================================================
+ Verbose Summary: Datapath Resource usage 
============================================================

* Functional unit list:
|----------|-----------------------------------------|---------|---------|---------|
| Operation|             Functional Unit             |  Delay  |    FF   |   LUT   |
|----------|-----------------------------------------|---------|---------|---------|
|          |   grp_image_filter_Loop_1_proc_fu_171   |  10.997 |   211   |   269   |
|   call   |   grp_image_filter_AXIvideo2Mat_fu_186  |  1.571  |   301   |    56   |
|          |   grp_image_filter_Mat2AXIvideo_fu_209  |    0    |    89   |    80   |
|          | call_ret_image_filter_Block_proc_fu_232 |    0    |    0    |    0    |
|----------|-----------------------------------------|---------|---------|---------|
|   read   |          cols_read_read_fu_158          |    0    |    0    |    0    |
|          |          rows_read_read_fu_164          |    0    |    0    |    0    |
|----------|-----------------------------------------|---------|---------|---------|
|          |       img_0_rows_V_channel_fu_240       |    0    |    0    |    0    |
|extractvalue|       img_0_cols_V_channel_fu_245       |    0    |    0    |    0    |
|          |           img_1_rows_V_fu_250           |    0    |    0    |    0    |
|          |           img_1_cols_V_fu_254           |    0    |    0    |    0    |
|----------|-----------------------------------------|---------|---------|---------|
|   Total  |                                         |  12.568 |   601   |   405   |
|----------|-----------------------------------------|---------|---------|---------|

Memories:
+------------+--------+--------+--------+
|            |  BRAM  |   FF   |   LUT  |
+------------+--------+--------+--------+
|buffer_val_0|    0   |   16   |    1   |
|buffer_val_1|    0   |   16   |    1   |
|buffer_val_2|    0   |   16   |    1   |
+------------+--------+--------+--------+
|    Total   |    0   |   48   |    3   |
+------------+--------+--------+--------+

* Register list:
+-----------------------------+--------+
|                             |   FF   |
+-----------------------------+--------+
|      cols_read_reg_258      |   32   |
| img_0_cols_V_channel_reg_309|   12   |
|img_0_data_stream_0_V_reg_268|    8   |
|img_0_data_stream_1_V_reg_274|    8   |
|img_0_data_stream_2_V_reg_280|    8   |
| img_0_rows_V_channel_reg_304|   12   |
|     img_1_cols_V_reg_319    |   12   |
|img_1_data_stream_0_V_reg_286|    8   |
|img_1_data_stream_1_V_reg_292|    8   |
|img_1_data_stream_2_V_reg_298|    8   |
|     img_1_rows_V_reg_314    |   12   |
|      rows_read_reg_263      |   32   |
+-----------------------------+--------+
|            Total            |   160  |
+-----------------------------+--------+

* Multiplexer (MUX) list: 
|--------------------------------------|------|------|------|--------||---------||---------|
|                 Comp                 |  Pin | Size |  BW  | S x BW ||  Delay  ||   LUT   |
|--------------------------------------|------|------|------|--------||---------||---------|
| grp_image_filter_AXIvideo2Mat_fu_186 |  p8  |   2  |  12  |   24   ||    12   |
| grp_image_filter_AXIvideo2Mat_fu_186 |  p9  |   2  |  12  |   24   ||    12   |
|--------------------------------------|------|------|------|--------||---------||---------|
|                 Total                |      |      |      |   48   ||  3.142  ||    24   |
|--------------------------------------|------|------|------|--------||---------||---------|



* Summary:
+-----------+--------+--------+--------+--------+
|           |  BRAM  |  Delay |   FF   |   LUT  |
+-----------+--------+--------+--------+--------+
|  Function |    -   |   12   |   601  |   405  |
|   Memory  |    0   |    -   |   48   |    3   |
|Multiplexer|    -   |    3   |    -   |   24   |
|  Register |    -   |    -   |   160  |    -   |
+-----------+--------+--------+--------+--------+
|   Total   |    0   |   15   |   809  |   432  |
+-----------+--------+--------+--------+--------+
